2023-03-25 17:08:06,757 - INFO - ——————程序运行开始——————
2023-03-25 17:08:06,757 - INFO - ——————————————————————
2023-03-25 17:08:06,799 - INFO - GPU is available
2023-03-25 17:08:07,596 - INFO - 谣言数据总量为：1538
2023-03-25 17:08:07,596 - INFO - 非谣言数据总量为：1849
2023-03-25 17:08:07,680 - INFO - 数据字典生成成功！
2023-03-25 17:08:07,941 - INFO - 数据列表生成成功！
2023-03-25 17:08:09,072 - INFO - 成功划分训练集和测试集！
2023-03-25 17:08:15,847 - INFO - ————————————————模型训练开始————————————————
2023-03-25 17:08:16,441 - INFO - Epoch: 0, Batch: 0, Loss: 0.6884886026382446
2023-03-25 17:08:20,135 - INFO - Epoch: 0, Batch: 10, Loss: 0.7262394428253174
2023-03-25 17:08:23,853 - INFO - Epoch: 0, Batch: 20, Loss: 0.735956072807312
2023-03-25 17:08:27,538 - INFO - Epoch: 0, Batch: 30, Loss: 0.639289140701294
2023-03-25 17:08:31,423 - INFO - Epoch: 0, Batch: 40, Loss: 0.5052993297576904
2023-03-25 17:08:35,183 - INFO - Epoch: 0, Batch: 50, Loss: 0.5160224437713623
2023-03-25 17:08:38,921 - INFO - Epoch: 0, Batch: 60, Loss: 0.4283985495567322
2023-03-25 17:08:42,648 - INFO - Epoch: 0, Batch: 70, Loss: 0.42496827244758606
2023-03-25 17:08:46,400 - INFO - Epoch: 0, Batch: 80, Loss: 0.32601282000541687
2023-03-25 17:08:50,155 - INFO - Epoch: 0, Batch: 90, Loss: 0.5648508667945862
2023-03-25 17:08:53,928 - INFO - Epoch: 0, Batch: 100, Loss: 0.39894410967826843
2023-03-25 17:08:57,657 - INFO - Epoch: 0, Batch: 110, Loss: 0.1731487363576889
2023-03-25 17:09:01,447 - INFO - Epoch: 0, Batch: 120, Loss: 0.4703686237335205
2023-03-25 17:09:05,173 - INFO - Epoch: 0, Batch: 130, Loss: 0.25655412673950195
2023-03-25 17:09:08,897 - INFO - Epoch: 0, Batch: 140, Loss: 0.2672107219696045
2023-03-25 17:09:12,647 - INFO - Epoch: 0, Batch: 150, Loss: 0.10971808433532715
2023-03-25 17:09:16,435 - INFO - Epoch: 0, Batch: 160, Loss: 0.22030916810035706
2023-03-25 17:09:20,198 - INFO - Epoch: 0, Batch: 170, Loss: 0.2732347846031189
2023-03-25 17:09:23,943 - INFO - Epoch: 0, Batch: 180, Loss: 0.2488843947649002
2023-03-25 17:09:27,562 - INFO - Epoch [1/2], Average Loss: 0.4214
2023-03-25 17:09:27,941 - INFO - Epoch: 1, Batch: 0, Loss: 0.20740947127342224
2023-03-25 17:09:31,689 - INFO - Epoch: 1, Batch: 10, Loss: 0.4341502785682678
2023-03-25 17:09:35,457 - INFO - Epoch: 1, Batch: 20, Loss: 0.21311238408088684
2023-03-25 17:09:39,216 - INFO - Epoch: 1, Batch: 30, Loss: 0.18575862050056458
2023-03-25 17:09:42,985 - INFO - Epoch: 1, Batch: 40, Loss: 0.2057075798511505
2023-03-25 17:09:46,755 - INFO - Epoch: 1, Batch: 50, Loss: 0.1147112250328064
2023-03-25 17:09:50,484 - INFO - Epoch: 1, Batch: 60, Loss: 0.09483910351991653
2023-03-25 17:09:54,276 - INFO - Epoch: 1, Batch: 70, Loss: 0.08485479652881622
2023-03-25 17:09:58,057 - INFO - Epoch: 1, Batch: 80, Loss: 0.24567219614982605
2023-03-25 17:10:01,829 - INFO - Epoch: 1, Batch: 90, Loss: 0.4143902361392975
2023-03-25 17:10:05,610 - INFO - Epoch: 1, Batch: 100, Loss: 0.14764070510864258
2023-03-25 17:10:09,412 - INFO - Epoch: 1, Batch: 110, Loss: 0.051007501780986786
2023-03-25 17:10:13,196 - INFO - Epoch: 1, Batch: 120, Loss: 0.2935956120491028
2023-03-25 17:10:16,996 - INFO - Epoch: 1, Batch: 130, Loss: 0.09650944173336029
2023-03-25 17:10:20,807 - INFO - Epoch: 1, Batch: 140, Loss: 0.057909201830625534
2023-03-25 17:10:24,581 - INFO - Epoch: 1, Batch: 150, Loss: 0.0708305761218071
2023-03-25 17:10:28,361 - INFO - Epoch: 1, Batch: 160, Loss: 0.0541568323969841
2023-03-25 17:10:32,112 - INFO - Epoch: 1, Batch: 170, Loss: 0.059919752180576324
2023-03-25 17:10:35,871 - INFO - Epoch: 1, Batch: 180, Loss: 0.2882443070411682
2023-03-25 17:10:39,261 - INFO - Epoch [2/2], Average Loss: 0.1752
2023-03-25 17:10:39,262 - INFO - ————————————————模型训练完成————————————————
2023-03-25 17:10:39,262 - INFO - 训练开始时间：2023-03-25 17:08:15
2023-03-25 17:10:39,262 - INFO - 训练结束时间：2023-03-25 17:10:39
2023-03-25 17:10:39,262 - INFO - 模型训练总时间为: 143.41 秒
2023-03-25 17:10:40,082 - INFO - ————————————————模型保存成功————————————————
2023-03-25 17:10:40,417 - INFO - ————————————————模型测试开始————————————————
2023-03-25 17:10:40,535 - INFO - 输入预测标签为：[0, 1, 1, 1, 1, 1, 0, 0, 1, 1, 0, 1, 1, 1, 1, 1]
2023-03-25 17:10:40,535 - INFO - 输入实际标签为：[0, 1, 1, 1, 1, 1, 0, 0, 1, 1, 0, 1, 1, 1, 1, 1]
2023-03-25 17:10:40,655 - INFO - 输入预测标签为：[1, 1, 1, 1, 0, 1, 1, 1, 1, 0, 1, 1, 1, 0, 0, 1]
2023-03-25 17:10:40,655 - INFO - 输入实际标签为：[1, 1, 1, 1, 0, 1, 1, 1, 1, 0, 0, 1, 1, 0, 0, 1]
2023-03-25 17:10:40,773 - INFO - 输入预测标签为：[0, 1, 1, 0, 1, 1, 0, 0, 1, 0, 0, 1, 1, 0, 1, 1]
2023-03-25 17:10:40,773 - INFO - 输入实际标签为：[0, 1, 1, 0, 1, 1, 0, 0, 1, 0, 0, 1, 1, 0, 0, 1]
2023-03-25 17:10:40,890 - INFO - 输入预测标签为：[1, 0, 1, 1, 1, 0, 0, 0, 0, 0, 0, 1, 0, 0, 1, 0]
2023-03-25 17:10:40,891 - INFO - 输入实际标签为：[1, 0, 1, 1, 1, 0, 0, 0, 0, 0, 0, 1, 0, 0, 1, 0]
2023-03-25 17:10:41,009 - INFO - 输入预测标签为：[1, 0, 1, 1, 0, 0, 0, 1, 1, 1, 0, 1, 1, 0, 0, 1]
2023-03-25 17:10:41,009 - INFO - 输入实际标签为：[1, 0, 1, 1, 0, 0, 0, 1, 1, 1, 0, 1, 1, 0, 0, 1]
2023-03-25 17:10:41,126 - INFO - 输入预测标签为：[0, 1, 0, 1, 1, 0, 0, 0, 1, 0, 0, 1, 1, 1, 1, 0]
2023-03-25 17:10:41,126 - INFO - 输入实际标签为：[0, 1, 0, 1, 1, 0, 1, 0, 1, 0, 0, 1, 1, 1, 1, 0]
2023-03-25 17:10:41,246 - INFO - 输入预测标签为：[0, 1, 0, 0, 1, 1, 0, 0, 0, 1, 0, 0, 1, 1, 1, 1]
2023-03-25 17:10:41,246 - INFO - 输入实际标签为：[1, 1, 0, 0, 1, 1, 0, 0, 0, 1, 0, 0, 1, 1, 1, 0]
2023-03-25 17:10:41,376 - INFO - 输入预测标签为：[1, 0, 0, 0, 0, 0, 1, 0, 1, 0, 0, 0, 0, 0, 0, 0]
2023-03-25 17:10:41,376 - INFO - 输入实际标签为：[1, 0, 0, 0, 0, 0, 0, 0, 1, 0, 0, 0, 0, 0, 0, 0]
2023-03-25 17:10:41,493 - INFO - 输入预测标签为：[1, 0, 1, 1, 1, 1, 0, 1, 1, 0, 1, 1, 1, 1, 0, 1]
2023-03-25 17:10:41,493 - INFO - 输入实际标签为：[1, 0, 0, 1, 1, 1, 0, 1, 1, 0, 1, 1, 1, 1, 0, 1]
2023-03-25 17:10:41,612 - INFO - 输入预测标签为：[0, 0, 1, 0, 0, 0, 0, 1, 1, 1, 1, 1, 0, 1, 1, 1]
2023-03-25 17:10:41,612 - INFO - 输入实际标签为：[0, 0, 1, 0, 0, 0, 0, 1, 1, 1, 1, 1, 0, 1, 1, 1]
2023-03-25 17:10:41,730 - INFO - 输入预测标签为：[0, 1, 0, 1, 1, 1, 0, 0, 0, 0, 0, 0, 1, 0, 0, 0]
2023-03-25 17:10:41,730 - INFO - 输入实际标签为：[0, 1, 0, 1, 1, 1, 0, 0, 0, 0, 0, 0, 1, 0, 0, 0]
2023-03-25 17:10:41,850 - INFO - 输入预测标签为：[1, 0, 1, 0, 0, 1, 1, 1, 0, 1, 1, 1, 0, 0, 0, 1]
2023-03-25 17:10:41,851 - INFO - 输入实际标签为：[1, 0, 1, 0, 0, 1, 1, 1, 0, 1, 1, 0, 0, 0, 0, 1]
2023-03-25 17:10:41,969 - INFO - 输入预测标签为：[1, 1, 0, 0, 0, 1, 0, 0, 0, 1, 1, 0, 1, 1, 1, 1]
2023-03-25 17:10:41,969 - INFO - 输入实际标签为：[1, 1, 0, 0, 0, 1, 0, 0, 0, 1, 1, 0, 1, 1, 1, 1]
2023-03-25 17:10:42,088 - INFO - 输入预测标签为：[1, 1, 0, 0, 1, 1, 0, 1, 0, 0, 0, 1, 0, 1, 1, 0]
2023-03-25 17:10:42,088 - INFO - 输入实际标签为：[1, 1, 0, 0, 1, 1, 0, 1, 0, 0, 1, 1, 0, 1, 1, 0]
2023-03-25 17:10:42,208 - INFO - 输入预测标签为：[1, 0, 0, 0, 1, 0, 1, 1, 1, 0, 1, 1, 1, 1, 1, 1]
2023-03-25 17:10:42,208 - INFO - 输入实际标签为：[1, 1, 0, 1, 1, 0, 1, 1, 1, 0, 1, 1, 1, 0, 1, 1]
2023-03-25 17:10:42,332 - INFO - 输入预测标签为：[1, 0, 0, 0, 1, 1, 0, 1, 0, 1, 1, 0, 0, 1, 0, 1]
2023-03-25 17:10:42,332 - INFO - 输入实际标签为：[1, 0, 0, 0, 1, 1, 1, 1, 0, 1, 1, 0, 0, 1, 0, 1]
2023-03-25 17:10:42,453 - INFO - 输入预测标签为：[1, 0, 0, 1, 0, 1, 0, 1, 0, 1, 0, 0, 1, 1, 0, 1]
2023-03-25 17:10:42,453 - INFO - 输入实际标签为：[1, 0, 0, 1, 0, 1, 0, 1, 0, 1, 0, 0, 1, 1, 0, 1]
2023-03-25 17:10:42,572 - INFO - 输入预测标签为：[1, 1, 1, 1, 0, 1, 0, 1, 0, 0, 0, 1, 1, 0, 1, 1]
2023-03-25 17:10:42,573 - INFO - 输入实际标签为：[1, 0, 1, 1, 0, 1, 0, 1, 0, 0, 0, 1, 1, 0, 1, 1]
2023-03-25 17:10:42,693 - INFO - 输入预测标签为：[1, 0, 1, 1, 1, 0, 0, 0, 1, 1, 0, 1, 0, 1, 0, 0]
2023-03-25 17:10:42,693 - INFO - 输入实际标签为：[1, 0, 1, 1, 1, 0, 0, 0, 1, 1, 0, 0, 0, 1, 0, 0]
2023-03-25 17:10:42,812 - INFO - 输入预测标签为：[0, 1, 0, 1, 1, 1, 0, 1, 0, 0, 0, 1, 0, 1, 1, 0]
2023-03-25 17:10:42,812 - INFO - 输入实际标签为：[0, 1, 0, 1, 1, 1, 0, 1, 0, 0, 1, 1, 0, 1, 1, 0]
2023-03-25 17:10:42,930 - INFO - 输入预测标签为：[1, 1, 1, 1, 1, 1, 0, 1, 1, 0, 1, 0, 0, 1, 0, 1]
2023-03-25 17:10:42,930 - INFO - 输入实际标签为：[1, 1, 1, 1, 1, 1, 0, 1, 1, 0, 1, 0, 0, 1, 0, 1]
2023-03-25 17:10:42,930 - INFO - ————————————————模型测试结束————————————————
2023-03-25 17:10:42,930 - INFO - 总测试样本: 336个
2023-03-25 17:10:42,930 - INFO - 预测正确样本: 320个
2023-03-25 17:10:42,930 - INFO - 测试准确度: 0.952381
2023-03-25 17:10:42,930 - INFO - ————————————————预测文本类别————————————————
2023-03-25 17:10:42,951 - INFO - 这条微博有99.62%的概率为非谣言，有0.38%的概率为谣言
2023-03-25 17:10:42,951 - INFO - ——————————————————————
2023-03-25 17:10:42,951 - INFO - ——————程序运行结束——————
