2023-04-05 16:11:01,201 - INFO - ——————程序运行开始——————
2023-04-05 16:11:01,201 - INFO - ——————————————————————
2023-04-05 16:11:01,201 - INFO - ——————输出训练参数——————
2023-04-05 16:11:01,201 - INFO - Batch_size：12
2023-04-05 16:11:01,201 - INFO - Epochs：2
2023-04-05 16:11:01,201 - INFO - Learning_rate：2e-05
2023-04-05 16:11:01,201 - INFO - max_seq_length：256
2023-04-05 16:11:01,201 - INFO - num_labels：2
2023-04-05 16:11:01,202 - INFO - ——————————————————————
2023-04-05 16:11:01,237 - INFO - GPU is available
2023-04-05 16:11:02,814 - INFO - 谣言数据总量为：1538
2023-04-05 16:11:02,814 - INFO - 非谣言数据总量为：1849
2023-04-05 16:11:02,826 - INFO - 数据文本生成成功！
2023-04-05 16:11:02,902 - INFO - 成功划分训练集和测试集！
2023-04-05 16:11:29,502 - INFO - ————————————————模型训练开始————————————————
2023-04-05 16:11:30,365 - INFO - Epoch: 0, Batch: 0, Loss: 0.6914151906967163
2023-04-05 16:11:35,842 - INFO - Epoch: 0, Batch: 10, Loss: 0.6723029017448425
2023-04-05 16:11:41,323 - INFO - Epoch: 0, Batch: 20, Loss: 0.6675556898117065
2023-04-05 16:11:46,818 - INFO - Epoch: 0, Batch: 30, Loss: 0.5928725600242615
2023-04-05 16:11:52,322 - INFO - Epoch: 0, Batch: 40, Loss: 0.4348145127296448
2023-04-05 16:11:57,852 - INFO - Epoch: 0, Batch: 50, Loss: 0.23301994800567627
2023-04-05 16:12:03,403 - INFO - Epoch: 0, Batch: 60, Loss: 0.42300841212272644
2023-04-05 16:12:08,939 - INFO - Epoch: 0, Batch: 70, Loss: 0.5120801329612732
2023-04-05 16:12:14,480 - INFO - Epoch: 0, Batch: 80, Loss: 0.21892666816711426
2023-04-05 16:12:20,014 - INFO - Epoch: 0, Batch: 90, Loss: 0.8279067873954773
2023-04-05 16:12:25,552 - INFO - Epoch: 0, Batch: 100, Loss: 0.6567037105560303
2023-04-05 16:12:31,093 - INFO - Epoch: 0, Batch: 110, Loss: 0.21098744869232178
2023-04-05 16:12:36,670 - INFO - Epoch: 0, Batch: 120, Loss: 0.26245713233947754
2023-04-05 16:12:42,321 - INFO - Epoch: 0, Batch: 130, Loss: 0.27233263850212097
2023-04-05 16:12:47,913 - INFO - Epoch: 0, Batch: 140, Loss: 0.19106487929821014
2023-04-05 16:12:53,532 - INFO - Epoch: 0, Batch: 150, Loss: 0.7912306785583496
2023-04-05 16:12:59,189 - INFO - Epoch: 0, Batch: 160, Loss: 0.34804677963256836
2023-04-05 16:13:04,800 - INFO - Epoch: 0, Batch: 170, Loss: 0.1260940283536911
2023-04-05 16:13:10,482 - INFO - Epoch: 0, Batch: 180, Loss: 0.26818883419036865
2023-04-05 16:13:16,197 - INFO - Epoch: 0, Batch: 190, Loss: 0.20852629840373993
2023-04-05 16:13:21,910 - INFO - Epoch: 0, Batch: 200, Loss: 0.10394206643104553
2023-04-05 16:13:27,620 - INFO - Epoch: 0, Batch: 210, Loss: 0.14295917749404907
2023-04-05 16:13:33,482 - INFO - Epoch: 0, Batch: 220, Loss: 0.11656077951192856
2023-04-05 16:13:39,109 - INFO - Epoch: 0, Batch: 230, Loss: 0.16939875483512878
2023-04-05 16:13:44,721 - INFO - Epoch: 0, Batch: 240, Loss: 0.2579272389411926
2023-04-05 16:13:50,342 - INFO - Epoch: 0, Batch: 250, Loss: 0.4571657180786133
2023-04-05 16:13:55,977 - INFO - Epoch: 0, Batch: 260, Loss: 0.15790389478206635
2023-04-05 16:14:01,609 - INFO - Epoch: 0, Batch: 270, Loss: 0.11920752376317978
2023-04-05 16:14:07,247 - INFO - Epoch: 0, Batch: 280, Loss: 0.15539661049842834
2023-04-05 16:14:12,887 - INFO - Epoch: 0, Batch: 290, Loss: 0.2527342438697815
2023-04-05 16:14:18,545 - INFO - Epoch: 0, Batch: 300, Loss: 0.03485352545976639
2023-04-05 16:14:24,162 - INFO - Epoch: 0, Batch: 310, Loss: 0.0474417582154274
2023-04-05 16:14:29,776 - INFO - Epoch: 0, Batch: 320, Loss: 0.04760134220123291
2023-04-05 16:14:35,410 - INFO - Epoch: 0, Batch: 330, Loss: 0.0662514865398407
2023-04-05 16:14:41,041 - INFO - Epoch: 0, Batch: 340, Loss: 0.12480790913105011
2023-04-05 16:14:46,672 - INFO - Epoch: 0, Batch: 350, Loss: 0.04834149405360222
2023-04-05 16:14:52,323 - INFO - Epoch: 0, Batch: 360, Loss: 0.2839284837245941
2023-04-05 16:14:57,956 - INFO - Epoch: 0, Batch: 370, Loss: 0.04883267730474472
2023-04-05 16:15:03,596 - INFO - Epoch: 0, Batch: 380, Loss: 0.05402275174856186
2023-04-05 16:15:09,196 - INFO - Epoch: 0, Batch: 390, Loss: 0.12731137871742249
2023-04-05 16:15:14,818 - INFO - Epoch: 0, Batch: 400, Loss: 0.03180578351020813
2023-04-05 16:15:20,435 - INFO - Epoch: 0, Batch: 410, Loss: 0.371773362159729
2023-04-05 16:15:26,039 - INFO - Epoch: 0, Batch: 420, Loss: 0.06758776307106018
2023-04-05 16:15:31,649 - INFO - Epoch: 0, Batch: 430, Loss: 0.030912218615412712
2023-04-05 16:15:37,259 - INFO - Epoch: 0, Batch: 440, Loss: 0.37552595138549805
2023-04-05 16:15:42,878 - INFO - Epoch: 0, Batch: 450, Loss: 0.3047427237033844
2023-04-05 16:15:48,498 - INFO - Epoch: 0, Batch: 460, Loss: 0.14297136664390564
2023-04-05 16:15:54,098 - INFO - Epoch: 0, Batch: 470, Loss: 0.04172883555293083
2023-04-05 16:15:59,697 - INFO - Epoch: 0, Batch: 480, Loss: 0.41012686491012573
2023-04-05 16:16:05,303 - INFO - Epoch: 0, Batch: 490, Loss: 0.2396053522825241
2023-04-05 16:16:10,908 - INFO - Epoch: 0, Batch: 500, Loss: 0.0432928130030632
2023-04-05 16:16:16,525 - INFO - Epoch: 0, Batch: 510, Loss: 0.12594833970069885
2023-04-05 16:16:22,189 - INFO - Epoch: 0, Batch: 520, Loss: 0.26221227645874023
2023-04-05 16:16:28,220 - INFO - Epoch: 0, Batch: 530, Loss: 0.03538930416107178
2023-04-05 16:16:33,879 - INFO - Epoch: 0, Batch: 540, Loss: 0.08198420703411102
2023-04-05 16:16:39,561 - INFO - Epoch: 0, Batch: 550, Loss: 0.015218722634017467
2023-04-05 16:16:45,228 - INFO - Epoch: 0, Batch: 560, Loss: 0.09724698960781097
2023-04-05 16:16:50,932 - INFO - Epoch: 0, Batch: 570, Loss: 0.1812235563993454
2023-04-05 16:16:56,673 - INFO - Epoch: 0, Batch: 580, Loss: 0.28184768557548523
2023-04-05 16:17:02,327 - INFO - Epoch: 0, Batch: 590, Loss: 0.236781045794487
2023-04-05 16:17:08,016 - INFO - Epoch: 0, Batch: 600, Loss: 0.014192916452884674
2023-04-05 16:17:13,703 - INFO - Epoch: 0, Batch: 610, Loss: 0.1249607503414154
2023-04-05 16:17:19,447 - INFO - Epoch: 0, Batch: 620, Loss: 0.19074904918670654
2023-04-05 16:17:25,113 - INFO - Epoch: 0, Batch: 630, Loss: 0.05483371764421463
2023-04-05 16:17:31,220 - INFO - Epoch: 0, Batch: 640, Loss: 0.08936499804258347
2023-04-05 16:17:36,939 - INFO - Epoch: 0, Batch: 650, Loss: 0.12497040629386902
2023-04-05 16:17:42,703 - INFO - Epoch: 0, Batch: 660, Loss: 0.04917562007904053
2023-04-05 16:17:48,365 - INFO - Epoch: 0, Batch: 670, Loss: 0.02012878842651844
2023-04-05 16:17:54,023 - INFO - Epoch: 0, Batch: 680, Loss: 0.07294124364852905
2023-04-05 16:17:59,670 - INFO - Epoch: 0, Batch: 690, Loss: 0.16947445273399353
2023-04-05 16:18:05,345 - INFO - Epoch: 0, Batch: 700, Loss: 0.029940661042928696
2023-04-05 16:18:10,998 - INFO - Epoch: 0, Batch: 710, Loss: 0.03417513519525528
2023-04-05 16:18:16,652 - INFO - Epoch: 0, Batch: 720, Loss: 0.19547776877880096
2023-04-05 16:18:22,316 - INFO - Epoch: 0, Batch: 730, Loss: 0.027579307556152344
2023-04-05 16:18:28,030 - INFO - Epoch: 0, Batch: 740, Loss: 0.026910316199064255
2023-04-05 16:18:33,874 - INFO - Epoch: 0, Batch: 750, Loss: 0.010246466845273972
2023-04-05 16:18:39,637 - INFO - Epoch: 0, Batch: 760, Loss: 0.028021318838000298
2023-04-05 16:18:45,343 - INFO - Epoch: 0, Batch: 770, Loss: 0.3644742965698242
2023-04-05 16:18:50,985 - INFO - Epoch: 0, Batch: 780, Loss: 0.24987372756004333
2023-04-05 16:18:56,643 - INFO - Epoch: 0, Batch: 790, Loss: 0.0674106702208519
2023-04-05 16:19:02,300 - INFO - Epoch: 0, Batch: 800, Loss: 0.03179232031106949
2023-04-05 16:19:07,943 - INFO - Epoch: 0, Batch: 810, Loss: 0.02997749112546444
2023-04-05 16:19:13,595 - INFO - Epoch: 0, Batch: 820, Loss: 0.03282560408115387
2023-04-05 16:19:19,234 - INFO - Epoch: 0, Batch: 830, Loss: 0.02845597080886364
2023-04-05 16:19:24,966 - INFO - Epoch: 0, Batch: 840, Loss: 0.028124598786234856
2023-04-05 16:19:30,644 - INFO - Epoch: 0, Batch: 850, Loss: 0.01451823115348816
2023-04-05 16:19:36,262 - INFO - Epoch: 0, Batch: 860, Loss: 0.029427040368318558
2023-04-05 16:19:42,050 - INFO - Epoch: 0, Batch: 870, Loss: 0.020647630095481873
2023-04-05 16:19:47,829 - INFO - Epoch: 0, Batch: 880, Loss: 0.14388097822666168
2023-04-05 16:19:53,591 - INFO - Epoch: 0, Batch: 890, Loss: 0.2781006693840027
2023-04-05 16:19:59,372 - INFO - Epoch: 0, Batch: 900, Loss: 0.006644810549914837
2023-04-05 16:20:05,165 - INFO - Epoch: 0, Batch: 910, Loss: 0.014711178839206696
2023-04-05 16:20:10,935 - INFO - Epoch: 0, Batch: 920, Loss: 0.01026900950819254
2023-04-05 16:20:16,705 - INFO - Epoch: 0, Batch: 930, Loss: 0.4457170367240906
2023-04-05 16:20:22,485 - INFO - Epoch: 0, Batch: 940, Loss: 0.06912236660718918
2023-04-05 16:20:28,260 - INFO - Epoch: 0, Batch: 950, Loss: 0.1792379468679428
2023-04-05 16:20:34,068 - INFO - Epoch: 0, Batch: 960, Loss: 0.05797092244029045
2023-04-05 16:20:39,822 - INFO - Epoch: 0, Batch: 970, Loss: 0.09156866371631622
2023-04-05 16:20:45,470 - INFO - Epoch: 0, Batch: 980, Loss: 0.029146093875169754
2023-04-05 16:20:51,120 - INFO - Epoch: 0, Batch: 990, Loss: 0.43372929096221924
2023-04-05 16:20:56,838 - INFO - Epoch: 0, Batch: 1000, Loss: 0.008094756864011288
2023-04-05 16:21:02,578 - INFO - Epoch: 0, Batch: 1010, Loss: 0.018762754276394844
2023-04-05 16:21:05,468 - INFO - Epoch [1/2], Average Loss: 0.1764
2023-04-05 16:21:06,045 - INFO - Epoch: 1, Batch: 0, Loss: 0.012453729286789894
2023-04-05 16:21:11,741 - INFO - Epoch: 1, Batch: 10, Loss: 0.39793020486831665
2023-04-05 16:21:17,463 - INFO - Epoch: 1, Batch: 20, Loss: 0.011522079817950726
2023-04-05 16:21:23,152 - INFO - Epoch: 1, Batch: 30, Loss: 0.0068971021100878716
2023-04-05 16:21:28,845 - INFO - Epoch: 1, Batch: 40, Loss: 0.007660220377147198
2023-04-05 16:21:34,515 - INFO - Epoch: 1, Batch: 50, Loss: 0.012354934588074684
2023-04-05 16:21:40,190 - INFO - Epoch: 1, Batch: 60, Loss: 0.005945727229118347
2023-04-05 16:21:45,880 - INFO - Epoch: 1, Batch: 70, Loss: 0.008076484315097332
2023-04-05 16:21:51,544 - INFO - Epoch: 1, Batch: 80, Loss: 0.07224857807159424
2023-04-05 16:21:57,217 - INFO - Epoch: 1, Batch: 90, Loss: 0.06445866823196411
2023-04-05 16:22:02,891 - INFO - Epoch: 1, Batch: 100, Loss: 0.4685443341732025
2023-04-05 16:22:08,587 - INFO - Epoch: 1, Batch: 110, Loss: 0.005390241742134094
2023-04-05 16:22:14,259 - INFO - Epoch: 1, Batch: 120, Loss: 0.024330182000994682
2023-04-05 16:22:19,943 - INFO - Epoch: 1, Batch: 130, Loss: 0.15633496642112732
2023-04-05 16:22:25,616 - INFO - Epoch: 1, Batch: 140, Loss: 0.010453736409544945
2023-04-05 16:22:31,287 - INFO - Epoch: 1, Batch: 150, Loss: 0.03295285254716873
2023-04-05 16:22:36,972 - INFO - Epoch: 1, Batch: 160, Loss: 0.007053629960864782
2023-04-05 16:22:42,632 - INFO - Epoch: 1, Batch: 170, Loss: 0.00704273721203208
2023-04-05 16:22:48,270 - INFO - Epoch: 1, Batch: 180, Loss: 0.008005982264876366
2023-04-05 16:22:53,914 - INFO - Epoch: 1, Batch: 190, Loss: 0.006464534439146519
2023-04-05 16:22:59,564 - INFO - Epoch: 1, Batch: 200, Loss: 0.007534368894994259
2023-04-05 16:23:05,202 - INFO - Epoch: 1, Batch: 210, Loss: 0.005989761557430029
2023-04-05 16:23:10,839 - INFO - Epoch: 1, Batch: 220, Loss: 0.004813197068870068
2023-04-05 16:23:16,481 - INFO - Epoch: 1, Batch: 230, Loss: 0.00916927121579647
2023-04-05 16:23:22,096 - INFO - Epoch: 1, Batch: 240, Loss: 0.008202390745282173
2023-04-05 16:23:27,739 - INFO - Epoch: 1, Batch: 250, Loss: 0.04795275256037712
2023-04-05 16:23:33,382 - INFO - Epoch: 1, Batch: 260, Loss: 0.012831758707761765
2023-04-05 16:23:39,012 - INFO - Epoch: 1, Batch: 270, Loss: 0.015226706862449646
2023-04-05 16:23:44,646 - INFO - Epoch: 1, Batch: 280, Loss: 0.038487549871206284
2023-04-05 16:23:50,276 - INFO - Epoch: 1, Batch: 290, Loss: 0.005762824788689613
2023-04-05 16:23:55,906 - INFO - Epoch: 1, Batch: 300, Loss: 0.004448501393198967
2023-04-05 16:24:01,519 - INFO - Epoch: 1, Batch: 310, Loss: 0.004587489180266857
2023-04-05 16:24:07,152 - INFO - Epoch: 1, Batch: 320, Loss: 0.00973656214773655
2023-04-05 16:24:12,782 - INFO - Epoch: 1, Batch: 330, Loss: 0.01836366206407547
2023-04-05 16:24:18,409 - INFO - Epoch: 1, Batch: 340, Loss: 0.018545111641287804
2023-04-05 16:24:24,040 - INFO - Epoch: 1, Batch: 350, Loss: 0.0060126036405563354
2023-04-05 16:24:29,684 - INFO - Epoch: 1, Batch: 360, Loss: 0.028730958700180054
2023-04-05 16:24:35,311 - INFO - Epoch: 1, Batch: 370, Loss: 0.005418810993432999
2023-04-05 16:24:40,936 - INFO - Epoch: 1, Batch: 380, Loss: 0.006815576460212469
2023-04-05 16:24:46,571 - INFO - Epoch: 1, Batch: 390, Loss: 0.006260822527110577
2023-04-05 16:24:52,213 - INFO - Epoch: 1, Batch: 400, Loss: 0.019179411232471466
2023-04-05 16:24:57,859 - INFO - Epoch: 1, Batch: 410, Loss: 0.011114180088043213
2023-04-05 16:25:03,496 - INFO - Epoch: 1, Batch: 420, Loss: 0.005293435417115688
2023-04-05 16:25:09,125 - INFO - Epoch: 1, Batch: 430, Loss: 0.005085389129817486
2023-04-05 16:25:14,756 - INFO - Epoch: 1, Batch: 440, Loss: 0.011866851709783077
2023-04-05 16:25:20,395 - INFO - Epoch: 1, Batch: 450, Loss: 0.004981165751814842
2023-04-05 16:25:26,035 - INFO - Epoch: 1, Batch: 460, Loss: 0.004312586970627308
2023-04-05 16:25:31,665 - INFO - Epoch: 1, Batch: 470, Loss: 0.003983522765338421
2023-04-05 16:25:37,283 - INFO - Epoch: 1, Batch: 480, Loss: 0.005797478836029768
2023-04-05 16:25:42,918 - INFO - Epoch: 1, Batch: 490, Loss: 0.005716664716601372
2023-04-05 16:25:48,555 - INFO - Epoch: 1, Batch: 500, Loss: 0.004867683630436659
2023-04-05 16:25:54,197 - INFO - Epoch: 1, Batch: 510, Loss: 0.004711871035397053
2023-04-05 16:25:59,827 - INFO - Epoch: 1, Batch: 520, Loss: 0.005563854705542326
2023-04-05 16:26:05,471 - INFO - Epoch: 1, Batch: 530, Loss: 0.003920927178114653
2023-04-05 16:26:11,100 - INFO - Epoch: 1, Batch: 540, Loss: 0.0051414999179542065
2023-04-05 16:26:16,723 - INFO - Epoch: 1, Batch: 550, Loss: 0.003288654377683997
2023-04-05 16:26:22,357 - INFO - Epoch: 1, Batch: 560, Loss: 0.005973502993583679
2023-04-05 16:26:27,986 - INFO - Epoch: 1, Batch: 570, Loss: 0.005300300195813179
2023-04-05 16:26:33,607 - INFO - Epoch: 1, Batch: 580, Loss: 0.0033440939150750637
2023-04-05 16:26:39,257 - INFO - Epoch: 1, Batch: 590, Loss: 0.003605708945542574
2023-04-05 16:26:44,880 - INFO - Epoch: 1, Batch: 600, Loss: 0.0029900723602622747
2023-04-05 16:26:50,516 - INFO - Epoch: 1, Batch: 610, Loss: 0.003760760184377432
2023-04-05 16:26:56,160 - INFO - Epoch: 1, Batch: 620, Loss: 0.0033800797536969185
2023-04-05 16:27:01,786 - INFO - Epoch: 1, Batch: 630, Loss: 0.0064726220443844795
2023-04-05 16:27:07,414 - INFO - Epoch: 1, Batch: 640, Loss: 0.007405546959489584
2023-04-05 16:27:13,051 - INFO - Epoch: 1, Batch: 650, Loss: 0.060799695551395416
2023-04-05 16:27:18,682 - INFO - Epoch: 1, Batch: 660, Loss: 0.00394941121339798
2023-04-05 16:27:24,307 - INFO - Epoch: 1, Batch: 670, Loss: 0.0032741017639636993
2023-04-05 16:27:29,920 - INFO - Epoch: 1, Batch: 680, Loss: 0.022465329617261887
2023-04-05 16:27:35,545 - INFO - Epoch: 1, Batch: 690, Loss: 0.004254184663295746
2023-04-05 16:27:41,183 - INFO - Epoch: 1, Batch: 700, Loss: 0.0031691486947238445
2023-04-05 16:27:46,807 - INFO - Epoch: 1, Batch: 710, Loss: 0.0036039971746504307
2023-04-05 16:27:52,448 - INFO - Epoch: 1, Batch: 720, Loss: 0.0036819882225245237
2023-04-05 16:27:58,073 - INFO - Epoch: 1, Batch: 730, Loss: 0.03030267171561718
2023-04-05 16:28:03,684 - INFO - Epoch: 1, Batch: 740, Loss: 0.003558715572580695
2023-04-05 16:28:09,309 - INFO - Epoch: 1, Batch: 750, Loss: 0.003122607246041298
2023-04-05 16:28:14,931 - INFO - Epoch: 1, Batch: 760, Loss: 0.006223845295608044
2023-04-05 16:28:20,559 - INFO - Epoch: 1, Batch: 770, Loss: 0.00594624038785696
2023-04-05 16:28:26,177 - INFO - Epoch: 1, Batch: 780, Loss: 0.004153030458837748
2023-04-05 16:28:31,803 - INFO - Epoch: 1, Batch: 790, Loss: 0.004903013817965984
2023-04-05 16:28:37,418 - INFO - Epoch: 1, Batch: 800, Loss: 0.005370897240936756
2023-04-05 16:28:43,059 - INFO - Epoch: 1, Batch: 810, Loss: 0.0032680025324225426
2023-04-05 16:28:48,690 - INFO - Epoch: 1, Batch: 820, Loss: 0.003547412808984518
2023-04-05 16:28:54,328 - INFO - Epoch: 1, Batch: 830, Loss: 0.008830757811665535
2023-04-05 16:28:59,940 - INFO - Epoch: 1, Batch: 840, Loss: 0.007357379421591759
2023-04-05 16:29:05,563 - INFO - Epoch: 1, Batch: 850, Loss: 0.003654722822830081
2023-04-05 16:29:11,184 - INFO - Epoch: 1, Batch: 860, Loss: 0.0037838160060346127
2023-04-05 16:29:16,795 - INFO - Epoch: 1, Batch: 870, Loss: 0.0033418196253478527
2023-04-05 16:29:22,406 - INFO - Epoch: 1, Batch: 880, Loss: 0.0027773927431553602
2023-04-05 16:29:28,022 - INFO - Epoch: 1, Batch: 890, Loss: 0.0035357349552214146
2023-04-05 16:29:33,650 - INFO - Epoch: 1, Batch: 900, Loss: 0.002825068309903145
2023-04-05 16:29:39,282 - INFO - Epoch: 1, Batch: 910, Loss: 0.003279659664258361
2023-04-05 16:29:44,917 - INFO - Epoch: 1, Batch: 920, Loss: 0.003622534452006221
2023-04-05 16:29:50,535 - INFO - Epoch: 1, Batch: 930, Loss: 0.003802057821303606
2023-04-05 16:29:56,160 - INFO - Epoch: 1, Batch: 940, Loss: 0.0030034321825951338
2023-04-05 16:30:01,792 - INFO - Epoch: 1, Batch: 950, Loss: 0.0034369323402643204
2023-04-05 16:30:07,415 - INFO - Epoch: 1, Batch: 960, Loss: 0.004685626365244389
2023-04-05 16:30:13,051 - INFO - Epoch: 1, Batch: 970, Loss: 0.0027987402863800526
2023-04-05 16:30:18,672 - INFO - Epoch: 1, Batch: 980, Loss: 0.007719500921666622
2023-04-05 16:30:24,295 - INFO - Epoch: 1, Batch: 990, Loss: 0.09193457663059235
2023-04-05 16:30:29,930 - INFO - Epoch: 1, Batch: 1000, Loss: 0.0033787188585847616
2023-04-05 16:30:35,553 - INFO - Epoch: 1, Batch: 1010, Loss: 0.004911789670586586
2023-04-05 16:30:38,379 - INFO - Epoch [2/2], Average Loss: 0.0203
2023-04-05 16:30:38,380 - INFO - ————————————————模型训练完成————————————————
2023-04-05 16:30:38,380 - INFO - 训练开始时间：2023-04-05 16:11:29
2023-04-05 16:30:38,380 - INFO - 训练结束时间：2023-04-05 16:30:38
2023-04-05 16:30:38,380 - INFO - 模型训练总时间为: 1148.88 秒
2023-04-05 16:30:39,099 - INFO - ————————————————模型保存成功————————————————
2023-04-05 16:30:39,912 - INFO - ————————————————模型测试开始————————————————
2023-04-05 16:30:40,107 - INFO - 输入预测标签为：[1, 1, 1, 0, 1, 1, 0, 0, 1, 1, 0, 0]
2023-04-05 16:30:40,108 - INFO - 输入实际标签为：[1, 1, 1, 0, 1, 1, 0, 0, 1, 1, 0, 0]
2023-04-05 16:30:40,300 - INFO - 输入预测标签为：[1, 0, 1, 1, 1, 1, 0, 1, 1, 1, 0, 0]
2023-04-05 16:30:40,300 - INFO - 输入实际标签为：[1, 0, 1, 1, 1, 1, 0, 1, 1, 1, 0, 0]
2023-04-05 16:30:40,489 - INFO - 输入预测标签为：[1, 1, 0, 1, 1, 0, 0, 0, 0, 1, 0, 1]
2023-04-05 16:30:40,489 - INFO - 输入实际标签为：[1, 1, 0, 1, 1, 0, 0, 0, 0, 1, 0, 1]
2023-04-05 16:30:40,677 - INFO - 输入预测标签为：[0, 1, 0, 1, 0, 1, 1, 0, 0, 1, 1, 1]
2023-04-05 16:30:40,677 - INFO - 输入实际标签为：[0, 1, 0, 1, 0, 1, 1, 0, 0, 1, 1, 1]
2023-04-05 16:30:40,878 - INFO - 输入预测标签为：[1, 0, 0, 1, 0, 0, 1, 0, 1, 1, 1, 0]
2023-04-05 16:30:40,879 - INFO - 输入实际标签为：[1, 0, 0, 1, 0, 0, 1, 0, 1, 1, 1, 0]
2023-04-05 16:30:41,070 - INFO - 输入预测标签为：[1, 1, 1, 1, 0, 0, 0, 1, 1, 1, 1, 0]
2023-04-05 16:30:41,070 - INFO - 输入实际标签为：[1, 1, 1, 1, 0, 0, 0, 1, 1, 1, 1, 0]
2023-04-05 16:30:41,259 - INFO - 输入预测标签为：[0, 1, 1, 1, 0, 0, 0, 1, 1, 1, 0, 1]
2023-04-05 16:30:41,259 - INFO - 输入实际标签为：[0, 1, 1, 1, 0, 0, 0, 1, 1, 1, 0, 1]
2023-04-05 16:30:41,449 - INFO - 输入预测标签为：[1, 0, 1, 0, 0, 0, 1, 0, 1, 1, 0, 1]
2023-04-05 16:30:41,453 - INFO - 输入实际标签为：[1, 0, 1, 0, 0, 0, 1, 0, 1, 1, 0, 1]
2023-04-05 16:30:41,640 - INFO - 输入预测标签为：[1, 1, 1, 1, 1, 1, 0, 0, 1, 0, 0, 1]
2023-04-05 16:30:41,863 - INFO - 输入实际标签为：[1, 1, 1, 1, 1, 1, 0, 0, 1, 0, 0, 1]
2023-04-05 16:30:42,057 - INFO - 输入预测标签为：[1, 1, 0, 0, 1, 1, 0, 1, 0, 1, 1, 0]
2023-04-05 16:30:42,058 - INFO - 输入实际标签为：[1, 1, 0, 0, 1, 1, 0, 1, 0, 1, 1, 0]
2023-04-05 16:30:42,249 - INFO - 输入预测标签为：[1, 1, 1, 1, 0, 1, 1, 1, 1, 1, 1, 0]
2023-04-05 16:30:42,249 - INFO - 输入实际标签为：[1, 1, 1, 1, 0, 1, 1, 1, 1, 0, 1, 0]
2023-04-05 16:30:42,437 - INFO - 输入预测标签为：[0, 1, 0, 1, 1, 1, 0, 0, 1, 1, 0, 0]
2023-04-05 16:30:42,438 - INFO - 输入实际标签为：[0, 1, 0, 1, 1, 1, 0, 0, 1, 1, 0, 0]
2023-04-05 16:30:42,626 - INFO - 输入预测标签为：[0, 1, 1, 1, 0, 0, 0, 1, 0, 0, 0, 1]
2023-04-05 16:30:42,626 - INFO - 输入实际标签为：[0, 1, 1, 1, 0, 0, 0, 1, 0, 0, 0, 1]
2023-04-05 16:30:42,831 - INFO - 输入预测标签为：[1, 0, 1, 1, 0, 1, 0, 1, 1, 1, 1, 0]
2023-04-05 16:30:42,831 - INFO - 输入实际标签为：[1, 0, 1, 1, 0, 1, 0, 1, 1, 1, 1, 0]
2023-04-05 16:30:43,021 - INFO - 输入预测标签为：[1, 0, 1, 1, 1, 0, 0, 1, 1, 0, 1, 1]
2023-04-05 16:30:43,021 - INFO - 输入实际标签为：[1, 0, 1, 1, 1, 0, 0, 1, 1, 0, 1, 1]
2023-04-05 16:30:43,210 - INFO - 输入预测标签为：[1, 1, 0, 1, 1, 0, 0, 0, 1, 1, 0, 1]
2023-04-05 16:30:43,210 - INFO - 输入实际标签为：[1, 1, 0, 1, 1, 0, 0, 0, 1, 1, 0, 1]
2023-04-05 16:30:43,400 - INFO - 输入预测标签为：[0, 1, 1, 1, 1, 1, 1, 1, 1, 0, 0, 0]
2023-04-05 16:30:43,400 - INFO - 输入实际标签为：[0, 1, 1, 1, 1, 1, 1, 1, 1, 0, 0, 0]
2023-04-05 16:30:43,590 - INFO - 输入预测标签为：[0, 1, 0, 1, 1, 1, 1, 0, 1, 0, 0, 1]
2023-04-05 16:30:43,590 - INFO - 输入实际标签为：[0, 1, 0, 1, 1, 1, 1, 0, 1, 0, 0, 1]
2023-04-05 16:30:43,788 - INFO - 输入预测标签为：[1, 1, 1, 0, 1, 1, 0, 1, 0, 0, 0, 1]
2023-04-05 16:30:43,789 - INFO - 输入实际标签为：[1, 1, 1, 0, 1, 1, 0, 1, 0, 0, 0, 1]
2023-04-05 16:30:43,982 - INFO - 输入预测标签为：[1, 1, 1, 1, 0, 1, 1, 1, 1, 0, 0, 0]
2023-04-05 16:30:43,982 - INFO - 输入实际标签为：[1, 1, 1, 1, 0, 1, 1, 1, 1, 0, 0, 0]
2023-04-05 16:30:44,173 - INFO - 输入预测标签为：[0, 0, 1, 0, 1, 1, 0, 0, 1, 0, 1, 0]
2023-04-05 16:30:44,173 - INFO - 输入实际标签为：[0, 0, 1, 0, 1, 1, 0, 0, 1, 0, 1, 0]
2023-04-05 16:30:44,362 - INFO - 输入预测标签为：[1, 1, 0, 1, 1, 1, 1, 1, 0, 0, 1, 1]
2023-04-05 16:30:44,362 - INFO - 输入实际标签为：[1, 1, 0, 0, 1, 1, 1, 1, 0, 0, 1, 1]
2023-04-05 16:30:44,552 - INFO - 输入预测标签为：[0, 0, 0, 1, 1, 1, 1, 1, 0, 0, 0, 1]
2023-04-05 16:30:44,552 - INFO - 输入实际标签为：[0, 0, 0, 1, 1, 1, 1, 1, 0, 0, 0, 1]
2023-04-05 16:30:44,747 - INFO - 输入预测标签为：[0, 0, 1, 0, 0, 0, 0, 1, 0, 1, 1, 0]
2023-04-05 16:30:44,747 - INFO - 输入实际标签为：[0, 0, 1, 0, 0, 0, 0, 1, 0, 1, 1, 0]
2023-04-05 16:30:44,940 - INFO - 输入预测标签为：[1, 0, 1, 1, 1, 0, 1, 1, 0, 0, 1, 1]
2023-04-05 16:30:44,941 - INFO - 输入实际标签为：[1, 0, 1, 1, 1, 0, 1, 1, 0, 0, 1, 1]
2023-04-05 16:30:45,133 - INFO - 输入预测标签为：[0, 1, 1, 0, 1, 1, 0, 1, 1, 0, 0, 1]
2023-04-05 16:30:45,133 - INFO - 输入实际标签为：[0, 1, 1, 1, 1, 1, 0, 1, 1, 0, 0, 1]
2023-04-05 16:30:45,322 - INFO - 输入预测标签为：[0, 0, 0, 1, 1, 1, 1, 0, 0, 0, 0, 0]
2023-04-05 16:30:45,322 - INFO - 输入实际标签为：[0, 0, 0, 1, 1, 1, 1, 0, 0, 0, 0, 0]
2023-04-05 16:30:45,514 - INFO - 输入预测标签为：[1, 1, 0, 0, 1, 1, 1, 0, 1, 1, 0, 1]
2023-04-05 16:30:45,514 - INFO - 输入实际标签为：[1, 1, 0, 0, 1, 1, 1, 0, 1, 1, 0, 1]
2023-04-05 16:30:45,708 - INFO - 输入预测标签为：[1, 0, 0, 1, 0, 0, 1, 0, 0, 0, 0, 1]
2023-04-05 16:30:45,708 - INFO - 输入实际标签为：[1, 0, 0, 1, 0, 0, 1, 0, 0, 0, 0, 1]
2023-04-05 16:30:45,903 - INFO - 输入预测标签为：[0, 1, 1, 0, 1, 1, 0, 0, 0, 1, 0, 1]
2023-04-05 16:30:45,903 - INFO - 输入实际标签为：[0, 1, 1, 0, 1, 1, 0, 0, 0, 1, 0, 1]
2023-04-05 16:30:46,095 - INFO - 输入预测标签为：[1, 0, 1, 1, 1, 0, 1, 1, 0, 0, 0, 0]
2023-04-05 16:30:46,095 - INFO - 输入实际标签为：[1, 0, 1, 1, 1, 0, 1, 1, 0, 0, 0, 0]
2023-04-05 16:30:46,286 - INFO - 输入预测标签为：[1, 1, 0, 0, 1, 0, 1, 1, 0, 0, 0, 0]
2023-04-05 16:30:46,286 - INFO - 输入实际标签为：[1, 1, 0, 0, 1, 0, 1, 1, 0, 0, 0, 0]
2023-04-05 16:30:46,476 - INFO - 输入预测标签为：[0, 0, 0, 0, 0, 0, 1, 1, 1, 1, 0, 0]
2023-04-05 16:30:46,476 - INFO - 输入实际标签为：[0, 0, 0, 0, 0, 0, 1, 1, 1, 1, 0, 0]
2023-04-05 16:30:46,667 - INFO - 输入预测标签为：[0, 1, 0, 0, 0, 1, 1, 1, 0, 1, 1, 1]
2023-04-05 16:30:46,667 - INFO - 输入实际标签为：[0, 1, 0, 0, 0, 1, 1, 1, 0, 1, 1, 1]
2023-04-05 16:30:46,861 - INFO - 输入预测标签为：[1, 0, 1, 1, 1, 1, 0, 0, 1, 0, 1, 1]
2023-04-05 16:30:46,861 - INFO - 输入实际标签为：[1, 0, 1, 1, 1, 1, 0, 0, 1, 0, 1, 1]
2023-04-05 16:30:47,053 - INFO - 输入预测标签为：[0, 1, 0, 0, 0, 1, 0, 1, 1, 1, 0, 1]
2023-04-05 16:30:47,053 - INFO - 输入实际标签为：[0, 1, 0, 0, 0, 1, 0, 1, 1, 1, 0, 1]
2023-04-05 16:30:47,243 - INFO - 输入预测标签为：[1, 0, 1, 1, 0, 1, 1, 1, 0, 1, 1, 1]
2023-04-05 16:30:47,243 - INFO - 输入实际标签为：[1, 0, 1, 1, 0, 1, 1, 1, 0, 1, 1, 1]
2023-04-05 16:30:47,433 - INFO - 输入预测标签为：[1, 0, 1, 1, 0, 1, 1, 1, 1, 0, 1, 0]
2023-04-05 16:30:47,433 - INFO - 输入实际标签为：[1, 0, 1, 1, 0, 1, 1, 1, 1, 0, 1, 0]
2023-04-05 16:30:47,626 - INFO - 输入预测标签为：[1, 1, 0, 0, 1, 1, 0, 1, 0, 1, 0, 0]
2023-04-05 16:30:47,626 - INFO - 输入实际标签为：[1, 1, 0, 0, 1, 1, 0, 1, 0, 1, 0, 0]
2023-04-05 16:30:47,818 - INFO - 输入预测标签为：[0, 1, 1, 1, 0, 0, 0, 0, 1, 1, 0, 0]
2023-04-05 16:30:47,818 - INFO - 输入实际标签为：[0, 1, 1, 1, 0, 0, 0, 0, 1, 1, 0, 0]
2023-04-05 16:30:48,010 - INFO - 输入预测标签为：[0, 0, 1, 0, 1, 0, 0, 1, 1, 1, 0, 1]
2023-04-05 16:30:48,011 - INFO - 输入实际标签为：[0, 0, 1, 0, 1, 0, 0, 1, 1, 1, 0, 1]
2023-04-05 16:30:48,202 - INFO - 输入预测标签为：[0, 0, 0, 0, 1, 1, 0, 1, 1, 1, 1, 1]
2023-04-05 16:30:48,203 - INFO - 输入实际标签为：[0, 0, 0, 0, 1, 1, 0, 1, 1, 1, 1, 1]
2023-04-05 16:30:48,393 - INFO - 输入预测标签为：[0, 0, 1, 1, 0, 0, 1, 0, 1, 1, 0, 1]
2023-04-05 16:30:48,394 - INFO - 输入实际标签为：[0, 0, 1, 1, 0, 0, 1, 0, 1, 1, 0, 1]
2023-04-05 16:30:48,585 - INFO - 输入预测标签为：[1, 0, 1, 1, 0, 1, 1, 0, 0, 0, 1, 1]
2023-04-05 16:30:48,585 - INFO - 输入实际标签为：[1, 0, 1, 1, 0, 1, 1, 0, 0, 0, 1, 1]
2023-04-05 16:30:48,777 - INFO - 输入预测标签为：[1, 1, 1, 0, 1, 0, 0, 0, 0, 1, 1, 1]
2023-04-05 16:30:48,778 - INFO - 输入实际标签为：[1, 1, 1, 0, 1, 0, 0, 0, 0, 1, 1, 1]
2023-04-05 16:30:48,970 - INFO - 输入预测标签为：[1, 0, 1, 1, 1, 1, 0, 0, 1, 0, 0, 1]
2023-04-05 16:30:48,970 - INFO - 输入实际标签为：[1, 0, 1, 1, 1, 1, 0, 0, 1, 0, 0, 1]
2023-04-05 16:30:49,162 - INFO - 输入预测标签为：[0, 1, 0, 1, 1, 0, 0, 1, 0, 1, 1, 1]
2023-04-05 16:30:49,162 - INFO - 输入实际标签为：[0, 1, 0, 1, 1, 0, 0, 1, 0, 1, 1, 1]
2023-04-05 16:30:49,352 - INFO - 输入预测标签为：[1, 0, 1, 1, 1, 0, 1, 0, 1, 1, 0, 1]
2023-04-05 16:30:49,352 - INFO - 输入实际标签为：[1, 0, 1, 1, 1, 0, 1, 0, 1, 1, 0, 1]
2023-04-05 16:30:49,543 - INFO - 输入预测标签为：[1, 1, 0, 1, 0, 0, 0, 1, 0, 0, 0, 1]
2023-04-05 16:30:49,544 - INFO - 输入实际标签为：[1, 1, 0, 1, 0, 0, 0, 1, 0, 0, 0, 1]
2023-04-05 16:30:49,738 - INFO - 输入预测标签为：[1, 1, 1, 0, 0, 1, 1, 1, 1, 0, 0, 1]
2023-04-05 16:30:49,738 - INFO - 输入实际标签为：[1, 1, 1, 0, 0, 1, 1, 1, 1, 0, 0, 1]
2023-04-05 16:30:49,930 - INFO - 输入预测标签为：[1, 1, 1, 1, 0, 1, 1, 0, 1, 1, 1, 1]
2023-04-05 16:30:49,931 - INFO - 输入实际标签为：[1, 1, 1, 1, 0, 1, 1, 0, 1, 1, 1, 1]
2023-04-05 16:30:50,123 - INFO - 输入预测标签为：[0, 0, 1, 0, 1, 1, 0, 0, 0, 1, 0, 1]
2023-04-05 16:30:50,123 - INFO - 输入实际标签为：[0, 0, 1, 0, 1, 1, 0, 0, 0, 1, 0, 1]
2023-04-05 16:30:50,316 - INFO - 输入预测标签为：[0, 1, 1, 1, 1, 1, 1, 0, 0, 1, 0, 1]
2023-04-05 16:30:50,316 - INFO - 输入实际标签为：[0, 1, 1, 1, 1, 1, 1, 0, 0, 1, 0, 1]
2023-04-05 16:30:50,505 - INFO - 输入预测标签为：[1, 1, 1, 1, 0, 1, 1, 1, 1, 1, 0, 1]
2023-04-05 16:30:50,505 - INFO - 输入实际标签为：[1, 1, 1, 1, 0, 1, 1, 1, 1, 1, 0, 1]
2023-04-05 16:30:50,698 - INFO - 输入预测标签为：[0, 1, 1, 1, 1, 0, 1, 1, 1, 1, 1, 1]
2023-04-05 16:30:50,698 - INFO - 输入实际标签为：[0, 1, 1, 1, 1, 0, 1, 1, 1, 1, 1, 1]
2023-04-05 16:30:50,890 - INFO - 输入预测标签为：[0, 0, 1, 0, 0, 0, 0, 0, 1, 0, 1, 0]
2023-04-05 16:30:50,890 - INFO - 输入实际标签为：[0, 0, 1, 0, 0, 0, 0, 0, 1, 0, 1, 0]
2023-04-05 16:30:51,084 - INFO - 输入预测标签为：[1, 1, 0, 0, 1, 1, 0, 1, 0, 1, 1, 0]
2023-04-05 16:30:51,084 - INFO - 输入实际标签为：[1, 1, 0, 0, 1, 1, 0, 1, 0, 1, 1, 0]
2023-04-05 16:30:51,275 - INFO - 输入预测标签为：[1, 1, 1, 1, 0, 0, 0, 1, 1, 1, 1, 0]
2023-04-05 16:30:51,275 - INFO - 输入实际标签为：[1, 1, 1, 1, 0, 0, 0, 1, 1, 1, 1, 0]
2023-04-05 16:30:51,468 - INFO - 输入预测标签为：[1, 0, 0, 1, 0, 1, 1, 0, 1, 1, 1, 1]
2023-04-05 16:30:51,468 - INFO - 输入实际标签为：[1, 0, 0, 1, 0, 1, 1, 0, 1, 1, 1, 1]
2023-04-05 16:30:51,660 - INFO - 输入预测标签为：[1, 1, 1, 1, 1, 0, 0, 1, 0, 0, 0, 0]
2023-04-05 16:30:51,661 - INFO - 输入实际标签为：[1, 1, 1, 1, 1, 0, 0, 1, 0, 0, 0, 0]
2023-04-05 16:30:51,854 - INFO - 输入预测标签为：[1, 1, 0, 1, 0, 1, 1, 1, 1, 0, 0, 0]
2023-04-05 16:30:51,854 - INFO - 输入实际标签为：[1, 1, 0, 1, 0, 1, 1, 1, 1, 0, 0, 0]
2023-04-05 16:30:52,045 - INFO - 输入预测标签为：[0, 0, 1, 1, 0, 1, 0, 0, 1, 0, 1, 1]
2023-04-05 16:30:52,046 - INFO - 输入实际标签为：[0, 0, 1, 1, 0, 1, 0, 0, 1, 0, 1, 1]
2023-04-05 16:30:52,237 - INFO - 输入预测标签为：[1, 0, 0, 1, 0, 0, 1, 0, 1, 0, 1, 0]
2023-04-05 16:30:52,237 - INFO - 输入实际标签为：[1, 0, 0, 1, 0, 0, 1, 0, 1, 0, 1, 0]
2023-04-05 16:30:52,428 - INFO - 输入预测标签为：[1, 1, 0, 1, 1, 1, 1, 1, 0, 1, 1, 0]
2023-04-05 16:30:52,428 - INFO - 输入实际标签为：[1, 1, 0, 1, 1, 1, 1, 1, 0, 1, 1, 0]
2023-04-05 16:30:52,619 - INFO - 输入预测标签为：[0, 1, 0, 1, 1, 0, 1, 1, 1, 0, 1, 1]
2023-04-05 16:30:52,619 - INFO - 输入实际标签为：[0, 1, 0, 1, 1, 0, 1, 1, 1, 0, 1, 1]
2023-04-05 16:30:52,812 - INFO - 输入预测标签为：[0, 1, 0, 1, 0, 0, 0, 1, 1, 1, 1, 0]
2023-04-05 16:30:52,812 - INFO - 输入实际标签为：[0, 1, 0, 1, 0, 0, 0, 1, 1, 1, 1, 0]
2023-04-05 16:30:53,005 - INFO - 输入预测标签为：[1, 1, 1, 1, 1, 0, 0, 1, 1, 1, 0, 1]
2023-04-05 16:30:53,005 - INFO - 输入实际标签为：[1, 1, 1, 1, 1, 0, 0, 1, 1, 1, 0, 1]
2023-04-05 16:30:53,196 - INFO - 输入预测标签为：[1, 1, 1, 0, 1, 0, 0, 0, 1, 1, 0, 0]
2023-04-05 16:30:53,196 - INFO - 输入实际标签为：[1, 1, 1, 0, 1, 0, 0, 0, 1, 1, 0, 0]
2023-04-05 16:30:53,388 - INFO - 输入预测标签为：[0, 0, 0, 0, 0, 1, 1, 1, 1, 1, 1, 0]
2023-04-05 16:30:53,389 - INFO - 输入实际标签为：[0, 0, 0, 0, 0, 1, 1, 1, 1, 1, 1, 0]
2023-04-05 16:30:53,580 - INFO - 输入预测标签为：[0, 1, 0, 0, 0, 0, 0, 0, 0, 0, 1, 0]
2023-04-05 16:30:53,580 - INFO - 输入实际标签为：[0, 1, 0, 0, 0, 0, 0, 0, 0, 0, 1, 0]
2023-04-05 16:30:53,772 - INFO - 输入预测标签为：[1, 0, 1, 1, 1, 0, 0, 0, 0, 0, 1, 0]
2023-04-05 16:30:53,772 - INFO - 输入实际标签为：[1, 0, 1, 1, 1, 0, 0, 0, 0, 0, 1, 0]
2023-04-05 16:30:53,964 - INFO - 输入预测标签为：[1, 0, 1, 0, 1, 1, 1, 0, 0, 1, 1, 0]
2023-04-05 16:30:53,965 - INFO - 输入实际标签为：[1, 0, 1, 0, 1, 1, 1, 0, 0, 1, 1, 0]
2023-04-05 16:30:54,156 - INFO - 输入预测标签为：[0, 1, 0, 0, 1, 1, 0, 0, 1, 1, 0, 1]
2023-04-05 16:30:54,156 - INFO - 输入实际标签为：[0, 1, 0, 0, 1, 1, 0, 0, 1, 1, 0, 1]
2023-04-05 16:30:54,348 - INFO - 输入预测标签为：[0, 1, 1, 1, 1, 0, 1, 0, 0, 0, 0, 1]
2023-04-05 16:30:54,349 - INFO - 输入实际标签为：[0, 1, 1, 1, 1, 0, 1, 0, 0, 0, 0, 1]
2023-04-05 16:30:54,539 - INFO - 输入预测标签为：[1, 1, 1, 1, 1, 1, 0, 1, 0, 1, 0, 1]
2023-04-05 16:30:54,539 - INFO - 输入实际标签为：[1, 1, 1, 1, 1, 1, 0, 1, 0, 1, 0, 1]
2023-04-05 16:30:54,731 - INFO - 输入预测标签为：[0, 0, 1, 1, 1, 1, 1, 1, 1, 0, 0, 0]
2023-04-05 16:30:54,731 - INFO - 输入实际标签为：[0, 0, 1, 1, 1, 1, 1, 1, 1, 0, 0, 0]
2023-04-05 16:30:54,924 - INFO - 输入预测标签为：[1, 0, 1, 1, 1, 1, 1, 1, 0, 1, 0, 1]
2023-04-05 16:30:54,924 - INFO - 输入实际标签为：[1, 0, 1, 1, 1, 1, 1, 1, 0, 1, 0, 1]
2023-04-05 16:30:55,116 - INFO - 输入预测标签为：[1, 0, 1, 1, 1, 1, 1, 0, 1, 0, 1, 1]
2023-04-05 16:30:55,116 - INFO - 输入实际标签为：[1, 0, 1, 1, 1, 1, 1, 0, 1, 0, 1, 1]
2023-04-05 16:30:55,307 - INFO - 输入预测标签为：[0, 1, 1, 0, 0, 1, 0, 0, 0, 0, 0, 1]
2023-04-05 16:30:55,307 - INFO - 输入实际标签为：[0, 1, 1, 0, 0, 1, 0, 0, 0, 0, 0, 1]
2023-04-05 16:30:55,499 - INFO - 输入预测标签为：[1, 1, 0, 0, 1, 1, 0, 0, 1, 1, 1, 1]
2023-04-05 16:30:55,499 - INFO - 输入实际标签为：[1, 1, 0, 0, 1, 1, 0, 0, 1, 1, 1, 1]
2023-04-05 16:30:55,689 - INFO - 输入预测标签为：[1, 1, 0, 1, 0, 0, 1, 0, 0, 0, 1, 1]
2023-04-05 16:30:55,689 - INFO - 输入实际标签为：[1, 1, 0, 1, 0, 0, 1, 0, 0, 0, 1, 1]
2023-04-05 16:30:55,883 - INFO - 输入预测标签为：[0, 0, 1, 1, 0, 1, 0, 1, 1, 1, 1, 0]
2023-04-05 16:30:55,884 - INFO - 输入实际标签为：[0, 0, 1, 1, 0, 1, 0, 1, 1, 1, 1, 0]
2023-04-05 16:30:56,076 - INFO - 输入预测标签为：[1, 1, 1, 0, 1, 1, 0, 1, 0, 0, 1, 1]
2023-04-05 16:30:56,076 - INFO - 输入实际标签为：[1, 1, 1, 0, 1, 1, 0, 1, 0, 0, 1, 1]
2023-04-05 16:30:56,269 - INFO - 输入预测标签为：[1, 1, 1, 1, 0, 0, 0, 1, 0, 1, 0, 1]
2023-04-05 16:30:56,269 - INFO - 输入实际标签为：[1, 1, 1, 1, 0, 0, 0, 1, 0, 1, 0, 1]
2023-04-05 16:30:56,459 - INFO - 输入预测标签为：[1, 1, 1, 0, 0, 1, 0, 1, 1, 1, 1, 1]
2023-04-05 16:30:56,459 - INFO - 输入实际标签为：[1, 1, 1, 0, 0, 1, 0, 1, 1, 1, 1, 1]
2023-04-05 16:30:56,652 - INFO - 输入预测标签为：[0, 0, 0, 1, 1, 0, 1, 0, 0, 1, 1, 0]
2023-04-05 16:30:56,652 - INFO - 输入实际标签为：[0, 0, 0, 1, 1, 0, 1, 0, 0, 1, 1, 0]
2023-04-05 16:30:56,843 - INFO - 输入预测标签为：[1, 1, 1, 1, 0, 0, 0, 1, 1, 1, 1, 1]
2023-04-05 16:30:56,843 - INFO - 输入实际标签为：[1, 1, 1, 1, 0, 0, 0, 1, 1, 1, 1, 1]
2023-04-05 16:30:57,036 - INFO - 输入预测标签为：[0, 1, 0, 1, 0, 1, 0, 1, 0, 1, 1, 1]
2023-04-05 16:30:57,036 - INFO - 输入实际标签为：[0, 1, 0, 1, 0, 1, 0, 1, 0, 1, 1, 1]
2023-04-05 16:30:57,228 - INFO - 输入预测标签为：[0, 0, 0, 0, 1, 0, 1, 1, 0, 0, 0, 0]
2023-04-05 16:30:57,228 - INFO - 输入实际标签为：[0, 0, 0, 0, 1, 0, 1, 1, 0, 0, 0, 0]
2023-04-05 16:30:57,419 - INFO - 输入预测标签为：[0, 1, 1, 0, 0, 0, 1, 0, 0, 0, 0, 1]
2023-04-05 16:30:57,419 - INFO - 输入实际标签为：[0, 1, 0, 0, 0, 0, 1, 0, 0, 0, 0, 1]
2023-04-05 16:30:57,610 - INFO - 输入预测标签为：[0, 0, 0, 1, 1, 0, 0, 0, 1, 1, 1, 1]
2023-04-05 16:30:57,611 - INFO - 输入实际标签为：[0, 0, 0, 1, 1, 0, 0, 0, 1, 1, 1, 1]
2023-04-05 16:30:57,802 - INFO - 输入预测标签为：[1, 1, 1, 0, 0, 0, 0, 0, 0, 0, 0, 1]
2023-04-05 16:30:57,803 - INFO - 输入实际标签为：[1, 1, 1, 0, 0, 0, 0, 0, 0, 0, 0, 1]
2023-04-05 16:30:57,995 - INFO - 输入预测标签为：[0, 0, 1, 0, 1, 1, 1, 1, 1, 1, 0, 1]
2023-04-05 16:30:57,995 - INFO - 输入实际标签为：[0, 0, 1, 0, 1, 1, 1, 1, 1, 1, 0, 1]
2023-04-05 16:30:58,187 - INFO - 输入预测标签为：[1, 0, 1, 1, 1, 1, 0, 1, 0, 1, 1, 0]
2023-04-05 16:30:58,187 - INFO - 输入实际标签为：[1, 0, 1, 1, 1, 1, 0, 1, 0, 1, 1, 0]
2023-04-05 16:30:58,379 - INFO - 输入预测标签为：[1, 1, 1, 0, 1, 1, 1, 1, 1, 1, 0, 1]
2023-04-05 16:30:58,379 - INFO - 输入实际标签为：[1, 1, 1, 0, 1, 1, 1, 1, 1, 1, 0, 1]
2023-04-05 16:30:58,570 - INFO - 输入预测标签为：[0, 0, 1, 0, 1, 1, 1, 1, 1, 0, 1, 1]
2023-04-05 16:30:58,570 - INFO - 输入实际标签为：[0, 0, 1, 0, 1, 1, 1, 1, 1, 0, 1, 1]
2023-04-05 16:30:58,762 - INFO - 输入预测标签为：[1, 0, 0, 1, 0, 1, 0, 0, 0, 1, 1, 0]
2023-04-05 16:30:58,763 - INFO - 输入实际标签为：[1, 0, 0, 1, 0, 1, 0, 0, 0, 1, 1, 0]
2023-04-05 16:30:58,954 - INFO - 输入预测标签为：[0, 0, 1, 0, 0, 0, 1, 1, 1, 0, 0, 1]
2023-04-05 16:30:58,954 - INFO - 输入实际标签为：[0, 0, 1, 0, 0, 0, 1, 1, 1, 0, 0, 1]
2023-04-05 16:30:59,146 - INFO - 输入预测标签为：[1, 0, 1, 0, 0, 0, 0, 1, 0, 0, 0, 0]
2023-04-05 16:30:59,147 - INFO - 输入实际标签为：[1, 0, 1, 0, 0, 0, 0, 1, 0, 0, 0, 0]
2023-04-05 16:30:59,338 - INFO - 输入预测标签为：[0, 0, 1, 1, 1, 1, 0, 1, 0, 0, 1, 0]
2023-04-05 16:30:59,338 - INFO - 输入实际标签为：[0, 0, 1, 1, 1, 1, 0, 1, 0, 0, 1, 0]
2023-04-05 16:30:59,530 - INFO - 输入预测标签为：[0, 0, 1, 0, 0, 0, 0, 1, 1, 1, 0, 1]
2023-04-05 16:30:59,530 - INFO - 输入实际标签为：[0, 0, 1, 0, 0, 0, 0, 1, 1, 1, 0, 1]
2023-04-05 16:30:59,724 - INFO - 输入预测标签为：[1, 0, 1, 1, 0, 1, 0, 0, 0, 1, 1, 1]
2023-04-05 16:30:59,724 - INFO - 输入实际标签为：[1, 0, 1, 1, 0, 1, 0, 0, 0, 1, 1, 1]
2023-04-05 16:30:59,915 - INFO - 输入预测标签为：[0, 1, 1, 0, 0, 1, 0, 1, 1, 0, 1, 1]
2023-04-05 16:30:59,916 - INFO - 输入实际标签为：[0, 1, 1, 0, 0, 1, 0, 1, 1, 0, 1, 1]
2023-04-05 16:31:00,108 - INFO - 输入预测标签为：[1, 1, 1, 1, 1, 0, 0, 0, 1, 1, 1, 0]
2023-04-05 16:31:00,108 - INFO - 输入实际标签为：[1, 1, 1, 1, 1, 0, 0, 0, 1, 1, 1, 0]
2023-04-05 16:31:00,301 - INFO - 输入预测标签为：[1, 0, 1, 1, 0, 1, 0, 0, 0, 0, 1, 0]
2023-04-05 16:31:00,301 - INFO - 输入实际标签为：[1, 0, 1, 1, 0, 1, 0, 0, 0, 0, 1, 0]
2023-04-05 16:31:00,492 - INFO - 输入预测标签为：[1, 1, 1, 0, 1, 1, 0, 1, 1, 1, 0, 0]
2023-04-05 16:31:00,492 - INFO - 输入实际标签为：[1, 1, 1, 0, 1, 1, 0, 1, 1, 1, 0, 0]
2023-04-05 16:31:00,684 - INFO - 输入预测标签为：[0, 1, 1, 1, 1, 1, 1, 0, 0, 1, 1, 0]
2023-04-05 16:31:00,684 - INFO - 输入实际标签为：[0, 1, 1, 1, 1, 1, 1, 0, 0, 1, 1, 0]
2023-04-05 16:31:00,877 - INFO - 输入预测标签为：[1, 0, 0, 1, 1, 1, 1, 0, 0, 1, 1, 0]
2023-04-05 16:31:00,877 - INFO - 输入实际标签为：[1, 0, 0, 1, 1, 1, 1, 0, 0, 1, 1, 0]
2023-04-05 16:31:01,069 - INFO - 输入预测标签为：[1, 1, 1, 0, 1, 0, 1, 0, 0, 1, 0, 1]
2023-04-05 16:31:01,070 - INFO - 输入实际标签为：[1, 1, 1, 0, 1, 0, 1, 0, 0, 1, 0, 1]
2023-04-05 16:31:01,261 - INFO - 输入预测标签为：[0, 0, 1, 0, 1, 1, 0, 1, 1, 1, 0, 0]
2023-04-05 16:31:01,261 - INFO - 输入实际标签为：[0, 0, 1, 0, 1, 1, 0, 1, 1, 1, 0, 0]
2023-04-05 16:31:01,452 - INFO - 输入预测标签为：[1, 1, 0, 1, 1, 1, 0, 0, 0, 1, 1, 0]
2023-04-05 16:31:01,452 - INFO - 输入实际标签为：[1, 1, 0, 1, 1, 1, 0, 0, 0, 1, 1, 0]
2023-04-05 16:31:01,643 - INFO - 输入预测标签为：[1, 1, 1, 0, 1, 0, 1, 1, 0, 0, 1, 1]
2023-04-05 16:31:01,644 - INFO - 输入实际标签为：[1, 1, 1, 0, 1, 0, 1, 1, 0, 0, 1, 1]
2023-04-05 16:31:01,644 - INFO - ————————————————模型测试结束————————————————
2023-04-05 16:31:01,644 - INFO - 总测试样本: 1344个
2023-04-05 16:31:01,644 - INFO - 预测正确样本: 1340个
2023-04-05 16:31:01,644 - INFO - 测试准确度: 0.997024
2023-04-05 16:31:01,644 - INFO - ————————————————预测文本类别————————————————
2023-04-05 16:31:01,680 - INFO - 这条微博有99.99%的概率为非谣言，有0.01%的概率为谣言
2023-04-05 16:31:01,680 - INFO - ——————————————————————
2023-04-05 16:31:01,680 - INFO - ——————程序运行结束——————
