2023-04-07 20:32:17,008 - INFO - ——————程序运行开始——————
2023-04-07 20:32:17,008 - INFO - ——————————————————————
2023-04-07 20:32:17,008 - INFO - ——————输出训练参数——————
2023-04-07 20:32:17,008 - INFO - Batch_size：12
2023-04-07 20:32:17,008 - INFO - Epochs：2
2023-04-07 20:32:17,008 - INFO - Learning_rate：2e-05
2023-04-07 20:32:17,008 - INFO - max_seq_length：256
2023-04-07 20:32:17,008 - INFO - num_labels：2
2023-04-07 20:32:17,008 - INFO - ——————输出数据信息——————
2023-04-07 20:32:18,044 - INFO - GPU is available
2023-04-07 20:32:18,076 - INFO - 数据集总数：13548 条
2023-04-07 20:32:18,076 - INFO - 谣言总数：6152 条
2023-04-07 20:32:18,076 - INFO - 非谣言总数：7396 条
2023-04-07 20:32:18,135 - INFO - 成功划分训练集和测试集！
2023-04-07 20:32:18,135 - INFO - 训练集：6774 条
2023-04-07 20:32:18,136 - INFO - 测试集：6774 条
2023-04-07 20:32:19,131 - DEBUG - Building prefix dict from the default dictionary ...
2023-04-07 20:32:19,132 - DEBUG - Loading model from cache C:\Users\zjf\AppData\Local\Temp\jieba.cache
2023-04-07 20:32:19,659 - DEBUG - Loading model cost 0.529 seconds.
2023-04-07 20:32:19,660 - DEBUG - Prefix dict has been built successfully.
2023-04-07 20:32:52,379 - INFO - ————————————————模型测试开始————————————————
2023-04-07 20:32:52,381 - INFO - 输入实际标签为：[1, 1, 1, 1, 1, 0, 1, 0, 1, 0, 0, 0]
2023-04-07 20:32:52,765 - INFO - 输入预测标签为：[1, 1, 1, 1, 1, 0, 1, 0, 1, 0, 0, 0]
2023-04-07 20:32:52,766 - INFO - 输入实际标签为：[1, 1, 1, 1, 0, 0, 1, 1, 0, 1, 1, 0]
2023-04-07 20:32:52,943 - INFO - 输入预测标签为：[1, 1, 1, 1, 0, 0, 1, 1, 0, 1, 1, 0]
2023-04-07 20:32:52,944 - INFO - 输入实际标签为：[0, 0, 1, 1, 1, 1, 1, 1, 1, 1, 1, 1]
2023-04-07 20:32:53,120 - INFO - 输入预测标签为：[0, 0, 1, 1, 1, 1, 1, 1, 1, 1, 1, 1]
2023-04-07 20:32:53,121 - INFO - 输入实际标签为：[1, 1, 1, 0, 1, 0, 1, 1, 0, 0, 0, 0]
2023-04-07 20:32:53,298 - INFO - 输入预测标签为：[1, 1, 1, 0, 1, 0, 1, 1, 0, 0, 0, 0]
2023-04-07 20:32:53,299 - INFO - 输入实际标签为：[1, 0, 1, 1, 1, 1, 0, 0, 0, 0, 1, 0]
2023-04-07 20:32:53,476 - INFO - 输入预测标签为：[1, 0, 1, 1, 1, 1, 0, 0, 0, 0, 1, 0]
2023-04-07 20:32:53,477 - INFO - 输入实际标签为：[0, 0, 0, 0, 1, 1, 1, 0, 0, 1, 0, 0]
2023-04-07 20:32:53,660 - INFO - 输入预测标签为：[0, 0, 0, 0, 1, 1, 1, 0, 0, 1, 0, 0]
2023-04-07 20:32:53,661 - INFO - 输入实际标签为：[0, 1, 1, 1, 1, 0, 0, 0, 1, 0, 1, 0]
2023-04-07 20:32:53,840 - INFO - 输入预测标签为：[0, 1, 1, 1, 1, 0, 0, 0, 1, 0, 1, 0]
2023-04-07 20:32:53,841 - INFO - 输入实际标签为：[1, 1, 0, 1, 0, 1, 0, 0, 1, 0, 1, 1]
2023-04-07 20:32:54,018 - INFO - 输入预测标签为：[1, 1, 0, 1, 0, 1, 0, 0, 1, 0, 1, 1]
2023-04-07 20:32:54,020 - INFO - 输入实际标签为：[0, 0, 1, 1, 0, 0, 0, 1, 1, 1, 1, 1]
2023-04-07 20:32:54,197 - INFO - 输入预测标签为：[0, 0, 1, 1, 0, 0, 0, 1, 1, 1, 1, 1]
2023-04-07 20:32:54,198 - INFO - 输入实际标签为：[0, 1, 0, 1, 0, 1, 1, 1, 1, 0, 1, 0]
2023-04-07 20:32:54,375 - INFO - 输入预测标签为：[0, 1, 0, 1, 0, 1, 1, 1, 1, 0, 1, 0]
2023-04-07 20:32:54,376 - INFO - 输入实际标签为：[1, 0, 0, 1, 0, 0, 0, 0, 0, 0, 0, 1]
2023-04-07 20:32:54,557 - INFO - 输入预测标签为：[1, 0, 0, 1, 0, 0, 0, 0, 0, 0, 0, 1]
2023-04-07 20:32:54,558 - INFO - 输入实际标签为：[0, 0, 1, 1, 1, 1, 1, 1, 0, 1, 1, 1]
2023-04-07 20:32:54,738 - INFO - 输入预测标签为：[0, 0, 1, 1, 1, 1, 1, 1, 0, 1, 1, 1]
2023-04-07 20:32:54,739 - INFO - 输入实际标签为：[0, 0, 1, 0, 0, 1, 0, 1, 0, 1, 1, 1]
2023-04-07 20:32:54,918 - INFO - 输入预测标签为：[0, 0, 1, 0, 0, 1, 0, 1, 0, 1, 1, 1]
2023-04-07 20:32:54,920 - INFO - 输入实际标签为：[0, 0, 0, 0, 1, 1, 0, 1, 1, 1, 1, 1]
2023-04-07 20:32:55,097 - INFO - 输入预测标签为：[0, 0, 0, 0, 1, 1, 0, 1, 1, 1, 1, 1]
2023-04-07 20:32:55,098 - INFO - 输入实际标签为：[0, 0, 1, 0, 0, 1, 1, 1, 1, 0, 0, 0]
2023-04-07 20:32:55,275 - INFO - 输入预测标签为：[0, 0, 1, 0, 0, 1, 1, 1, 1, 0, 0, 0]
2023-04-07 20:32:55,276 - INFO - 输入实际标签为：[1, 1, 1, 1, 1, 1, 1, 1, 0, 1, 0, 0]
2023-04-07 20:32:55,455 - INFO - 输入预测标签为：[1, 1, 1, 1, 1, 1, 1, 1, 0, 1, 0, 0]
2023-04-07 20:32:55,456 - INFO - 输入实际标签为：[1, 1, 0, 0, 1, 1, 0, 1, 0, 1, 1, 1]
2023-04-07 20:32:55,636 - INFO - 输入预测标签为：[1, 1, 0, 0, 1, 1, 0, 1, 0, 1, 1, 1]
2023-04-07 20:32:55,637 - INFO - 输入实际标签为：[1, 1, 0, 0, 1, 1, 1, 1, 0, 0, 0, 1]
2023-04-07 20:32:55,816 - INFO - 输入预测标签为：[1, 1, 0, 0, 1, 1, 1, 1, 0, 0, 0, 1]
2023-04-07 20:32:55,818 - INFO - 输入实际标签为：[1, 0, 1, 1, 0, 1, 0, 1, 1, 1, 1, 0]
2023-04-07 20:32:55,997 - INFO - 输入预测标签为：[1, 0, 1, 1, 0, 1, 0, 1, 1, 1, 1, 0]
2023-04-07 20:32:55,998 - INFO - 输入实际标签为：[0, 0, 1, 0, 1, 0, 0, 1, 1, 0, 1, 1]
2023-04-07 20:32:56,175 - INFO - 输入预测标签为：[0, 0, 1, 0, 1, 0, 0, 1, 1, 0, 1, 1]
2023-04-07 20:32:56,176 - INFO - 输入实际标签为：[1, 1, 0, 1, 1, 1, 1, 1, 1, 1, 1, 0]
2023-04-07 20:32:56,354 - INFO - 输入预测标签为：[1, 1, 0, 1, 1, 1, 1, 1, 1, 1, 1, 0]
2023-04-07 20:32:56,355 - INFO - 输入实际标签为：[0, 0, 0, 1, 1, 1, 1, 0, 0, 0, 0, 0]
2023-04-07 20:32:56,533 - INFO - 输入预测标签为：[0, 0, 0, 1, 1, 1, 1, 0, 0, 0, 0, 0]
2023-04-07 20:32:56,534 - INFO - 输入实际标签为：[0, 1, 1, 0, 0, 1, 1, 1, 1, 0, 1, 1]
2023-04-07 20:32:56,714 - INFO - 输入预测标签为：[0, 1, 1, 0, 0, 1, 1, 1, 1, 0, 1, 1]
2023-04-07 20:32:56,715 - INFO - 输入实际标签为：[0, 1, 0, 1, 0, 0, 1, 0, 1, 0, 0, 1]
2023-04-07 20:32:56,895 - INFO - 输入预测标签为：[0, 1, 0, 1, 0, 0, 1, 0, 1, 0, 0, 1]
2023-04-07 20:32:56,896 - INFO - 输入实际标签为：[0, 0, 1, 1, 0, 1, 0, 0, 0, 0, 1, 0]
2023-04-07 20:32:57,073 - INFO - 输入预测标签为：[0, 0, 1, 1, 0, 1, 0, 0, 0, 0, 1, 0]
2023-04-07 20:32:57,074 - INFO - 输入实际标签为：[0, 1, 1, 0, 1, 0, 0, 1, 1, 1, 0, 1]
2023-04-07 20:32:57,252 - INFO - 输入预测标签为：[0, 1, 1, 0, 1, 0, 0, 1, 1, 1, 0, 1]
2023-04-07 20:32:57,254 - INFO - 输入实际标签为：[0, 0, 0, 1, 0, 0, 0, 0, 0, 1, 0, 0]
2023-04-07 20:32:57,432 - INFO - 输入预测标签为：[0, 0, 0, 1, 0, 0, 0, 0, 0, 1, 0, 0]
2023-04-07 20:32:57,433 - INFO - 输入实际标签为：[0, 0, 1, 1, 0, 1, 1, 1, 1, 1, 1, 0]
2023-04-07 20:32:57,612 - INFO - 输入预测标签为：[0, 0, 1, 1, 0, 1, 1, 1, 1, 1, 1, 0]
2023-04-07 20:32:57,613 - INFO - 输入实际标签为：[0, 0, 0, 0, 1, 0, 0, 1, 0, 1, 1, 0]
2023-04-07 20:32:57,793 - INFO - 输入预测标签为：[0, 0, 0, 0, 1, 0, 0, 1, 0, 1, 1, 0]
2023-04-07 20:32:57,794 - INFO - 输入实际标签为：[1, 0, 0, 1, 1, 1, 1, 0, 0, 1, 0, 1]
2023-04-07 20:32:57,973 - INFO - 输入预测标签为：[1, 0, 0, 1, 1, 1, 1, 0, 0, 1, 0, 1]
2023-04-07 20:32:57,976 - INFO - 输入实际标签为：[1, 1, 1, 1, 1, 1, 1, 0, 1, 1, 1, 1]
2023-04-07 20:32:58,154 - INFO - 输入预测标签为：[1, 1, 1, 1, 1, 1, 1, 0, 1, 1, 1, 1]
2023-04-07 20:32:58,155 - INFO - 输入实际标签为：[1, 1, 1, 1, 1, 0, 1, 0, 0, 0, 1, 1]
2023-04-07 20:32:58,332 - INFO - 输入预测标签为：[1, 1, 1, 1, 1, 0, 1, 0, 0, 0, 1, 1]
2023-04-07 20:32:58,333 - INFO - 输入实际标签为：[0, 0, 1, 1, 1, 1, 0, 1, 0, 0, 1, 1]
2023-04-07 20:32:58,512 - INFO - 输入预测标签为：[0, 0, 1, 1, 1, 1, 0, 1, 0, 0, 1, 1]
2023-04-07 20:32:58,513 - INFO - 输入实际标签为：[1, 0, 1, 1, 0, 1, 1, 1, 0, 1, 0, 0]
2023-04-07 20:32:58,692 - INFO - 输入预测标签为：[1, 0, 1, 1, 0, 1, 1, 1, 0, 1, 0, 0]
2023-04-07 20:32:58,693 - INFO - 输入实际标签为：[1, 1, 0, 1, 1, 1, 0, 1, 0, 1, 0, 1]
2023-04-07 20:32:58,872 - INFO - 输入预测标签为：[1, 1, 0, 1, 1, 1, 0, 1, 0, 1, 0, 1]
2023-04-07 20:32:58,873 - INFO - 输入实际标签为：[1, 1, 1, 0, 1, 0, 0, 0, 1, 0, 1, 1]
2023-04-07 20:32:59,051 - INFO - 输入预测标签为：[1, 1, 1, 0, 1, 0, 0, 0, 1, 0, 1, 1]
2023-04-07 20:32:59,052 - INFO - 输入实际标签为：[0, 0, 1, 1, 0, 1, 0, 1, 1, 0, 1, 0]
2023-04-07 20:32:59,229 - INFO - 输入预测标签为：[0, 0, 1, 1, 0, 1, 0, 1, 1, 0, 1, 0]
2023-04-07 20:32:59,230 - INFO - 输入实际标签为：[1, 1, 0, 1, 1, 1, 1, 0, 1, 0, 0, 0]
2023-04-07 20:32:59,407 - INFO - 输入预测标签为：[1, 1, 0, 1, 1, 1, 1, 0, 1, 0, 0, 0]
2023-04-07 20:32:59,408 - INFO - 输入实际标签为：[1, 0, 1, 0, 0, 0, 0, 0, 1, 0, 0, 0]
2023-04-07 20:32:59,587 - INFO - 输入预测标签为：[1, 0, 1, 0, 0, 0, 0, 0, 1, 0, 0, 0]
2023-04-07 20:32:59,588 - INFO - 输入实际标签为：[1, 0, 1, 1, 1, 1, 0, 0, 0, 1, 1, 0]
2023-04-07 20:32:59,768 - INFO - 输入预测标签为：[1, 0, 1, 1, 1, 1, 0, 0, 0, 1, 1, 0]
2023-04-07 20:32:59,769 - INFO - 输入实际标签为：[0, 1, 1, 0, 0, 1, 1, 1, 1, 1, 0, 1]
2023-04-07 20:32:59,947 - INFO - 输入预测标签为：[0, 1, 1, 0, 0, 1, 1, 1, 1, 1, 0, 1]
2023-04-07 20:32:59,948 - INFO - 输入实际标签为：[0, 1, 0, 0, 0, 0, 0, 1, 1, 1, 0, 1]
2023-04-07 20:33:00,126 - INFO - 输入预测标签为：[0, 1, 0, 0, 0, 0, 0, 1, 1, 1, 0, 1]
2023-04-07 20:33:00,128 - INFO - 输入实际标签为：[1, 0, 0, 1, 0, 1, 1, 0, 0, 0, 1, 1]
2023-04-07 20:33:00,306 - INFO - 输入预测标签为：[1, 0, 0, 1, 0, 1, 1, 0, 0, 0, 1, 1]
2023-04-07 20:33:00,307 - INFO - 输入实际标签为：[0, 1, 1, 0, 1, 1, 1, 0, 0, 1, 0, 0]
2023-04-07 20:33:00,485 - INFO - 输入预测标签为：[0, 1, 1, 0, 1, 1, 1, 0, 0, 1, 0, 1]
2023-04-07 20:33:00,486 - INFO - 输入实际标签为：[0, 1, 1, 1, 1, 0, 0, 0, 0, 1, 1, 0]
2023-04-07 20:33:00,664 - INFO - 输入预测标签为：[0, 1, 1, 1, 1, 0, 0, 0, 0, 1, 1, 0]
2023-04-07 20:33:00,665 - INFO - 输入实际标签为：[0, 0, 1, 1, 1, 0, 1, 0, 1, 1, 0, 0]
2023-04-07 20:33:00,845 - INFO - 输入预测标签为：[0, 0, 1, 1, 1, 0, 1, 0, 1, 1, 0, 0]
2023-04-07 20:33:00,846 - INFO - 输入实际标签为：[1, 1, 0, 1, 0, 0, 1, 0, 1, 0, 1, 1]
2023-04-07 20:33:01,026 - INFO - 输入预测标签为：[1, 1, 0, 1, 0, 0, 1, 0, 1, 0, 1, 1]
2023-04-07 20:33:01,027 - INFO - 输入实际标签为：[0, 1, 1, 1, 1, 1, 0, 1, 1, 1, 1, 0]
2023-04-07 20:33:01,205 - INFO - 输入预测标签为：[0, 1, 1, 1, 1, 1, 0, 1, 1, 1, 1, 0]
2023-04-07 20:33:01,207 - INFO - 输入实际标签为：[0, 1, 1, 1, 0, 1, 0, 0, 1, 0, 1, 1]
2023-04-07 20:33:01,385 - INFO - 输入预测标签为：[0, 1, 1, 1, 0, 1, 0, 0, 1, 0, 1, 1]
2023-04-07 20:33:01,386 - INFO - 输入实际标签为：[0, 1, 1, 0, 1, 0, 0, 0, 1, 0, 1, 1]
2023-04-07 20:33:01,566 - INFO - 输入预测标签为：[0, 1, 1, 0, 1, 0, 0, 0, 1, 0, 1, 1]
2023-04-07 20:33:01,567 - INFO - 输入实际标签为：[1, 1, 1, 1, 1, 0, 1, 0, 0, 1, 0, 1]
2023-04-07 20:33:01,747 - INFO - 输入预测标签为：[1, 1, 1, 1, 1, 0, 1, 0, 0, 1, 0, 1]
2023-04-07 20:33:01,748 - INFO - 输入实际标签为：[0, 0, 1, 0, 0, 0, 0, 1, 1, 0, 0, 1]
2023-04-07 20:33:01,928 - INFO - 输入预测标签为：[0, 0, 1, 0, 0, 0, 0, 1, 1, 0, 0, 1]
2023-04-07 20:33:01,929 - INFO - 输入实际标签为：[0, 1, 1, 1, 1, 0, 0, 1, 1, 1, 1, 1]
2023-04-07 20:33:02,109 - INFO - 输入预测标签为：[0, 1, 1, 1, 1, 0, 0, 1, 1, 1, 1, 1]
2023-04-07 20:33:02,110 - INFO - 输入实际标签为：[1, 1, 1, 1, 0, 0, 1, 0, 1, 0, 0, 1]
2023-04-07 20:33:02,289 - INFO - 输入预测标签为：[1, 1, 1, 1, 0, 0, 1, 0, 1, 0, 0, 1]
2023-04-07 20:33:02,290 - INFO - 输入实际标签为：[1, 0, 1, 0, 1, 0, 1, 1, 1, 1, 1, 1]
2023-04-07 20:33:02,470 - INFO - 输入预测标签为：[1, 0, 1, 0, 1, 0, 1, 1, 1, 1, 1, 1]
2023-04-07 20:33:02,471 - INFO - 输入实际标签为：[1, 1, 1, 1, 0, 0, 1, 0, 1, 0, 1, 1]
2023-04-07 20:33:02,652 - INFO - 输入预测标签为：[1, 1, 1, 1, 0, 0, 1, 0, 1, 0, 1, 1]
2023-04-07 20:33:02,653 - INFO - 输入实际标签为：[1, 0, 1, 0, 1, 0, 1, 1, 1, 1, 1, 0]
2023-04-07 20:33:02,834 - INFO - 输入预测标签为：[1, 0, 1, 0, 1, 0, 1, 1, 1, 1, 1, 0]
2023-04-07 20:33:02,835 - INFO - 输入实际标签为：[1, 0, 1, 1, 1, 0, 1, 0, 1, 1, 1, 1]
2023-04-07 20:33:03,014 - INFO - 输入预测标签为：[1, 0, 1, 1, 1, 0, 1, 0, 1, 1, 1, 1]
2023-04-07 20:33:03,015 - INFO - 输入实际标签为：[0, 1, 0, 1, 1, 1, 1, 1, 0, 0, 1, 0]
2023-04-07 20:33:03,196 - INFO - 输入预测标签为：[0, 1, 0, 1, 1, 1, 1, 1, 0, 0, 1, 0]
2023-04-07 20:33:03,197 - INFO - 输入实际标签为：[1, 1, 1, 1, 0, 1, 0, 1, 1, 1, 0, 1]
2023-04-07 20:33:03,377 - INFO - 输入预测标签为：[1, 1, 1, 1, 0, 1, 0, 1, 1, 1, 0, 1]
2023-04-07 20:33:03,378 - INFO - 输入实际标签为：[1, 0, 1, 0, 1, 1, 1, 1, 0, 1, 1, 0]
2023-04-07 20:33:03,559 - INFO - 输入预测标签为：[1, 0, 1, 0, 1, 1, 1, 1, 0, 1, 1, 0]
2023-04-07 20:33:03,560 - INFO - 输入实际标签为：[1, 1, 1, 0, 0, 0, 1, 1, 1, 1, 1, 0]
2023-04-07 20:33:03,741 - INFO - 输入预测标签为：[1, 1, 1, 0, 0, 0, 1, 1, 1, 1, 1, 0]
2023-04-07 20:33:03,743 - INFO - 输入实际标签为：[1, 0, 1, 0, 0, 0, 1, 0, 1, 0, 1, 1]
2023-04-07 20:33:03,924 - INFO - 输入预测标签为：[1, 0, 1, 0, 0, 0, 1, 0, 1, 0, 1, 1]
2023-04-07 20:33:03,925 - INFO - 输入实际标签为：[1, 0, 0, 1, 1, 1, 0, 1, 0, 0, 1, 0]
2023-04-07 20:33:04,106 - INFO - 输入预测标签为：[1, 0, 0, 1, 1, 1, 0, 1, 0, 0, 1, 0]
2023-04-07 20:33:04,108 - INFO - 输入实际标签为：[1, 1, 0, 1, 1, 1, 0, 0, 0, 0, 0, 1]
2023-04-07 20:33:04,287 - INFO - 输入预测标签为：[1, 1, 0, 1, 1, 1, 0, 0, 0, 0, 0, 1]
2023-04-07 20:33:04,288 - INFO - 输入实际标签为：[1, 0, 1, 1, 1, 1, 1, 1, 0, 0, 0, 0]
2023-04-07 20:33:04,469 - INFO - 输入预测标签为：[1, 0, 1, 1, 1, 1, 1, 1, 0, 0, 0, 0]
2023-04-07 20:33:04,470 - INFO - 输入实际标签为：[1, 1, 1, 1, 1, 1, 1, 0, 1, 0, 1, 0]
2023-04-07 20:33:04,650 - INFO - 输入预测标签为：[1, 1, 1, 1, 1, 1, 1, 0, 1, 0, 1, 0]
2023-04-07 20:33:04,652 - INFO - 输入实际标签为：[0, 0, 1, 1, 0, 0, 0, 1, 1, 1, 0, 1]
2023-04-07 20:33:04,831 - INFO - 输入预测标签为：[0, 0, 1, 1, 0, 0, 0, 1, 1, 1, 0, 1]
2023-04-07 20:33:04,832 - INFO - 输入实际标签为：[0, 1, 0, 0, 1, 0, 1, 0, 1, 1, 0, 1]
2023-04-07 20:33:05,013 - INFO - 输入预测标签为：[0, 1, 0, 0, 1, 0, 1, 0, 1, 1, 0, 1]
2023-04-07 20:33:05,014 - INFO - 输入实际标签为：[0, 1, 0, 0, 0, 1, 0, 1, 1, 0, 1, 1]
2023-04-07 20:33:05,194 - INFO - 输入预测标签为：[0, 1, 0, 0, 0, 1, 0, 1, 1, 0, 1, 1]
2023-04-07 20:33:05,195 - INFO - 输入实际标签为：[1, 0, 1, 0, 1, 0, 1, 1, 0, 1, 0, 0]
2023-04-07 20:33:05,376 - INFO - 输入预测标签为：[1, 0, 1, 0, 1, 0, 1, 1, 0, 1, 0, 0]
2023-04-07 20:33:05,377 - INFO - 输入实际标签为：[0, 1, 1, 0, 1, 1, 1, 1, 1, 1, 0, 0]
2023-04-07 20:33:05,558 - INFO - 输入预测标签为：[0, 1, 1, 0, 1, 1, 1, 1, 1, 1, 0, 0]
2023-04-07 20:33:05,559 - INFO - 输入实际标签为：[1, 1, 0, 1, 1, 0, 1, 1, 1, 1, 0, 1]
2023-04-07 20:33:05,740 - INFO - 输入预测标签为：[1, 1, 0, 1, 1, 0, 1, 1, 1, 1, 0, 1]
2023-04-07 20:33:05,741 - INFO - 输入实际标签为：[1, 1, 0, 1, 0, 1, 0, 1, 1, 0, 1, 0]
2023-04-07 20:33:05,920 - INFO - 输入预测标签为：[1, 1, 0, 1, 0, 1, 0, 1, 1, 0, 1, 0]
2023-04-07 20:33:05,921 - INFO - 输入实际标签为：[0, 0, 0, 0, 1, 0, 0, 1, 0, 1, 0, 0]
2023-04-07 20:33:06,102 - INFO - 输入预测标签为：[0, 0, 0, 0, 1, 0, 0, 1, 0, 1, 0, 0]
2023-04-07 20:33:06,103 - INFO - 输入实际标签为：[0, 0, 0, 0, 1, 0, 1, 0, 0, 0, 1, 1]
2023-04-07 20:33:06,283 - INFO - 输入预测标签为：[0, 0, 0, 0, 1, 0, 1, 0, 0, 0, 1, 1]
2023-04-07 20:33:06,284 - INFO - 输入实际标签为：[1, 0, 0, 0, 1, 0, 0, 1, 0, 0, 0, 0]
2023-04-07 20:33:06,464 - INFO - 输入预测标签为：[1, 0, 0, 0, 1, 0, 0, 1, 0, 0, 0, 0]
2023-04-07 20:33:06,465 - INFO - 输入实际标签为：[1, 0, 0, 0, 0, 0, 0, 0, 0, 0, 0, 0]
2023-04-07 20:33:06,646 - INFO - 输入预测标签为：[1, 0, 0, 0, 0, 0, 0, 0, 0, 0, 0, 0]
2023-04-07 20:33:06,647 - INFO - 输入实际标签为：[1, 0, 0, 0, 1, 0, 1, 1, 0, 1, 1, 0]
2023-04-07 20:33:06,827 - INFO - 输入预测标签为：[1, 0, 0, 0, 1, 0, 1, 1, 0, 1, 1, 0]
2023-04-07 20:33:06,828 - INFO - 输入实际标签为：[1, 1, 1, 0, 0, 1, 0, 0, 1, 0, 1, 1]
2023-04-07 20:33:07,008 - INFO - 输入预测标签为：[1, 1, 1, 0, 0, 1, 0, 0, 1, 0, 1, 1]
2023-04-07 20:33:07,009 - INFO - 输入实际标签为：[1, 1, 1, 1, 0, 0, 0, 0, 1, 0, 1, 0]
2023-04-07 20:33:07,190 - INFO - 输入预测标签为：[1, 1, 1, 1, 0, 0, 0, 0, 1, 0, 1, 0]
2023-04-07 20:33:07,191 - INFO - 输入实际标签为：[0, 1, 1, 0, 1, 0, 1, 0, 0, 1, 1, 1]
2023-04-07 20:33:07,372 - INFO - 输入预测标签为：[0, 1, 1, 0, 1, 0, 1, 0, 0, 1, 1, 1]
2023-04-07 20:33:07,373 - INFO - 输入实际标签为：[1, 1, 0, 1, 0, 1, 0, 1, 1, 1, 1, 0]
2023-04-07 20:33:07,554 - INFO - 输入预测标签为：[1, 1, 0, 1, 0, 1, 0, 1, 1, 1, 1, 0]
2023-04-07 20:33:07,556 - INFO - 输入实际标签为：[0, 0, 1, 0, 0, 0, 1, 1, 1, 1, 0, 0]
2023-04-07 20:33:07,737 - INFO - 输入预测标签为：[0, 0, 1, 0, 0, 0, 1, 1, 1, 1, 0, 0]
2023-04-07 20:33:07,738 - INFO - 输入实际标签为：[1, 1, 0, 1, 1, 1, 0, 0, 0, 1, 0, 1]
2023-04-07 20:33:07,918 - INFO - 输入预测标签为：[1, 1, 0, 1, 1, 1, 0, 0, 0, 1, 0, 1]
2023-04-07 20:33:07,920 - INFO - 输入实际标签为：[1, 1, 0, 1, 0, 0, 0, 1, 1, 0, 0, 0]
2023-04-07 20:33:08,098 - INFO - 输入预测标签为：[1, 1, 0, 1, 0, 0, 0, 1, 1, 0, 0, 0]
2023-04-07 20:33:08,099 - INFO - 输入实际标签为：[1, 0, 0, 0, 1, 1, 0, 1, 1, 0, 1, 1]
2023-04-07 20:33:08,280 - INFO - 输入预测标签为：[1, 0, 0, 0, 1, 1, 0, 1, 1, 0, 1, 1]
2023-04-07 20:33:08,281 - INFO - 输入实际标签为：[1, 1, 0, 1, 1, 1, 0, 1, 1, 0, 0, 0]
2023-04-07 20:33:08,462 - INFO - 输入预测标签为：[1, 1, 0, 1, 1, 1, 0, 1, 1, 0, 0, 0]
2023-04-07 20:33:08,463 - INFO - 输入实际标签为：[0, 0, 1, 1, 0, 0, 0, 0, 1, 0, 0, 1]
2023-04-07 20:33:08,642 - INFO - 输入预测标签为：[0, 0, 1, 1, 0, 0, 0, 0, 1, 0, 0, 1]
2023-04-07 20:33:08,643 - INFO - 输入实际标签为：[1, 0, 1, 1, 0, 1, 0, 0, 0, 0, 0, 1]
2023-04-07 20:33:08,823 - INFO - 输入预测标签为：[1, 0, 1, 1, 0, 1, 0, 0, 0, 0, 0, 1]
2023-04-07 20:33:08,824 - INFO - 输入实际标签为：[0, 1, 0, 1, 1, 0, 0, 1, 0, 0, 1, 0]
2023-04-07 20:33:09,004 - INFO - 输入预测标签为：[0, 1, 0, 1, 1, 0, 0, 1, 0, 0, 1, 0]
2023-04-07 20:33:09,005 - INFO - 输入实际标签为：[1, 1, 1, 0, 1, 1, 1, 1, 1, 0, 1, 1]
2023-04-07 20:33:09,187 - INFO - 输入预测标签为：[1, 1, 1, 0, 1, 1, 1, 1, 1, 0, 1, 1]
2023-04-07 20:33:09,188 - INFO - 输入实际标签为：[0, 0, 0, 0, 1, 0, 0, 1, 1, 1, 0, 0]
2023-04-07 20:33:09,368 - INFO - 输入预测标签为：[0, 0, 0, 0, 1, 0, 0, 1, 1, 1, 0, 0]
2023-04-07 20:33:09,369 - INFO - 输入实际标签为：[0, 1, 1, 0, 0, 0, 1, 1, 0, 0, 1, 1]
2023-04-07 20:33:09,549 - INFO - 输入预测标签为：[0, 1, 1, 0, 0, 0, 1, 1, 0, 0, 1, 1]
2023-04-07 20:33:09,550 - INFO - 输入实际标签为：[1, 1, 1, 1, 0, 0, 1, 1, 0, 0, 1, 1]
2023-04-07 20:33:09,731 - INFO - 输入预测标签为：[1, 1, 1, 1, 0, 0, 1, 1, 0, 0, 1, 1]
2023-04-07 20:33:09,732 - INFO - 输入实际标签为：[0, 1, 1, 0, 1, 1, 0, 1, 1, 1, 0, 1]
2023-04-07 20:33:09,913 - INFO - 输入预测标签为：[0, 1, 1, 0, 1, 1, 0, 1, 1, 1, 0, 1]
2023-04-07 20:33:09,914 - INFO - 输入实际标签为：[1, 1, 1, 1, 1, 0, 1, 0, 1, 1, 0, 0]
2023-04-07 20:33:10,095 - INFO - 输入预测标签为：[1, 1, 1, 1, 1, 0, 1, 0, 1, 1, 0, 0]
2023-04-07 20:33:10,096 - INFO - 输入实际标签为：[1, 1, 0, 1, 1, 0, 0, 0, 1, 0, 1, 0]
2023-04-07 20:33:10,277 - INFO - 输入预测标签为：[1, 1, 0, 1, 1, 0, 0, 0, 1, 0, 1, 0]
2023-04-07 20:33:10,279 - INFO - 输入实际标签为：[0, 0, 1, 1, 1, 1, 1, 1, 1, 1, 1, 1]
2023-04-07 20:33:10,460 - INFO - 输入预测标签为：[0, 0, 1, 1, 1, 1, 1, 1, 1, 1, 1, 1]
2023-04-07 20:33:10,461 - INFO - 输入实际标签为：[0, 0, 0, 0, 1, 0, 0, 1, 1, 1, 0, 0]
2023-04-07 20:33:10,642 - INFO - 输入预测标签为：[0, 0, 0, 0, 1, 0, 0, 1, 1, 1, 0, 0]
2023-04-07 20:33:10,643 - INFO - 输入实际标签为：[0, 1, 0, 1, 1, 1, 1, 1, 1, 0, 1, 0]
2023-04-07 20:33:10,822 - INFO - 输入预测标签为：[0, 1, 0, 1, 1, 1, 1, 1, 1, 0, 1, 0]
2023-04-07 20:33:10,823 - INFO - 输入实际标签为：[1, 0, 1, 0, 1, 0, 0, 1, 1, 1, 0, 1]
2023-04-07 20:33:11,006 - INFO - 输入预测标签为：[1, 0, 1, 0, 1, 0, 0, 1, 1, 1, 0, 1]
2023-04-07 20:33:11,007 - INFO - 输入实际标签为：[0, 0, 1, 1, 0, 1, 1, 0, 0, 0, 0, 0]
2023-04-07 20:33:11,188 - INFO - 输入预测标签为：[0, 0, 1, 1, 0, 1, 1, 0, 0, 0, 0, 0]
2023-04-07 20:33:11,189 - INFO - 输入实际标签为：[1, 0, 0, 1, 0, 0, 0, 0, 1, 1, 0, 0]
2023-04-07 20:33:11,371 - INFO - 输入预测标签为：[1, 0, 0, 1, 0, 0, 0, 0, 1, 1, 0, 0]
2023-04-07 20:33:11,372 - INFO - 输入实际标签为：[0, 1, 0, 1, 0, 1, 0, 0, 0, 1, 0, 1]
2023-04-07 20:33:11,555 - INFO - 输入预测标签为：[0, 1, 0, 1, 0, 1, 0, 0, 0, 1, 0, 1]
2023-04-07 20:33:11,556 - INFO - 输入实际标签为：[1, 0, 1, 0, 1, 0, 1, 0, 0, 1, 1, 1]
2023-04-07 20:33:11,738 - INFO - 输入预测标签为：[1, 0, 1, 0, 1, 0, 1, 0, 0, 1, 1, 1]
2023-04-07 20:33:11,740 - INFO - 输入实际标签为：[1, 1, 0, 1, 1, 1, 1, 1, 0, 0, 0, 1]
2023-04-07 20:33:11,922 - INFO - 输入预测标签为：[1, 1, 0, 1, 1, 1, 1, 1, 0, 0, 0, 1]
2023-04-07 20:33:11,923 - INFO - 输入实际标签为：[1, 0, 1, 1, 1, 0, 1, 1, 1, 1, 0, 1]
2023-04-07 20:33:12,104 - INFO - 输入预测标签为：[1, 0, 1, 1, 1, 0, 1, 1, 1, 1, 0, 1]
2023-04-07 20:33:12,105 - INFO - 输入实际标签为：[1, 1, 0, 1, 1, 0, 1, 1, 1, 0, 1, 0]
2023-04-07 20:33:12,287 - INFO - 输入预测标签为：[1, 1, 0, 1, 1, 0, 1, 1, 1, 0, 1, 0]
2023-04-07 20:33:12,288 - INFO - 输入实际标签为：[1, 0, 0, 1, 1, 1, 0, 1, 0, 1, 1, 1]
2023-04-07 20:33:12,469 - INFO - 输入预测标签为：[1, 0, 0, 1, 1, 1, 0, 1, 0, 1, 1, 1]
2023-04-07 20:33:12,470 - INFO - 输入实际标签为：[1, 1, 1, 0, 1, 1, 1, 1, 1, 1, 0, 0]
2023-04-07 20:33:12,653 - INFO - 输入预测标签为：[1, 1, 0, 0, 1, 1, 1, 1, 1, 1, 0, 0]
2023-04-07 20:33:12,654 - INFO - 输入实际标签为：[1, 1, 0, 0, 1, 1, 0, 0, 0, 1, 0, 1]
2023-04-07 20:33:12,837 - INFO - 输入预测标签为：[1, 1, 0, 0, 1, 1, 0, 0, 0, 1, 0, 1]
2023-04-07 20:33:12,838 - INFO - 输入实际标签为：[0, 0, 0, 1, 1, 0, 0, 1, 1, 1, 0, 1]
2023-04-07 20:33:13,019 - INFO - 输入预测标签为：[0, 0, 0, 1, 1, 0, 0, 1, 1, 1, 0, 1]
2023-04-07 20:33:13,020 - INFO - 输入实际标签为：[0, 0, 1, 0, 1, 1, 1, 1, 1, 1, 1, 1]
2023-04-07 20:33:13,201 - INFO - 输入预测标签为：[0, 0, 1, 0, 1, 1, 1, 1, 1, 1, 1, 1]
2023-04-07 20:33:13,202 - INFO - 输入实际标签为：[0, 0, 1, 1, 0, 1, 1, 0, 0, 0, 1, 0]
2023-04-07 20:33:13,384 - INFO - 输入预测标签为：[0, 0, 1, 1, 0, 1, 1, 0, 0, 0, 1, 0]
2023-04-07 20:33:13,385 - INFO - 输入实际标签为：[1, 0, 1, 0, 1, 0, 1, 1, 1, 1, 1, 1]
2023-04-07 20:33:13,568 - INFO - 输入预测标签为：[1, 0, 1, 0, 1, 0, 1, 1, 1, 1, 1, 1]
2023-04-07 20:33:13,569 - INFO - 输入实际标签为：[1, 1, 1, 1, 1, 1, 1, 0, 0, 1, 0, 0]
2023-04-07 20:33:13,750 - INFO - 输入预测标签为：[1, 1, 1, 1, 1, 1, 1, 0, 0, 1, 0, 0]
2023-04-07 20:33:13,751 - INFO - 输入实际标签为：[0, 1, 0, 1, 1, 1, 1, 0, 1, 0, 1, 0]
2023-04-07 20:33:13,933 - INFO - 输入预测标签为：[0, 1, 0, 1, 1, 1, 1, 0, 1, 0, 1, 0]
2023-04-07 20:33:13,934 - INFO - 输入实际标签为：[1, 1, 1, 1, 1, 0, 0, 1, 1, 0, 0, 1]
2023-04-07 20:33:14,115 - INFO - 输入预测标签为：[1, 1, 1, 1, 1, 0, 0, 1, 1, 0, 0, 1]
2023-04-07 20:33:14,116 - INFO - 输入实际标签为：[1, 1, 1, 0, 1, 0, 1, 1, 0, 1, 1, 1]
2023-04-07 20:33:14,297 - INFO - 输入预测标签为：[1, 1, 1, 0, 1, 0, 1, 1, 0, 1, 1, 1]
2023-04-07 20:33:14,298 - INFO - 输入实际标签为：[1, 0, 1, 1, 1, 0, 1, 1, 1, 0, 0, 1]
2023-04-07 20:33:14,479 - INFO - 输入预测标签为：[1, 0, 1, 1, 1, 0, 1, 1, 1, 0, 0, 1]
2023-04-07 20:33:14,480 - INFO - 输入实际标签为：[0, 1, 0, 1, 0, 1, 1, 1, 1, 0, 1, 1]
2023-04-07 20:33:14,663 - INFO - 输入预测标签为：[0, 1, 0, 1, 0, 1, 1, 1, 1, 0, 1, 1]
2023-04-07 20:33:14,664 - INFO - 输入实际标签为：[0, 0, 0, 0, 1, 1, 0, 0, 0, 1, 1, 0]
2023-04-07 20:33:14,845 - INFO - 输入预测标签为：[0, 0, 0, 0, 1, 1, 0, 0, 0, 1, 1, 0]
2023-04-07 20:33:14,846 - INFO - 输入实际标签为：[0, 1, 1, 1, 1, 0, 0, 1, 1, 1, 1, 1]
2023-04-07 20:33:15,028 - INFO - 输入预测标签为：[0, 1, 1, 1, 1, 0, 0, 1, 1, 1, 1, 1]
2023-04-07 20:33:15,029 - INFO - 输入实际标签为：[1, 1, 1, 1, 1, 1, 1, 1, 1, 0, 1, 0]
2023-04-07 20:33:15,211 - INFO - 输入预测标签为：[1, 1, 1, 1, 1, 1, 1, 1, 1, 0, 1, 0]
2023-04-07 20:33:15,212 - INFO - 输入实际标签为：[0, 1, 0, 0, 1, 1, 0, 1, 0, 0, 0, 1]
2023-04-07 20:33:15,394 - INFO - 输入预测标签为：[0, 1, 0, 0, 1, 1, 0, 1, 0, 0, 0, 1]
2023-04-07 20:33:15,396 - INFO - 输入实际标签为：[0, 1, 0, 1, 1, 1, 0, 1, 1, 1, 1, 0]
2023-04-07 20:33:15,577 - INFO - 输入预测标签为：[0, 1, 0, 1, 1, 1, 0, 1, 1, 1, 1, 0]
2023-04-07 20:33:15,578 - INFO - 输入实际标签为：[0, 1, 1, 0, 0, 1, 0, 1, 0, 0, 0, 0]
2023-04-07 20:33:15,758 - INFO - 输入预测标签为：[0, 1, 1, 0, 0, 1, 0, 1, 0, 0, 0, 0]
2023-04-07 20:33:15,759 - INFO - 输入实际标签为：[0, 1, 0, 1, 1, 0, 0, 0, 0, 0, 0, 0]
2023-04-07 20:33:15,941 - INFO - 输入预测标签为：[0, 1, 0, 1, 1, 0, 0, 0, 0, 0, 0, 0]
2023-04-07 20:33:15,942 - INFO - 输入实际标签为：[1, 1, 0, 0, 0, 1, 1, 0, 1, 0, 0, 1]
2023-04-07 20:33:16,124 - INFO - 输入预测标签为：[1, 1, 0, 0, 0, 1, 1, 0, 1, 0, 0, 1]
2023-04-07 20:33:16,126 - INFO - 输入实际标签为：[1, 0, 1, 0, 0, 1, 1, 0, 0, 0, 0, 0]
2023-04-07 20:33:16,308 - INFO - 输入预测标签为：[1, 0, 1, 0, 0, 1, 1, 0, 0, 0, 0, 0]
2023-04-07 20:33:16,310 - INFO - 输入实际标签为：[1, 1, 0, 1, 1, 0, 1, 1, 1, 0, 0, 0]
2023-04-07 20:33:16,491 - INFO - 输入预测标签为：[1, 1, 0, 1, 1, 0, 1, 1, 1, 0, 0, 0]
2023-04-07 20:33:16,492 - INFO - 输入实际标签为：[1, 1, 1, 1, 1, 0, 1, 0, 1, 1, 0, 0]
2023-04-07 20:33:16,674 - INFO - 输入预测标签为：[1, 1, 1, 1, 1, 0, 1, 0, 1, 1, 0, 0]
2023-04-07 20:33:16,675 - INFO - 输入实际标签为：[0, 0, 0, 0, 0, 0, 0, 1, 0, 0, 1, 0]
2023-04-07 20:33:16,856 - INFO - 输入预测标签为：[0, 0, 0, 0, 0, 0, 0, 1, 0, 0, 1, 0]
2023-04-07 20:33:16,857 - INFO - 输入实际标签为：[0, 1, 1, 1, 0, 1, 0, 1, 1, 1, 1, 0]
2023-04-07 20:33:17,038 - INFO - 输入预测标签为：[0, 1, 1, 1, 0, 1, 0, 1, 1, 1, 1, 0]
2023-04-07 20:33:17,039 - INFO - 输入实际标签为：[1, 1, 0, 1, 0, 0, 0, 1, 0, 0, 0, 1]
2023-04-07 20:33:17,221 - INFO - 输入预测标签为：[1, 1, 0, 1, 0, 0, 0, 1, 0, 0, 0, 1]
2023-04-07 20:33:17,222 - INFO - 输入实际标签为：[1, 1, 0, 1, 0, 0, 1, 1, 1, 0, 0, 0]
2023-04-07 20:33:17,404 - INFO - 输入预测标签为：[1, 1, 0, 1, 0, 0, 1, 1, 1, 0, 0, 0]
2023-04-07 20:33:17,405 - INFO - 输入实际标签为：[1, 0, 1, 1, 1, 1, 0, 0, 1, 1, 1, 1]
2023-04-07 20:33:17,586 - INFO - 输入预测标签为：[1, 0, 1, 1, 1, 1, 0, 0, 1, 1, 1, 1]
2023-04-07 20:33:17,587 - INFO - 输入实际标签为：[1, 0, 0, 1, 1, 1, 1, 0, 1, 0, 1, 1]
2023-04-07 20:33:17,769 - INFO - 输入预测标签为：[1, 0, 0, 1, 1, 1, 1, 0, 1, 0, 1, 1]
2023-04-07 20:33:17,770 - INFO - 输入实际标签为：[1, 1, 1, 1, 1, 1, 1, 0, 0, 1, 0, 0]
2023-04-07 20:33:17,952 - INFO - 输入预测标签为：[1, 1, 1, 1, 1, 1, 1, 0, 0, 1, 0, 0]
2023-04-07 20:33:17,953 - INFO - 输入实际标签为：[0, 0, 1, 1, 1, 1, 0, 0, 0, 0, 0, 0]
2023-04-07 20:33:18,134 - INFO - 输入预测标签为：[0, 0, 1, 1, 1, 1, 0, 0, 0, 0, 0, 0]
2023-04-07 20:33:18,135 - INFO - 输入实际标签为：[1, 1, 0, 1, 1, 1, 0, 0, 1, 0, 1, 1]
2023-04-07 20:33:18,317 - INFO - 输入预测标签为：[1, 1, 0, 1, 1, 1, 0, 0, 1, 0, 1, 1]
2023-04-07 20:33:18,318 - INFO - 输入实际标签为：[1, 1, 1, 1, 1, 0, 1, 1, 1, 1, 0, 1]
2023-04-07 20:33:18,500 - INFO - 输入预测标签为：[1, 1, 1, 1, 1, 0, 1, 1, 1, 1, 0, 1]
2023-04-07 20:33:18,501 - INFO - 输入实际标签为：[1, 0, 0, 0, 1, 0, 1, 1, 1, 1, 1, 1]
2023-04-07 20:33:18,683 - INFO - 输入预测标签为：[1, 0, 0, 0, 1, 0, 1, 1, 1, 1, 1, 1]
2023-04-07 20:33:18,684 - INFO - 输入实际标签为：[0, 1, 1, 1, 1, 0, 0, 1, 0, 0, 1, 0]
2023-04-07 20:33:18,866 - INFO - 输入预测标签为：[0, 1, 1, 1, 1, 0, 0, 1, 0, 0, 1, 0]
2023-04-07 20:33:18,867 - INFO - 输入实际标签为：[1, 1, 0, 0, 1, 0, 0, 1, 1, 0, 0, 1]
2023-04-07 20:33:19,048 - INFO - 输入预测标签为：[1, 1, 0, 0, 1, 0, 0, 1, 1, 0, 0, 1]
2023-04-07 20:33:19,049 - INFO - 输入实际标签为：[0, 0, 1, 0, 1, 1, 1, 1, 0, 1, 0, 0]
2023-04-07 20:33:19,230 - INFO - 输入预测标签为：[0, 0, 1, 0, 1, 1, 1, 1, 0, 1, 0, 0]
2023-04-07 20:33:19,232 - INFO - 输入实际标签为：[1, 1, 1, 0, 0, 0, 1, 1, 0, 0, 1, 0]
2023-04-07 20:33:19,414 - INFO - 输入预测标签为：[1, 1, 1, 0, 0, 0, 1, 1, 0, 0, 1, 0]
2023-04-07 20:33:19,415 - INFO - 输入实际标签为：[0, 0, 0, 0, 0, 1, 1, 1, 1, 1, 1, 0]
2023-04-07 20:33:19,597 - INFO - 输入预测标签为：[0, 0, 0, 0, 0, 1, 1, 1, 1, 1, 1, 0]
2023-04-07 20:33:19,599 - INFO - 输入实际标签为：[0, 0, 1, 0, 1, 1, 1, 1, 1, 1, 0, 0]
2023-04-07 20:33:19,779 - INFO - 输入预测标签为：[0, 0, 1, 0, 1, 1, 1, 1, 1, 1, 0, 0]
2023-04-07 20:33:19,780 - INFO - 输入实际标签为：[1, 1, 1, 0, 1, 0, 0, 1, 0, 0, 1, 0]
2023-04-07 20:33:19,963 - INFO - 输入预测标签为：[1, 1, 1, 0, 1, 0, 0, 1, 0, 0, 1, 0]
2023-04-07 20:33:19,964 - INFO - 输入实际标签为：[1, 1, 0, 1, 1, 1, 1, 1, 1, 1, 0, 1]
2023-04-07 20:33:20,146 - INFO - 输入预测标签为：[1, 1, 0, 1, 1, 1, 1, 1, 1, 1, 0, 1]
2023-04-07 20:33:20,147 - INFO - 输入实际标签为：[1, 0, 1, 1, 1, 1, 0, 1, 0, 0, 1, 0]
2023-04-07 20:33:20,329 - INFO - 输入预测标签为：[1, 0, 1, 1, 1, 1, 0, 1, 0, 0, 1, 0]
2023-04-07 20:33:20,330 - INFO - 输入实际标签为：[1, 0, 1, 1, 0, 1, 1, 1, 0, 0, 1, 1]
2023-04-07 20:33:20,513 - INFO - 输入预测标签为：[1, 0, 1, 1, 0, 1, 1, 1, 0, 0, 1, 1]
2023-04-07 20:33:20,514 - INFO - 输入实际标签为：[1, 0, 1, 1, 0, 1, 1, 1, 0, 1, 1, 0]
2023-04-07 20:33:20,695 - INFO - 输入预测标签为：[1, 0, 1, 1, 0, 1, 1, 1, 0, 1, 1, 0]
2023-04-07 20:33:20,696 - INFO - 输入实际标签为：[1, 1, 0, 1, 1, 1, 0, 0, 1, 1, 1, 0]
2023-04-07 20:33:20,878 - INFO - 输入预测标签为：[1, 1, 0, 1, 1, 1, 0, 0, 1, 1, 1, 0]
2023-04-07 20:33:20,879 - INFO - 输入实际标签为：[0, 1, 1, 1, 1, 1, 1, 1, 1, 1, 1, 0]
2023-04-07 20:33:21,061 - INFO - 输入预测标签为：[0, 1, 1, 1, 1, 1, 1, 1, 1, 1, 1, 0]
2023-04-07 20:33:21,062 - INFO - 输入实际标签为：[1, 0, 0, 1, 0, 1, 1, 0, 0, 0, 1, 0]
2023-04-07 20:33:21,244 - INFO - 输入预测标签为：[1, 0, 0, 1, 0, 1, 1, 0, 0, 0, 1, 0]
2023-04-07 20:33:21,245 - INFO - 输入实际标签为：[0, 1, 1, 1, 1, 0, 1, 1, 1, 1, 1, 1]
2023-04-07 20:33:21,427 - INFO - 输入预测标签为：[0, 1, 1, 1, 1, 0, 1, 1, 1, 1, 1, 1]
2023-04-07 20:33:21,428 - INFO - 输入实际标签为：[0, 1, 1, 1, 0, 0, 1, 0, 0, 0, 0, 0]
2023-04-07 20:33:21,609 - INFO - 输入预测标签为：[0, 1, 1, 1, 0, 0, 1, 0, 0, 0, 0, 0]
2023-04-07 20:33:21,610 - INFO - 输入实际标签为：[1, 1, 0, 1, 1, 1, 1, 1, 1, 1, 1, 0]
2023-04-07 20:33:21,791 - INFO - 输入预测标签为：[1, 1, 0, 1, 1, 1, 1, 1, 1, 1, 1, 0]
2023-04-07 20:33:21,792 - INFO - 输入实际标签为：[1, 1, 1, 1, 0, 0, 1, 1, 0, 0, 1, 1]
2023-04-07 20:33:21,974 - INFO - 输入预测标签为：[1, 1, 1, 1, 0, 0, 1, 1, 0, 0, 1, 1]
2023-04-07 20:33:21,975 - INFO - 输入实际标签为：[1, 0, 0, 0, 1, 0, 1, 0, 0, 0, 0, 1]
2023-04-07 20:33:22,157 - INFO - 输入预测标签为：[1, 0, 0, 0, 1, 0, 1, 0, 0, 0, 0, 1]
2023-04-07 20:33:22,158 - INFO - 输入实际标签为：[1, 1, 1, 1, 1, 1, 1, 0, 1, 1, 1, 1]
2023-04-07 20:33:22,341 - INFO - 输入预测标签为：[1, 1, 1, 1, 1, 1, 1, 0, 1, 1, 1, 1]
2023-04-07 20:33:22,342 - INFO - 输入实际标签为：[1, 0, 0, 1, 0, 0, 1, 1, 1, 0, 1, 1]
2023-04-07 20:33:22,523 - INFO - 输入预测标签为：[1, 0, 0, 1, 0, 0, 1, 1, 1, 0, 1, 1]
2023-04-07 20:33:22,524 - INFO - 输入实际标签为：[0, 1, 1, 1, 0, 1, 1, 1, 1, 1, 1, 1]
2023-04-07 20:33:22,705 - INFO - 输入预测标签为：[0, 1, 1, 1, 0, 1, 1, 1, 1, 1, 1, 1]
2023-04-07 20:33:22,706 - INFO - 输入实际标签为：[1, 1, 1, 1, 1, 0, 1, 1, 1, 1, 1, 1]
2023-04-07 20:33:22,889 - INFO - 输入预测标签为：[1, 1, 1, 1, 1, 0, 1, 1, 1, 1, 1, 1]
2023-04-07 20:33:22,890 - INFO - 输入实际标签为：[1, 0, 0, 0, 0, 0, 0, 1, 0, 0, 1, 1]
2023-04-07 20:33:23,072 - INFO - 输入预测标签为：[1, 0, 0, 0, 0, 0, 0, 1, 0, 0, 1, 1]
2023-04-07 20:33:23,073 - INFO - 输入实际标签为：[0, 0, 0, 0, 1, 0, 0, 0, 1, 0, 0, 1]
2023-04-07 20:33:23,256 - INFO - 输入预测标签为：[0, 0, 0, 0, 1, 0, 0, 0, 1, 0, 0, 1]
2023-04-07 20:33:23,258 - INFO - 输入实际标签为：[1, 1, 0, 0, 0, 0, 0, 1, 0, 0, 1, 0]
2023-04-07 20:33:23,439 - INFO - 输入预测标签为：[1, 1, 0, 0, 0, 0, 0, 1, 0, 0, 1, 0]
2023-04-07 20:33:23,440 - INFO - 输入实际标签为：[1, 0, 0, 0, 0, 1, 0, 0, 1, 1, 0, 1]
2023-04-07 20:33:23,622 - INFO - 输入预测标签为：[1, 0, 0, 0, 0, 1, 0, 0, 1, 1, 0, 1]
2023-04-07 20:33:23,623 - INFO - 输入实际标签为：[1, 1, 1, 1, 0, 1, 1, 1, 0, 1, 1, 1]
2023-04-07 20:33:23,805 - INFO - 输入预测标签为：[1, 1, 1, 1, 0, 1, 1, 1, 0, 1, 1, 1]
2023-04-07 20:33:23,806 - INFO - 输入实际标签为：[0, 1, 1, 1, 0, 0, 0, 0, 0, 0, 0, 1]
2023-04-07 20:33:23,988 - INFO - 输入预测标签为：[0, 1, 1, 1, 0, 0, 0, 0, 0, 0, 0, 1]
2023-04-07 20:33:23,989 - INFO - 输入实际标签为：[1, 1, 1, 1, 0, 0, 1, 0, 0, 1, 0, 1]
2023-04-07 20:33:24,171 - INFO - 输入预测标签为：[1, 1, 1, 1, 0, 0, 1, 0, 0, 1, 0, 1]
2023-04-07 20:33:24,172 - INFO - 输入实际标签为：[0, 1, 1, 1, 1, 0, 1, 1, 0, 0, 0, 1]
2023-04-07 20:33:24,354 - INFO - 输入预测标签为：[0, 1, 1, 1, 1, 0, 1, 1, 0, 0, 0, 1]
2023-04-07 20:33:24,355 - INFO - 输入实际标签为：[1, 0, 0, 0, 0, 0, 1, 1, 0, 0, 0, 0]
2023-04-07 20:33:24,538 - INFO - 输入预测标签为：[1, 0, 0, 0, 0, 0, 1, 1, 0, 0, 0, 0]
2023-04-07 20:33:24,539 - INFO - 输入实际标签为：[0, 0, 1, 0, 0, 0, 1, 0, 1, 1, 1, 1]
2023-04-07 20:33:24,721 - INFO - 输入预测标签为：[0, 0, 1, 0, 0, 0, 1, 0, 1, 1, 1, 1]
2023-04-07 20:33:24,722 - INFO - 输入实际标签为：[0, 1, 0, 0, 1, 0, 0, 1, 0, 1, 1, 0]
2023-04-07 20:33:24,904 - INFO - 输入预测标签为：[0, 1, 0, 0, 1, 0, 0, 1, 0, 1, 1, 0]
2023-04-07 20:33:24,905 - INFO - 输入实际标签为：[1, 0, 0, 1, 1, 0, 0, 0, 0, 1, 1, 1]
2023-04-07 20:33:25,086 - INFO - 输入预测标签为：[1, 0, 0, 1, 1, 0, 0, 0, 0, 1, 1, 1]
2023-04-07 20:33:25,087 - INFO - 输入实际标签为：[1, 0, 1, 1, 1, 1, 0, 0, 0, 1, 1, 0]
2023-04-07 20:33:25,270 - INFO - 输入预测标签为：[1, 0, 1, 1, 1, 1, 0, 0, 0, 1, 1, 0]
2023-04-07 20:33:25,271 - INFO - 输入实际标签为：[0, 0, 0, 0, 1, 1, 0, 0, 0, 0, 0, 0]
2023-04-07 20:33:25,453 - INFO - 输入预测标签为：[0, 0, 0, 0, 1, 1, 0, 0, 0, 0, 0, 0]
2023-04-07 20:33:25,454 - INFO - 输入实际标签为：[1, 0, 1, 1, 1, 1, 0, 1, 0, 0, 1, 0]
2023-04-07 20:33:25,636 - INFO - 输入预测标签为：[1, 0, 1, 1, 1, 1, 0, 1, 0, 0, 1, 0]
2023-04-07 20:33:25,637 - INFO - 输入实际标签为：[0, 0, 0, 0, 1, 1, 1, 1, 0, 1, 1, 0]
2023-04-07 20:33:25,819 - INFO - 输入预测标签为：[0, 0, 0, 0, 1, 1, 1, 1, 0, 1, 1, 0]
2023-04-07 20:33:25,820 - INFO - 输入实际标签为：[1, 1, 0, 0, 0, 1, 1, 0, 1, 0, 0, 1]
2023-04-07 20:33:26,003 - INFO - 输入预测标签为：[1, 1, 0, 0, 0, 1, 1, 0, 1, 0, 0, 1]
2023-04-07 20:33:26,004 - INFO - 输入实际标签为：[0, 1, 0, 1, 1, 1, 0, 0, 0, 0, 1, 0]
2023-04-07 20:33:26,187 - INFO - 输入预测标签为：[0, 1, 0, 1, 1, 1, 0, 0, 0, 0, 1, 0]
2023-04-07 20:33:26,188 - INFO - 输入实际标签为：[0, 1, 0, 1, 0, 1, 0, 1, 1, 0, 0, 0]
2023-04-07 20:33:26,370 - INFO - 输入预测标签为：[0, 1, 0, 1, 0, 1, 0, 1, 1, 0, 0, 0]
2023-04-07 20:33:26,371 - INFO - 输入实际标签为：[0, 0, 1, 1, 1, 1, 1, 0, 1, 0, 1, 0]
2023-04-07 20:33:26,553 - INFO - 输入预测标签为：[0, 0, 1, 1, 1, 1, 1, 0, 1, 0, 1, 0]
2023-04-07 20:33:26,554 - INFO - 输入实际标签为：[1, 1, 1, 1, 1, 1, 1, 0, 0, 1, 1, 1]
2023-04-07 20:33:26,737 - INFO - 输入预测标签为：[1, 1, 1, 1, 1, 1, 1, 0, 0, 1, 1, 1]
2023-04-07 20:33:26,738 - INFO - 输入实际标签为：[1, 0, 0, 0, 1, 0, 0, 1, 0, 1, 0, 1]
2023-04-07 20:33:26,919 - INFO - 输入预测标签为：[1, 0, 0, 0, 1, 0, 0, 1, 0, 1, 0, 1]
2023-04-07 20:33:26,920 - INFO - 输入实际标签为：[0, 1, 0, 1, 0, 1, 1, 1, 0, 0, 0, 1]
2023-04-07 20:33:27,103 - INFO - 输入预测标签为：[0, 1, 0, 1, 0, 1, 1, 1, 0, 0, 0, 1]
2023-04-07 20:33:27,104 - INFO - 输入实际标签为：[0, 1, 1, 0, 1, 1, 1, 1, 0, 1, 1, 1]
2023-04-07 20:33:27,287 - INFO - 输入预测标签为：[0, 1, 1, 0, 1, 1, 1, 1, 0, 1, 1, 1]
2023-04-07 20:33:27,288 - INFO - 输入实际标签为：[1, 0, 0, 1, 0, 1, 0, 0, 1, 0, 1, 1]
2023-04-07 20:33:27,470 - INFO - 输入预测标签为：[1, 0, 0, 1, 0, 1, 0, 0, 1, 0, 1, 1]
2023-04-07 20:33:27,471 - INFO - 输入实际标签为：[0, 0, 1, 1, 0, 0, 1, 0, 1, 0, 1, 1]
2023-04-07 20:33:27,654 - INFO - 输入预测标签为：[0, 0, 1, 1, 0, 0, 1, 0, 1, 0, 1, 1]
2023-04-07 20:33:27,655 - INFO - 输入实际标签为：[1, 1, 0, 1, 0, 0, 1, 1, 0, 1, 0, 1]
2023-04-07 20:33:27,837 - INFO - 输入预测标签为：[1, 1, 0, 1, 0, 0, 1, 1, 0, 1, 0, 1]
2023-04-07 20:33:27,838 - INFO - 输入实际标签为：[1, 1, 1, 1, 1, 0, 1, 0, 1, 0, 0, 0]
2023-04-07 20:33:28,021 - INFO - 输入预测标签为：[1, 1, 1, 1, 1, 0, 1, 0, 1, 0, 0, 0]
2023-04-07 20:33:28,022 - INFO - 输入实际标签为：[1, 1, 1, 0, 0, 0, 0, 1, 1, 0, 0, 1]
2023-04-07 20:33:28,205 - INFO - 输入预测标签为：[1, 1, 1, 0, 0, 0, 0, 1, 1, 0, 0, 1]
2023-04-07 20:33:28,206 - INFO - 输入实际标签为：[0, 0, 1, 1, 0, 1, 0, 1, 0, 1, 0, 1]
2023-04-07 20:33:28,388 - INFO - 输入预测标签为：[0, 0, 1, 1, 0, 1, 0, 1, 0, 1, 0, 1]
2023-04-07 20:33:28,389 - INFO - 输入实际标签为：[1, 1, 1, 1, 0, 1, 1, 0, 0, 1, 1, 0]
2023-04-07 20:33:28,571 - INFO - 输入预测标签为：[1, 1, 1, 1, 0, 1, 1, 0, 0, 1, 1, 0]
2023-04-07 20:33:28,572 - INFO - 输入实际标签为：[0, 0, 0, 0, 0, 0, 1, 1, 1, 1, 0, 0]
2023-04-07 20:33:28,755 - INFO - 输入预测标签为：[0, 0, 0, 0, 0, 0, 1, 1, 1, 1, 0, 0]
2023-04-07 20:33:28,756 - INFO - 输入实际标签为：[0, 0, 1, 1, 0, 0, 1, 1, 1, 0, 0, 0]
2023-04-07 20:33:28,939 - INFO - 输入预测标签为：[0, 0, 1, 1, 0, 0, 1, 1, 1, 0, 0, 0]
2023-04-07 20:33:28,940 - INFO - 输入实际标签为：[1, 1, 1, 1, 0, 0, 0, 1, 1, 1, 0, 1]
2023-04-07 20:33:29,123 - INFO - 输入预测标签为：[1, 1, 1, 1, 0, 0, 0, 1, 1, 1, 0, 1]
2023-04-07 20:33:29,124 - INFO - 输入实际标签为：[0, 1, 0, 1, 1, 1, 0, 0, 0, 0, 0, 1]
2023-04-07 20:33:29,306 - INFO - 输入预测标签为：[0, 1, 0, 1, 1, 1, 0, 0, 0, 0, 0, 1]
2023-04-07 20:33:29,307 - INFO - 输入实际标签为：[0, 1, 1, 1, 0, 1, 1, 0, 1, 1, 1, 0]
2023-04-07 20:33:29,489 - INFO - 输入预测标签为：[0, 1, 1, 1, 0, 1, 1, 0, 1, 1, 1, 0]
2023-04-07 20:33:29,490 - INFO - 输入实际标签为：[0, 1, 0, 1, 0, 0, 1, 0, 1, 1, 1, 0]
2023-04-07 20:33:29,673 - INFO - 输入预测标签为：[0, 1, 0, 1, 0, 0, 1, 0, 1, 1, 1, 0]
2023-04-07 20:33:29,674 - INFO - 输入实际标签为：[1, 1, 0, 0, 1, 1, 1, 1, 0, 1, 0, 1]
2023-04-07 20:33:29,857 - INFO - 输入预测标签为：[1, 1, 0, 0, 1, 1, 1, 1, 0, 1, 0, 1]
2023-04-07 20:33:29,858 - INFO - 输入实际标签为：[0, 0, 1, 1, 0, 0, 1, 1, 1, 1, 0, 1]
2023-04-07 20:33:30,041 - INFO - 输入预测标签为：[0, 0, 1, 1, 0, 0, 1, 1, 1, 1, 0, 1]
2023-04-07 20:33:30,042 - INFO - 输入实际标签为：[1, 0, 0, 0, 1, 1, 1, 1, 1, 1, 0, 0]
2023-04-07 20:33:30,224 - INFO - 输入预测标签为：[1, 0, 0, 0, 1, 1, 1, 1, 1, 1, 0, 0]
2023-04-07 20:33:30,225 - INFO - 输入实际标签为：[1, 1, 1, 0, 1, 1, 1, 0, 0, 0, 1, 1]
2023-04-07 20:33:30,407 - INFO - 输入预测标签为：[1, 1, 1, 0, 1, 1, 1, 0, 0, 0, 1, 1]
2023-04-07 20:33:30,408 - INFO - 输入实际标签为：[0, 0, 0, 0, 0, 0, 1, 1, 0, 0, 0, 0]
2023-04-07 20:33:30,591 - INFO - 输入预测标签为：[0, 0, 0, 0, 0, 0, 1, 1, 0, 0, 0, 0]
2023-04-07 20:33:30,592 - INFO - 输入实际标签为：[0, 0, 0, 1, 1, 0, 0, 0, 1, 1, 0, 1]
2023-04-07 20:33:30,773 - INFO - 输入预测标签为：[0, 0, 0, 1, 1, 0, 0, 0, 1, 1, 0, 1]
2023-04-07 20:33:30,774 - INFO - 输入实际标签为：[1, 1, 0, 0, 0, 1, 0, 0, 0, 1, 0, 1]
2023-04-07 20:33:30,956 - INFO - 输入预测标签为：[1, 1, 0, 0, 0, 1, 0, 0, 0, 1, 0, 1]
2023-04-07 20:33:30,957 - INFO - 输入实际标签为：[1, 1, 1, 1, 0, 1, 1, 0, 0, 1, 1, 0]
2023-04-07 20:33:31,140 - INFO - 输入预测标签为：[1, 1, 1, 1, 0, 1, 1, 0, 0, 1, 1, 0]
2023-04-07 20:33:31,141 - INFO - 输入实际标签为：[1, 0, 1, 0, 1, 0, 1, 1, 1, 1, 0, 0]
2023-04-07 20:33:31,324 - INFO - 输入预测标签为：[1, 0, 1, 0, 1, 0, 1, 1, 1, 1, 0, 0]
2023-04-07 20:33:31,325 - INFO - 输入实际标签为：[0, 1, 1, 0, 0, 0, 1, 0, 0, 1, 1, 0]
2023-04-07 20:33:31,509 - INFO - 输入预测标签为：[0, 1, 1, 0, 0, 0, 1, 0, 0, 1, 1, 0]
2023-04-07 20:33:31,510 - INFO - 输入实际标签为：[1, 1, 1, 0, 0, 0, 1, 1, 0, 0, 0, 1]
2023-04-07 20:33:31,693 - INFO - 输入预测标签为：[1, 1, 1, 0, 0, 0, 1, 1, 0, 0, 0, 1]
2023-04-07 20:33:31,694 - INFO - 输入实际标签为：[0, 0, 1, 1, 0, 1, 1, 0, 0, 1, 0, 0]
2023-04-07 20:33:31,876 - INFO - 输入预测标签为：[0, 0, 1, 1, 0, 1, 1, 0, 0, 1, 0, 0]
2023-04-07 20:33:31,877 - INFO - 输入实际标签为：[1, 1, 1, 1, 0, 1, 0, 0, 1, 1, 1, 0]
2023-04-07 20:33:32,061 - INFO - 输入预测标签为：[1, 1, 1, 1, 0, 1, 0, 0, 1, 1, 1, 0]
2023-04-07 20:33:32,062 - INFO - 输入实际标签为：[0, 0, 1, 1, 0, 1, 1, 1, 1, 1, 0, 1]
2023-04-07 20:33:32,245 - INFO - 输入预测标签为：[0, 0, 1, 1, 0, 1, 1, 1, 1, 1, 0, 1]
2023-04-07 20:33:32,246 - INFO - 输入实际标签为：[1, 0, 0, 1, 0, 0, 1, 1, 1, 1, 1, 0]
2023-04-07 20:33:32,429 - INFO - 输入预测标签为：[1, 0, 0, 1, 0, 0, 1, 1, 1, 1, 1, 0]
2023-04-07 20:33:32,431 - INFO - 输入实际标签为：[1, 0, 0, 1, 0, 0, 0, 1, 1, 0, 0, 1]
2023-04-07 20:33:32,615 - INFO - 输入预测标签为：[1, 0, 0, 1, 0, 0, 0, 1, 1, 0, 0, 1]
2023-04-07 20:33:32,616 - INFO - 输入实际标签为：[0, 1, 0, 0, 0, 1, 1, 0, 1, 0, 0, 0]
2023-04-07 20:33:32,797 - INFO - 输入预测标签为：[0, 1, 0, 0, 0, 1, 1, 0, 1, 0, 0, 1]
2023-04-07 20:33:32,798 - INFO - 输入实际标签为：[1, 1, 1, 1, 1, 1, 1, 1, 1, 1, 1, 0]
2023-04-07 20:33:32,981 - INFO - 输入预测标签为：[1, 1, 1, 1, 1, 1, 1, 1, 1, 1, 1, 0]
2023-04-07 20:33:32,982 - INFO - 输入实际标签为：[0, 1, 1, 1, 0, 1, 1, 0, 0, 0, 0, 0]
2023-04-07 20:33:33,166 - INFO - 输入预测标签为：[0, 1, 1, 1, 0, 1, 1, 0, 0, 0, 0, 0]
2023-04-07 20:33:33,167 - INFO - 输入实际标签为：[0, 1, 1, 0, 1, 1, 0, 1, 1, 1, 1, 1]
2023-04-07 20:33:33,349 - INFO - 输入预测标签为：[0, 1, 1, 0, 1, 1, 0, 1, 1, 1, 1, 1]
2023-04-07 20:33:33,350 - INFO - 输入实际标签为：[0, 1, 1, 1, 0, 0, 1, 0, 0, 0, 1, 1]
2023-04-07 20:33:33,533 - INFO - 输入预测标签为：[0, 1, 1, 1, 0, 0, 1, 0, 0, 0, 1, 1]
2023-04-07 20:33:33,534 - INFO - 输入实际标签为：[1, 0, 1, 1, 0, 1, 1, 0, 0, 1, 1, 0]
2023-04-07 20:33:33,716 - INFO - 输入预测标签为：[1, 0, 1, 1, 0, 1, 1, 0, 0, 1, 1, 0]
2023-04-07 20:33:33,717 - INFO - 输入实际标签为：[0, 0, 1, 0, 0, 1, 1, 0, 1, 0, 1, 1]
2023-04-07 20:33:33,901 - INFO - 输入预测标签为：[0, 0, 1, 0, 0, 1, 1, 0, 1, 0, 1, 1]
2023-04-07 20:33:33,902 - INFO - 输入实际标签为：[0, 1, 0, 1, 0, 1, 1, 0, 1, 0, 0, 1]
2023-04-07 20:33:34,084 - INFO - 输入预测标签为：[0, 1, 0, 1, 0, 1, 1, 0, 1, 0, 0, 1]
2023-04-07 20:33:34,085 - INFO - 输入实际标签为：[1, 1, 1, 1, 1, 1, 1, 0, 1, 1, 1, 1]
2023-04-07 20:33:34,268 - INFO - 输入预测标签为：[1, 1, 1, 1, 1, 1, 1, 0, 1, 1, 1, 1]
2023-04-07 20:33:34,270 - INFO - 输入实际标签为：[1, 0, 0, 0, 0, 1, 0, 1, 1, 1, 1, 1]
2023-04-07 20:33:34,453 - INFO - 输入预测标签为：[1, 0, 0, 0, 0, 1, 0, 1, 1, 1, 1, 1]
2023-04-07 20:33:34,455 - INFO - 输入实际标签为：[0, 1, 0, 0, 1, 1, 0, 1, 0, 1, 1, 0]
2023-04-07 20:33:34,637 - INFO - 输入预测标签为：[1, 1, 0, 0, 1, 1, 0, 1, 0, 1, 1, 0]
2023-04-07 20:33:34,638 - INFO - 输入实际标签为：[0, 1, 1, 1, 1, 0, 1, 1, 0, 0, 0, 1]
2023-04-07 20:33:34,821 - INFO - 输入预测标签为：[0, 1, 1, 1, 1, 0, 1, 1, 0, 0, 0, 1]
2023-04-07 20:33:34,822 - INFO - 输入实际标签为：[1, 0, 1, 1, 0, 0, 0, 0, 1, 1, 1, 0]
2023-04-07 20:33:35,004 - INFO - 输入预测标签为：[1, 0, 1, 1, 0, 0, 0, 0, 1, 1, 1, 0]
2023-04-07 20:33:35,005 - INFO - 输入实际标签为：[0, 0, 0, 1, 1, 1, 0, 0, 1, 1, 0, 0]
2023-04-07 20:33:35,188 - INFO - 输入预测标签为：[0, 0, 0, 1, 1, 1, 0, 0, 1, 1, 0, 0]
2023-04-07 20:33:35,189 - INFO - 输入实际标签为：[1, 0, 1, 1, 1, 1, 1, 0, 0, 0, 0, 1]
2023-04-07 20:33:35,372 - INFO - 输入预测标签为：[1, 0, 1, 1, 1, 1, 1, 0, 0, 0, 0, 1]
2023-04-07 20:33:35,373 - INFO - 输入实际标签为：[1, 0, 1, 1, 1, 0, 0, 1, 1, 0, 1, 1]
2023-04-07 20:33:35,557 - INFO - 输入预测标签为：[1, 0, 1, 1, 1, 0, 0, 1, 1, 0, 1, 1]
2023-04-07 20:33:35,558 - INFO - 输入实际标签为：[1, 1, 0, 0, 0, 1, 1, 0, 1, 1, 0, 1]
2023-04-07 20:33:35,742 - INFO - 输入预测标签为：[1, 1, 0, 0, 0, 1, 1, 0, 1, 1, 0, 1]
2023-04-07 20:33:35,743 - INFO - 输入实际标签为：[1, 0, 1, 0, 1, 0, 1, 1, 1, 0, 1, 1]
2023-04-07 20:33:35,926 - INFO - 输入预测标签为：[1, 0, 1, 0, 1, 0, 1, 1, 1, 0, 1, 1]
2023-04-07 20:33:35,927 - INFO - 输入实际标签为：[1, 1, 1, 1, 1, 0, 1, 0, 0, 0, 1, 0]
2023-04-07 20:33:36,109 - INFO - 输入预测标签为：[1, 1, 1, 1, 1, 0, 1, 0, 0, 0, 1, 0]
2023-04-07 20:33:36,110 - INFO - 输入实际标签为：[1, 0, 0, 1, 1, 0, 0, 1, 0, 0, 0, 1]
2023-04-07 20:33:36,293 - INFO - 输入预测标签为：[1, 0, 0, 1, 1, 0, 0, 1, 0, 0, 0, 1]
2023-04-07 20:33:36,294 - INFO - 输入实际标签为：[0, 0, 0, 0, 1, 0, 0, 1, 0, 0, 0, 1]
2023-04-07 20:33:36,478 - INFO - 输入预测标签为：[0, 0, 0, 0, 1, 0, 0, 1, 0, 0, 0, 1]
2023-04-07 20:33:36,479 - INFO - 输入实际标签为：[1, 1, 1, 1, 0, 0, 1, 0, 1, 1, 1, 0]
2023-04-07 20:33:36,660 - INFO - 输入预测标签为：[1, 1, 1, 1, 0, 0, 1, 0, 1, 1, 1, 0]
2023-04-07 20:33:36,662 - INFO - 输入实际标签为：[1, 0, 0, 1, 1, 1, 1, 1, 0, 1, 0, 0]
2023-04-07 20:33:36,845 - INFO - 输入预测标签为：[1, 0, 0, 1, 1, 1, 1, 1, 0, 1, 0, 0]
2023-04-07 20:33:36,846 - INFO - 输入实际标签为：[0, 1, 1, 0, 0, 1, 1, 1, 1, 1, 0, 1]
2023-04-07 20:33:37,028 - INFO - 输入预测标签为：[0, 1, 1, 0, 0, 1, 1, 1, 1, 1, 0, 1]
2023-04-07 20:33:37,029 - INFO - 输入实际标签为：[0, 1, 1, 0, 1, 1, 0, 1, 0, 0, 0, 1]
2023-04-07 20:33:37,213 - INFO - 输入预测标签为：[0, 1, 1, 0, 1, 1, 0, 1, 0, 0, 0, 1]
2023-04-07 20:33:37,214 - INFO - 输入实际标签为：[1, 0, 1, 0, 0, 0, 1, 0, 0, 0, 1, 0]
2023-04-07 20:33:37,397 - INFO - 输入预测标签为：[1, 0, 1, 0, 0, 0, 1, 0, 0, 0, 1, 0]
2023-04-07 20:33:37,398 - INFO - 输入实际标签为：[0, 1, 1, 1, 0, 0, 0, 1, 1, 0, 1, 1]
2023-04-07 20:33:37,581 - INFO - 输入预测标签为：[0, 1, 1, 1, 0, 0, 0, 1, 1, 0, 1, 1]
2023-04-07 20:33:37,582 - INFO - 输入实际标签为：[0, 1, 1, 0, 1, 0, 1, 0, 1, 0, 0, 1]
2023-04-07 20:33:37,766 - INFO - 输入预测标签为：[0, 1, 1, 0, 1, 0, 1, 0, 1, 0, 0, 1]
2023-04-07 20:33:37,767 - INFO - 输入实际标签为：[1, 1, 1, 1, 0, 0, 0, 0, 1, 1, 1, 0]
2023-04-07 20:33:37,949 - INFO - 输入预测标签为：[1, 1, 1, 1, 0, 0, 0, 0, 1, 1, 1, 0]
2023-04-07 20:33:37,950 - INFO - 输入实际标签为：[1, 0, 1, 0, 0, 1, 0, 1, 0, 1, 1, 1]
2023-04-07 20:33:38,133 - INFO - 输入预测标签为：[1, 0, 1, 0, 0, 1, 0, 1, 0, 1, 1, 1]
2023-04-07 20:33:38,134 - INFO - 输入实际标签为：[1, 1, 1, 0, 0, 1, 0, 0, 1, 0, 1, 1]
2023-04-07 20:33:38,316 - INFO - 输入预测标签为：[1, 1, 1, 0, 0, 1, 0, 0, 1, 0, 1, 1]
2023-04-07 20:33:38,317 - INFO - 输入实际标签为：[1, 1, 1, 1, 0, 0, 0, 1, 1, 0, 0, 1]
2023-04-07 20:33:38,499 - INFO - 输入预测标签为：[1, 1, 1, 1, 0, 0, 0, 1, 1, 0, 0, 1]
2023-04-07 20:33:38,501 - INFO - 输入实际标签为：[0, 0, 0, 0, 0, 0, 1, 1, 0, 0, 1, 1]
2023-04-07 20:33:38,683 - INFO - 输入预测标签为：[0, 0, 0, 0, 0, 0, 1, 1, 0, 0, 1, 1]
2023-04-07 20:33:38,684 - INFO - 输入实际标签为：[0, 0, 0, 1, 1, 0, 1, 1, 1, 0, 0, 1]
2023-04-07 20:33:38,867 - INFO - 输入预测标签为：[0, 0, 0, 1, 1, 0, 1, 1, 1, 0, 0, 1]
2023-04-07 20:33:38,868 - INFO - 输入实际标签为：[1, 1, 1, 1, 1, 1, 1, 0, 1, 0, 1, 1]
2023-04-07 20:33:39,051 - INFO - 输入预测标签为：[1, 1, 1, 1, 1, 1, 1, 0, 1, 0, 1, 1]
2023-04-07 20:33:39,052 - INFO - 输入实际标签为：[0, 1, 0, 1, 0, 0, 0, 1, 1, 0, 1, 0]
2023-04-07 20:33:39,235 - INFO - 输入预测标签为：[0, 1, 0, 1, 0, 0, 0, 1, 1, 0, 1, 0]
2023-04-07 20:33:39,236 - INFO - 输入实际标签为：[0, 1, 1, 0, 0, 1, 0, 0, 1, 1, 0, 1]
2023-04-07 20:33:39,419 - INFO - 输入预测标签为：[0, 1, 1, 0, 0, 1, 0, 0, 1, 1, 0, 1]
2023-04-07 20:33:39,420 - INFO - 输入实际标签为：[0, 1, 0, 1, 0, 1, 1, 0, 1, 0, 0, 0]
2023-04-07 20:33:39,602 - INFO - 输入预测标签为：[0, 1, 0, 1, 0, 1, 1, 0, 1, 0, 0, 0]
2023-04-07 20:33:39,603 - INFO - 输入实际标签为：[1, 0, 0, 1, 1, 1, 0, 0, 0, 0, 0, 0]
2023-04-07 20:33:39,786 - INFO - 输入预测标签为：[1, 0, 0, 1, 1, 1, 0, 0, 0, 0, 0, 0]
2023-04-07 20:33:39,787 - INFO - 输入实际标签为：[1, 1, 1, 0, 0, 1, 1, 1, 1, 1, 1, 0]
2023-04-07 20:33:39,970 - INFO - 输入预测标签为：[1, 1, 1, 0, 0, 1, 1, 1, 1, 1, 1, 0]
2023-04-07 20:33:39,971 - INFO - 输入实际标签为：[0, 1, 0, 1, 0, 0, 0, 0, 1, 0, 1, 0]
2023-04-07 20:33:40,154 - INFO - 输入预测标签为：[0, 1, 0, 1, 0, 0, 0, 0, 1, 0, 1, 0]
2023-04-07 20:33:40,155 - INFO - 输入实际标签为：[0, 0, 1, 1, 0, 0, 1, 1, 0, 0, 0, 0]
2023-04-07 20:33:40,338 - INFO - 输入预测标签为：[0, 0, 1, 1, 0, 0, 1, 1, 0, 0, 0, 0]
2023-04-07 20:33:40,339 - INFO - 输入实际标签为：[1, 0, 1, 1, 1, 0, 0, 1, 1, 0, 1, 0]
2023-04-07 20:33:40,522 - INFO - 输入预测标签为：[1, 0, 1, 1, 1, 0, 0, 1, 1, 0, 1, 0]
2023-04-07 20:33:40,523 - INFO - 输入实际标签为：[0, 1, 1, 1, 1, 0, 0, 0, 1, 0, 0, 0]
2023-04-07 20:33:40,706 - INFO - 输入预测标签为：[0, 1, 1, 1, 1, 0, 0, 0, 1, 0, 0, 0]
2023-04-07 20:33:40,707 - INFO - 输入实际标签为：[1, 1, 1, 0, 0, 0, 0, 1, 1, 1, 1, 0]
2023-04-07 20:33:40,890 - INFO - 输入预测标签为：[1, 1, 1, 0, 0, 0, 0, 1, 1, 1, 1, 0]
2023-04-07 20:33:40,891 - INFO - 输入实际标签为：[0, 1, 1, 0, 1, 0, 0, 1, 0, 1, 1, 0]
2023-04-07 20:33:41,073 - INFO - 输入预测标签为：[0, 1, 1, 0, 1, 0, 0, 1, 0, 1, 1, 0]
2023-04-07 20:33:41,074 - INFO - 输入实际标签为：[0, 1, 1, 0, 1, 1, 0, 1, 1, 1, 1, 0]
2023-04-07 20:33:41,258 - INFO - 输入预测标签为：[0, 1, 1, 0, 1, 1, 0, 1, 1, 1, 1, 0]
2023-04-07 20:33:41,259 - INFO - 输入实际标签为：[1, 0, 0, 1, 0, 1, 1, 0, 0, 1, 0, 1]
2023-04-07 20:33:41,441 - INFO - 输入预测标签为：[1, 0, 0, 1, 0, 1, 1, 0, 0, 1, 0, 1]
2023-04-07 20:33:41,442 - INFO - 输入实际标签为：[0, 0, 0, 0, 0, 1, 1, 1, 1, 1, 1, 1]
2023-04-07 20:33:41,626 - INFO - 输入预测标签为：[0, 0, 0, 0, 0, 1, 1, 1, 1, 1, 1, 1]
2023-04-07 20:33:41,627 - INFO - 输入实际标签为：[0, 1, 0, 1, 1, 1, 1, 1, 1, 0, 0, 1]
2023-04-07 20:33:41,811 - INFO - 输入预测标签为：[0, 1, 0, 1, 1, 1, 1, 1, 1, 0, 0, 1]
2023-04-07 20:33:41,812 - INFO - 输入实际标签为：[0, 0, 1, 1, 0, 0, 1, 1, 1, 0, 0, 0]
2023-04-07 20:33:41,994 - INFO - 输入预测标签为：[0, 0, 1, 1, 0, 0, 1, 1, 1, 0, 0, 0]
2023-04-07 20:33:41,995 - INFO - 输入实际标签为：[0, 1, 0, 0, 0, 0, 1, 1, 1, 1, 0, 0]
2023-04-07 20:33:42,179 - INFO - 输入预测标签为：[0, 1, 0, 0, 0, 0, 1, 1, 1, 1, 0, 0]
2023-04-07 20:33:42,180 - INFO - 输入实际标签为：[1, 0, 0, 1, 0, 0, 1, 1, 1, 1, 0, 0]
2023-04-07 20:33:42,363 - INFO - 输入预测标签为：[1, 0, 0, 1, 0, 0, 1, 1, 1, 1, 0, 0]
2023-04-07 20:33:42,364 - INFO - 输入实际标签为：[0, 0, 1, 0, 1, 1, 1, 0, 1, 0, 0, 0]
2023-04-07 20:33:42,549 - INFO - 输入预测标签为：[0, 0, 1, 0, 1, 1, 1, 0, 1, 0, 0, 0]
2023-04-07 20:33:42,550 - INFO - 输入实际标签为：[0, 1, 1, 1, 1, 1, 1, 0, 0, 0, 0, 0]
2023-04-07 20:33:42,731 - INFO - 输入预测标签为：[0, 1, 1, 1, 1, 1, 1, 0, 0, 0, 0, 0]
2023-04-07 20:33:42,732 - INFO - 输入实际标签为：[1, 1, 0, 1, 0, 0, 1, 1, 1, 1, 0, 0]
2023-04-07 20:33:42,915 - INFO - 输入预测标签为：[1, 1, 0, 1, 0, 0, 1, 1, 1, 1, 0, 0]
2023-04-07 20:33:42,916 - INFO - 输入实际标签为：[1, 0, 1, 0, 0, 1, 0, 1, 1, 1, 1, 1]
2023-04-07 20:33:43,099 - INFO - 输入预测标签为：[1, 0, 1, 0, 0, 1, 0, 1, 1, 1, 1, 1]
2023-04-07 20:33:43,100 - INFO - 输入实际标签为：[0, 1, 0, 1, 1, 0, 1, 1, 1, 0, 1, 1]
2023-04-07 20:33:43,282 - INFO - 输入预测标签为：[0, 1, 0, 1, 1, 0, 1, 1, 1, 0, 1, 1]
2023-04-07 20:33:43,284 - INFO - 输入实际标签为：[0, 1, 0, 1, 1, 1, 1, 0, 0, 1, 0, 0]
2023-04-07 20:33:43,466 - INFO - 输入预测标签为：[0, 1, 0, 1, 1, 1, 1, 0, 0, 1, 0, 0]
2023-04-07 20:33:43,468 - INFO - 输入实际标签为：[0, 0, 1, 1, 0, 1, 0, 0, 1, 1, 1, 0]
2023-04-07 20:33:43,650 - INFO - 输入预测标签为：[0, 0, 1, 1, 0, 1, 0, 0, 1, 1, 1, 0]
2023-04-07 20:33:43,651 - INFO - 输入实际标签为：[0, 1, 1, 1, 1, 0, 0, 0, 1, 0, 1, 1]
2023-04-07 20:33:43,834 - INFO - 输入预测标签为：[0, 1, 1, 1, 1, 0, 0, 0, 1, 0, 1, 1]
2023-04-07 20:33:43,835 - INFO - 输入实际标签为：[1, 1, 0, 1, 0, 1, 0, 1, 1, 1, 1, 1]
2023-04-07 20:33:44,017 - INFO - 输入预测标签为：[1, 1, 0, 1, 0, 1, 0, 1, 1, 1, 1, 1]
2023-04-07 20:33:44,018 - INFO - 输入实际标签为：[1, 0, 1, 1, 1, 1, 1, 1, 1, 0, 0, 0]
2023-04-07 20:33:44,201 - INFO - 输入预测标签为：[1, 0, 1, 1, 1, 1, 1, 1, 1, 0, 0, 0]
2023-04-07 20:33:44,202 - INFO - 输入实际标签为：[1, 1, 0, 0, 1, 0, 1, 0, 1, 0, 1, 0]
2023-04-07 20:33:44,386 - INFO - 输入预测标签为：[1, 1, 0, 0, 1, 0, 1, 0, 1, 0, 1, 0]
2023-04-07 20:33:44,387 - INFO - 输入实际标签为：[0, 0, 1, 0, 1, 0, 1, 0, 1, 0, 1, 0]
2023-04-07 20:33:44,570 - INFO - 输入预测标签为：[0, 0, 1, 0, 1, 0, 1, 0, 1, 0, 1, 0]
2023-04-07 20:33:44,571 - INFO - 输入实际标签为：[0, 1, 1, 0, 0, 1, 0, 1, 0, 1, 0, 1]
2023-04-07 20:33:44,754 - INFO - 输入预测标签为：[0, 1, 1, 0, 0, 1, 0, 1, 0, 1, 0, 1]
2023-04-07 20:33:44,755 - INFO - 输入实际标签为：[0, 1, 1, 0, 0, 1, 0, 1, 1, 0, 0, 1]
2023-04-07 20:33:44,938 - INFO - 输入预测标签为：[0, 1, 1, 0, 0, 1, 0, 1, 1, 0, 0, 1]
2023-04-07 20:33:44,939 - INFO - 输入实际标签为：[1, 1, 1, 1, 0, 0, 0, 0, 1, 0, 1, 1]
2023-04-07 20:33:45,122 - INFO - 输入预测标签为：[1, 1, 1, 1, 0, 0, 0, 0, 1, 0, 1, 1]
2023-04-07 20:33:45,123 - INFO - 输入实际标签为：[1, 0, 0, 1, 1, 0, 0, 0, 1, 1, 1, 0]
2023-04-07 20:33:45,305 - INFO - 输入预测标签为：[1, 0, 0, 1, 1, 0, 0, 0, 1, 1, 1, 0]
2023-04-07 20:33:45,306 - INFO - 输入实际标签为：[0, 1, 0, 0, 0, 1, 1, 0, 0, 1, 1, 0]
2023-04-07 20:33:45,489 - INFO - 输入预测标签为：[0, 1, 0, 0, 0, 1, 1, 0, 0, 1, 1, 0]
2023-04-07 20:33:45,490 - INFO - 输入实际标签为：[0, 0, 0, 1, 1, 1, 1, 1, 0, 0, 1, 0]
2023-04-07 20:33:45,673 - INFO - 输入预测标签为：[0, 0, 0, 1, 1, 1, 1, 1, 0, 0, 1, 0]
2023-04-07 20:33:45,674 - INFO - 输入实际标签为：[0, 0, 0, 0, 1, 1, 0, 0, 1, 1, 1, 0]
2023-04-07 20:33:45,857 - INFO - 输入预测标签为：[0, 0, 0, 0, 1, 1, 0, 0, 1, 1, 1, 0]
2023-04-07 20:33:45,858 - INFO - 输入实际标签为：[0, 1, 1, 0, 1, 1, 1, 0, 0, 1, 1, 1]
2023-04-07 20:33:46,042 - INFO - 输入预测标签为：[0, 1, 1, 0, 1, 1, 1, 0, 0, 1, 1, 1]
2023-04-07 20:33:46,043 - INFO - 输入实际标签为：[1, 0, 1, 1, 0, 0, 0, 0, 0, 1, 0, 1]
2023-04-07 20:33:46,227 - INFO - 输入预测标签为：[1, 0, 1, 1, 0, 0, 0, 0, 0, 1, 0, 1]
2023-04-07 20:33:46,229 - INFO - 输入实际标签为：[0, 0, 1, 1, 1, 0, 1, 0, 1, 0, 0, 1]
2023-04-07 20:33:46,411 - INFO - 输入预测标签为：[0, 0, 1, 1, 1, 0, 1, 0, 1, 0, 0, 1]
2023-04-07 20:33:46,413 - INFO - 输入实际标签为：[1, 1, 0, 0, 1, 0, 1, 1, 1, 0, 1, 1]
2023-04-07 20:33:46,595 - INFO - 输入预测标签为：[1, 1, 0, 0, 1, 0, 1, 1, 1, 0, 1, 1]
2023-04-07 20:33:46,597 - INFO - 输入实际标签为：[1, 1, 1, 1, 1, 0, 1, 1, 1, 1, 0, 0]
2023-04-07 20:33:46,781 - INFO - 输入预测标签为：[1, 1, 1, 1, 1, 0, 1, 1, 1, 1, 0, 0]
2023-04-07 20:33:46,782 - INFO - 输入实际标签为：[1, 1, 0, 0, 1, 1, 0, 1, 1, 0, 1, 0]
2023-04-07 20:33:46,967 - INFO - 输入预测标签为：[1, 1, 0, 0, 1, 1, 0, 1, 1, 0, 1, 0]
2023-04-07 20:33:46,968 - INFO - 输入实际标签为：[1, 0, 1, 1, 1, 1, 1, 1, 0, 1, 1, 0]
2023-04-07 20:33:47,152 - INFO - 输入预测标签为：[1, 0, 1, 1, 1, 1, 1, 1, 0, 1, 1, 0]
2023-04-07 20:33:47,153 - INFO - 输入实际标签为：[1, 0, 0, 1, 1, 0, 0, 0, 0, 1, 1, 0]
2023-04-07 20:33:47,336 - INFO - 输入预测标签为：[1, 0, 0, 1, 1, 0, 0, 0, 0, 1, 1, 0]
2023-04-07 20:33:47,337 - INFO - 输入实际标签为：[0, 1, 0, 1, 1, 1, 0, 0, 0, 0, 0, 0]
2023-04-07 20:33:47,521 - INFO - 输入预测标签为：[0, 1, 0, 1, 1, 1, 0, 0, 0, 0, 0, 0]
2023-04-07 20:33:47,523 - INFO - 输入实际标签为：[0, 1, 1, 1, 1, 0, 0, 1, 1, 1, 0, 0]
2023-04-07 20:33:47,706 - INFO - 输入预测标签为：[0, 1, 1, 1, 1, 0, 0, 1, 1, 1, 0, 0]
2023-04-07 20:33:47,707 - INFO - 输入实际标签为：[1, 1, 1, 1, 0, 0, 0, 1, 0, 0, 0, 1]
2023-04-07 20:33:47,891 - INFO - 输入预测标签为：[1, 1, 1, 1, 0, 0, 0, 1, 0, 0, 0, 1]
2023-04-07 20:33:47,892 - INFO - 输入实际标签为：[0, 0, 1, 1, 0, 0, 1, 0, 0, 1, 1, 0]
2023-04-07 20:33:48,076 - INFO - 输入预测标签为：[0, 0, 1, 1, 0, 0, 1, 0, 0, 1, 1, 0]
2023-04-07 20:33:48,077 - INFO - 输入实际标签为：[1, 1, 1, 0, 1, 1, 1, 0, 1, 0, 1, 0]
2023-04-07 20:33:48,261 - INFO - 输入预测标签为：[1, 1, 1, 0, 1, 1, 1, 0, 1, 0, 1, 0]
2023-04-07 20:33:48,262 - INFO - 输入实际标签为：[0, 1, 1, 1, 1, 0, 1, 0, 0, 0, 0, 0]
2023-04-07 20:33:48,445 - INFO - 输入预测标签为：[0, 1, 1, 1, 1, 0, 1, 0, 0, 0, 0, 0]
2023-04-07 20:33:48,446 - INFO - 输入实际标签为：[0, 1, 0, 0, 0, 0, 0, 1, 1, 1, 0, 1]
2023-04-07 20:33:48,630 - INFO - 输入预测标签为：[0, 1, 0, 0, 0, 0, 0, 1, 1, 1, 0, 1]
2023-04-07 20:33:48,631 - INFO - 输入实际标签为：[0, 1, 0, 1, 1, 0, 0, 1, 1, 1, 0, 1]
2023-04-07 20:33:48,814 - INFO - 输入预测标签为：[0, 1, 0, 1, 1, 0, 0, 1, 1, 1, 0, 1]
2023-04-07 20:33:48,815 - INFO - 输入实际标签为：[0, 1, 1, 0, 0, 0, 0, 1, 0, 1, 0, 1]
2023-04-07 20:33:48,999 - INFO - 输入预测标签为：[0, 1, 1, 0, 0, 0, 0, 1, 0, 1, 0, 1]
2023-04-07 20:33:49,000 - INFO - 输入实际标签为：[1, 0, 0, 0, 1, 1, 0, 0, 1, 1, 0, 0]
2023-04-07 20:33:49,183 - INFO - 输入预测标签为：[1, 0, 0, 0, 1, 1, 0, 0, 1, 1, 0, 0]
2023-04-07 20:33:49,185 - INFO - 输入实际标签为：[1, 0, 1, 1, 0, 0, 1, 0, 1, 1, 0, 1]
2023-04-07 20:33:49,368 - INFO - 输入预测标签为：[1, 0, 1, 1, 0, 0, 1, 0, 1, 1, 0, 1]
2023-04-07 20:33:49,369 - INFO - 输入实际标签为：[1, 0, 0, 0, 0, 0, 0, 1, 0, 1, 1, 0]
2023-04-07 20:33:49,552 - INFO - 输入预测标签为：[1, 0, 0, 0, 0, 0, 0, 1, 0, 1, 1, 0]
2023-04-07 20:33:49,553 - INFO - 输入实际标签为：[0, 1, 1, 1, 1, 0, 1, 0, 0, 1, 0, 0]
2023-04-07 20:33:49,737 - INFO - 输入预测标签为：[0, 1, 1, 1, 1, 0, 1, 0, 0, 1, 0, 0]
2023-04-07 20:33:49,738 - INFO - 输入实际标签为：[1, 1, 0, 1, 0, 1, 1, 1, 0, 0, 1, 1]
2023-04-07 20:33:49,922 - INFO - 输入预测标签为：[1, 1, 0, 1, 0, 1, 1, 1, 0, 0, 1, 1]
2023-04-07 20:33:49,923 - INFO - 输入实际标签为：[1, 1, 1, 0, 0, 0, 1, 0, 0, 1, 0, 1]
2023-04-07 20:33:50,106 - INFO - 输入预测标签为：[1, 1, 1, 0, 0, 0, 1, 0, 0, 1, 0, 1]
2023-04-07 20:33:50,107 - INFO - 输入实际标签为：[0, 0, 0, 0, 1, 1, 0, 1, 1, 1, 1, 0]
2023-04-07 20:33:50,289 - INFO - 输入预测标签为：[0, 0, 0, 0, 1, 1, 0, 1, 1, 1, 1, 0]
2023-04-07 20:33:50,291 - INFO - 输入实际标签为：[0, 1, 0, 1, 1, 0, 0, 0, 1, 0, 1, 1]
2023-04-07 20:33:50,474 - INFO - 输入预测标签为：[0, 1, 0, 1, 1, 0, 0, 0, 1, 0, 1, 1]
2023-04-07 20:33:50,475 - INFO - 输入实际标签为：[0, 1, 1, 1, 0, 1, 0, 1, 1, 1, 1, 0]
2023-04-07 20:33:50,659 - INFO - 输入预测标签为：[0, 1, 1, 1, 0, 1, 0, 1, 1, 1, 1, 0]
2023-04-07 20:33:50,660 - INFO - 输入实际标签为：[1, 1, 1, 1, 0, 1, 0, 0, 0, 0, 1, 0]
2023-04-07 20:33:50,843 - INFO - 输入预测标签为：[1, 1, 1, 1, 0, 1, 0, 0, 0, 0, 1, 0]
2023-04-07 20:33:50,844 - INFO - 输入实际标签为：[1, 1, 0, 1, 0, 1, 1, 0, 1, 1, 0, 0]
2023-04-07 20:33:51,027 - INFO - 输入预测标签为：[1, 1, 0, 1, 0, 1, 1, 0, 1, 1, 0, 0]
2023-04-07 20:33:51,028 - INFO - 输入实际标签为：[1, 0, 0, 1, 1, 1, 0, 0, 0, 1, 0, 1]
2023-04-07 20:33:51,212 - INFO - 输入预测标签为：[1, 0, 0, 1, 1, 1, 0, 0, 0, 1, 0, 1]
2023-04-07 20:33:51,213 - INFO - 输入实际标签为：[1, 1, 0, 0, 1, 1, 1, 0, 1, 1, 1, 1]
2023-04-07 20:33:51,397 - INFO - 输入预测标签为：[1, 1, 0, 0, 1, 1, 1, 0, 1, 1, 1, 1]
2023-04-07 20:33:51,398 - INFO - 输入实际标签为：[1, 0, 1, 0, 0, 0, 0, 1, 0, 1, 1, 0]
2023-04-07 20:33:51,580 - INFO - 输入预测标签为：[1, 0, 1, 0, 0, 0, 0, 1, 0, 1, 1, 0]
2023-04-07 20:33:51,581 - INFO - 输入实际标签为：[0, 1, 1, 1, 0, 0, 1, 1, 1, 0, 0, 0]
2023-04-07 20:33:51,764 - INFO - 输入预测标签为：[0, 1, 1, 1, 0, 0, 1, 1, 1, 0, 0, 0]
2023-04-07 20:33:51,765 - INFO - 输入实际标签为：[1, 0, 0, 1, 1, 0, 1, 1, 1, 1, 0, 1]
2023-04-07 20:33:51,948 - INFO - 输入预测标签为：[1, 0, 0, 1, 1, 0, 1, 1, 1, 1, 0, 1]
2023-04-07 20:33:51,949 - INFO - 输入实际标签为：[1, 1, 0, 0, 1, 1, 1, 0, 0, 0, 1, 0]
2023-04-07 20:33:52,134 - INFO - 输入预测标签为：[1, 1, 0, 0, 1, 1, 1, 0, 0, 0, 1, 0]
2023-04-07 20:33:52,135 - INFO - 输入实际标签为：[1, 1, 0, 1, 0, 1, 1, 1, 1, 0, 0, 0]
2023-04-07 20:33:52,318 - INFO - 输入预测标签为：[1, 1, 0, 1, 0, 1, 1, 1, 1, 0, 0, 0]
2023-04-07 20:33:52,319 - INFO - 输入实际标签为：[0, 0, 1, 1, 1, 1, 1, 0, 1, 0, 0, 1]
2023-04-07 20:33:52,502 - INFO - 输入预测标签为：[0, 0, 1, 1, 1, 1, 1, 0, 1, 0, 0, 1]
2023-04-07 20:33:52,503 - INFO - 输入实际标签为：[0, 0, 1, 1, 0, 0, 0, 0, 1, 0, 0, 1]
2023-04-07 20:33:52,686 - INFO - 输入预测标签为：[0, 0, 1, 1, 0, 0, 0, 0, 1, 0, 0, 1]
2023-04-07 20:33:52,687 - INFO - 输入实际标签为：[0, 1, 1, 0, 1, 1, 1, 0, 1, 0, 0, 0]
2023-04-07 20:33:52,870 - INFO - 输入预测标签为：[0, 1, 1, 0, 1, 1, 1, 0, 1, 0, 0, 0]
2023-04-07 20:33:52,871 - INFO - 输入实际标签为：[1, 0, 0, 0, 1, 1, 0, 1, 1, 1, 0, 0]
2023-04-07 20:33:53,054 - INFO - 输入预测标签为：[1, 0, 0, 0, 1, 1, 0, 1, 1, 1, 0, 0]
2023-04-07 20:33:53,055 - INFO - 输入实际标签为：[0, 1, 1, 0, 1, 0, 0, 1, 1, 1, 0, 0]
2023-04-07 20:33:53,241 - INFO - 输入预测标签为：[0, 1, 1, 0, 1, 0, 0, 1, 1, 1, 0, 0]
2023-04-07 20:33:53,243 - INFO - 输入实际标签为：[0, 0, 1, 0, 1, 0, 1, 0, 0, 0, 0, 0]
2023-04-07 20:33:53,426 - INFO - 输入预测标签为：[0, 0, 1, 0, 1, 0, 1, 0, 0, 0, 0, 0]
2023-04-07 20:33:53,427 - INFO - 输入实际标签为：[1, 1, 0, 1, 1, 0, 1, 0, 1, 0, 1, 0]
2023-04-07 20:33:53,610 - INFO - 输入预测标签为：[1, 1, 0, 1, 1, 0, 1, 0, 1, 0, 1, 0]
2023-04-07 20:33:53,611 - INFO - 输入实际标签为：[0, 1, 0, 1, 1, 1, 0, 0, 0, 0, 1, 1]
2023-04-07 20:33:53,794 - INFO - 输入预测标签为：[0, 1, 0, 1, 1, 1, 0, 0, 0, 0, 1, 1]
2023-04-07 20:33:53,795 - INFO - 输入实际标签为：[1, 1, 0, 1, 0, 0, 0, 1, 1, 1, 0, 1]
2023-04-07 20:33:53,979 - INFO - 输入预测标签为：[1, 1, 0, 1, 0, 0, 0, 1, 1, 1, 0, 1]
2023-04-07 20:33:53,980 - INFO - 输入实际标签为：[0, 1, 0, 0, 1, 1, 1, 1, 1, 1, 0, 0]
2023-04-07 20:33:54,163 - INFO - 输入预测标签为：[0, 1, 0, 0, 1, 1, 1, 1, 1, 1, 0, 0]
2023-04-07 20:33:54,165 - INFO - 输入实际标签为：[0, 1, 1, 1, 0, 1, 0, 1, 0, 1, 1, 1]
2023-04-07 20:33:54,347 - INFO - 输入预测标签为：[0, 1, 1, 1, 0, 1, 0, 1, 0, 1, 1, 1]
2023-04-07 20:33:54,348 - INFO - 输入实际标签为：[1, 1, 0, 1, 1, 1, 0, 1, 0, 1, 1, 1]
2023-04-07 20:33:54,533 - INFO - 输入预测标签为：[1, 1, 0, 1, 1, 1, 0, 1, 0, 1, 1, 1]
2023-04-07 20:33:54,534 - INFO - 输入实际标签为：[0, 1, 1, 0, 1, 1, 1, 0, 0, 1, 0, 1]
2023-04-07 20:33:54,716 - INFO - 输入预测标签为：[0, 1, 1, 0, 1, 1, 1, 0, 0, 1, 0, 1]
2023-04-07 20:33:54,717 - INFO - 输入实际标签为：[1, 0, 0, 1, 0, 0, 0, 0, 1, 1, 0, 1]
2023-04-07 20:33:54,900 - INFO - 输入预测标签为：[1, 0, 0, 1, 0, 0, 0, 0, 1, 1, 0, 1]
2023-04-07 20:33:54,901 - INFO - 输入实际标签为：[1, 1, 0, 1, 0, 1, 1, 1, 1, 1, 0, 1]
2023-04-07 20:33:55,083 - INFO - 输入预测标签为：[1, 1, 0, 1, 0, 1, 1, 1, 1, 1, 0, 1]
2023-04-07 20:33:55,084 - INFO - 输入实际标签为：[0, 1, 1, 1, 0, 1, 0, 0, 0, 1, 1, 1]
2023-04-07 20:33:55,268 - INFO - 输入预测标签为：[0, 1, 1, 1, 0, 1, 0, 0, 0, 1, 1, 1]
2023-04-07 20:33:55,269 - INFO - 输入实际标签为：[1, 1, 0, 1, 1, 1, 1, 0, 1, 1, 1, 1]
2023-04-07 20:33:55,453 - INFO - 输入预测标签为：[1, 1, 0, 1, 1, 1, 1, 0, 1, 1, 1, 1]
2023-04-07 20:33:55,454 - INFO - 输入实际标签为：[1, 1, 0, 0, 1, 0, 0, 0, 1, 1, 0, 0]
2023-04-07 20:33:55,637 - INFO - 输入预测标签为：[1, 1, 0, 0, 1, 0, 0, 0, 1, 1, 0, 0]
2023-04-07 20:33:55,639 - INFO - 输入实际标签为：[1, 1, 0, 1, 0, 0, 1, 1, 1, 0, 0, 1]
2023-04-07 20:33:55,823 - INFO - 输入预测标签为：[1, 1, 0, 1, 0, 0, 1, 1, 1, 0, 0, 1]
2023-04-07 20:33:55,824 - INFO - 输入实际标签为：[1, 0, 0, 0, 0, 1, 1, 1, 1, 1, 1, 0]
2023-04-07 20:33:56,008 - INFO - 输入预测标签为：[1, 0, 0, 0, 0, 1, 1, 1, 1, 1, 1, 0]
2023-04-07 20:33:56,009 - INFO - 输入实际标签为：[1, 1, 0, 1, 0, 0, 1, 0, 0, 1, 0, 1]
2023-04-07 20:33:56,192 - INFO - 输入预测标签为：[1, 1, 0, 1, 0, 0, 1, 0, 0, 1, 0, 1]
2023-04-07 20:33:56,193 - INFO - 输入实际标签为：[1, 1, 0, 0, 1, 1, 1, 1, 0, 1, 0, 0]
2023-04-07 20:33:56,376 - INFO - 输入预测标签为：[1, 1, 0, 0, 1, 1, 1, 1, 0, 1, 0, 0]
2023-04-07 20:33:56,377 - INFO - 输入实际标签为：[1, 1, 1, 1, 0, 1, 0, 1, 0, 0, 0, 1]
2023-04-07 20:33:56,561 - INFO - 输入预测标签为：[1, 1, 1, 1, 0, 1, 0, 1, 0, 0, 0, 1]
2023-04-07 20:33:56,562 - INFO - 输入实际标签为：[0, 1, 1, 1, 0, 0, 1, 1, 0, 1, 1, 1]
2023-04-07 20:33:56,746 - INFO - 输入预测标签为：[0, 1, 1, 1, 0, 0, 1, 1, 0, 1, 1, 1]
2023-04-07 20:33:56,747 - INFO - 输入实际标签为：[1, 0, 1, 0, 1, 0, 1, 0, 0, 0, 0, 0]
2023-04-07 20:33:56,931 - INFO - 输入预测标签为：[1, 0, 1, 0, 1, 0, 1, 0, 0, 0, 0, 0]
2023-04-07 20:33:56,932 - INFO - 输入实际标签为：[1, 0, 1, 1, 0, 1, 1, 0, 1, 1, 0, 1]
2023-04-07 20:33:57,115 - INFO - 输入预测标签为：[1, 0, 1, 1, 0, 1, 1, 0, 1, 1, 0, 1]
2023-04-07 20:33:57,116 - INFO - 输入实际标签为：[1, 0, 1, 1, 0, 0, 0, 1, 0, 1, 0, 0]
2023-04-07 20:33:57,300 - INFO - 输入预测标签为：[1, 0, 1, 1, 0, 0, 0, 1, 0, 1, 0, 0]
2023-04-07 20:33:57,301 - INFO - 输入实际标签为：[0, 1, 1, 0, 1, 1, 1, 1, 1, 1, 1, 0]
2023-04-07 20:33:57,485 - INFO - 输入预测标签为：[0, 1, 1, 0, 1, 1, 1, 1, 1, 1, 1, 0]
2023-04-07 20:33:57,486 - INFO - 输入实际标签为：[1, 1, 0, 1, 0, 1, 1, 1, 1, 0, 0, 0]
2023-04-07 20:33:57,670 - INFO - 输入预测标签为：[1, 1, 0, 1, 0, 1, 1, 1, 1, 0, 0, 0]
2023-04-07 20:33:57,671 - INFO - 输入实际标签为：[0, 0, 0, 0, 1, 0, 0, 0, 1, 0, 1, 0]
2023-04-07 20:33:57,855 - INFO - 输入预测标签为：[0, 0, 0, 0, 1, 0, 0, 0, 1, 0, 1, 0]
2023-04-07 20:33:57,856 - INFO - 输入实际标签为：[1, 0, 1, 1, 1, 1, 0, 1, 1, 0, 0, 0]
2023-04-07 20:33:58,039 - INFO - 输入预测标签为：[1, 0, 1, 1, 1, 1, 0, 1, 1, 0, 0, 0]
2023-04-07 20:33:58,041 - INFO - 输入实际标签为：[1, 0, 0, 1, 0, 0, 1, 1, 1, 1, 0, 0]
2023-04-07 20:33:58,223 - INFO - 输入预测标签为：[1, 0, 0, 1, 0, 0, 1, 1, 1, 1, 0, 0]
2023-04-07 20:33:58,225 - INFO - 输入实际标签为：[0, 0, 0, 0, 0, 0, 1, 0, 1, 0, 0, 1]
2023-04-07 20:33:58,407 - INFO - 输入预测标签为：[0, 0, 0, 0, 0, 0, 1, 0, 1, 0, 0, 1]
2023-04-07 20:33:58,408 - INFO - 输入实际标签为：[0, 1, 1, 0, 1, 1, 0, 1, 1, 0, 0, 1]
2023-04-07 20:33:58,592 - INFO - 输入预测标签为：[0, 1, 1, 0, 1, 1, 0, 1, 1, 0, 0, 1]
2023-04-07 20:33:58,593 - INFO - 输入实际标签为：[0, 1, 0, 0, 1, 1, 0, 1, 1, 0, 0, 1]
2023-04-07 20:33:58,777 - INFO - 输入预测标签为：[0, 1, 0, 0, 1, 1, 0, 1, 1, 0, 0, 1]
2023-04-07 20:33:58,778 - INFO - 输入实际标签为：[0, 1, 1, 0, 1, 1, 1, 0, 0, 1, 1, 1]
2023-04-07 20:33:58,962 - INFO - 输入预测标签为：[0, 1, 1, 0, 1, 1, 1, 0, 0, 1, 1, 1]
2023-04-07 20:33:58,964 - INFO - 输入实际标签为：[1, 1, 1, 0, 1, 1, 1, 1, 0, 0, 1, 1]
2023-04-07 20:33:59,148 - INFO - 输入预测标签为：[1, 1, 1, 0, 1, 1, 1, 1, 0, 0, 1, 1]
2023-04-07 20:33:59,150 - INFO - 输入实际标签为：[1, 0, 1, 0, 1, 0, 1, 1, 1, 0, 1, 1]
2023-04-07 20:33:59,333 - INFO - 输入预测标签为：[1, 0, 1, 0, 1, 0, 1, 1, 1, 0, 1, 1]
2023-04-07 20:33:59,334 - INFO - 输入实际标签为：[0, 0, 1, 0, 0, 0, 0, 1, 1, 1, 1, 1]
2023-04-07 20:33:59,517 - INFO - 输入预测标签为：[0, 0, 1, 0, 0, 0, 0, 1, 1, 1, 1, 1]
2023-04-07 20:33:59,518 - INFO - 输入实际标签为：[0, 0, 1, 1, 0, 0, 1, 0, 0, 1, 0, 0]
2023-04-07 20:33:59,701 - INFO - 输入预测标签为：[0, 0, 1, 1, 0, 0, 1, 0, 0, 1, 0, 0]
2023-04-07 20:33:59,702 - INFO - 输入实际标签为：[1, 1, 1, 0, 1, 1, 1, 0, 0, 0, 0, 0]
2023-04-07 20:33:59,885 - INFO - 输入预测标签为：[1, 1, 1, 0, 1, 1, 1, 0, 0, 0, 0, 0]
2023-04-07 20:33:59,886 - INFO - 输入实际标签为：[0, 1, 1, 0, 1, 1, 0, 1, 0, 0, 1, 0]
2023-04-07 20:34:00,069 - INFO - 输入预测标签为：[0, 1, 1, 0, 1, 1, 0, 1, 0, 0, 1, 0]
2023-04-07 20:34:00,070 - INFO - 输入实际标签为：[1, 1, 0, 1, 0, 0, 0, 0, 1, 0, 0, 0]
2023-04-07 20:34:00,253 - INFO - 输入预测标签为：[1, 1, 0, 1, 0, 0, 0, 0, 1, 0, 0, 0]
2023-04-07 20:34:00,254 - INFO - 输入实际标签为：[1, 1, 1, 0, 1, 1, 1, 1, 1, 0, 0, 1]
2023-04-07 20:34:00,437 - INFO - 输入预测标签为：[1, 1, 1, 0, 1, 1, 1, 1, 1, 0, 0, 1]
2023-04-07 20:34:00,438 - INFO - 输入实际标签为：[1, 0, 0, 0, 0, 0, 0, 0, 0, 0, 0, 1]
2023-04-07 20:34:00,621 - INFO - 输入预测标签为：[1, 0, 0, 0, 0, 0, 0, 0, 0, 0, 0, 1]
2023-04-07 20:34:00,623 - INFO - 输入实际标签为：[0, 1, 1, 1, 0, 0, 0, 0, 1, 1, 0, 1]
2023-04-07 20:34:00,807 - INFO - 输入预测标签为：[0, 1, 1, 1, 0, 0, 0, 0, 1, 1, 0, 1]
2023-04-07 20:34:00,809 - INFO - 输入实际标签为：[0, 0, 1, 0, 0, 0, 1, 0, 0, 0, 0, 1]
2023-04-07 20:34:00,992 - INFO - 输入预测标签为：[0, 0, 1, 0, 0, 0, 1, 0, 0, 0, 0, 1]
2023-04-07 20:34:00,993 - INFO - 输入实际标签为：[0, 0, 0, 0, 0, 1, 0, 0, 1, 0, 0, 1]
2023-04-07 20:34:01,177 - INFO - 输入预测标签为：[0, 0, 0, 0, 0, 1, 0, 0, 1, 0, 0, 1]
2023-04-07 20:34:01,179 - INFO - 输入实际标签为：[0, 0, 1, 0, 0, 0, 0, 1, 0, 0, 0, 1]
2023-04-07 20:34:01,362 - INFO - 输入预测标签为：[0, 0, 1, 0, 0, 0, 0, 1, 0, 0, 0, 1]
2023-04-07 20:34:01,363 - INFO - 输入实际标签为：[0, 1, 0, 1, 0, 1, 1, 0, 0, 1, 1, 0]
2023-04-07 20:34:01,546 - INFO - 输入预测标签为：[0, 1, 0, 1, 0, 1, 1, 0, 0, 1, 1, 0]
2023-04-07 20:34:01,547 - INFO - 输入实际标签为：[1, 0, 1, 1, 1, 0, 0, 1, 0, 1, 1, 1]
2023-04-07 20:34:01,732 - INFO - 输入预测标签为：[1, 0, 1, 1, 1, 0, 0, 1, 0, 1, 1, 1]
2023-04-07 20:34:01,733 - INFO - 输入实际标签为：[1, 0, 1, 1, 0, 0, 0, 0, 1, 0, 0, 0]
2023-04-07 20:34:01,916 - INFO - 输入预测标签为：[1, 0, 1, 1, 0, 0, 0, 0, 1, 0, 0, 0]
2023-04-07 20:34:01,917 - INFO - 输入实际标签为：[0, 0, 0, 0, 0, 0, 0, 0, 1, 1, 1, 0]
2023-04-07 20:34:02,101 - INFO - 输入预测标签为：[0, 0, 0, 0, 0, 0, 0, 0, 1, 1, 1, 0]
2023-04-07 20:34:02,102 - INFO - 输入实际标签为：[0, 1, 1, 0, 1, 1, 1, 1, 1, 1, 1, 1]
2023-04-07 20:34:02,285 - INFO - 输入预测标签为：[0, 1, 1, 0, 1, 1, 1, 1, 1, 1, 1, 1]
2023-04-07 20:34:02,286 - INFO - 输入实际标签为：[1, 0, 0, 0, 1, 1, 0, 0, 0, 0, 0, 1]
2023-04-07 20:34:02,470 - INFO - 输入预测标签为：[1, 0, 0, 0, 1, 1, 0, 0, 0, 0, 0, 1]
2023-04-07 20:34:02,471 - INFO - 输入实际标签为：[1, 1, 1, 1, 1, 1, 1, 0, 0, 0, 1, 0]
2023-04-07 20:34:02,655 - INFO - 输入预测标签为：[1, 1, 1, 1, 1, 1, 1, 0, 0, 0, 1, 0]
2023-04-07 20:34:02,656 - INFO - 输入实际标签为：[0, 0, 1, 1, 0, 1, 0, 1, 0, 0, 1, 1]
2023-04-07 20:34:02,838 - INFO - 输入预测标签为：[0, 0, 1, 1, 0, 1, 0, 1, 0, 0, 1, 1]
2023-04-07 20:34:02,840 - INFO - 输入实际标签为：[1, 0, 1, 1, 1, 0, 0, 0, 0, 1, 1, 1]
2023-04-07 20:34:03,024 - INFO - 输入预测标签为：[1, 0, 1, 1, 1, 0, 0, 0, 0, 1, 1, 1]
2023-04-07 20:34:03,025 - INFO - 输入实际标签为：[1, 0, 1, 0, 1, 0, 1, 1, 1, 0, 0, 0]
2023-04-07 20:34:03,208 - INFO - 输入预测标签为：[1, 0, 1, 0, 1, 0, 1, 1, 1, 0, 0, 0]
2023-04-07 20:34:03,209 - INFO - 输入实际标签为：[0, 0, 1, 1, 1, 0, 0, 1, 1, 1, 1, 0]
2023-04-07 20:34:03,393 - INFO - 输入预测标签为：[0, 0, 1, 1, 1, 0, 0, 1, 1, 1, 1, 0]
2023-04-07 20:34:03,394 - INFO - 输入实际标签为：[1, 1, 0, 0, 1, 1, 1, 1, 0, 1, 1, 1]
2023-04-07 20:34:03,579 - INFO - 输入预测标签为：[1, 1, 0, 0, 1, 1, 1, 1, 0, 1, 1, 1]
2023-04-07 20:34:03,580 - INFO - 输入实际标签为：[0, 0, 1, 1, 0, 1, 0, 0, 1, 1, 0, 0]
2023-04-07 20:34:03,763 - INFO - 输入预测标签为：[0, 0, 1, 1, 0, 1, 0, 0, 1, 1, 0, 0]
2023-04-07 20:34:03,764 - INFO - 输入实际标签为：[1, 0, 1, 0, 0, 0, 0, 1, 1, 1, 0, 0]
2023-04-07 20:34:03,946 - INFO - 输入预测标签为：[1, 0, 1, 0, 0, 0, 0, 1, 1, 1, 0, 0]
2023-04-07 20:34:03,947 - INFO - 输入实际标签为：[1, 1, 0, 1, 1, 1, 1, 1, 1, 0, 0, 1]
2023-04-07 20:34:04,131 - INFO - 输入预测标签为：[1, 1, 0, 1, 1, 1, 1, 1, 1, 0, 0, 1]
2023-04-07 20:34:04,133 - INFO - 输入实际标签为：[0, 1, 1, 0, 0, 1, 0, 0, 1, 0, 0, 0]
2023-04-07 20:34:04,316 - INFO - 输入预测标签为：[0, 1, 1, 0, 0, 1, 0, 0, 1, 0, 0, 0]
2023-04-07 20:34:04,317 - INFO - 输入实际标签为：[1, 1, 1, 1, 0, 1, 0, 0, 1, 0, 1, 1]
2023-04-07 20:34:04,502 - INFO - 输入预测标签为：[1, 1, 1, 1, 0, 1, 0, 0, 1, 0, 1, 1]
2023-04-07 20:34:04,503 - INFO - 输入实际标签为：[0, 0, 1, 0, 1, 0, 0, 1, 1, 0, 1, 0]
2023-04-07 20:34:04,687 - INFO - 输入预测标签为：[0, 0, 1, 0, 1, 0, 0, 1, 1, 0, 1, 0]
2023-04-07 20:34:04,688 - INFO - 输入实际标签为：[0, 1, 0, 1, 1, 0, 0, 1, 1, 0, 0, 0]
2023-04-07 20:34:04,872 - INFO - 输入预测标签为：[0, 1, 0, 1, 1, 0, 0, 1, 1, 0, 0, 0]
2023-04-07 20:34:04,873 - INFO - 输入实际标签为：[0, 1, 1, 1, 1, 1, 1, 0, 1, 1, 1, 1]
2023-04-07 20:34:05,056 - INFO - 输入预测标签为：[0, 1, 1, 1, 1, 1, 1, 0, 1, 1, 1, 1]
2023-04-07 20:34:05,057 - INFO - 输入实际标签为：[1, 1, 0, 0, 0, 0, 1, 0, 1, 0, 1, 0]
2023-04-07 20:34:05,242 - INFO - 输入预测标签为：[1, 1, 0, 0, 0, 0, 1, 0, 1, 0, 1, 0]
2023-04-07 20:34:05,243 - INFO - 输入实际标签为：[1, 1, 1, 1, 0, 1, 1, 0, 0, 1, 0, 0]
2023-04-07 20:34:05,428 - INFO - 输入预测标签为：[1, 1, 1, 1, 0, 1, 1, 0, 0, 1, 0, 0]
2023-04-07 20:34:05,429 - INFO - 输入实际标签为：[1, 1, 0, 1, 0, 0, 1, 1, 1, 0, 0, 1]
2023-04-07 20:34:05,612 - INFO - 输入预测标签为：[1, 1, 0, 1, 0, 0, 1, 1, 1, 0, 0, 1]
2023-04-07 20:34:05,613 - INFO - 输入实际标签为：[0, 0, 1, 0, 0, 0, 0, 1, 0, 1, 1, 1]
2023-04-07 20:34:05,796 - INFO - 输入预测标签为：[0, 0, 1, 0, 0, 0, 0, 1, 0, 1, 1, 1]
2023-04-07 20:34:05,797 - INFO - 输入实际标签为：[1, 0, 1, 0, 0, 1, 1, 1, 0, 0, 1, 0]
2023-04-07 20:34:05,980 - INFO - 输入预测标签为：[1, 0, 1, 0, 0, 1, 1, 1, 0, 0, 1, 0]
2023-04-07 20:34:05,981 - INFO - 输入实际标签为：[0, 1, 1, 1, 1, 0, 1, 1, 1, 0, 1, 1]
2023-04-07 20:34:06,166 - INFO - 输入预测标签为：[0, 1, 1, 1, 1, 0, 1, 1, 1, 0, 1, 1]
2023-04-07 20:34:06,167 - INFO - 输入实际标签为：[0, 0, 1, 1, 1, 1, 1, 1, 1, 0, 0, 1]
2023-04-07 20:34:06,352 - INFO - 输入预测标签为：[0, 0, 1, 1, 1, 1, 1, 1, 1, 0, 0, 1]
2023-04-07 20:34:06,353 - INFO - 输入实际标签为：[1, 0, 1, 0, 1, 1, 1, 1, 1, 1, 0, 1]
2023-04-07 20:34:06,537 - INFO - 输入预测标签为：[1, 0, 1, 0, 1, 1, 1, 1, 1, 1, 0, 1]
2023-04-07 20:34:06,538 - INFO - 输入实际标签为：[0, 0, 1, 1, 0, 0, 0, 1, 0, 0, 1, 0]
2023-04-07 20:34:06,721 - INFO - 输入预测标签为：[0, 0, 1, 1, 0, 0, 0, 1, 0, 0, 1, 0]
2023-04-07 20:34:06,722 - INFO - 输入实际标签为：[0, 0, 1, 0, 0, 1, 1, 1, 1, 1, 0, 1]
2023-04-07 20:34:06,906 - INFO - 输入预测标签为：[0, 0, 1, 0, 0, 1, 1, 1, 1, 1, 0, 1]
2023-04-07 20:34:06,907 - INFO - 输入实际标签为：[1, 1, 1, 0, 0, 0, 0, 0, 0, 0, 1, 1]
2023-04-07 20:34:07,091 - INFO - 输入预测标签为：[1, 1, 1, 0, 0, 0, 0, 0, 0, 0, 1, 1]
2023-04-07 20:34:07,092 - INFO - 输入实际标签为：[1, 1, 1, 1, 0, 1, 0, 0, 1, 1, 1, 0]
2023-04-07 20:34:07,276 - INFO - 输入预测标签为：[1, 1, 1, 1, 0, 1, 0, 0, 1, 1, 1, 0]
2023-04-07 20:34:07,277 - INFO - 输入实际标签为：[1, 1, 0, 0, 0, 0, 0, 1, 0, 1, 1, 1]
2023-04-07 20:34:07,461 - INFO - 输入预测标签为：[1, 1, 0, 0, 0, 0, 0, 1, 0, 1, 1, 1]
2023-04-07 20:34:07,462 - INFO - 输入实际标签为：[0, 1, 1, 0, 1, 0, 0, 1, 1, 0, 0, 1]
2023-04-07 20:34:07,646 - INFO - 输入预测标签为：[0, 1, 1, 0, 1, 0, 0, 1, 1, 0, 0, 1]
2023-04-07 20:34:07,648 - INFO - 输入实际标签为：[0, 1, 1, 1, 1, 1, 1, 1, 0, 0, 0, 0]
2023-04-07 20:34:07,833 - INFO - 输入预测标签为：[0, 1, 1, 1, 1, 1, 1, 1, 0, 0, 0, 0]
2023-04-07 20:34:07,834 - INFO - 输入实际标签为：[0, 0, 1, 1, 0, 1, 0, 0, 0, 1, 0, 1]
2023-04-07 20:34:08,018 - INFO - 输入预测标签为：[0, 0, 1, 1, 0, 1, 0, 0, 0, 1, 0, 1]
2023-04-07 20:34:08,019 - INFO - 输入实际标签为：[0, 1, 0, 0, 1, 0, 1, 0, 1, 0, 1, 0]
2023-04-07 20:34:08,203 - INFO - 输入预测标签为：[0, 1, 0, 0, 1, 0, 1, 0, 1, 0, 1, 0]
2023-04-07 20:34:08,205 - INFO - 输入实际标签为：[1, 0, 1, 0, 0, 0, 0, 0, 1, 0, 0, 1]
2023-04-07 20:34:08,390 - INFO - 输入预测标签为：[1, 0, 1, 0, 0, 0, 0, 0, 1, 0, 0, 1]
2023-04-07 20:34:08,391 - INFO - 输入实际标签为：[1, 1, 0, 1, 0, 1, 0, 1, 0, 1, 1, 1]
2023-04-07 20:34:08,575 - INFO - 输入预测标签为：[1, 1, 0, 1, 0, 1, 0, 1, 0, 1, 1, 1]
2023-04-07 20:34:08,576 - INFO - 输入实际标签为：[0, 0, 1, 0, 1, 0, 1, 1, 1, 1, 1, 0]
2023-04-07 20:34:08,759 - INFO - 输入预测标签为：[0, 0, 1, 0, 1, 0, 1, 1, 1, 1, 1, 0]
2023-04-07 20:34:08,760 - INFO - 输入实际标签为：[1, 0, 0, 0, 1, 1, 1, 1, 1, 0, 0, 1]
2023-04-07 20:34:08,944 - INFO - 输入预测标签为：[1, 0, 0, 0, 1, 1, 1, 1, 1, 0, 0, 1]
2023-04-07 20:34:08,945 - INFO - 输入实际标签为：[0, 1, 0, 0, 1, 0, 0, 0, 0, 1, 0, 1]
2023-04-07 20:34:09,128 - INFO - 输入预测标签为：[0, 1, 0, 0, 1, 0, 0, 0, 0, 1, 0, 1]
2023-04-07 20:34:09,129 - INFO - 输入实际标签为：[1, 0, 1, 1, 1, 1, 0, 1, 1, 1, 1, 1]
2023-04-07 20:34:09,313 - INFO - 输入预测标签为：[1, 0, 1, 1, 1, 1, 0, 1, 1, 1, 1, 1]
2023-04-07 20:34:09,314 - INFO - 输入实际标签为：[0, 0, 0, 1, 1, 0, 0, 0, 0, 0, 1, 0]
2023-04-07 20:34:09,499 - INFO - 输入预测标签为：[0, 0, 0, 1, 1, 0, 0, 0, 0, 0, 1, 0]
2023-04-07 20:34:09,500 - INFO - 输入实际标签为：[0, 1, 1, 1, 1, 0, 1, 1, 1, 1, 0, 1]
2023-04-07 20:34:09,686 - INFO - 输入预测标签为：[0, 1, 1, 1, 1, 0, 1, 1, 1, 1, 0, 1]
2023-04-07 20:34:09,687 - INFO - 输入实际标签为：[1, 0, 0, 0, 0, 1, 1, 1, 1, 1, 1, 1]
2023-04-07 20:34:09,870 - INFO - 输入预测标签为：[1, 0, 0, 0, 0, 1, 1, 1, 1, 1, 1, 1]
2023-04-07 20:34:09,872 - INFO - 输入实际标签为：[0, 1, 0, 1, 1, 0, 1, 0, 1, 0, 0, 0]
2023-04-07 20:34:10,055 - INFO - 输入预测标签为：[0, 1, 0, 1, 1, 0, 1, 0, 1, 0, 0, 0]
2023-04-07 20:34:10,056 - INFO - 输入实际标签为：[1, 0, 0, 0, 1, 1, 1, 1, 1, 0, 0, 1]
2023-04-07 20:34:10,241 - INFO - 输入预测标签为：[1, 0, 0, 0, 1, 1, 1, 1, 1, 0, 0, 1]
2023-04-07 20:34:10,243 - INFO - 输入实际标签为：[0, 0, 0, 0, 0, 1, 0, 1, 0, 0, 0, 1]
2023-04-07 20:34:10,427 - INFO - 输入预测标签为：[0, 0, 0, 0, 0, 1, 0, 1, 0, 0, 0, 1]
2023-04-07 20:34:10,428 - INFO - 输入实际标签为：[1, 1, 0, 1, 1, 0, 1, 0, 0, 1, 0, 0]
2023-04-07 20:34:10,611 - INFO - 输入预测标签为：[1, 1, 0, 1, 1, 0, 1, 0, 0, 1, 0, 0]
2023-04-07 20:34:10,612 - INFO - 输入实际标签为：[1, 1, 0, 1, 1, 1, 0, 1, 1, 1, 1, 0]
2023-04-07 20:34:10,796 - INFO - 输入预测标签为：[1, 1, 0, 1, 1, 0, 0, 1, 1, 1, 1, 0]
2023-04-07 20:34:10,798 - INFO - 输入实际标签为：[0, 0, 1, 1, 1, 0, 1, 1, 1, 1, 0, 0]
2023-04-07 20:34:10,980 - INFO - 输入预测标签为：[0, 0, 1, 1, 1, 0, 1, 1, 1, 1, 0, 0]
2023-04-07 20:34:10,982 - INFO - 输入实际标签为：[1, 1, 0, 1, 0, 1, 1, 1, 0, 0, 0, 0]
2023-04-07 20:34:11,165 - INFO - 输入预测标签为：[1, 1, 0, 1, 0, 1, 1, 1, 0, 0, 0, 0]
2023-04-07 20:34:11,167 - INFO - 输入实际标签为：[1, 1, 1, 1, 1, 0, 1, 1, 1, 0, 0, 0]
2023-04-07 20:34:11,350 - INFO - 输入预测标签为：[1, 1, 1, 1, 1, 0, 1, 1, 1, 0, 0, 0]
2023-04-07 20:34:11,352 - INFO - 输入实际标签为：[1, 0, 0, 1, 0, 1, 0, 0, 1, 1, 1, 0]
2023-04-07 20:34:11,535 - INFO - 输入预测标签为：[1, 0, 0, 1, 0, 1, 0, 0, 1, 1, 1, 0]
2023-04-07 20:34:11,536 - INFO - 输入实际标签为：[0, 0, 1, 1, 0, 1, 0, 1, 0, 0, 0, 1]
2023-04-07 20:34:11,720 - INFO - 输入预测标签为：[0, 0, 1, 1, 0, 1, 0, 1, 0, 0, 0, 1]
2023-04-07 20:34:11,721 - INFO - 输入实际标签为：[1, 0, 1, 0, 1, 0, 0, 0, 1, 1, 1, 0]
2023-04-07 20:34:11,905 - INFO - 输入预测标签为：[1, 0, 1, 0, 1, 0, 0, 0, 1, 1, 1, 0]
2023-04-07 20:34:11,906 - INFO - 输入实际标签为：[1, 0, 0, 0, 0, 0, 1, 0, 1, 0, 0, 1]
2023-04-07 20:34:12,089 - INFO - 输入预测标签为：[1, 0, 0, 0, 0, 0, 1, 0, 1, 0, 0, 1]
2023-04-07 20:34:12,091 - INFO - 输入实际标签为：[1, 1, 0, 0, 1, 1, 1, 0, 1, 1, 1, 0]
2023-04-07 20:34:12,275 - INFO - 输入预测标签为：[1, 1, 0, 0, 1, 1, 1, 0, 1, 1, 1, 0]
2023-04-07 20:34:12,277 - INFO - 输入实际标签为：[1, 0, 1, 1, 1, 1, 1, 1, 0, 0, 0, 1]
2023-04-07 20:34:12,462 - INFO - 输入预测标签为：[1, 0, 1, 1, 1, 1, 1, 1, 0, 0, 0, 1]
2023-04-07 20:34:12,464 - INFO - 输入实际标签为：[1, 1, 1, 0, 1, 0, 0, 0, 1, 1, 0, 0]
2023-04-07 20:34:12,647 - INFO - 输入预测标签为：[1, 1, 1, 0, 1, 0, 0, 0, 1, 1, 0, 0]
2023-04-07 20:34:12,649 - INFO - 输入实际标签为：[0, 1, 1, 1, 0, 1, 1, 0, 0, 0, 1, 1]
2023-04-07 20:34:12,833 - INFO - 输入预测标签为：[0, 1, 1, 1, 0, 1, 1, 0, 0, 0, 1, 1]
2023-04-07 20:34:12,834 - INFO - 输入实际标签为：[1, 1, 1, 0, 1, 1, 1, 0, 1, 0, 0, 1]
2023-04-07 20:34:13,018 - INFO - 输入预测标签为：[1, 1, 1, 0, 1, 1, 1, 0, 1, 0, 0, 1]
2023-04-07 20:34:13,019 - INFO - 输入实际标签为：[1, 1, 1, 0, 1, 0, 0, 0, 0, 0, 0, 1]
2023-04-07 20:34:13,203 - INFO - 输入预测标签为：[1, 1, 1, 0, 1, 0, 0, 0, 0, 0, 0, 1]
2023-04-07 20:34:13,205 - INFO - 输入实际标签为：[1, 1, 1, 1, 1, 1, 1, 1, 0, 1, 1, 0]
2023-04-07 20:34:13,389 - INFO - 输入预测标签为：[1, 1, 1, 1, 1, 1, 1, 1, 0, 1, 1, 0]
2023-04-07 20:34:13,390 - INFO - 输入实际标签为：[1, 1, 1, 0, 0, 0, 1, 1, 1, 1, 1, 1]
2023-04-07 20:34:13,573 - INFO - 输入预测标签为：[1, 1, 1, 0, 0, 0, 1, 1, 1, 1, 1, 1]
2023-04-07 20:34:13,574 - INFO - 输入实际标签为：[0, 1, 1, 0, 1, 0, 1, 1, 1, 0, 1, 1]
2023-04-07 20:34:13,759 - INFO - 输入预测标签为：[0, 1, 1, 0, 1, 0, 1, 1, 1, 0, 1, 1]
2023-04-07 20:34:13,762 - INFO - 输入实际标签为：[0, 0, 0, 1, 0, 0, 0, 1, 0, 0, 0, 0]
2023-04-07 20:34:13,946 - INFO - 输入预测标签为：[0, 0, 0, 1, 0, 0, 0, 1, 0, 0, 0, 0]
2023-04-07 20:34:13,947 - INFO - 输入实际标签为：[1, 1, 1, 0, 1, 0, 1, 0, 0, 0, 1, 0]
2023-04-07 20:34:14,132 - INFO - 输入预测标签为：[1, 1, 1, 0, 1, 0, 1, 0, 0, 0, 1, 0]
2023-04-07 20:34:14,133 - INFO - 输入实际标签为：[0, 1, 0, 0, 1, 0, 0, 0, 1, 0, 1, 1]
2023-04-07 20:34:14,319 - INFO - 输入预测标签为：[0, 1, 0, 0, 1, 0, 0, 0, 1, 0, 1, 1]
2023-04-07 20:34:14,321 - INFO - 输入实际标签为：[0, 1, 0, 1, 1, 0, 0, 1, 1, 1, 1, 0]
2023-04-07 20:34:14,506 - INFO - 输入预测标签为：[0, 1, 0, 1, 1, 0, 0, 1, 1, 1, 1, 0]
2023-04-07 20:34:14,507 - INFO - 输入实际标签为：[1, 1, 0, 0, 1, 1, 0, 1, 1, 0, 0, 0]
2023-04-07 20:34:14,691 - INFO - 输入预测标签为：[1, 1, 0, 0, 1, 1, 0, 1, 1, 0, 0, 0]
2023-04-07 20:34:14,692 - INFO - 输入实际标签为：[1, 0, 0, 1, 1, 0, 1, 0, 1, 1, 1, 1]
2023-04-07 20:34:14,876 - INFO - 输入预测标签为：[1, 0, 0, 1, 1, 0, 1, 0, 1, 1, 1, 1]
2023-04-07 20:34:14,878 - INFO - 输入实际标签为：[0, 0, 1, 0, 0, 1, 1, 0, 0, 1, 1, 1]
2023-04-07 20:34:15,061 - INFO - 输入预测标签为：[0, 0, 1, 0, 0, 1, 1, 0, 0, 1, 1, 1]
2023-04-07 20:34:15,062 - INFO - 输入实际标签为：[0, 0, 1, 0, 0, 1, 0, 1, 0, 1, 0, 1]
2023-04-07 20:34:15,247 - INFO - 输入预测标签为：[0, 0, 1, 0, 0, 1, 0, 1, 0, 1, 0, 1]
2023-04-07 20:34:15,248 - INFO - 输入实际标签为：[0, 0, 1, 0, 1, 1, 0, 1, 0, 0, 1, 0]
2023-04-07 20:34:15,433 - INFO - 输入预测标签为：[0, 0, 1, 0, 1, 1, 0, 1, 0, 0, 1, 0]
2023-04-07 20:34:15,434 - INFO - 输入实际标签为：[0, 1, 1, 0, 1, 0, 0, 0, 0, 1, 1, 1]
2023-04-07 20:34:15,619 - INFO - 输入预测标签为：[0, 1, 1, 0, 1, 0, 0, 0, 0, 1, 1, 1]
2023-04-07 20:34:15,620 - INFO - 输入实际标签为：[0, 0, 0, 1, 0, 1, 0, 1, 0, 0, 1, 0]
2023-04-07 20:34:15,906 - INFO - 输入预测标签为：[0, 0, 0, 1, 0, 1, 0, 1, 0, 0, 1, 0]
2023-04-07 20:34:15,908 - INFO - 输入实际标签为：[1, 0, 1, 0, 0, 1, 1, 0, 1, 1, 0, 1]
2023-04-07 20:34:16,090 - INFO - 输入预测标签为：[1, 0, 1, 0, 0, 1, 1, 0, 1, 1, 0, 1]
2023-04-07 20:34:16,091 - INFO - 输入实际标签为：[0, 1, 0, 0, 1, 0, 1, 1, 1, 1, 0, 0]
2023-04-07 20:34:16,274 - INFO - 输入预测标签为：[0, 1, 0, 0, 1, 0, 1, 1, 1, 1, 0, 0]
2023-04-07 20:34:16,277 - INFO - 输入实际标签为：[0, 1, 1, 1, 1, 0, 0, 0, 0, 0, 0, 0]
2023-04-07 20:34:16,459 - INFO - 输入预测标签为：[0, 1, 1, 1, 1, 0, 0, 0, 0, 0, 0, 0]
2023-04-07 20:34:16,460 - INFO - 输入实际标签为：[0, 1, 0, 1, 1, 1, 1, 1, 0, 1, 0, 1]
2023-04-07 20:34:16,644 - INFO - 输入预测标签为：[0, 1, 0, 1, 1, 1, 1, 1, 0, 1, 0, 1]
2023-04-07 20:34:16,645 - INFO - 输入实际标签为：[0, 1, 0, 0, 0, 0, 0, 1, 1, 0, 1, 0]
2023-04-07 20:34:16,837 - INFO - 输入预测标签为：[0, 1, 0, 0, 0, 0, 0, 1, 1, 0, 1, 0]
2023-04-07 20:34:16,838 - INFO - 输入实际标签为：[0, 1, 1, 1, 1, 1, 1, 1, 0, 0, 1, 0]
2023-04-07 20:34:17,023 - INFO - 输入预测标签为：[0, 1, 1, 1, 1, 1, 1, 1, 0, 0, 1, 0]
2023-04-07 20:34:17,024 - INFO - 输入实际标签为：[1, 0, 1, 1, 0, 1, 0, 1, 0, 0, 1, 1]
2023-04-07 20:34:17,208 - INFO - 输入预测标签为：[1, 0, 1, 1, 0, 1, 0, 1, 0, 0, 1, 1]
2023-04-07 20:34:17,209 - INFO - 输入实际标签为：[1, 1, 1, 0, 1, 0, 1, 0, 1, 1, 1, 0]
2023-04-07 20:34:17,392 - INFO - 输入预测标签为：[1, 1, 1, 0, 1, 0, 1, 0, 1, 1, 1, 0]
2023-04-07 20:34:17,393 - INFO - 输入实际标签为：[1, 1, 0, 0, 1, 0, 1, 1, 1, 0, 1, 1]
2023-04-07 20:34:17,575 - INFO - 输入预测标签为：[1, 1, 0, 0, 1, 0, 1, 1, 1, 0, 1, 1]
2023-04-07 20:34:17,576 - INFO - 输入实际标签为：[0, 1, 1, 1, 1, 1, 1, 1, 1, 0, 1, 0]
2023-04-07 20:34:17,762 - INFO - 输入预测标签为：[0, 1, 1, 1, 1, 1, 1, 1, 1, 0, 1, 0]
2023-04-07 20:34:17,763 - INFO - 输入实际标签为：[0, 0, 0, 0, 0, 0, 1, 1, 1, 1, 0, 0]
2023-04-07 20:34:17,949 - INFO - 输入预测标签为：[0, 0, 0, 0, 0, 0, 1, 1, 1, 1, 0, 0]
2023-04-07 20:34:17,950 - INFO - 输入实际标签为：[1, 0, 0, 0, 1, 0, 1, 0, 0, 1, 0, 0]
2023-04-07 20:34:18,132 - INFO - 输入预测标签为：[1, 0, 0, 0, 1, 0, 1, 0, 0, 1, 0, 0]
2023-04-07 20:34:18,134 - INFO - 输入实际标签为：[1, 1, 1, 0, 0, 1, 0, 1, 1, 0, 0, 0]
2023-04-07 20:34:18,317 - INFO - 输入预测标签为：[1, 1, 1, 0, 0, 1, 0, 1, 1, 0, 0, 0]
2023-04-07 20:34:18,319 - INFO - 输入实际标签为：[0, 0, 1, 1, 1, 1, 0, 1, 1, 0, 1, 0]
2023-04-07 20:34:18,502 - INFO - 输入预测标签为：[0, 0, 1, 1, 1, 1, 0, 1, 1, 0, 1, 0]
2023-04-07 20:34:18,503 - INFO - 输入实际标签为：[1, 1, 0, 1, 1, 0, 1, 1, 1, 0, 0, 0]
2023-04-07 20:34:18,688 - INFO - 输入预测标签为：[1, 1, 0, 1, 1, 0, 1, 1, 1, 0, 0, 0]
2023-04-07 20:34:18,689 - INFO - 输入实际标签为：[0, 0, 0, 1, 0, 1, 0, 1, 1, 1, 1, 0]
2023-04-07 20:34:18,875 - INFO - 输入预测标签为：[0, 0, 0, 1, 0, 1, 0, 1, 1, 1, 1, 0]
2023-04-07 20:34:18,877 - INFO - 输入实际标签为：[1, 0, 1, 1, 0, 1, 1, 1, 0, 0, 0, 1]
2023-04-07 20:34:19,061 - INFO - 输入预测标签为：[1, 0, 1, 1, 0, 1, 1, 1, 0, 0, 0, 1]
2023-04-07 20:34:19,062 - INFO - 输入实际标签为：[0, 1, 1, 0, 1, 1, 0, 1, 1, 1, 0, 0]
2023-04-07 20:34:19,246 - INFO - 输入预测标签为：[0, 1, 1, 0, 1, 1, 0, 1, 1, 1, 0, 0]
2023-04-07 20:34:19,247 - INFO - 输入实际标签为：[1, 1, 1, 0, 0, 1, 0, 1, 0, 1, 0, 0]
2023-04-07 20:34:19,430 - INFO - 输入预测标签为：[1, 1, 1, 0, 0, 1, 0, 1, 0, 1, 0, 0]
2023-04-07 20:34:19,431 - INFO - 输入实际标签为：[1, 0, 1, 0, 1, 0, 1, 1, 1, 0, 1, 1]
2023-04-07 20:34:19,615 - INFO - 输入预测标签为：[1, 0, 1, 0, 1, 0, 1, 1, 1, 0, 1, 1]
2023-04-07 20:34:19,616 - INFO - 输入实际标签为：[0, 0, 1, 1, 1, 1, 0, 0, 0, 0, 0, 1]
2023-04-07 20:34:19,802 - INFO - 输入预测标签为：[0, 0, 1, 1, 1, 1, 0, 0, 0, 0, 0, 1]
2023-04-07 20:34:19,804 - INFO - 输入实际标签为：[1, 0, 1, 0, 1, 0, 1, 1, 1, 0, 1, 0]
2023-04-07 20:34:19,988 - INFO - 输入预测标签为：[1, 0, 1, 0, 1, 0, 1, 1, 1, 0, 1, 0]
2023-04-07 20:34:19,989 - INFO - 输入实际标签为：[1, 1, 1, 0, 1, 0, 1, 0, 1, 1, 0, 1]
2023-04-07 20:34:20,172 - INFO - 输入预测标签为：[1, 1, 1, 0, 1, 0, 1, 0, 1, 1, 0, 1]
2023-04-07 20:34:20,173 - INFO - 输入实际标签为：[1, 0, 1, 1, 0, 0, 1, 1, 0, 1, 0, 0]
2023-04-07 20:34:20,355 - INFO - 输入预测标签为：[1, 0, 1, 1, 0, 0, 1, 1, 0, 1, 0, 0]
2023-04-07 20:34:20,356 - INFO - 输入实际标签为：[1, 0, 1, 1, 1, 1, 0, 0, 0, 1, 0, 1]
2023-04-07 20:34:20,540 - INFO - 输入预测标签为：[1, 0, 1, 1, 1, 1, 0, 0, 0, 1, 0, 1]
2023-04-07 20:34:20,541 - INFO - 输入实际标签为：[1, 0, 1, 0, 1, 1, 0, 0, 0, 1, 0, 1]
2023-04-07 20:34:20,727 - INFO - 输入预测标签为：[1, 0, 1, 0, 1, 1, 0, 0, 0, 1, 0, 1]
2023-04-07 20:34:20,728 - INFO - 输入实际标签为：[1, 1, 0, 0, 1, 0, 1, 1, 1, 0, 1, 1]
2023-04-07 20:34:20,912 - INFO - 输入预测标签为：[1, 1, 0, 0, 1, 0, 1, 1, 1, 0, 1, 1]
2023-04-07 20:34:20,913 - INFO - 输入实际标签为：[1, 1, 1, 1, 1, 0, 0, 0, 0, 0, 1, 1]
2023-04-07 20:34:21,097 - INFO - 输入预测标签为：[1, 1, 1, 1, 1, 0, 0, 0, 0, 0, 1, 1]
2023-04-07 20:34:21,098 - INFO - 输入实际标签为：[1, 1, 1, 1, 1, 1, 1, 1, 0, 0, 1, 1]
2023-04-07 20:34:21,282 - INFO - 输入预测标签为：[1, 1, 1, 1, 1, 1, 1, 1, 0, 0, 1, 1]
2023-04-07 20:34:21,283 - INFO - 输入实际标签为：[1, 1, 0, 0, 1, 0, 1, 1, 1, 1, 0, 0]
2023-04-07 20:34:21,467 - INFO - 输入预测标签为：[1, 1, 0, 0, 1, 0, 1, 1, 1, 1, 0, 0]
2023-04-07 20:34:21,468 - INFO - 输入实际标签为：[0, 1, 1, 0, 0, 0, 1, 1, 1, 0, 0, 1]
2023-04-07 20:34:21,653 - INFO - 输入预测标签为：[0, 1, 1, 0, 0, 0, 1, 1, 1, 0, 0, 1]
2023-04-07 20:34:21,654 - INFO - 输入实际标签为：[0, 1, 0, 0, 0, 1, 1, 1, 1, 1, 0, 0]
2023-04-07 20:34:21,838 - INFO - 输入预测标签为：[0, 1, 0, 0, 0, 1, 1, 1, 1, 1, 0, 0]
2023-04-07 20:34:21,839 - INFO - 输入实际标签为：[1, 0, 1, 1, 1, 1, 1, 0, 1, 0, 1, 0]
2023-04-07 20:34:22,024 - INFO - 输入预测标签为：[1, 0, 1, 1, 1, 1, 1, 0, 1, 0, 1, 0]
2023-04-07 20:34:22,024 - INFO - 输入实际标签为：[0, 1, 0, 1, 1, 1, 1, 0, 1, 0, 0, 0]
2023-04-07 20:34:22,208 - INFO - 输入预测标签为：[0, 1, 0, 1, 1, 1, 1, 0, 1, 0, 0, 0]
2023-04-07 20:34:22,209 - INFO - 输入实际标签为：[0, 1, 1, 1, 0, 1, 0, 1, 0, 1, 1, 0]
2023-04-07 20:34:22,392 - INFO - 输入预测标签为：[0, 1, 1, 1, 0, 1, 0, 1, 0, 1, 1, 0]
2023-04-07 20:34:22,394 - INFO - 输入实际标签为：[0, 1, 0, 0, 1, 0, 0, 1, 0, 1, 1, 0]
2023-04-07 20:34:22,578 - INFO - 输入预测标签为：[0, 1, 0, 0, 1, 0, 0, 1, 0, 1, 1, 0]
2023-04-07 20:34:22,579 - INFO - 输入实际标签为：[1, 1, 1, 1, 1, 1, 1, 1, 1, 1, 0, 1]
2023-04-07 20:34:22,765 - INFO - 输入预测标签为：[1, 1, 1, 1, 1, 1, 1, 1, 1, 1, 0, 1]
2023-04-07 20:34:22,767 - INFO - 输入实际标签为：[0, 1, 0, 0, 0, 0, 0, 0, 1, 1, 0, 0]
2023-04-07 20:34:22,951 - INFO - 输入预测标签为：[0, 1, 0, 0, 0, 0, 0, 0, 1, 1, 0, 0]
2023-04-07 20:34:22,953 - INFO - 输入实际标签为：[0, 1, 0, 1, 0, 1, 0, 0, 1, 1, 1, 1]
2023-04-07 20:34:23,137 - INFO - 输入预测标签为：[0, 1, 0, 1, 0, 1, 0, 0, 1, 1, 1, 1]
2023-04-07 20:34:23,138 - INFO - 输入实际标签为：[1, 1, 1, 0, 1, 0, 1, 0, 1, 0, 0, 1]
2023-04-07 20:34:23,321 - INFO - 输入预测标签为：[1, 1, 1, 0, 1, 0, 1, 0, 1, 0, 0, 1]
2023-04-07 20:34:23,323 - INFO - 输入实际标签为：[1, 1, 1, 0, 0, 1, 1, 0, 1, 1, 0, 0]
2023-04-07 20:34:23,507 - INFO - 输入预测标签为：[1, 1, 1, 0, 0, 1, 1, 0, 1, 1, 0, 0]
2023-04-07 20:34:23,509 - INFO - 输入实际标签为：[1, 1, 1, 1, 0, 0, 1, 1, 0, 0, 0, 1]
2023-04-07 20:34:23,694 - INFO - 输入预测标签为：[1, 1, 1, 1, 0, 0, 1, 1, 0, 0, 0, 1]
2023-04-07 20:34:23,695 - INFO - 输入实际标签为：[1, 0, 1, 0, 1, 1, 0, 0, 0, 0, 1, 0]
2023-04-07 20:34:23,880 - INFO - 输入预测标签为：[1, 0, 1, 0, 1, 1, 0, 0, 0, 0, 1, 0]
2023-04-07 20:34:23,881 - INFO - 输入实际标签为：[0, 0, 1, 0, 0, 1, 1, 0, 1, 0, 0, 1]
2023-04-07 20:34:24,066 - INFO - 输入预测标签为：[0, 0, 1, 0, 0, 1, 1, 0, 1, 0, 0, 1]
2023-04-07 20:34:24,067 - INFO - 输入实际标签为：[1, 0, 0, 0, 0, 0, 1, 0, 0, 1, 1, 1]
2023-04-07 20:34:24,250 - INFO - 输入预测标签为：[1, 0, 0, 0, 0, 0, 1, 0, 0, 1, 1, 1]
2023-04-07 20:34:24,252 - INFO - 输入实际标签为：[1, 1, 0, 0, 0, 1, 1, 1, 1, 1, 1, 1]
2023-04-07 20:34:24,436 - INFO - 输入预测标签为：[1, 1, 0, 0, 0, 1, 1, 1, 1, 1, 1, 1]
2023-04-07 20:34:24,438 - INFO - 输入实际标签为：[0, 1, 1, 0, 1, 1, 0, 1, 1, 1, 1, 0]
2023-04-07 20:34:24,623 - INFO - 输入预测标签为：[0, 1, 1, 0, 1, 1, 0, 1, 1, 1, 1, 0]
2023-04-07 20:34:24,624 - INFO - 输入实际标签为：[1, 1, 1, 1, 0, 1, 0, 0, 1, 0, 1, 0]
2023-04-07 20:34:24,808 - INFO - 输入预测标签为：[1, 1, 1, 1, 0, 1, 0, 0, 1, 0, 1, 0]
2023-04-07 20:34:24,809 - INFO - 输入实际标签为：[1, 0, 1, 0, 0, 1, 1, 0, 0, 1, 1, 1]
2023-04-07 20:34:24,993 - INFO - 输入预测标签为：[1, 0, 1, 0, 0, 1, 1, 0, 0, 1, 1, 1]
2023-04-07 20:34:24,995 - INFO - 输入实际标签为：[0, 1, 0, 1, 1, 0, 1, 1, 0, 1, 0, 1]
2023-04-07 20:34:25,178 - INFO - 输入预测标签为：[0, 1, 0, 1, 1, 0, 1, 1, 0, 1, 0, 1]
2023-04-07 20:34:25,180 - INFO - 输入实际标签为：[0, 0, 0, 1, 1, 1, 0, 1, 0, 1, 1, 1]
2023-04-07 20:34:25,364 - INFO - 输入预测标签为：[0, 0, 0, 1, 1, 1, 0, 1, 0, 1, 1, 1]
2023-04-07 20:34:25,365 - INFO - 输入实际标签为：[0, 1, 0, 0, 0, 1, 1, 1, 0, 1, 1, 1]
2023-04-07 20:34:25,550 - INFO - 输入预测标签为：[0, 1, 0, 0, 0, 1, 1, 1, 0, 1, 1, 1]
2023-04-07 20:34:25,551 - INFO - 输入实际标签为：[1, 1, 1, 0, 0, 1, 0, 1, 0, 1, 0, 1]
2023-04-07 20:34:25,736 - INFO - 输入预测标签为：[1, 1, 1, 0, 0, 1, 0, 1, 0, 1, 0, 1]
2023-04-07 20:34:25,737 - INFO - 输入实际标签为：[0, 1, 1, 1, 0, 0, 1, 1, 1, 1, 1, 1]
2023-04-07 20:34:25,922 - INFO - 输入预测标签为：[0, 1, 1, 1, 0, 0, 1, 1, 1, 1, 1, 1]
2023-04-07 20:34:25,924 - INFO - 输入实际标签为：[0, 1, 0, 1, 1, 1, 1, 0, 1, 0, 0, 0]
2023-04-07 20:34:26,109 - INFO - 输入预测标签为：[0, 1, 0, 1, 1, 1, 1, 0, 1, 0, 0, 0]
2023-04-07 20:34:26,110 - INFO - 输入实际标签为：[1, 0, 0, 1, 0, 0, 0, 1, 1, 0, 1, 1]
2023-04-07 20:34:26,295 - INFO - 输入预测标签为：[1, 0, 0, 1, 0, 0, 0, 1, 1, 0, 1, 1]
2023-04-07 20:34:26,297 - INFO - 输入实际标签为：[1, 1, 1, 0, 1, 1, 0, 0, 0, 1, 0, 1]
2023-04-07 20:34:26,482 - INFO - 输入预测标签为：[1, 1, 1, 0, 1, 1, 0, 0, 0, 1, 0, 1]
2023-04-07 20:34:26,483 - INFO - 输入实际标签为：[0, 1, 0, 0, 1, 1, 1, 1, 1, 0, 0, 0]
2023-04-07 20:34:26,669 - INFO - 输入预测标签为：[0, 1, 0, 0, 1, 1, 1, 1, 1, 0, 0, 0]
2023-04-07 20:34:26,670 - INFO - 输入实际标签为：[1, 1, 0, 1, 0, 0, 0, 1, 1, 0, 0, 1]
2023-04-07 20:34:26,855 - INFO - 输入预测标签为：[1, 1, 0, 1, 0, 0, 0, 1, 1, 0, 0, 1]
2023-04-07 20:34:26,856 - INFO - 输入实际标签为：[1, 0, 0, 0, 1, 1, 0, 1, 1, 0, 1, 0]
2023-04-07 20:34:27,040 - INFO - 输入预测标签为：[1, 0, 0, 0, 1, 1, 0, 1, 1, 0, 1, 0]
2023-04-07 20:34:27,042 - INFO - 输入实际标签为：[0, 0, 0, 1, 0, 1, 0, 1, 1, 0, 1, 0]
2023-04-07 20:34:27,225 - INFO - 输入预测标签为：[0, 0, 0, 1, 0, 1, 0, 1, 1, 0, 1, 0]
2023-04-07 20:34:27,226 - INFO - 输入实际标签为：[1, 1, 1, 0, 0, 1, 1, 1, 1, 1, 1, 1]
2023-04-07 20:34:27,411 - INFO - 输入预测标签为：[1, 1, 1, 0, 0, 1, 1, 1, 1, 1, 1, 1]
2023-04-07 20:34:27,412 - INFO - 输入实际标签为：[1, 0, 1, 1, 0, 1, 0, 1, 1, 0, 1, 0]
2023-04-07 20:34:27,596 - INFO - 输入预测标签为：[1, 0, 1, 1, 0, 1, 0, 1, 1, 0, 1, 0]
2023-04-07 20:34:27,597 - INFO - 输入实际标签为：[0, 1, 1, 1, 1, 1, 1, 1, 0, 1, 1, 0]
2023-04-07 20:34:27,780 - INFO - 输入预测标签为：[0, 1, 1, 1, 1, 1, 1, 1, 0, 1, 1, 0]
2023-04-07 20:34:27,781 - INFO - 输入实际标签为：[1, 0, 0, 0, 0, 1, 1, 1, 0, 1, 0, 0]
2023-04-07 20:34:27,966 - INFO - 输入预测标签为：[1, 0, 0, 0, 0, 1, 1, 1, 0, 1, 0, 0]
2023-04-07 20:34:27,967 - INFO - 输入实际标签为：[0, 0, 0, 1, 0, 0, 1, 1, 1, 1, 0, 0]
2023-04-07 20:34:28,151 - INFO - 输入预测标签为：[0, 0, 0, 1, 0, 0, 1, 1, 1, 1, 0, 0]
2023-04-07 20:34:28,152 - INFO - 输入实际标签为：[0, 0, 1, 1, 1, 1, 0, 0, 1, 1, 1, 1]
2023-04-07 20:34:28,337 - INFO - 输入预测标签为：[0, 0, 1, 1, 1, 1, 0, 0, 1, 1, 1, 1]
2023-04-07 20:34:28,338 - INFO - 输入实际标签为：[1, 1, 0, 0, 1, 1, 0, 1, 1, 1, 1, 0]
2023-04-07 20:34:28,523 - INFO - 输入预测标签为：[1, 1, 0, 0, 1, 1, 0, 1, 1, 1, 1, 0]
2023-04-07 20:34:28,524 - INFO - 输入实际标签为：[0, 1, 0, 0, 1, 1, 0, 1, 0, 1, 1, 0]
2023-04-07 20:34:28,708 - INFO - 输入预测标签为：[0, 1, 0, 0, 1, 1, 0, 1, 0, 1, 1, 0]
2023-04-07 20:34:28,709 - INFO - 输入实际标签为：[1, 1, 0, 1, 0, 1, 0, 0, 1, 1, 1, 0]
2023-04-07 20:34:28,894 - INFO - 输入预测标签为：[1, 1, 0, 1, 0, 1, 0, 0, 1, 1, 1, 0]
2023-04-07 20:34:28,895 - INFO - 输入实际标签为：[1, 1, 1, 1, 1, 1, 1, 0, 1, 1, 0, 1]
2023-04-07 20:34:29,079 - INFO - 输入预测标签为：[1, 1, 1, 1, 1, 1, 1, 0, 1, 1, 0, 1]
2023-04-07 20:34:29,080 - INFO - 输入实际标签为：[1, 1, 1, 0, 1, 1, 1, 0, 0, 1, 0, 1]
2023-04-07 20:34:29,264 - INFO - 输入预测标签为：[1, 1, 1, 0, 1, 1, 1, 0, 0, 1, 0, 1]
2023-04-07 20:34:29,266 - INFO - 输入实际标签为：[0, 1, 1, 0, 0, 1, 0, 0, 1, 1, 0, 1]
2023-04-07 20:34:29,451 - INFO - 输入预测标签为：[0, 1, 1, 0, 0, 1, 0, 0, 1, 1, 0, 1]
2023-04-07 20:34:29,452 - INFO - 输入实际标签为：[1, 0, 0, 0, 1, 0, 0, 1, 1, 0, 1, 0]
2023-04-07 20:34:29,636 - INFO - 输入预测标签为：[1, 0, 0, 0, 1, 0, 0, 1, 1, 0, 1, 0]
2023-04-07 20:34:29,637 - INFO - 输入实际标签为：[1, 1, 1, 1, 1, 1, 1, 1, 0, 1, 1, 1]
2023-04-07 20:34:29,821 - INFO - 输入预测标签为：[1, 1, 1, 1, 1, 1, 1, 1, 0, 1, 1, 1]
2023-04-07 20:34:29,822 - INFO - 输入实际标签为：[0, 0, 0, 1, 0, 1, 1, 1, 1, 0, 1, 0]
2023-04-07 20:34:30,006 - INFO - 输入预测标签为：[0, 0, 0, 1, 0, 1, 1, 1, 1, 0, 1, 0]
2023-04-07 20:34:30,007 - INFO - 输入实际标签为：[0, 0, 1, 1, 0, 0, 1, 0, 1, 1, 1, 0]
2023-04-07 20:34:30,193 - INFO - 输入预测标签为：[0, 0, 1, 1, 0, 0, 1, 0, 1, 1, 1, 0]
2023-04-07 20:34:30,194 - INFO - 输入实际标签为：[1, 0, 1, 1, 0, 0, 1, 1, 1, 1, 1, 1]
2023-04-07 20:34:30,379 - INFO - 输入预测标签为：[1, 0, 1, 1, 0, 0, 1, 1, 1, 1, 1, 1]
2023-04-07 20:34:30,380 - INFO - 输入实际标签为：[1, 1, 1, 1, 0, 0, 1, 1, 1, 0, 1, 0]
2023-04-07 20:34:30,565 - INFO - 输入预测标签为：[1, 1, 1, 1, 0, 0, 1, 1, 1, 0, 1, 0]
2023-04-07 20:34:30,566 - INFO - 输入实际标签为：[1, 1, 0, 0, 1, 0, 1, 1, 0, 0, 1, 0]
2023-04-07 20:34:30,749 - INFO - 输入预测标签为：[1, 1, 0, 0, 1, 0, 1, 1, 0, 0, 1, 0]
2023-04-07 20:34:30,750 - INFO - 输入实际标签为：[1, 1, 0, 1, 1, 0, 0, 1, 0, 1, 0, 1]
2023-04-07 20:34:30,935 - INFO - 输入预测标签为：[1, 1, 0, 1, 1, 0, 0, 1, 0, 1, 0, 1]
2023-04-07 20:34:30,936 - INFO - 输入实际标签为：[1, 0, 1, 0, 0, 1, 0, 0, 0, 0, 1, 1]
2023-04-07 20:34:31,121 - INFO - 输入预测标签为：[1, 0, 1, 0, 0, 1, 0, 0, 0, 0, 1, 1]
2023-04-07 20:34:31,122 - INFO - 输入实际标签为：[0, 1, 0, 1, 0, 1, 1, 0, 1, 1, 0, 1]
2023-04-07 20:34:31,307 - INFO - 输入预测标签为：[0, 1, 0, 1, 0, 1, 1, 0, 1, 1, 0, 1]
2023-04-07 20:34:31,308 - INFO - 输入实际标签为：[1, 1, 0, 0, 1, 0, 0, 1, 1, 0, 1, 0]
2023-04-07 20:34:31,492 - INFO - 输入预测标签为：[1, 1, 0, 0, 1, 0, 0, 1, 1, 0, 1, 0]
2023-04-07 20:34:31,493 - INFO - 输入实际标签为：[1, 0, 0, 1, 0, 1, 1, 0, 0, 0, 1, 1]
2023-04-07 20:34:31,679 - INFO - 输入预测标签为：[1, 0, 0, 1, 0, 1, 1, 0, 0, 0, 1, 1]
2023-04-07 20:34:31,680 - INFO - 输入实际标签为：[1, 0, 1, 1, 1, 0, 0, 0, 1, 0, 1, 0]
2023-04-07 20:34:31,864 - INFO - 输入预测标签为：[1, 0, 1, 1, 1, 0, 0, 0, 1, 0, 1, 0]
2023-04-07 20:34:31,865 - INFO - 输入实际标签为：[0, 0, 1, 0, 1, 1, 1, 0, 1, 1, 1, 1]
2023-04-07 20:34:32,049 - INFO - 输入预测标签为：[0, 0, 1, 0, 1, 1, 1, 0, 1, 1, 1, 1]
2023-04-07 20:34:32,050 - INFO - 输入实际标签为：[1, 0, 0, 1, 1, 0, 1, 1, 1, 1, 1, 1]
2023-04-07 20:34:32,235 - INFO - 输入预测标签为：[1, 0, 0, 1, 1, 0, 1, 1, 1, 1, 1, 1]
2023-04-07 20:34:32,237 - INFO - 输入实际标签为：[0, 1, 1, 0, 1, 0, 1, 0, 1, 0, 1, 0]
2023-04-07 20:34:32,420 - INFO - 输入预测标签为：[0, 1, 1, 0, 1, 0, 1, 0, 1, 0, 1, 0]
2023-04-07 20:34:32,421 - INFO - 输入实际标签为：[1, 0, 0, 1, 1, 0, 1, 0, 1, 1, 0, 1]
2023-04-07 20:34:32,605 - INFO - 输入预测标签为：[1, 0, 0, 1, 1, 0, 1, 0, 1, 1, 0, 1]
2023-04-07 20:34:32,607 - INFO - 输入实际标签为：[1, 1, 1, 0, 1, 0, 0, 0, 0, 1, 0, 0]
2023-04-07 20:34:32,791 - INFO - 输入预测标签为：[1, 1, 1, 0, 1, 0, 0, 0, 0, 1, 0, 0]
2023-04-07 20:34:32,792 - INFO - 输入实际标签为：[0, 0, 1, 1, 1, 1, 1, 0, 1, 1, 0, 0]
2023-04-07 20:34:32,976 - INFO - 输入预测标签为：[0, 0, 1, 1, 1, 1, 1, 0, 1, 1, 0, 0]
2023-04-07 20:34:32,977 - INFO - 输入实际标签为：[1, 0, 1, 1, 0, 0, 0, 1, 1, 0, 0, 0]
2023-04-07 20:34:33,163 - INFO - 输入预测标签为：[1, 0, 1, 1, 0, 0, 0, 1, 1, 0, 0, 0]
2023-04-07 20:34:33,164 - INFO - 输入实际标签为：[1, 0, 1, 1, 1, 1, 1, 1, 0, 1, 1, 1]
2023-04-07 20:34:33,352 - INFO - 输入预测标签为：[1, 0, 1, 1, 1, 1, 1, 1, 0, 1, 1, 1]
2023-04-07 20:34:33,357 - INFO - 输入实际标签为：[1, 0, 0, 0, 1, 0, 0, 0, 1, 0, 0, 0]
2023-04-07 20:34:33,541 - INFO - 输入预测标签为：[1, 0, 0, 0, 1, 0, 0, 0, 1, 0, 0, 0]
2023-04-07 20:34:33,542 - INFO - 输入实际标签为：[1, 0, 1, 1, 0, 0, 1, 1, 1, 0, 1, 1]
2023-04-07 20:34:33,726 - INFO - 输入预测标签为：[1, 0, 1, 1, 0, 0, 1, 1, 1, 0, 1, 1]
2023-04-07 20:34:33,727 - INFO - 输入实际标签为：[0, 1, 0, 0, 0, 0, 0, 1, 1, 0, 0, 0]
2023-04-07 20:34:33,911 - INFO - 输入预测标签为：[0, 1, 0, 0, 0, 0, 0, 1, 1, 0, 0, 0]
2023-04-07 20:34:33,913 - INFO - 输入实际标签为：[1, 0, 1, 1, 0, 1, 0, 1, 1, 0, 1, 1]
2023-04-07 20:34:34,098 - INFO - 输入预测标签为：[1, 0, 1, 1, 0, 1, 0, 1, 1, 0, 1, 1]
2023-04-07 20:34:34,100 - INFO - 输入实际标签为：[0, 1, 0, 1, 1, 1, 1, 1, 1, 0, 1, 0]
2023-04-07 20:34:34,285 - INFO - 输入预测标签为：[0, 1, 0, 1, 1, 1, 1, 1, 1, 0, 1, 0]
2023-04-07 20:34:34,286 - INFO - 输入实际标签为：[0, 1, 1, 1, 0, 1, 0, 1, 1, 1, 0, 1]
2023-04-07 20:34:34,471 - INFO - 输入预测标签为：[0, 1, 1, 1, 0, 1, 0, 1, 1, 1, 0, 1]
2023-04-07 20:34:34,473 - INFO - 输入实际标签为：[0, 1, 1, 1, 0, 0, 0, 0, 0, 0, 1, 1]
2023-04-07 20:34:34,658 - INFO - 输入预测标签为：[0, 1, 1, 1, 0, 0, 0, 0, 0, 0, 1, 1]
2023-04-07 20:34:34,660 - INFO - 输入实际标签为：[1, 1, 0, 1, 0, 0, 1, 1, 0, 1, 1, 1]
2023-04-07 20:34:34,844 - INFO - 输入预测标签为：[1, 1, 0, 1, 0, 0, 1, 1, 0, 1, 1, 1]
2023-04-07 20:34:34,845 - INFO - 输入实际标签为：[0, 1, 0, 0, 1, 0, 1, 1, 1, 0, 1, 0]
2023-04-07 20:34:35,029 - INFO - 输入预测标签为：[0, 1, 0, 0, 1, 0, 1, 1, 1, 0, 1, 0]
2023-04-07 20:34:35,030 - INFO - 输入实际标签为：[1, 1, 1, 0, 0, 0, 1, 1, 0, 1, 0, 0]
2023-04-07 20:34:35,215 - INFO - 输入预测标签为：[1, 1, 1, 0, 0, 0, 1, 1, 0, 1, 0, 0]
2023-04-07 20:34:35,216 - INFO - 输入实际标签为：[0, 0, 0, 0, 0, 0, 0, 1, 1, 1, 0, 1]
2023-04-07 20:34:35,402 - INFO - 输入预测标签为：[0, 0, 0, 0, 0, 0, 0, 1, 1, 1, 0, 1]
2023-04-07 20:34:35,404 - INFO - 输入实际标签为：[1, 1, 0, 1, 1, 0, 1, 0, 1, 0, 0, 1]
2023-04-07 20:34:35,587 - INFO - 输入预测标签为：[1, 1, 0, 1, 1, 0, 1, 0, 1, 0, 0, 1]
2023-04-07 20:34:35,588 - INFO - 输入实际标签为：[1, 1, 0, 0, 0, 1, 0, 1, 1, 1, 0, 0]
2023-04-07 20:34:35,773 - INFO - 输入预测标签为：[1, 1, 0, 0, 0, 1, 0, 1, 1, 1, 0, 0]
2023-04-07 20:34:35,774 - INFO - 输入实际标签为：[0, 1, 0, 1, 1, 1, 1, 0, 1, 0, 0, 1]
2023-04-07 20:34:35,959 - INFO - 输入预测标签为：[0, 1, 0, 1, 1, 1, 1, 0, 1, 0, 0, 1]
2023-04-07 20:34:35,961 - INFO - 输入实际标签为：[0, 0, 0, 0, 1, 1, 0, 0, 1, 1, 0, 1]
2023-04-07 20:34:36,145 - INFO - 输入预测标签为：[0, 0, 0, 0, 1, 1, 0, 0, 1, 1, 0, 1]
2023-04-07 20:34:36,146 - INFO - 输入实际标签为：[1, 0, 1, 1, 0, 0, 0, 1, 0, 1, 0, 1]
2023-04-07 20:34:36,332 - INFO - 输入预测标签为：[0, 0, 1, 1, 0, 0, 0, 1, 0, 1, 0, 1]
2023-04-07 20:34:36,332 - INFO - ————————————————模型测试结束————————————————
2023-04-07 20:34:36,332 - INFO - 总测试样本: 6768个
2023-04-07 20:34:36,332 - INFO - 预测正确样本: 6762个
2023-04-07 20:34:36,332 - INFO - 测试准确度: 0.999113
2023-04-07 20:34:36,378 - INFO - -----------------------------
2023-04-07 20:34:36,378 - INFO - Accuracy: 0.999113475177305
2023-04-07 20:34:36,378 - INFO - Precision: 0.9991060698491238
2023-04-07 20:34:36,378 - INFO - Recall: 0.9991060698491238
2023-04-07 20:34:36,378 - INFO - F1 Score: 0.9991060698491238
2023-04-07 20:34:36,378 - INFO - AUC Score: 0.9991060698491239
2023-04-07 20:34:36,378 - INFO - -----------------------------
2023-04-07 20:34:36,391 - INFO - 
              precision    recall  f1-score   support

           0       1.00      1.00      1.00      3076
           1       1.00      1.00      1.00      3692

    accuracy                           1.00      6768
   macro avg       1.00      1.00      1.00      6768
weighted avg       1.00      1.00      1.00      6768

2023-04-07 20:34:36,391 - INFO - -----------------------------
2023-04-07 20:34:36,391 - INFO - -----------混淆矩阵------------
2023-04-07 20:34:36,395 - INFO - 
[[3073    3]
 [   3 3689]]
2023-04-07 20:34:36,396 - INFO - -----------------------------
2023-04-07 20:34:36,677 - INFO - ————————————————预测文本类别————————————————
2023-04-07 20:34:36,694 - INFO - 这条微博有99.42%的概率为非谣言，有0.58%的概率为谣言
2023-04-07 20:34:36,694 - INFO - ——————————————————————
2023-04-07 20:34:36,694 - INFO - ——————程序运行结束——————
