2023-04-07 20:16:44,905 - INFO - ——————程序运行开始——————
2023-04-07 20:16:44,905 - INFO - ——————————————————————
2023-04-07 20:16:44,905 - INFO - ——————输出训练参数——————
2023-04-07 20:16:44,905 - INFO - Batch_size：12
2023-04-07 20:16:44,906 - INFO - Epochs：2
2023-04-07 20:16:44,906 - INFO - Learning_rate：2e-05
2023-04-07 20:16:44,906 - INFO - max_seq_length：256
2023-04-07 20:16:44,906 - INFO - num_labels：2
2023-04-07 20:16:44,906 - INFO - ——————输出数据信息——————
2023-04-07 20:16:45,919 - INFO - GPU is available
2023-04-07 20:16:45,950 - INFO - 数据集总数：13548 条
2023-04-07 20:16:45,950 - INFO - 谣言总数：6152 条
2023-04-07 20:16:45,950 - INFO - 非谣言总数：7396 条
2023-04-07 20:16:46,014 - INFO - 成功划分训练集和测试集！
2023-04-07 20:16:46,014 - INFO - 训练集：12193 条
2023-04-07 20:16:46,014 - INFO - 测试集：1355 条
2023-04-07 20:16:47,028 - DEBUG - Building prefix dict from the default dictionary ...
2023-04-07 20:16:47,029 - DEBUG - Loading model from cache C:\Users\zjf\AppData\Local\Temp\jieba.cache
2023-04-07 20:16:47,604 - DEBUG - Loading model cost 0.576 seconds.
2023-04-07 20:16:47,605 - DEBUG - Prefix dict has been built successfully.
2023-04-07 20:17:19,908 - INFO - ————————————————模型测试开始————————————————
2023-04-07 20:17:19,909 - INFO - 输入实际标签为：[1, 0, 1, 1, 1, 0, 0, 0, 0, 0, 1, 0]
2023-04-07 20:17:20,516 - INFO - 输入预测标签为：[1, 0, 1, 1, 1, 0, 0, 0, 0, 0, 1, 0]
2023-04-07 20:17:20,517 - INFO - 输入实际标签为：[0, 0, 1, 1, 1, 0, 0, 1, 1, 1, 0, 1]
2023-04-07 20:17:20,697 - INFO - 输入预测标签为：[0, 0, 1, 1, 1, 0, 0, 1, 1, 1, 0, 1]
2023-04-07 20:17:20,698 - INFO - 输入实际标签为：[1, 0, 0, 1, 0, 1, 1, 0, 0, 1, 1, 1]
2023-04-07 20:17:20,879 - INFO - 输入预测标签为：[1, 0, 0, 1, 0, 1, 1, 0, 0, 1, 1, 1]
2023-04-07 20:17:20,880 - INFO - 输入实际标签为：[1, 0, 1, 0, 1, 0, 0, 1, 1, 0, 1, 1]
2023-04-07 20:17:21,060 - INFO - 输入预测标签为：[1, 0, 1, 0, 1, 0, 0, 1, 1, 0, 1, 1]
2023-04-07 20:17:21,061 - INFO - 输入实际标签为：[1, 0, 0, 1, 0, 1, 1, 1, 1, 1, 0, 1]
2023-04-07 20:17:21,240 - INFO - 输入预测标签为：[1, 0, 0, 1, 0, 1, 1, 1, 1, 1, 0, 1]
2023-04-07 20:17:21,241 - INFO - 输入实际标签为：[0, 1, 0, 1, 0, 0, 0, 0, 0, 0, 0, 0]
2023-04-07 20:17:21,429 - INFO - 输入预测标签为：[0, 1, 0, 1, 0, 0, 0, 0, 0, 0, 0, 0]
2023-04-07 20:17:21,430 - INFO - 输入实际标签为：[1, 1, 1, 1, 1, 1, 0, 1, 0, 0, 1, 0]
2023-04-07 20:17:21,611 - INFO - 输入预测标签为：[1, 1, 1, 1, 1, 1, 0, 1, 0, 0, 1, 0]
2023-04-07 20:17:21,613 - INFO - 输入实际标签为：[0, 0, 1, 1, 0, 1, 1, 1, 1, 0, 1, 0]
2023-04-07 20:17:21,792 - INFO - 输入预测标签为：[0, 0, 1, 1, 0, 1, 1, 1, 1, 0, 1, 0]
2023-04-07 20:17:21,793 - INFO - 输入实际标签为：[1, 0, 1, 0, 0, 1, 0, 1, 0, 1, 1, 0]
2023-04-07 20:17:21,972 - INFO - 输入预测标签为：[1, 0, 1, 0, 0, 1, 0, 1, 0, 1, 1, 0]
2023-04-07 20:17:21,973 - INFO - 输入实际标签为：[1, 1, 0, 1, 1, 0, 0, 1, 0, 1, 0, 1]
2023-04-07 20:17:22,154 - INFO - 输入预测标签为：[1, 1, 0, 1, 1, 0, 0, 1, 0, 1, 0, 1]
2023-04-07 20:17:22,155 - INFO - 输入实际标签为：[1, 1, 1, 0, 1, 0, 0, 1, 1, 1, 0, 1]
2023-04-07 20:17:22,340 - INFO - 输入预测标签为：[1, 1, 1, 0, 1, 0, 0, 1, 1, 1, 0, 1]
2023-04-07 20:17:22,341 - INFO - 输入实际标签为：[0, 1, 1, 0, 1, 1, 1, 0, 0, 1, 0, 0]
2023-04-07 20:17:22,524 - INFO - 输入预测标签为：[0, 1, 1, 0, 1, 1, 1, 0, 0, 1, 0, 0]
2023-04-07 20:17:22,525 - INFO - 输入实际标签为：[0, 1, 1, 1, 1, 1, 1, 1, 0, 1, 1, 0]
2023-04-07 20:17:22,707 - INFO - 输入预测标签为：[0, 1, 1, 1, 1, 1, 1, 1, 0, 1, 1, 0]
2023-04-07 20:17:22,708 - INFO - 输入实际标签为：[1, 1, 1, 0, 0, 1, 0, 1, 0, 0, 1, 1]
2023-04-07 20:17:22,889 - INFO - 输入预测标签为：[1, 1, 1, 0, 0, 1, 0, 1, 0, 0, 1, 1]
2023-04-07 20:17:22,890 - INFO - 输入实际标签为：[1, 0, 1, 1, 1, 0, 0, 1, 1, 1, 1, 1]
2023-04-07 20:17:23,071 - INFO - 输入预测标签为：[1, 0, 1, 1, 1, 0, 0, 1, 1, 1, 1, 1]
2023-04-07 20:17:23,072 - INFO - 输入实际标签为：[0, 0, 1, 1, 1, 1, 0, 1, 0, 0, 1, 1]
2023-04-07 20:17:23,254 - INFO - 输入预测标签为：[0, 0, 1, 1, 1, 1, 0, 1, 0, 0, 1, 1]
2023-04-07 20:17:23,255 - INFO - 输入实际标签为：[1, 1, 0, 0, 0, 1, 0, 1, 0, 1, 1, 1]
2023-04-07 20:17:23,437 - INFO - 输入预测标签为：[1, 1, 0, 0, 0, 1, 0, 1, 0, 1, 1, 1]
2023-04-07 20:17:23,438 - INFO - 输入实际标签为：[0, 0, 1, 1, 1, 0, 0, 1, 0, 0, 0, 0]
2023-04-07 20:17:23,621 - INFO - 输入预测标签为：[0, 0, 1, 1, 1, 0, 0, 1, 0, 0, 0, 0]
2023-04-07 20:17:23,622 - INFO - 输入实际标签为：[1, 1, 0, 0, 0, 0, 0, 0, 1, 0, 1, 1]
2023-04-07 20:17:23,804 - INFO - 输入预测标签为：[1, 1, 0, 0, 0, 0, 0, 0, 1, 0, 1, 1]
2023-04-07 20:17:23,805 - INFO - 输入实际标签为：[0, 0, 1, 1, 0, 1, 0, 0, 0, 1, 0, 0]
2023-04-07 20:17:23,986 - INFO - 输入预测标签为：[0, 0, 1, 1, 0, 1, 0, 0, 0, 1, 0, 0]
2023-04-07 20:17:23,987 - INFO - 输入实际标签为：[1, 0, 0, 0, 1, 1, 1, 1, 0, 0, 1, 0]
2023-04-07 20:17:24,168 - INFO - 输入预测标签为：[1, 0, 0, 0, 1, 1, 1, 1, 0, 0, 1, 0]
2023-04-07 20:17:24,169 - INFO - 输入实际标签为：[1, 0, 1, 0, 1, 0, 0, 0, 1, 0, 1, 0]
2023-04-07 20:17:24,351 - INFO - 输入预测标签为：[1, 0, 1, 0, 1, 0, 0, 0, 1, 0, 1, 0]
2023-04-07 20:17:24,352 - INFO - 输入实际标签为：[0, 1, 0, 1, 0, 1, 0, 0, 0, 0, 0, 1]
2023-04-07 20:17:24,534 - INFO - 输入预测标签为：[0, 1, 0, 1, 0, 1, 0, 0, 0, 0, 0, 1]
2023-04-07 20:17:24,535 - INFO - 输入实际标签为：[0, 1, 0, 0, 1, 1, 1, 0, 0, 1, 0, 1]
2023-04-07 20:17:24,716 - INFO - 输入预测标签为：[0, 1, 0, 0, 1, 1, 1, 0, 0, 1, 0, 1]
2023-04-07 20:17:24,717 - INFO - 输入实际标签为：[0, 0, 0, 1, 0, 0, 0, 1, 1, 1, 1, 1]
2023-04-07 20:17:24,896 - INFO - 输入预测标签为：[0, 0, 0, 1, 0, 0, 0, 1, 1, 1, 1, 1]
2023-04-07 20:17:24,897 - INFO - 输入实际标签为：[1, 0, 1, 0, 0, 0, 0, 1, 0, 0, 1, 0]
2023-04-07 20:17:25,077 - INFO - 输入预测标签为：[1, 0, 1, 0, 0, 0, 0, 1, 0, 0, 1, 0]
2023-04-07 20:17:25,078 - INFO - 输入实际标签为：[0, 0, 0, 0, 0, 0, 0, 1, 1, 1, 1, 1]
2023-04-07 20:17:25,261 - INFO - 输入预测标签为：[0, 0, 0, 0, 0, 0, 0, 1, 1, 1, 1, 1]
2023-04-07 20:17:25,262 - INFO - 输入实际标签为：[0, 1, 0, 1, 1, 0, 0, 1, 1, 0, 1, 0]
2023-04-07 20:17:25,444 - INFO - 输入预测标签为：[0, 1, 0, 1, 1, 0, 0, 1, 1, 0, 1, 0]
2023-04-07 20:17:25,445 - INFO - 输入实际标签为：[0, 1, 1, 1, 0, 0, 1, 0, 0, 0, 1, 1]
2023-04-07 20:17:25,626 - INFO - 输入预测标签为：[0, 1, 1, 1, 0, 0, 1, 0, 0, 0, 1, 1]
2023-04-07 20:17:25,627 - INFO - 输入实际标签为：[0, 1, 0, 1, 0, 0, 1, 0, 1, 1, 1, 1]
2023-04-07 20:17:25,807 - INFO - 输入预测标签为：[0, 1, 0, 1, 0, 0, 1, 0, 1, 1, 1, 1]
2023-04-07 20:17:25,808 - INFO - 输入实际标签为：[0, 1, 1, 0, 1, 1, 1, 1, 0, 0, 1, 1]
2023-04-07 20:17:25,988 - INFO - 输入预测标签为：[0, 1, 1, 0, 1, 1, 1, 1, 0, 0, 1, 1]
2023-04-07 20:17:25,989 - INFO - 输入实际标签为：[0, 0, 1, 0, 0, 0, 0, 1, 0, 0, 1, 0]
2023-04-07 20:17:26,169 - INFO - 输入预测标签为：[0, 0, 1, 0, 0, 0, 0, 1, 0, 0, 1, 0]
2023-04-07 20:17:26,170 - INFO - 输入实际标签为：[1, 0, 1, 0, 1, 1, 1, 0, 1, 1, 0, 0]
2023-04-07 20:17:26,353 - INFO - 输入预测标签为：[1, 0, 1, 0, 1, 1, 1, 0, 1, 1, 0, 0]
2023-04-07 20:17:26,354 - INFO - 输入实际标签为：[1, 1, 0, 1, 0, 1, 1, 1, 0, 0, 0, 1]
2023-04-07 20:17:26,538 - INFO - 输入预测标签为：[1, 1, 0, 1, 0, 1, 1, 1, 0, 0, 0, 1]
2023-04-07 20:17:26,539 - INFO - 输入实际标签为：[1, 1, 0, 0, 0, 1, 0, 1, 1, 0, 1, 0]
2023-04-07 20:17:26,720 - INFO - 输入预测标签为：[1, 1, 0, 0, 0, 1, 0, 1, 1, 0, 1, 0]
2023-04-07 20:17:26,721 - INFO - 输入实际标签为：[1, 0, 1, 1, 0, 1, 1, 0, 0, 0, 0, 0]
2023-04-07 20:17:26,902 - INFO - 输入预测标签为：[1, 0, 1, 1, 0, 1, 1, 0, 0, 0, 0, 0]
2023-04-07 20:17:26,904 - INFO - 输入实际标签为：[0, 0, 0, 1, 1, 1, 1, 0, 1, 0, 1, 0]
2023-04-07 20:17:27,086 - INFO - 输入预测标签为：[0, 0, 0, 1, 1, 1, 1, 0, 1, 0, 1, 0]
2023-04-07 20:17:27,088 - INFO - 输入实际标签为：[0, 1, 0, 0, 0, 0, 1, 0, 1, 0, 0, 1]
2023-04-07 20:17:27,270 - INFO - 输入预测标签为：[0, 1, 0, 0, 0, 0, 1, 0, 1, 0, 0, 1]
2023-04-07 20:17:27,271 - INFO - 输入实际标签为：[0, 0, 0, 1, 1, 1, 0, 0, 0, 1, 1, 0]
2023-04-07 20:17:27,456 - INFO - 输入预测标签为：[0, 0, 0, 1, 1, 1, 0, 0, 0, 1, 1, 0]
2023-04-07 20:17:27,458 - INFO - 输入实际标签为：[1, 1, 1, 0, 0, 0, 1, 0, 0, 1, 1, 1]
2023-04-07 20:17:27,640 - INFO - 输入预测标签为：[1, 1, 1, 0, 0, 0, 1, 0, 0, 1, 1, 1]
2023-04-07 20:17:27,641 - INFO - 输入实际标签为：[1, 0, 1, 1, 1, 0, 1, 0, 1, 1, 0, 0]
2023-04-07 20:17:27,824 - INFO - 输入预测标签为：[1, 0, 1, 1, 1, 0, 1, 0, 1, 1, 0, 0]
2023-04-07 20:17:27,825 - INFO - 输入实际标签为：[0, 1, 1, 1, 0, 0, 1, 0, 0, 1, 1, 0]
2023-04-07 20:17:28,008 - INFO - 输入预测标签为：[0, 1, 1, 1, 0, 0, 1, 0, 0, 1, 1, 0]
2023-04-07 20:17:28,009 - INFO - 输入实际标签为：[0, 0, 0, 1, 0, 1, 1, 1, 1, 1, 0, 0]
2023-04-07 20:17:28,191 - INFO - 输入预测标签为：[0, 0, 0, 1, 0, 1, 1, 1, 1, 1, 0, 0]
2023-04-07 20:17:28,192 - INFO - 输入实际标签为：[1, 0, 0, 1, 1, 0, 1, 0, 0, 1, 0, 1]
2023-04-07 20:17:28,377 - INFO - 输入预测标签为：[1, 0, 0, 1, 1, 0, 1, 0, 0, 1, 0, 1]
2023-04-07 20:17:28,378 - INFO - 输入实际标签为：[1, 1, 1, 1, 0, 0, 1, 1, 1, 1, 0, 1]
2023-04-07 20:17:28,562 - INFO - 输入预测标签为：[1, 1, 1, 1, 0, 0, 1, 1, 1, 1, 0, 1]
2023-04-07 20:17:28,563 - INFO - 输入实际标签为：[0, 0, 1, 1, 1, 0, 0, 1, 0, 1, 1, 1]
2023-04-07 20:17:28,747 - INFO - 输入预测标签为：[0, 0, 1, 1, 1, 0, 0, 1, 0, 1, 1, 1]
2023-04-07 20:17:28,748 - INFO - 输入实际标签为：[1, 0, 1, 0, 1, 1, 1, 1, 1, 0, 0, 0]
2023-04-07 20:17:28,932 - INFO - 输入预测标签为：[1, 0, 1, 0, 1, 1, 1, 1, 1, 0, 0, 0]
2023-04-07 20:17:28,933 - INFO - 输入实际标签为：[1, 0, 0, 0, 1, 0, 1, 0, 1, 0, 0, 1]
2023-04-07 20:17:29,116 - INFO - 输入预测标签为：[1, 0, 0, 0, 1, 0, 1, 0, 1, 0, 0, 1]
2023-04-07 20:17:29,117 - INFO - 输入实际标签为：[0, 0, 1, 0, 0, 1, 1, 0, 1, 0, 0, 1]
2023-04-07 20:17:29,300 - INFO - 输入预测标签为：[0, 0, 1, 0, 0, 1, 1, 0, 1, 0, 0, 1]
2023-04-07 20:17:29,301 - INFO - 输入实际标签为：[1, 0, 1, 1, 1, 1, 1, 1, 0, 0, 1, 1]
2023-04-07 20:17:29,483 - INFO - 输入预测标签为：[1, 0, 1, 1, 1, 1, 1, 1, 0, 0, 1, 1]
2023-04-07 20:17:29,484 - INFO - 输入实际标签为：[0, 0, 1, 1, 0, 1, 1, 1, 0, 1, 1, 1]
2023-04-07 20:17:29,667 - INFO - 输入预测标签为：[0, 0, 1, 1, 0, 1, 1, 1, 0, 1, 1, 1]
2023-04-07 20:17:29,668 - INFO - 输入实际标签为：[0, 1, 1, 0, 0, 0, 0, 1, 0, 1, 0, 1]
2023-04-07 20:17:29,851 - INFO - 输入预测标签为：[0, 1, 1, 0, 0, 0, 0, 1, 0, 1, 0, 1]
2023-04-07 20:17:29,852 - INFO - 输入实际标签为：[1, 1, 0, 0, 0, 1, 0, 1, 0, 1, 0, 1]
2023-04-07 20:17:30,037 - INFO - 输入预测标签为：[1, 1, 0, 0, 0, 1, 0, 1, 0, 1, 0, 1]
2023-04-07 20:17:30,038 - INFO - 输入实际标签为：[1, 1, 1, 1, 0, 1, 1, 1, 1, 0, 0, 0]
2023-04-07 20:17:30,221 - INFO - 输入预测标签为：[1, 1, 1, 1, 0, 1, 1, 1, 1, 0, 0, 0]
2023-04-07 20:17:30,222 - INFO - 输入实际标签为：[1, 1, 1, 0, 1, 0, 1, 0, 0, 1, 0, 0]
2023-04-07 20:17:30,405 - INFO - 输入预测标签为：[1, 1, 1, 0, 1, 0, 1, 0, 0, 1, 0, 0]
2023-04-07 20:17:30,406 - INFO - 输入实际标签为：[0, 1, 0, 1, 0, 0, 1, 1, 0, 1, 1, 0]
2023-04-07 20:17:30,588 - INFO - 输入预测标签为：[0, 1, 0, 1, 0, 0, 1, 1, 0, 1, 0, 0]
2023-04-07 20:17:30,589 - INFO - 输入实际标签为：[1, 0, 1, 0, 0, 0, 0, 1, 1, 1, 1, 1]
2023-04-07 20:17:30,772 - INFO - 输入预测标签为：[1, 0, 1, 0, 0, 0, 0, 1, 1, 1, 1, 1]
2023-04-07 20:17:30,773 - INFO - 输入实际标签为：[0, 0, 1, 1, 1, 1, 1, 1, 0, 1, 0, 0]
2023-04-07 20:17:30,958 - INFO - 输入预测标签为：[0, 0, 1, 1, 1, 1, 1, 1, 0, 1, 0, 0]
2023-04-07 20:17:30,960 - INFO - 输入实际标签为：[0, 1, 1, 0, 1, 0, 0, 1, 1, 0, 0, 1]
2023-04-07 20:17:31,142 - INFO - 输入预测标签为：[0, 1, 1, 0, 1, 0, 0, 1, 1, 0, 0, 1]
2023-04-07 20:17:31,143 - INFO - 输入实际标签为：[0, 0, 0, 0, 1, 1, 1, 0, 0, 0, 1, 0]
2023-04-07 20:17:31,327 - INFO - 输入预测标签为：[0, 0, 0, 0, 1, 1, 1, 0, 0, 0, 1, 0]
2023-04-07 20:17:31,328 - INFO - 输入实际标签为：[0, 1, 1, 1, 0, 0, 0, 0, 0, 1, 0, 1]
2023-04-07 20:17:31,512 - INFO - 输入预测标签为：[0, 1, 1, 1, 0, 0, 0, 0, 0, 1, 0, 1]
2023-04-07 20:17:31,513 - INFO - 输入实际标签为：[0, 1, 0, 1, 0, 1, 1, 0, 1, 0, 0, 0]
2023-04-07 20:17:31,695 - INFO - 输入预测标签为：[0, 1, 0, 1, 0, 1, 1, 0, 1, 0, 0, 0]
2023-04-07 20:17:31,696 - INFO - 输入实际标签为：[1, 0, 1, 0, 0, 1, 0, 1, 1, 0, 1, 1]
2023-04-07 20:17:31,880 - INFO - 输入预测标签为：[1, 0, 1, 0, 0, 1, 0, 1, 1, 0, 1, 1]
2023-04-07 20:17:31,881 - INFO - 输入实际标签为：[1, 1, 0, 1, 0, 1, 0, 1, 1, 0, 1, 0]
2023-04-07 20:17:32,066 - INFO - 输入预测标签为：[1, 1, 0, 1, 0, 1, 0, 1, 1, 0, 1, 0]
2023-04-07 20:17:32,067 - INFO - 输入实际标签为：[1, 0, 1, 0, 0, 1, 0, 0, 1, 1, 0, 1]
2023-04-07 20:17:32,252 - INFO - 输入预测标签为：[1, 0, 1, 0, 0, 1, 0, 0, 1, 1, 0, 1]
2023-04-07 20:17:32,253 - INFO - 输入实际标签为：[1, 0, 1, 0, 1, 0, 1, 0, 0, 0, 1, 1]
2023-04-07 20:17:32,436 - INFO - 输入预测标签为：[1, 0, 1, 0, 1, 0, 1, 0, 0, 0, 1, 1]
2023-04-07 20:17:32,437 - INFO - 输入实际标签为：[0, 1, 1, 1, 0, 1, 1, 1, 1, 0, 0, 1]
2023-04-07 20:17:32,621 - INFO - 输入预测标签为：[0, 1, 1, 1, 0, 1, 1, 1, 1, 0, 0, 1]
2023-04-07 20:17:32,622 - INFO - 输入实际标签为：[1, 1, 1, 1, 1, 1, 0, 1, 1, 0, 0, 0]
2023-04-07 20:17:32,805 - INFO - 输入预测标签为：[1, 1, 1, 1, 1, 1, 0, 1, 1, 0, 0, 0]
2023-04-07 20:17:32,806 - INFO - 输入实际标签为：[0, 1, 0, 0, 0, 1, 1, 1, 1, 1, 0, 0]
2023-04-07 20:17:32,991 - INFO - 输入预测标签为：[0, 1, 0, 0, 0, 1, 1, 1, 1, 1, 0, 0]
2023-04-07 20:17:32,992 - INFO - 输入实际标签为：[0, 0, 0, 0, 1, 0, 1, 1, 1, 1, 1, 0]
2023-04-07 20:17:33,176 - INFO - 输入预测标签为：[0, 0, 0, 0, 1, 0, 1, 1, 1, 1, 1, 0]
2023-04-07 20:17:33,177 - INFO - 输入实际标签为：[0, 0, 0, 0, 1, 0, 0, 0, 0, 1, 1, 1]
2023-04-07 20:17:33,361 - INFO - 输入预测标签为：[0, 0, 0, 0, 1, 0, 0, 0, 0, 1, 1, 1]
2023-04-07 20:17:33,362 - INFO - 输入实际标签为：[0, 1, 0, 0, 1, 1, 0, 0, 0, 0, 0, 0]
2023-04-07 20:17:33,545 - INFO - 输入预测标签为：[0, 1, 0, 0, 1, 1, 0, 0, 0, 0, 0, 0]
2023-04-07 20:17:33,546 - INFO - 输入实际标签为：[1, 0, 1, 1, 0, 1, 1, 1, 1, 1, 0, 1]
2023-04-07 20:17:33,731 - INFO - 输入预测标签为：[1, 0, 1, 1, 0, 1, 1, 1, 1, 1, 0, 1]
2023-04-07 20:17:33,732 - INFO - 输入实际标签为：[0, 1, 1, 1, 0, 1, 1, 0, 0, 1, 0, 0]
2023-04-07 20:17:33,915 - INFO - 输入预测标签为：[0, 1, 1, 1, 0, 1, 1, 0, 0, 1, 0, 0]
2023-04-07 20:17:33,917 - INFO - 输入实际标签为：[0, 1, 1, 0, 0, 0, 1, 1, 0, 1, 0, 1]
2023-04-07 20:17:34,100 - INFO - 输入预测标签为：[0, 1, 1, 0, 0, 0, 1, 1, 0, 1, 0, 1]
2023-04-07 20:17:34,101 - INFO - 输入实际标签为：[1, 0, 1, 1, 1, 0, 1, 0, 0, 0, 1, 1]
2023-04-07 20:17:34,285 - INFO - 输入预测标签为：[1, 0, 1, 1, 1, 0, 1, 0, 0, 0, 1, 1]
2023-04-07 20:17:34,286 - INFO - 输入实际标签为：[0, 0, 0, 1, 1, 1, 0, 1, 0, 0, 1, 0]
2023-04-07 20:17:34,469 - INFO - 输入预测标签为：[0, 0, 0, 1, 1, 1, 0, 1, 0, 0, 1, 0]
2023-04-07 20:17:34,470 - INFO - 输入实际标签为：[0, 0, 1, 1, 1, 0, 0, 0, 0, 1, 1, 1]
2023-04-07 20:17:34,654 - INFO - 输入预测标签为：[0, 0, 1, 1, 1, 0, 0, 0, 0, 1, 1, 1]
2023-04-07 20:17:34,655 - INFO - 输入实际标签为：[0, 1, 0, 0, 0, 1, 1, 0, 0, 0, 1, 0]
2023-04-07 20:17:34,839 - INFO - 输入预测标签为：[0, 1, 0, 0, 0, 1, 1, 0, 0, 0, 1, 0]
2023-04-07 20:17:34,840 - INFO - 输入实际标签为：[0, 0, 0, 1, 0, 0, 1, 0, 1, 0, 1, 1]
2023-04-07 20:17:35,024 - INFO - 输入预测标签为：[0, 0, 0, 1, 0, 0, 1, 0, 1, 0, 1, 1]
2023-04-07 20:17:35,026 - INFO - 输入实际标签为：[1, 1, 0, 1, 0, 1, 0, 1, 0, 1, 1, 0]
2023-04-07 20:17:35,210 - INFO - 输入预测标签为：[1, 1, 0, 1, 0, 1, 0, 1, 0, 1, 1, 0]
2023-04-07 20:17:35,211 - INFO - 输入实际标签为：[0, 1, 1, 1, 1, 0, 1, 1, 1, 1, 1, 1]
2023-04-07 20:17:35,395 - INFO - 输入预测标签为：[0, 1, 1, 1, 1, 0, 1, 1, 1, 1, 1, 1]
2023-04-07 20:17:35,396 - INFO - 输入实际标签为：[0, 1, 1, 1, 0, 0, 0, 0, 0, 1, 1, 1]
2023-04-07 20:17:35,579 - INFO - 输入预测标签为：[0, 1, 1, 1, 0, 0, 0, 0, 0, 1, 1, 1]
2023-04-07 20:17:35,580 - INFO - 输入实际标签为：[1, 1, 0, 0, 1, 1, 0, 0, 1, 1, 1, 0]
2023-04-07 20:17:35,764 - INFO - 输入预测标签为：[1, 1, 0, 0, 1, 1, 0, 0, 1, 1, 1, 0]
2023-04-07 20:17:35,765 - INFO - 输入实际标签为：[0, 1, 1, 0, 1, 0, 0, 1, 1, 1, 0, 1]
2023-04-07 20:17:35,951 - INFO - 输入预测标签为：[0, 1, 1, 0, 1, 0, 0, 1, 1, 1, 0, 1]
2023-04-07 20:17:35,952 - INFO - 输入实际标签为：[0, 1, 1, 0, 1, 1, 0, 1, 0, 0, 1, 1]
2023-04-07 20:17:36,136 - INFO - 输入预测标签为：[0, 1, 1, 0, 1, 1, 0, 1, 0, 0, 1, 1]
2023-04-07 20:17:36,137 - INFO - 输入实际标签为：[1, 1, 0, 0, 1, 1, 1, 1, 1, 1, 0, 1]
2023-04-07 20:17:36,322 - INFO - 输入预测标签为：[1, 1, 0, 0, 1, 1, 1, 1, 1, 1, 0, 1]
2023-04-07 20:17:36,323 - INFO - 输入实际标签为：[1, 0, 0, 0, 1, 0, 0, 1, 1, 1, 1, 1]
2023-04-07 20:17:36,507 - INFO - 输入预测标签为：[1, 0, 0, 0, 1, 0, 0, 1, 1, 1, 1, 1]
2023-04-07 20:17:36,508 - INFO - 输入实际标签为：[0, 0, 0, 0, 0, 1, 1, 1, 1, 1, 0, 1]
2023-04-07 20:17:36,692 - INFO - 输入预测标签为：[0, 0, 0, 0, 0, 1, 1, 1, 1, 1, 0, 1]
2023-04-07 20:17:36,693 - INFO - 输入实际标签为：[0, 1, 0, 1, 1, 1, 1, 0, 1, 1, 0, 1]
2023-04-07 20:17:36,878 - INFO - 输入预测标签为：[0, 1, 0, 1, 1, 1, 1, 0, 1, 1, 0, 1]
2023-04-07 20:17:36,879 - INFO - 输入实际标签为：[1, 0, 1, 1, 1, 0, 1, 1, 0, 1, 1, 1]
2023-04-07 20:17:37,064 - INFO - 输入预测标签为：[1, 0, 1, 1, 1, 0, 1, 1, 0, 1, 1, 1]
2023-04-07 20:17:37,066 - INFO - 输入实际标签为：[0, 0, 1, 1, 1, 0, 0, 0, 0, 1, 1, 0]
2023-04-07 20:17:37,249 - INFO - 输入预测标签为：[0, 0, 1, 1, 1, 0, 0, 0, 0, 1, 1, 0]
2023-04-07 20:17:37,250 - INFO - 输入实际标签为：[1, 0, 1, 0, 1, 0, 1, 0, 1, 1, 0, 0]
2023-04-07 20:17:37,436 - INFO - 输入预测标签为：[1, 0, 1, 0, 1, 0, 1, 0, 1, 1, 0, 0]
2023-04-07 20:17:37,437 - INFO - 输入实际标签为：[1, 0, 0, 0, 1, 0, 0, 1, 1, 1, 1, 0]
2023-04-07 20:17:37,622 - INFO - 输入预测标签为：[1, 0, 0, 0, 1, 0, 0, 1, 1, 1, 1, 0]
2023-04-07 20:17:37,623 - INFO - 输入实际标签为：[1, 1, 1, 0, 1, 1, 1, 1, 0, 1, 1, 1]
2023-04-07 20:17:37,808 - INFO - 输入预测标签为：[1, 1, 1, 0, 1, 1, 1, 1, 0, 1, 1, 1]
2023-04-07 20:17:37,809 - INFO - 输入实际标签为：[1, 0, 1, 1, 0, 1, 1, 0, 1, 1, 1, 0]
2023-04-07 20:17:37,995 - INFO - 输入预测标签为：[1, 0, 1, 1, 0, 1, 1, 0, 1, 1, 1, 0]
2023-04-07 20:17:37,996 - INFO - 输入实际标签为：[0, 0, 0, 0, 0, 1, 0, 1, 1, 1, 1, 1]
2023-04-07 20:17:38,179 - INFO - 输入预测标签为：[0, 0, 0, 0, 0, 1, 0, 1, 1, 1, 1, 1]
2023-04-07 20:17:38,180 - INFO - 输入实际标签为：[1, 1, 0, 0, 0, 1, 0, 0, 1, 0, 1, 1]
2023-04-07 20:17:38,364 - INFO - 输入预测标签为：[1, 1, 0, 0, 0, 1, 0, 0, 1, 0, 1, 1]
2023-04-07 20:17:38,365 - INFO - 输入实际标签为：[0, 1, 1, 0, 1, 1, 1, 1, 0, 1, 1, 1]
2023-04-07 20:17:38,550 - INFO - 输入预测标签为：[0, 1, 1, 0, 1, 1, 1, 1, 0, 1, 1, 1]
2023-04-07 20:17:38,552 - INFO - 输入实际标签为：[1, 0, 1, 0, 1, 1, 0, 1, 1, 0, 0, 1]
2023-04-07 20:17:38,735 - INFO - 输入预测标签为：[1, 0, 1, 0, 1, 1, 0, 1, 1, 0, 0, 1]
2023-04-07 20:17:38,736 - INFO - 输入实际标签为：[0, 0, 1, 0, 0, 1, 0, 1, 0, 0, 0, 0]
2023-04-07 20:17:38,920 - INFO - 输入预测标签为：[0, 0, 1, 0, 0, 1, 0, 1, 0, 0, 0, 0]
2023-04-07 20:17:38,921 - INFO - 输入实际标签为：[0, 1, 1, 0, 1, 0, 1, 1, 1, 1, 0, 0]
2023-04-07 20:17:39,105 - INFO - 输入预测标签为：[0, 1, 1, 0, 1, 0, 1, 1, 1, 1, 0, 0]
2023-04-07 20:17:39,106 - INFO - 输入实际标签为：[0, 0, 1, 0, 1, 1, 0, 1, 0, 1, 1, 1]
2023-04-07 20:17:39,291 - INFO - 输入预测标签为：[0, 0, 1, 0, 1, 1, 0, 1, 0, 1, 1, 1]
2023-04-07 20:17:39,292 - INFO - 输入实际标签为：[1, 1, 1, 1, 1, 1, 1, 0, 1, 1, 1, 1]
2023-04-07 20:17:39,477 - INFO - 输入预测标签为：[1, 1, 1, 1, 1, 1, 1, 0, 1, 1, 1, 1]
2023-04-07 20:17:39,478 - INFO - 输入实际标签为：[0, 0, 0, 0, 1, 0, 1, 0, 0, 1, 0, 1]
2023-04-07 20:17:39,662 - INFO - 输入预测标签为：[0, 0, 0, 0, 1, 0, 1, 0, 0, 1, 0, 1]
2023-04-07 20:17:39,663 - INFO - 输入实际标签为：[1, 0, 0, 1, 0, 0, 0, 0, 1, 1, 1, 1]
2023-04-07 20:17:39,847 - INFO - 输入预测标签为：[1, 0, 0, 1, 0, 0, 0, 0, 1, 1, 1, 1]
2023-04-07 20:17:39,849 - INFO - 输入实际标签为：[0, 1, 0, 1, 0, 0, 0, 0, 1, 0, 1, 0]
2023-04-07 20:17:40,033 - INFO - 输入预测标签为：[0, 1, 0, 1, 0, 0, 0, 0, 1, 0, 1, 0]
2023-04-07 20:17:40,034 - INFO - 输入实际标签为：[1, 0, 0, 0, 1, 1, 1, 0, 0, 0, 0, 0]
2023-04-07 20:17:40,219 - INFO - 输入预测标签为：[1, 0, 0, 0, 1, 1, 1, 0, 0, 0, 0, 0]
2023-04-07 20:17:40,220 - INFO - 输入实际标签为：[1, 0, 0, 1, 0, 0, 1, 0, 0, 1, 1, 1]
2023-04-07 20:17:40,403 - INFO - 输入预测标签为：[1, 0, 0, 1, 0, 0, 1, 0, 0, 1, 1, 1]
2023-04-07 20:17:40,404 - INFO - 输入实际标签为：[1, 0, 1, 1, 1, 0, 1, 0, 1, 1, 0, 0]
2023-04-07 20:17:40,588 - INFO - 输入预测标签为：[1, 0, 1, 1, 1, 0, 1, 0, 1, 1, 0, 0]
2023-04-07 20:17:40,589 - INFO - 输入实际标签为：[1, 1, 0, 0, 0, 0, 0, 0, 0, 1, 1, 1]
2023-04-07 20:17:40,773 - INFO - 输入预测标签为：[1, 1, 0, 0, 0, 0, 0, 0, 0, 1, 1, 1]
2023-04-07 20:17:40,774 - INFO - 输入实际标签为：[0, 0, 0, 1, 1, 1, 1, 1, 1, 1, 1, 1]
2023-04-07 20:17:40,961 - INFO - 输入预测标签为：[0, 0, 0, 1, 1, 1, 1, 1, 1, 1, 1, 1]
2023-04-07 20:17:40,961 - INFO - ————————————————模型测试结束————————————————
2023-04-07 20:17:40,961 - INFO - 总测试样本: 1344个
2023-04-07 20:17:40,961 - INFO - 预测正确样本: 1343个
2023-04-07 20:17:40,961 - INFO - 测试准确度: 0.999256
2023-04-07 20:17:40,974 - INFO - -----------------------------
2023-04-07 20:17:40,974 - INFO - Accuracy: 0.9992559523809523
2023-04-07 20:17:40,975 - INFO - Precision: 0.999211356466877
2023-04-07 20:17:40,975 - INFO - Recall: 0.9992967651195499
2023-04-07 20:17:40,975 - INFO - F1 Score: 0.9992535021247974
2023-04-07 20:17:40,975 - INFO - AUC Score: 0.9992967651195499
2023-04-07 20:17:40,975 - INFO - -----------------------------
2023-04-07 20:17:40,979 - INFO - 
              precision    recall  f1-score   support

           0       1.00      1.00      1.00       633
           1       1.00      1.00      1.00       711

    accuracy                           1.00      1344
   macro avg       1.00      1.00      1.00      1344
weighted avg       1.00      1.00      1.00      1344

2023-04-07 20:17:40,979 - INFO - -----------------------------
2023-04-07 20:17:40,979 - INFO - -----------混淆矩阵------------
2023-04-07 20:17:40,980 - INFO - 
[[633   0]
 [  1 710]]
2023-04-07 20:17:40,980 - INFO - -----------------------------
2023-04-07 20:17:41,265 - INFO - ————————————————预测文本类别————————————————
2023-04-07 20:17:41,283 - INFO - 这条微博有99.42%的概率为非谣言，有0.58%的概率为谣言
2023-04-07 20:17:41,283 - INFO - ——————————————————————
2023-04-07 20:17:41,283 - INFO - ——————程序运行结束——————
