2023-04-07 18:46:43,029 - INFO - ——————程序运行开始——————
2023-04-07 18:46:43,030 - INFO - ——————————————————————
2023-04-07 18:46:43,030 - INFO - ——————输出训练参数——————
2023-04-07 18:46:43,030 - INFO - Batch_size：12
2023-04-07 18:46:43,030 - INFO - Epochs：1
2023-04-07 18:46:43,030 - INFO - Learning_rate：2e-05
2023-04-07 18:46:43,030 - INFO - max_seq_length：256
2023-04-07 18:46:43,030 - INFO - num_labels：2
2023-04-07 18:46:43,030 - INFO - ——————输出数据信息——————
2023-04-07 18:46:44,079 - INFO - GPU is available
2023-04-07 18:46:44,119 - INFO - 数据集总数：13548 条
2023-04-07 18:46:44,119 - INFO - 谣言总数：6152 条
2023-04-07 18:46:44,119 - INFO - 非谣言总数：7396 条
2023-04-07 18:46:44,193 - INFO - 成功划分训练集和测试集！
2023-04-07 18:46:44,193 - INFO - 训练集：12193 条
2023-04-07 18:46:44,193 - INFO - 测试集：1355 条
2023-04-07 18:46:45,390 - DEBUG - Building prefix dict from the default dictionary ...
2023-04-07 18:46:45,392 - DEBUG - Loading model from cache C:\Users\zjf\AppData\Local\Temp\jieba.cache
2023-04-07 18:46:46,291 - DEBUG - Loading model cost 0.901 seconds.
2023-04-07 18:46:46,291 - DEBUG - Prefix dict has been built successfully.
2023-04-07 18:47:35,690 - INFO - ————————————————模型测试开始————————————————
2023-04-07 18:47:35,692 - INFO - 输入实际标签为：[1, 1, 0, 1, 1, 0, 0, 1, 1, 1, 1, 1]
2023-04-07 18:47:36,352 - INFO - 输入预测标签为：[1, 1, 0, 1, 1, 0, 0, 1, 1, 1, 1, 1]
2023-04-07 18:47:36,353 - INFO - 输入实际标签为：[1, 1, 1, 1, 1, 1, 0, 1, 0, 0, 1, 1]
2023-04-07 18:47:36,529 - INFO - 输入预测标签为：[1, 1, 1, 1, 1, 1, 0, 1, 0, 0, 1, 1]
2023-04-07 18:47:36,530 - INFO - 输入实际标签为：[0, 1, 1, 0, 0, 0, 1, 1, 1, 1, 0, 1]
2023-04-07 18:47:36,705 - INFO - 输入预测标签为：[0, 1, 1, 0, 0, 0, 1, 1, 1, 1, 0, 1]
2023-04-07 18:47:36,706 - INFO - 输入实际标签为：[1, 1, 1, 1, 0, 0, 1, 1, 0, 0, 0, 1]
2023-04-07 18:47:36,882 - INFO - 输入预测标签为：[1, 1, 1, 1, 0, 0, 1, 1, 0, 0, 0, 1]
2023-04-07 18:47:36,883 - INFO - 输入实际标签为：[0, 0, 1, 1, 0, 0, 1, 0, 1, 1, 0, 1]
2023-04-07 18:47:37,059 - INFO - 输入预测标签为：[0, 0, 1, 1, 1, 0, 1, 0, 1, 1, 0, 1]
2023-04-07 18:47:37,060 - INFO - 输入实际标签为：[0, 0, 1, 0, 1, 0, 0, 1, 0, 0, 0, 0]
2023-04-07 18:47:37,243 - INFO - 输入预测标签为：[1, 0, 1, 0, 1, 0, 0, 1, 0, 0, 0, 0]
2023-04-07 18:47:37,244 - INFO - 输入实际标签为：[1, 1, 1, 1, 0, 0, 0, 1, 1, 1, 1, 0]
2023-04-07 18:47:37,422 - INFO - 输入预测标签为：[1, 1, 1, 1, 0, 0, 0, 1, 1, 1, 1, 0]
2023-04-07 18:47:37,424 - INFO - 输入实际标签为：[1, 1, 1, 1, 1, 1, 1, 0, 1, 1, 0, 0]
2023-04-07 18:47:37,602 - INFO - 输入预测标签为：[1, 1, 1, 1, 1, 1, 1, 0, 1, 1, 0, 0]
2023-04-07 18:47:37,603 - INFO - 输入实际标签为：[0, 0, 1, 0, 1, 0, 0, 1, 1, 0, 1, 1]
2023-04-07 18:47:37,778 - INFO - 输入预测标签为：[0, 0, 1, 0, 1, 0, 0, 1, 1, 0, 1, 1]
2023-04-07 18:47:37,780 - INFO - 输入实际标签为：[1, 0, 1, 0, 1, 1, 0, 0, 1, 1, 1, 0]
2023-04-07 18:47:37,957 - INFO - 输入预测标签为：[1, 0, 1, 0, 1, 1, 0, 0, 1, 1, 1, 0]
2023-04-07 18:47:37,958 - INFO - 输入实际标签为：[1, 1, 0, 1, 0, 1, 1, 1, 1, 1, 0, 0]
2023-04-07 18:47:38,139 - INFO - 输入预测标签为：[1, 1, 0, 1, 0, 1, 1, 1, 1, 1, 0, 0]
2023-04-07 18:47:38,139 - INFO - 输入实际标签为：[1, 0, 1, 1, 0, 1, 1, 1, 0, 0, 0, 1]
2023-04-07 18:47:38,320 - INFO - 输入预测标签为：[1, 0, 1, 1, 0, 1, 1, 1, 0, 0, 0, 1]
2023-04-07 18:47:38,321 - INFO - 输入实际标签为：[1, 1, 1, 0, 1, 1, 0, 1, 1, 1, 1, 1]
2023-04-07 18:47:38,499 - INFO - 输入预测标签为：[1, 1, 1, 0, 1, 1, 0, 1, 1, 1, 1, 1]
2023-04-07 18:47:38,500 - INFO - 输入实际标签为：[0, 0, 1, 0, 1, 1, 0, 1, 1, 0, 0, 0]
2023-04-07 18:47:38,677 - INFO - 输入预测标签为：[0, 0, 1, 0, 1, 1, 0, 1, 1, 0, 0, 0]
2023-04-07 18:47:38,679 - INFO - 输入实际标签为：[0, 0, 1, 1, 0, 0, 1, 0, 1, 1, 0, 1]
2023-04-07 18:47:38,858 - INFO - 输入预测标签为：[0, 0, 1, 1, 0, 0, 1, 0, 1, 1, 0, 1]
2023-04-07 18:47:38,859 - INFO - 输入实际标签为：[0, 0, 1, 1, 0, 0, 0, 0, 1, 0, 0, 0]
2023-04-07 18:47:39,037 - INFO - 输入预测标签为：[0, 0, 1, 1, 0, 0, 0, 0, 1, 0, 0, 0]
2023-04-07 18:47:39,038 - INFO - 输入实际标签为：[0, 0, 0, 1, 0, 1, 1, 0, 1, 0, 1, 1]
2023-04-07 18:47:39,218 - INFO - 输入预测标签为：[0, 0, 0, 1, 0, 1, 1, 0, 1, 0, 1, 1]
2023-04-07 18:47:39,220 - INFO - 输入实际标签为：[1, 1, 1, 0, 0, 1, 1, 1, 0, 1, 1, 1]
2023-04-07 18:47:39,399 - INFO - 输入预测标签为：[1, 1, 1, 0, 0, 1, 1, 1, 0, 1, 1, 1]
2023-04-07 18:47:39,401 - INFO - 输入实际标签为：[1, 1, 0, 0, 1, 1, 1, 0, 1, 1, 0, 0]
2023-04-07 18:47:39,580 - INFO - 输入预测标签为：[1, 1, 0, 0, 1, 1, 1, 0, 1, 1, 0, 0]
2023-04-07 18:47:39,581 - INFO - 输入实际标签为：[1, 1, 0, 0, 1, 0, 0, 1, 0, 1, 0, 0]
2023-04-07 18:47:39,760 - INFO - 输入预测标签为：[1, 1, 0, 0, 1, 0, 0, 1, 0, 1, 0, 0]
2023-04-07 18:47:39,761 - INFO - 输入实际标签为：[1, 0, 1, 1, 0, 0, 0, 1, 1, 1, 1, 0]
2023-04-07 18:47:39,938 - INFO - 输入预测标签为：[1, 0, 1, 1, 0, 0, 0, 1, 1, 1, 1, 0]
2023-04-07 18:47:39,939 - INFO - 输入实际标签为：[1, 0, 0, 0, 0, 1, 1, 0, 0, 0, 1, 0]
2023-04-07 18:47:40,118 - INFO - 输入预测标签为：[1, 0, 0, 0, 0, 1, 1, 0, 0, 0, 1, 0]
2023-04-07 18:47:40,119 - INFO - 输入实际标签为：[0, 1, 0, 0, 0, 0, 1, 0, 0, 0, 0, 0]
2023-04-07 18:47:40,300 - INFO - 输入预测标签为：[0, 1, 0, 0, 0, 0, 1, 0, 0, 0, 0, 0]
2023-04-07 18:47:40,302 - INFO - 输入实际标签为：[0, 0, 1, 1, 1, 0, 0, 1, 0, 1, 1, 0]
2023-04-07 18:47:40,481 - INFO - 输入预测标签为：[0, 0, 1, 1, 1, 0, 0, 1, 0, 1, 1, 0]
2023-04-07 18:47:40,482 - INFO - 输入实际标签为：[0, 1, 0, 0, 1, 0, 1, 1, 1, 1, 1, 1]
2023-04-07 18:47:40,662 - INFO - 输入预测标签为：[0, 1, 0, 0, 1, 0, 1, 1, 1, 1, 1, 1]
2023-04-07 18:47:40,663 - INFO - 输入实际标签为：[1, 1, 1, 0, 0, 0, 1, 0, 0, 1, 1, 1]
2023-04-07 18:47:40,842 - INFO - 输入预测标签为：[1, 1, 1, 0, 0, 0, 1, 0, 0, 1, 1, 1]
2023-04-07 18:47:40,843 - INFO - 输入实际标签为：[0, 0, 1, 0, 0, 0, 0, 1, 1, 0, 1, 0]
2023-04-07 18:47:41,021 - INFO - 输入预测标签为：[0, 0, 1, 0, 0, 0, 0, 1, 1, 0, 1, 0]
2023-04-07 18:47:41,022 - INFO - 输入实际标签为：[0, 0, 1, 0, 0, 1, 0, 1, 0, 1, 1, 0]
2023-04-07 18:47:41,201 - INFO - 输入预测标签为：[0, 0, 1, 0, 0, 1, 0, 1, 0, 1, 1, 0]
2023-04-07 18:47:41,202 - INFO - 输入实际标签为：[1, 0, 1, 1, 1, 0, 1, 0, 1, 0, 1, 1]
2023-04-07 18:47:41,383 - INFO - 输入预测标签为：[1, 0, 1, 1, 1, 0, 1, 0, 1, 0, 1, 1]
2023-04-07 18:47:41,384 - INFO - 输入实际标签为：[1, 0, 1, 1, 1, 1, 0, 0, 0, 1, 1, 0]
2023-04-07 18:47:41,563 - INFO - 输入预测标签为：[1, 0, 1, 1, 1, 1, 0, 0, 0, 1, 1, 0]
2023-04-07 18:47:41,565 - INFO - 输入实际标签为：[0, 1, 0, 0, 1, 1, 0, 1, 1, 1, 1, 0]
2023-04-07 18:47:41,742 - INFO - 输入预测标签为：[0, 1, 0, 0, 1, 1, 0, 1, 1, 1, 1, 0]
2023-04-07 18:47:41,744 - INFO - 输入实际标签为：[0, 1, 0, 1, 0, 0, 0, 0, 1, 1, 0, 1]
2023-04-07 18:47:41,922 - INFO - 输入预测标签为：[0, 1, 0, 1, 0, 0, 0, 0, 1, 1, 0, 1]
2023-04-07 18:47:41,924 - INFO - 输入实际标签为：[0, 1, 1, 1, 0, 0, 0, 1, 1, 1, 0, 0]
2023-04-07 18:47:42,103 - INFO - 输入预测标签为：[0, 1, 1, 1, 0, 0, 0, 1, 1, 1, 0, 0]
2023-04-07 18:47:42,105 - INFO - 输入实际标签为：[1, 0, 0, 0, 0, 0, 1, 0, 1, 0, 0, 0]
2023-04-07 18:47:42,285 - INFO - 输入预测标签为：[1, 0, 0, 0, 0, 0, 1, 0, 1, 0, 0, 0]
2023-04-07 18:47:42,286 - INFO - 输入实际标签为：[1, 1, 1, 1, 0, 1, 1, 1, 0, 1, 1, 0]
2023-04-07 18:47:42,466 - INFO - 输入预测标签为：[1, 1, 1, 1, 0, 1, 1, 1, 0, 1, 1, 0]
2023-04-07 18:47:42,468 - INFO - 输入实际标签为：[1, 0, 1, 0, 1, 1, 0, 1, 1, 0, 0, 1]
2023-04-07 18:47:42,646 - INFO - 输入预测标签为：[1, 0, 1, 0, 1, 1, 0, 1, 1, 0, 0, 1]
2023-04-07 18:47:42,647 - INFO - 输入实际标签为：[0, 1, 0, 1, 0, 0, 1, 0, 0, 1, 1, 0]
2023-04-07 18:47:42,825 - INFO - 输入预测标签为：[0, 1, 0, 1, 0, 0, 1, 0, 0, 1, 1, 0]
2023-04-07 18:47:42,827 - INFO - 输入实际标签为：[1, 0, 0, 1, 1, 0, 1, 0, 1, 0, 1, 1]
2023-04-07 18:47:43,006 - INFO - 输入预测标签为：[1, 0, 0, 1, 1, 0, 1, 0, 1, 0, 1, 1]
2023-04-07 18:47:43,008 - INFO - 输入实际标签为：[1, 0, 0, 1, 0, 1, 0, 1, 0, 0, 1, 0]
2023-04-07 18:47:43,188 - INFO - 输入预测标签为：[1, 0, 0, 1, 0, 1, 0, 1, 0, 0, 1, 0]
2023-04-07 18:47:43,189 - INFO - 输入实际标签为：[1, 0, 0, 1, 1, 1, 0, 0, 1, 1, 1, 1]
2023-04-07 18:47:43,368 - INFO - 输入预测标签为：[1, 0, 0, 1, 1, 1, 0, 0, 1, 1, 1, 1]
2023-04-07 18:47:43,370 - INFO - 输入实际标签为：[1, 0, 0, 1, 1, 0, 0, 0, 1, 1, 1, 0]
2023-04-07 18:47:43,549 - INFO - 输入预测标签为：[1, 0, 0, 1, 1, 0, 0, 0, 1, 1, 1, 0]
2023-04-07 18:47:43,551 - INFO - 输入实际标签为：[0, 1, 0, 1, 1, 0, 0, 1, 1, 1, 0, 0]
2023-04-07 18:47:43,729 - INFO - 输入预测标签为：[0, 1, 0, 1, 1, 0, 0, 1, 1, 1, 0, 0]
2023-04-07 18:47:43,731 - INFO - 输入实际标签为：[0, 1, 0, 0, 0, 1, 1, 0, 1, 0, 1, 1]
2023-04-07 18:47:43,911 - INFO - 输入预测标签为：[0, 1, 0, 0, 0, 1, 1, 0, 1, 0, 1, 1]
2023-04-07 18:47:43,912 - INFO - 输入实际标签为：[0, 0, 0, 0, 1, 1, 1, 1, 0, 0, 0, 1]
2023-04-07 18:47:44,091 - INFO - 输入预测标签为：[0, 0, 0, 0, 1, 1, 1, 1, 0, 0, 0, 1]
2023-04-07 18:47:44,092 - INFO - 输入实际标签为：[1, 0, 1, 1, 1, 1, 1, 1, 0, 1, 1, 1]
2023-04-07 18:47:44,272 - INFO - 输入预测标签为：[1, 0, 1, 1, 1, 1, 1, 1, 0, 1, 1, 1]
2023-04-07 18:47:44,273 - INFO - 输入实际标签为：[0, 0, 0, 0, 1, 0, 1, 0, 1, 1, 1, 1]
2023-04-07 18:47:44,454 - INFO - 输入预测标签为：[0, 0, 0, 0, 1, 0, 1, 0, 1, 1, 1, 1]
2023-04-07 18:47:44,455 - INFO - 输入实际标签为：[1, 0, 0, 1, 1, 1, 0, 0, 0, 1, 1, 0]
2023-04-07 18:47:44,634 - INFO - 输入预测标签为：[1, 0, 0, 1, 1, 1, 0, 0, 0, 1, 1, 0]
2023-04-07 18:47:44,635 - INFO - 输入实际标签为：[0, 0, 0, 1, 1, 0, 0, 0, 1, 0, 0, 0]
2023-04-07 18:47:44,815 - INFO - 输入预测标签为：[0, 0, 0, 1, 1, 0, 0, 0, 1, 0, 0, 0]
2023-04-07 18:47:44,817 - INFO - 输入实际标签为：[1, 1, 1, 0, 1, 1, 0, 0, 0, 0, 1, 0]
2023-04-07 18:47:44,996 - INFO - 输入预测标签为：[1, 1, 1, 0, 1, 1, 0, 0, 0, 0, 1, 0]
2023-04-07 18:47:44,998 - INFO - 输入实际标签为：[1, 1, 0, 1, 1, 0, 1, 0, 1, 1, 0, 1]
2023-04-07 18:47:45,178 - INFO - 输入预测标签为：[1, 1, 0, 1, 1, 0, 1, 0, 1, 1, 0, 1]
2023-04-07 18:47:45,179 - INFO - 输入实际标签为：[1, 1, 1, 0, 0, 1, 1, 1, 0, 1, 1, 0]
2023-04-07 18:47:45,359 - INFO - 输入预测标签为：[1, 1, 1, 0, 0, 1, 1, 1, 0, 1, 1, 0]
2023-04-07 18:47:45,360 - INFO - 输入实际标签为：[0, 1, 0, 1, 1, 1, 1, 0, 1, 1, 1, 1]
2023-04-07 18:47:45,540 - INFO - 输入预测标签为：[0, 1, 0, 1, 1, 1, 1, 0, 1, 1, 1, 1]
2023-04-07 18:47:45,541 - INFO - 输入实际标签为：[0, 1, 1, 0, 1, 0, 0, 1, 0, 1, 1, 0]
2023-04-07 18:47:45,721 - INFO - 输入预测标签为：[0, 1, 1, 0, 1, 0, 0, 1, 0, 1, 1, 0]
2023-04-07 18:47:45,723 - INFO - 输入实际标签为：[0, 1, 1, 0, 0, 1, 1, 0, 1, 0, 0, 0]
2023-04-07 18:47:45,903 - INFO - 输入预测标签为：[0, 1, 1, 0, 0, 1, 1, 0, 1, 0, 0, 0]
2023-04-07 18:47:45,904 - INFO - 输入实际标签为：[0, 0, 0, 1, 1, 1, 0, 1, 1, 0, 1, 0]
2023-04-07 18:47:46,083 - INFO - 输入预测标签为：[0, 0, 0, 1, 1, 1, 0, 1, 1, 0, 1, 0]
2023-04-07 18:47:46,084 - INFO - 输入实际标签为：[0, 1, 1, 1, 1, 0, 0, 1, 1, 1, 1, 0]
2023-04-07 18:47:46,264 - INFO - 输入预测标签为：[0, 1, 1, 1, 1, 0, 0, 1, 1, 1, 1, 0]
2023-04-07 18:47:46,265 - INFO - 输入实际标签为：[1, 1, 0, 1, 0, 1, 1, 1, 0, 1, 1, 1]
2023-04-07 18:47:46,446 - INFO - 输入预测标签为：[1, 1, 0, 1, 0, 1, 1, 1, 0, 1, 1, 1]
2023-04-07 18:47:46,447 - INFO - 输入实际标签为：[1, 1, 1, 0, 0, 0, 0, 0, 1, 0, 0, 1]
2023-04-07 18:47:46,627 - INFO - 输入预测标签为：[1, 1, 1, 0, 0, 0, 0, 0, 1, 0, 0, 1]
2023-04-07 18:47:46,629 - INFO - 输入实际标签为：[0, 0, 1, 1, 1, 1, 1, 1, 1, 1, 1, 1]
2023-04-07 18:47:46,808 - INFO - 输入预测标签为：[0, 0, 1, 1, 1, 1, 1, 1, 1, 1, 1, 1]
2023-04-07 18:47:46,809 - INFO - 输入实际标签为：[0, 0, 0, 0, 1, 0, 1, 1, 1, 1, 1, 1]
2023-04-07 18:47:46,989 - INFO - 输入预测标签为：[0, 0, 0, 0, 1, 0, 1, 1, 1, 1, 1, 1]
2023-04-07 18:47:46,990 - INFO - 输入实际标签为：[1, 1, 1, 1, 1, 0, 1, 1, 0, 0, 1, 1]
2023-04-07 18:47:47,169 - INFO - 输入预测标签为：[1, 1, 1, 1, 1, 0, 1, 1, 0, 0, 1, 1]
2023-04-07 18:47:47,170 - INFO - 输入实际标签为：[1, 1, 1, 0, 1, 1, 0, 1, 1, 1, 0, 0]
2023-04-07 18:47:47,351 - INFO - 输入预测标签为：[1, 1, 1, 0, 1, 1, 0, 1, 1, 1, 0, 0]
2023-04-07 18:47:47,352 - INFO - 输入实际标签为：[1, 1, 0, 1, 1, 0, 0, 1, 0, 0, 0, 0]
2023-04-07 18:47:47,532 - INFO - 输入预测标签为：[1, 1, 0, 1, 1, 0, 0, 1, 0, 0, 0, 0]
2023-04-07 18:47:47,533 - INFO - 输入实际标签为：[0, 0, 1, 0, 1, 1, 1, 1, 1, 1, 1, 0]
2023-04-07 18:47:47,714 - INFO - 输入预测标签为：[0, 0, 1, 0, 1, 1, 1, 1, 1, 1, 1, 0]
2023-04-07 18:47:47,715 - INFO - 输入实际标签为：[1, 0, 1, 1, 1, 0, 1, 0, 0, 0, 0, 0]
2023-04-07 18:47:47,895 - INFO - 输入预测标签为：[1, 0, 1, 1, 1, 0, 1, 0, 0, 0, 0, 1]
2023-04-07 18:47:47,896 - INFO - 输入实际标签为：[1, 0, 1, 1, 1, 0, 1, 0, 1, 0, 1, 1]
2023-04-07 18:47:48,075 - INFO - 输入预测标签为：[1, 0, 1, 1, 1, 0, 1, 0, 1, 0, 1, 1]
2023-04-07 18:47:48,076 - INFO - 输入实际标签为：[1, 0, 1, 0, 1, 0, 1, 1, 1, 1, 0, 0]
2023-04-07 18:47:48,256 - INFO - 输入预测标签为：[1, 0, 1, 0, 1, 0, 1, 1, 1, 1, 0, 0]
2023-04-07 18:47:48,257 - INFO - 输入实际标签为：[1, 0, 1, 0, 1, 1, 0, 0, 0, 0, 1, 0]
2023-04-07 18:47:48,437 - INFO - 输入预测标签为：[1, 0, 1, 0, 1, 1, 0, 0, 0, 0, 1, 0]
2023-04-07 18:47:48,438 - INFO - 输入实际标签为：[1, 0, 0, 0, 1, 0, 1, 0, 0, 1, 1, 0]
2023-04-07 18:47:48,618 - INFO - 输入预测标签为：[1, 0, 0, 0, 1, 0, 1, 0, 0, 1, 1, 0]
2023-04-07 18:47:48,620 - INFO - 输入实际标签为：[0, 1, 0, 1, 0, 1, 1, 1, 0, 1, 1, 1]
2023-04-07 18:47:48,799 - INFO - 输入预测标签为：[0, 1, 0, 1, 0, 1, 1, 1, 0, 1, 1, 1]
2023-04-07 18:47:48,800 - INFO - 输入实际标签为：[1, 1, 1, 1, 0, 1, 1, 1, 0, 0, 0, 1]
2023-04-07 18:47:48,980 - INFO - 输入预测标签为：[1, 1, 1, 1, 0, 1, 1, 1, 0, 0, 0, 1]
2023-04-07 18:47:48,981 - INFO - 输入实际标签为：[0, 0, 1, 0, 1, 1, 1, 1, 1, 0, 1, 0]
2023-04-07 18:47:49,161 - INFO - 输入预测标签为：[0, 0, 1, 0, 1, 1, 1, 1, 1, 0, 1, 0]
2023-04-07 18:47:49,162 - INFO - 输入实际标签为：[1, 0, 0, 0, 1, 1, 1, 1, 0, 1, 0, 1]
2023-04-07 18:47:49,342 - INFO - 输入预测标签为：[1, 0, 0, 0, 1, 1, 1, 1, 0, 1, 0, 1]
2023-04-07 18:47:49,343 - INFO - 输入实际标签为：[0, 0, 1, 0, 1, 1, 1, 1, 0, 0, 1, 0]
2023-04-07 18:47:49,523 - INFO - 输入预测标签为：[0, 0, 1, 0, 1, 1, 1, 1, 0, 0, 1, 0]
2023-04-07 18:47:49,524 - INFO - 输入实际标签为：[0, 1, 1, 1, 1, 1, 0, 1, 0, 0, 0, 0]
2023-04-07 18:47:49,704 - INFO - 输入预测标签为：[0, 1, 1, 1, 1, 1, 0, 1, 0, 0, 0, 0]
2023-04-07 18:47:49,705 - INFO - 输入实际标签为：[0, 0, 1, 0, 1, 0, 1, 0, 1, 0, 1, 1]
2023-04-07 18:47:49,886 - INFO - 输入预测标签为：[0, 0, 1, 0, 1, 0, 1, 0, 1, 0, 1, 1]
2023-04-07 18:47:49,887 - INFO - 输入实际标签为：[0, 0, 1, 1, 1, 1, 1, 1, 1, 0, 0, 0]
2023-04-07 18:47:50,067 - INFO - 输入预测标签为：[0, 0, 1, 1, 1, 1, 1, 1, 1, 0, 0, 0]
2023-04-07 18:47:50,068 - INFO - 输入实际标签为：[1, 0, 0, 1, 0, 0, 0, 0, 1, 1, 1, 0]
2023-04-07 18:47:50,247 - INFO - 输入预测标签为：[1, 0, 0, 1, 0, 0, 0, 0, 1, 1, 1, 0]
2023-04-07 18:47:50,249 - INFO - 输入实际标签为：[0, 1, 1, 0, 1, 1, 1, 1, 1, 0, 0, 1]
2023-04-07 18:47:50,430 - INFO - 输入预测标签为：[0, 1, 1, 0, 1, 1, 1, 1, 1, 0, 0, 1]
2023-04-07 18:47:50,431 - INFO - 输入实际标签为：[1, 0, 0, 0, 0, 1, 0, 1, 0, 0, 0, 0]
2023-04-07 18:47:50,610 - INFO - 输入预测标签为：[1, 0, 0, 0, 0, 1, 0, 1, 0, 0, 1, 0]
2023-04-07 18:47:50,611 - INFO - 输入实际标签为：[0, 0, 1, 0, 1, 0, 1, 1, 1, 1, 0, 1]
2023-04-07 18:47:50,791 - INFO - 输入预测标签为：[0, 0, 1, 0, 1, 0, 1, 1, 1, 1, 0, 1]
2023-04-07 18:47:50,792 - INFO - 输入实际标签为：[1, 1, 1, 0, 1, 1, 0, 0, 0, 1, 1, 0]
2023-04-07 18:47:50,972 - INFO - 输入预测标签为：[1, 1, 1, 0, 1, 1, 0, 0, 0, 1, 1, 0]
2023-04-07 18:47:50,973 - INFO - 输入实际标签为：[0, 0, 1, 0, 1, 0, 0, 1, 1, 0, 1, 0]
2023-04-07 18:47:51,153 - INFO - 输入预测标签为：[0, 0, 1, 0, 1, 0, 0, 1, 1, 0, 1, 0]
2023-04-07 18:47:51,155 - INFO - 输入实际标签为：[0, 0, 1, 1, 0, 0, 1, 1, 0, 0, 0, 0]
2023-04-07 18:47:51,335 - INFO - 输入预测标签为：[0, 0, 1, 1, 0, 0, 1, 1, 0, 0, 0, 0]
2023-04-07 18:47:51,335 - INFO - 输入实际标签为：[0, 0, 1, 1, 0, 1, 1, 1, 0, 0, 0, 1]
2023-04-07 18:47:51,516 - INFO - 输入预测标签为：[0, 0, 1, 1, 0, 1, 1, 1, 0, 0, 0, 1]
2023-04-07 18:47:51,517 - INFO - 输入实际标签为：[0, 1, 0, 1, 1, 1, 0, 0, 1, 0, 1, 1]
2023-04-07 18:47:51,697 - INFO - 输入预测标签为：[0, 1, 0, 1, 1, 1, 0, 0, 1, 0, 1, 1]
2023-04-07 18:47:51,698 - INFO - 输入实际标签为：[0, 1, 0, 0, 0, 0, 1, 1, 1, 1, 0, 1]
2023-04-07 18:47:51,878 - INFO - 输入预测标签为：[0, 1, 0, 0, 0, 0, 1, 1, 1, 1, 0, 1]
2023-04-07 18:47:51,879 - INFO - 输入实际标签为：[0, 1, 1, 0, 0, 1, 1, 0, 0, 0, 0, 0]
2023-04-07 18:47:52,059 - INFO - 输入预测标签为：[0, 1, 1, 0, 0, 1, 1, 0, 0, 0, 0, 0]
2023-04-07 18:47:52,060 - INFO - 输入实际标签为：[0, 1, 1, 1, 0, 1, 0, 0, 1, 0, 1, 0]
2023-04-07 18:47:52,240 - INFO - 输入预测标签为：[0, 1, 1, 1, 0, 1, 1, 0, 1, 0, 1, 0]
2023-04-07 18:47:52,241 - INFO - 输入实际标签为：[1, 1, 0, 0, 1, 1, 1, 0, 0, 0, 1, 1]
2023-04-07 18:47:52,421 - INFO - 输入预测标签为：[1, 1, 0, 0, 1, 1, 1, 1, 0, 0, 1, 1]
2023-04-07 18:47:52,423 - INFO - 输入实际标签为：[1, 0, 1, 0, 1, 0, 0, 0, 1, 0, 0, 0]
2023-04-07 18:47:52,602 - INFO - 输入预测标签为：[1, 0, 1, 0, 1, 0, 0, 0, 1, 0, 0, 0]
2023-04-07 18:47:52,603 - INFO - 输入实际标签为：[0, 1, 0, 0, 0, 1, 1, 0, 1, 1, 0, 1]
2023-04-07 18:47:52,783 - INFO - 输入预测标签为：[0, 1, 0, 0, 0, 1, 1, 0, 1, 1, 0, 1]
2023-04-07 18:47:52,784 - INFO - 输入实际标签为：[1, 0, 0, 1, 0, 0, 1, 1, 0, 1, 1, 1]
2023-04-07 18:47:52,965 - INFO - 输入预测标签为：[1, 0, 0, 1, 0, 0, 1, 1, 0, 1, 1, 1]
2023-04-07 18:47:52,966 - INFO - 输入实际标签为：[1, 0, 0, 0, 1, 1, 1, 1, 0, 1, 1, 0]
2023-04-07 18:47:53,148 - INFO - 输入预测标签为：[1, 0, 0, 0, 1, 1, 1, 1, 0, 1, 1, 0]
2023-04-07 18:47:53,150 - INFO - 输入实际标签为：[1, 1, 1, 0, 1, 1, 1, 1, 0, 1, 0, 0]
2023-04-07 18:47:53,331 - INFO - 输入预测标签为：[1, 1, 1, 0, 1, 1, 1, 1, 0, 1, 0, 0]
2023-04-07 18:47:53,332 - INFO - 输入实际标签为：[1, 0, 1, 0, 1, 1, 1, 0, 0, 0, 1, 1]
2023-04-07 18:47:53,512 - INFO - 输入预测标签为：[1, 0, 1, 0, 1, 1, 1, 0, 0, 0, 1, 1]
2023-04-07 18:47:53,513 - INFO - 输入实际标签为：[0, 1, 0, 1, 0, 0, 1, 1, 1, 1, 0, 0]
2023-04-07 18:47:53,692 - INFO - 输入预测标签为：[0, 1, 0, 1, 0, 0, 1, 1, 1, 1, 0, 0]
2023-04-07 18:47:53,693 - INFO - 输入实际标签为：[0, 1, 1, 1, 0, 0, 0, 1, 0, 1, 0, 0]
2023-04-07 18:47:53,873 - INFO - 输入预测标签为：[0, 1, 1, 1, 0, 0, 0, 1, 0, 1, 0, 0]
2023-04-07 18:47:53,875 - INFO - 输入实际标签为：[0, 1, 0, 0, 0, 0, 1, 1, 1, 0, 1, 1]
2023-04-07 18:47:54,055 - INFO - 输入预测标签为：[0, 1, 0, 0, 0, 0, 1, 1, 1, 0, 1, 1]
2023-04-07 18:47:54,057 - INFO - 输入实际标签为：[1, 0, 1, 0, 1, 1, 0, 1, 1, 1, 1, 1]
2023-04-07 18:47:54,240 - INFO - 输入预测标签为：[1, 0, 1, 0, 1, 1, 0, 1, 1, 1, 1, 1]
2023-04-07 18:47:54,241 - INFO - 输入实际标签为：[1, 0, 0, 1, 0, 1, 0, 0, 0, 1, 0, 1]
2023-04-07 18:47:54,422 - INFO - 输入预测标签为：[1, 0, 0, 1, 0, 1, 0, 0, 0, 1, 0, 1]
2023-04-07 18:47:54,423 - INFO - 输入实际标签为：[1, 1, 0, 1, 1, 0, 0, 1, 1, 1, 1, 0]
2023-04-07 18:47:54,605 - INFO - 输入预测标签为：[1, 1, 0, 1, 1, 0, 0, 1, 1, 1, 1, 0]
2023-04-07 18:47:54,606 - INFO - 输入实际标签为：[1, 1, 1, 1, 1, 0, 1, 1, 1, 0, 1, 0]
2023-04-07 18:47:54,789 - INFO - 输入预测标签为：[1, 1, 1, 1, 1, 0, 1, 1, 1, 0, 1, 0]
2023-04-07 18:47:54,790 - INFO - 输入实际标签为：[1, 1, 0, 1, 1, 0, 0, 0, 0, 0, 1, 1]
2023-04-07 18:47:54,971 - INFO - 输入预测标签为：[1, 1, 0, 1, 1, 0, 0, 0, 0, 0, 1, 1]
2023-04-07 18:47:54,972 - INFO - 输入实际标签为：[0, 1, 1, 0, 0, 1, 0, 0, 1, 1, 1, 1]
2023-04-07 18:47:55,154 - INFO - 输入预测标签为：[0, 1, 1, 0, 0, 1, 0, 0, 1, 1, 1, 1]
2023-04-07 18:47:55,155 - INFO - 输入实际标签为：[0, 0, 1, 1, 0, 0, 0, 1, 0, 1, 0, 1]
2023-04-07 18:47:55,337 - INFO - 输入预测标签为：[0, 0, 1, 1, 0, 0, 0, 1, 0, 1, 0, 1]
2023-04-07 18:47:55,338 - INFO - 输入实际标签为：[0, 1, 0, 0, 1, 0, 1, 1, 1, 0, 0, 0]
2023-04-07 18:47:55,519 - INFO - 输入预测标签为：[0, 1, 0, 1, 1, 0, 1, 1, 1, 0, 0, 0]
2023-04-07 18:47:55,521 - INFO - 输入实际标签为：[1, 0, 1, 1, 1, 1, 0, 1, 1, 1, 1, 0]
2023-04-07 18:47:55,701 - INFO - 输入预测标签为：[1, 0, 1, 1, 1, 1, 0, 1, 1, 1, 1, 0]
2023-04-07 18:47:55,702 - INFO - 输入实际标签为：[0, 0, 1, 1, 1, 1, 0, 1, 1, 0, 1, 1]
2023-04-07 18:47:55,883 - INFO - 输入预测标签为：[0, 0, 1, 1, 1, 1, 0, 1, 1, 0, 1, 1]
2023-04-07 18:47:55,884 - INFO - 输入实际标签为：[0, 0, 0, 1, 0, 1, 1, 1, 0, 0, 0, 1]
2023-04-07 18:47:56,066 - INFO - 输入预测标签为：[0, 0, 0, 1, 0, 1, 1, 1, 0, 0, 0, 1]
2023-04-07 18:47:56,067 - INFO - 输入实际标签为：[1, 1, 1, 1, 0, 1, 0, 1, 0, 0, 1, 1]
2023-04-07 18:47:56,248 - INFO - 输入预测标签为：[1, 1, 1, 1, 0, 1, 0, 1, 0, 0, 1, 1]
2023-04-07 18:47:56,249 - INFO - 输入实际标签为：[0, 1, 0, 1, 1, 1, 1, 0, 0, 0, 1, 0]
2023-04-07 18:47:56,431 - INFO - 输入预测标签为：[0, 1, 0, 1, 1, 1, 1, 0, 0, 0, 1, 0]
2023-04-07 18:47:56,431 - INFO - ————————————————模型测试结束————————————————
2023-04-07 18:47:56,431 - INFO - 总测试样本: 1344个
2023-04-07 18:47:56,431 - INFO - 预测正确样本: 1337个
2023-04-07 18:47:56,431 - INFO - 测试准确度: 0.994792
2023-04-07 18:47:56,448 - INFO - -----------------------------
2023-04-07 18:47:56,448 - INFO - Accuracy: 0.9947916666666666
2023-04-07 18:47:56,448 - INFO - Precision: 0.9952380952380953
2023-04-07 18:47:56,448 - INFO - Recall: 0.9943181818181819
2023-04-07 18:47:56,448 - INFO - F1 Score: 0.9947505126452494
2023-04-07 18:47:56,448 - INFO - AUC Score: 0.9943181818181819
2023-04-07 18:47:56,448 - INFO - -----------------------------
2023-04-07 18:47:56,453 - INFO - 
              precision    recall  f1-score   support

           0       1.00      0.99      0.99       616
           1       0.99      1.00      1.00       728

    accuracy                           0.99      1344
   macro avg       1.00      0.99      0.99      1344
weighted avg       0.99      0.99      0.99      1344

2023-04-07 18:47:56,453 - INFO - -----------------------------
2023-04-07 18:47:56,453 - INFO - -----------混淆矩阵------------
2023-04-07 18:47:56,455 - INFO - 
[[609   7]
 [  0 728]]
2023-04-07 18:47:56,455 - INFO - -----------------------------
2023-04-07 18:47:56,759 - INFO - ————————————————预测文本类别————————————————
2023-04-07 18:47:56,777 - INFO - 这条微博有99.99%的概率为非谣言，有0.01%的概率为谣言
2023-04-07 18:47:56,777 - INFO - ——————————————————————
2023-04-07 18:47:56,777 - INFO - ——————程序运行结束——————
