2023-04-07 19:53:08,015 - INFO - ——————程序运行开始——————
2023-04-07 19:53:08,016 - INFO - ——————————————————————
2023-04-07 19:53:08,016 - INFO - ——————输出训练参数——————
2023-04-07 19:53:08,016 - INFO - Batch_size：12
2023-04-07 19:53:08,016 - INFO - Epochs：2
2023-04-07 19:53:08,016 - INFO - Learning_rate：2e-05
2023-04-07 19:53:08,016 - INFO - max_seq_length：256
2023-04-07 19:53:08,017 - INFO - num_labels：2
2023-04-07 19:53:08,017 - INFO - ——————输出数据信息——————
2023-04-07 19:53:08,440 - INFO - GPU is available
2023-04-07 19:53:08,487 - INFO - 数据集总数：13548 条
2023-04-07 19:53:08,487 - INFO - 谣言总数：6152 条
2023-04-07 19:53:08,487 - INFO - 非谣言总数：7396 条
2023-04-07 19:53:08,560 - INFO - 成功划分训练集和测试集！
2023-04-07 19:53:08,560 - INFO - 训练集：12193 条
2023-04-07 19:53:08,561 - INFO - 测试集：1355 条
2023-04-07 19:53:09,741 - DEBUG - Building prefix dict from the default dictionary ...
2023-04-07 19:53:09,742 - DEBUG - Loading model from cache C:\Users\zjf\AppData\Local\Temp\jieba.cache
2023-04-07 19:53:10,298 - DEBUG - Loading model cost 0.557 seconds.
2023-04-07 19:53:10,298 - DEBUG - Prefix dict has been built successfully.
2023-04-07 19:53:47,962 - INFO - ————————————————模型训练开始————————————————
2023-04-07 19:53:48,900 - INFO - Epoch: 0, Batch: 0, Loss: 0.7186431884765625
2023-04-07 19:53:54,211 - INFO - Epoch: 0, Batch: 10, Loss: 0.6755610704421997
2023-04-07 19:53:59,510 - INFO - Epoch: 0, Batch: 20, Loss: 0.6286974549293518
2023-04-07 19:54:04,824 - INFO - Epoch: 0, Batch: 30, Loss: 0.444172739982605
2023-04-07 19:54:10,156 - INFO - Epoch: 0, Batch: 40, Loss: 0.3989001214504242
2023-04-07 19:54:15,489 - INFO - Epoch: 0, Batch: 50, Loss: 0.25303661823272705
2023-04-07 19:54:20,841 - INFO - Epoch: 0, Batch: 60, Loss: 0.41064152121543884
2023-04-07 19:54:26,216 - INFO - Epoch: 0, Batch: 70, Loss: 0.1840277910232544
2023-04-07 19:54:31,596 - INFO - Epoch: 0, Batch: 80, Loss: 0.2631969153881073
2023-04-07 19:54:36,994 - INFO - Epoch: 0, Batch: 90, Loss: 0.4717911183834076
2023-04-07 19:54:42,402 - INFO - Epoch: 0, Batch: 100, Loss: 0.2724860906600952
2023-04-07 19:54:47,805 - INFO - Epoch: 0, Batch: 110, Loss: 0.104948990046978
2023-04-07 19:54:53,224 - INFO - Epoch: 0, Batch: 120, Loss: 0.4232253432273865
2023-04-07 19:54:58,633 - INFO - Epoch: 0, Batch: 130, Loss: 0.35486817359924316
2023-04-07 19:55:04,058 - INFO - Epoch: 0, Batch: 140, Loss: 0.3548685312271118
2023-04-07 19:55:09,488 - INFO - Epoch: 0, Batch: 150, Loss: 0.48748213052749634
2023-04-07 19:55:14,924 - INFO - Epoch: 0, Batch: 160, Loss: 0.2965310513973236
2023-04-07 19:55:20,362 - INFO - Epoch: 0, Batch: 170, Loss: 0.23848998546600342
2023-04-07 19:55:25,815 - INFO - Epoch: 0, Batch: 180, Loss: 0.06214087828993797
2023-04-07 19:55:31,258 - INFO - Epoch: 0, Batch: 190, Loss: 0.34241151809692383
2023-04-07 19:55:36,721 - INFO - Epoch: 0, Batch: 200, Loss: 0.2900921702384949
2023-04-07 19:55:42,203 - INFO - Epoch: 0, Batch: 210, Loss: 0.13211852312088013
2023-04-07 19:55:47,683 - INFO - Epoch: 0, Batch: 220, Loss: 0.1899239420890808
2023-04-07 19:55:53,137 - INFO - Epoch: 0, Batch: 230, Loss: 0.22798840701580048
2023-04-07 19:55:58,600 - INFO - Epoch: 0, Batch: 240, Loss: 0.2014220952987671
2023-04-07 19:56:04,062 - INFO - Epoch: 0, Batch: 250, Loss: 0.3801620900630951
2023-04-07 19:56:09,536 - INFO - Epoch: 0, Batch: 260, Loss: 0.04381901025772095
2023-04-07 19:56:15,030 - INFO - Epoch: 0, Batch: 270, Loss: 0.025443872436881065
2023-04-07 19:56:20,517 - INFO - Epoch: 0, Batch: 280, Loss: 0.12876515090465546
2023-04-07 19:56:26,019 - INFO - Epoch: 0, Batch: 290, Loss: 0.0816974937915802
2023-04-07 19:56:31,499 - INFO - Epoch: 0, Batch: 300, Loss: 0.16161945462226868
2023-04-07 19:56:36,982 - INFO - Epoch: 0, Batch: 310, Loss: 0.40874990820884705
2023-04-07 19:56:42,494 - INFO - Epoch: 0, Batch: 320, Loss: 0.0826396644115448
2023-04-07 19:56:47,985 - INFO - Epoch: 0, Batch: 330, Loss: 0.38992899656295776
2023-04-07 19:56:53,499 - INFO - Epoch: 0, Batch: 340, Loss: 0.20717394351959229
2023-04-07 19:56:59,038 - INFO - Epoch: 0, Batch: 350, Loss: 0.3935839831829071
2023-04-07 19:57:04,569 - INFO - Epoch: 0, Batch: 360, Loss: 0.11277111619710922
2023-04-07 19:57:10,072 - INFO - Epoch: 0, Batch: 370, Loss: 0.12388408184051514
2023-04-07 19:57:15,569 - INFO - Epoch: 0, Batch: 380, Loss: 0.11804091930389404
2023-04-07 19:57:21,079 - INFO - Epoch: 0, Batch: 390, Loss: 0.11570247262716293
2023-04-07 19:57:26,588 - INFO - Epoch: 0, Batch: 400, Loss: 0.2909109592437744
2023-04-07 19:57:32,113 - INFO - Epoch: 0, Batch: 410, Loss: 0.3370922803878784
2023-04-07 19:57:37,622 - INFO - Epoch: 0, Batch: 420, Loss: 0.0575711727142334
2023-04-07 19:57:43,131 - INFO - Epoch: 0, Batch: 430, Loss: 0.020079754292964935
2023-04-07 19:57:48,675 - INFO - Epoch: 0, Batch: 440, Loss: 0.019639909267425537
2023-04-07 19:57:54,210 - INFO - Epoch: 0, Batch: 450, Loss: 0.5953077673912048
2023-04-07 19:57:59,747 - INFO - Epoch: 0, Batch: 460, Loss: 0.2670769691467285
2023-04-07 19:58:05,275 - INFO - Epoch: 0, Batch: 470, Loss: 0.09673289954662323
2023-04-07 19:58:10,810 - INFO - Epoch: 0, Batch: 480, Loss: 0.029732223600149155
2023-04-07 19:58:16,336 - INFO - Epoch: 0, Batch: 490, Loss: 0.2175605297088623
2023-04-07 19:58:21,876 - INFO - Epoch: 0, Batch: 500, Loss: 0.022309353575110435
2023-04-07 19:58:27,429 - INFO - Epoch: 0, Batch: 510, Loss: 0.019814904779195786
2023-04-07 19:58:32,995 - INFO - Epoch: 0, Batch: 520, Loss: 0.01565202884376049
2023-04-07 19:58:38,569 - INFO - Epoch: 0, Batch: 530, Loss: 0.01546706072986126
2023-04-07 19:58:44,128 - INFO - Epoch: 0, Batch: 540, Loss: 0.2070668637752533
2023-04-07 19:58:49,667 - INFO - Epoch: 0, Batch: 550, Loss: 0.018024176359176636
2023-04-07 19:58:55,221 - INFO - Epoch: 0, Batch: 560, Loss: 0.018872402608394623
2023-04-07 19:59:00,778 - INFO - Epoch: 0, Batch: 570, Loss: 0.03027646243572235
2023-04-07 19:59:06,319 - INFO - Epoch: 0, Batch: 580, Loss: 0.11346375942230225
2023-04-07 19:59:11,885 - INFO - Epoch: 0, Batch: 590, Loss: 0.07643324136734009
2023-04-07 19:59:17,447 - INFO - Epoch: 0, Batch: 600, Loss: 0.1164277046918869
2023-04-07 19:59:23,014 - INFO - Epoch: 0, Batch: 610, Loss: 0.175451397895813
2023-04-07 19:59:28,571 - INFO - Epoch: 0, Batch: 620, Loss: 0.056821852922439575
2023-04-07 19:59:34,161 - INFO - Epoch: 0, Batch: 630, Loss: 0.10141473263502121
2023-04-07 19:59:39,718 - INFO - Epoch: 0, Batch: 640, Loss: 0.017887985333800316
2023-04-07 19:59:45,306 - INFO - Epoch: 0, Batch: 650, Loss: 0.022460024803876877
2023-04-07 19:59:50,845 - INFO - Epoch: 0, Batch: 660, Loss: 0.2940094769001007
2023-04-07 19:59:56,398 - INFO - Epoch: 0, Batch: 670, Loss: 0.024492628872394562
2023-04-07 20:00:01,955 - INFO - Epoch: 0, Batch: 680, Loss: 0.040766432881355286
2023-04-07 20:00:07,524 - INFO - Epoch: 0, Batch: 690, Loss: 0.10772993415594101
2023-04-07 20:00:13,075 - INFO - Epoch: 0, Batch: 700, Loss: 0.04129067063331604
2023-04-07 20:00:18,640 - INFO - Epoch: 0, Batch: 710, Loss: 0.12177477777004242
2023-04-07 20:00:24,191 - INFO - Epoch: 0, Batch: 720, Loss: 0.06807994842529297
2023-04-07 20:00:29,755 - INFO - Epoch: 0, Batch: 730, Loss: 0.017977751791477203
2023-04-07 20:00:35,301 - INFO - Epoch: 0, Batch: 740, Loss: 0.05451832339167595
2023-04-07 20:00:40,867 - INFO - Epoch: 0, Batch: 750, Loss: 0.015578357502818108
2023-04-07 20:00:46,428 - INFO - Epoch: 0, Batch: 760, Loss: 0.31990015506744385
2023-04-07 20:00:52,003 - INFO - Epoch: 0, Batch: 770, Loss: 0.0248231440782547
2023-04-07 20:00:57,590 - INFO - Epoch: 0, Batch: 780, Loss: 0.030861761420965195
2023-04-07 20:01:03,179 - INFO - Epoch: 0, Batch: 790, Loss: 0.012135913595557213
2023-04-07 20:01:08,764 - INFO - Epoch: 0, Batch: 800, Loss: 0.01098188292235136
2023-04-07 20:01:14,318 - INFO - Epoch: 0, Batch: 810, Loss: 0.015886418521404266
2023-04-07 20:01:19,861 - INFO - Epoch: 0, Batch: 820, Loss: 0.014533055946230888
2023-04-07 20:01:25,435 - INFO - Epoch: 0, Batch: 830, Loss: 0.008469412103295326
2023-04-07 20:01:31,005 - INFO - Epoch: 0, Batch: 840, Loss: 0.030735280364751816
2023-04-07 20:01:36,447 - INFO - Epoch: 0, Batch: 850, Loss: 0.07851764559745789
2023-04-07 20:01:41,955 - INFO - Epoch: 0, Batch: 860, Loss: 0.05086202174425125
2023-04-07 20:01:47,517 - INFO - Epoch: 0, Batch: 870, Loss: 0.009606712497770786
2023-04-07 20:01:53,084 - INFO - Epoch: 0, Batch: 880, Loss: 0.12528067827224731
2023-04-07 20:01:58,630 - INFO - Epoch: 0, Batch: 890, Loss: 0.007938196882605553
2023-04-07 20:02:04,160 - INFO - Epoch: 0, Batch: 900, Loss: 0.013057418167591095
2023-04-07 20:02:09,687 - INFO - Epoch: 0, Batch: 910, Loss: 0.23058252036571503
2023-04-07 20:02:15,238 - INFO - Epoch: 0, Batch: 920, Loss: 0.039609145373106
2023-04-07 20:02:20,763 - INFO - Epoch: 0, Batch: 930, Loss: 0.013129126280546188
2023-04-07 20:02:26,287 - INFO - Epoch: 0, Batch: 940, Loss: 0.030090024694800377
2023-04-07 20:02:31,822 - INFO - Epoch: 0, Batch: 950, Loss: 0.023847123607993126
2023-04-07 20:02:37,339 - INFO - Epoch: 0, Batch: 960, Loss: 0.012796979397535324
2023-04-07 20:02:42,873 - INFO - Epoch: 0, Batch: 970, Loss: 0.008097230456769466
2023-04-07 20:02:48,420 - INFO - Epoch: 0, Batch: 980, Loss: 0.00691855838522315
2023-04-07 20:02:53,951 - INFO - Epoch: 0, Batch: 990, Loss: 0.011999323032796383
2023-04-07 20:02:59,473 - INFO - Epoch: 0, Batch: 1000, Loss: 0.05803512781858444
2023-04-07 20:03:05,014 - INFO - Epoch: 0, Batch: 1010, Loss: 0.2765049636363983
2023-04-07 20:03:07,773 - INFO - Epoch [1/2], Average Loss: 0.1755
2023-04-07 20:03:08,324 - INFO - Epoch: 1, Batch: 0, Loss: 0.008493917062878609
2023-04-07 20:03:13,845 - INFO - Epoch: 1, Batch: 10, Loss: 0.013772577047348022
2023-04-07 20:03:19,386 - INFO - Epoch: 1, Batch: 20, Loss: 0.007288847118616104
2023-04-07 20:03:24,908 - INFO - Epoch: 1, Batch: 30, Loss: 0.010923288762569427
2023-04-07 20:03:30,425 - INFO - Epoch: 1, Batch: 40, Loss: 0.011704429984092712
2023-04-07 20:03:35,952 - INFO - Epoch: 1, Batch: 50, Loss: 0.00567615544423461
2023-04-07 20:03:41,478 - INFO - Epoch: 1, Batch: 60, Loss: 0.009693559259176254
2023-04-07 20:03:46,999 - INFO - Epoch: 1, Batch: 70, Loss: 0.006890334188938141
2023-04-07 20:03:52,517 - INFO - Epoch: 1, Batch: 80, Loss: 0.005583313759416342
2023-04-07 20:03:58,051 - INFO - Epoch: 1, Batch: 90, Loss: 0.005522781517356634
2023-04-07 20:04:03,581 - INFO - Epoch: 1, Batch: 100, Loss: 0.009071598760783672
2023-04-07 20:04:09,099 - INFO - Epoch: 1, Batch: 110, Loss: 0.005635750945657492
2023-04-07 20:04:14,628 - INFO - Epoch: 1, Batch: 120, Loss: 0.00768347829580307
2023-04-07 20:04:20,149 - INFO - Epoch: 1, Batch: 130, Loss: 0.01746148243546486
2023-04-07 20:04:25,681 - INFO - Epoch: 1, Batch: 140, Loss: 0.05199992284178734
2023-04-07 20:04:31,200 - INFO - Epoch: 1, Batch: 150, Loss: 0.009631609544157982
2023-04-07 20:04:36,726 - INFO - Epoch: 1, Batch: 160, Loss: 0.009220892563462257
2023-04-07 20:04:42,279 - INFO - Epoch: 1, Batch: 170, Loss: 0.0054739611223340034
2023-04-07 20:04:47,820 - INFO - Epoch: 1, Batch: 180, Loss: 0.005698471330106258
2023-04-07 20:04:53,354 - INFO - Epoch: 1, Batch: 190, Loss: 0.006791787222027779
2023-04-07 20:04:58,891 - INFO - Epoch: 1, Batch: 200, Loss: 0.005250399466603994
2023-04-07 20:05:04,425 - INFO - Epoch: 1, Batch: 210, Loss: 0.005657726898789406
2023-04-07 20:05:09,956 - INFO - Epoch: 1, Batch: 220, Loss: 0.004028579220175743
2023-04-07 20:05:15,495 - INFO - Epoch: 1, Batch: 230, Loss: 0.011724531650543213
2023-04-07 20:05:21,028 - INFO - Epoch: 1, Batch: 240, Loss: 0.006331601645797491
2023-04-07 20:05:26,573 - INFO - Epoch: 1, Batch: 250, Loss: 0.004863671492785215
2023-04-07 20:05:32,109 - INFO - Epoch: 1, Batch: 260, Loss: 0.004838577471673489
2023-04-07 20:05:37,641 - INFO - Epoch: 1, Batch: 270, Loss: 0.004305606242269278
2023-04-07 20:05:43,181 - INFO - Epoch: 1, Batch: 280, Loss: 0.0052168103866279125
2023-04-07 20:05:48,726 - INFO - Epoch: 1, Batch: 290, Loss: 0.004534643143415451
2023-04-07 20:05:54,249 - INFO - Epoch: 1, Batch: 300, Loss: 0.004810606129467487
2023-04-07 20:05:59,773 - INFO - Epoch: 1, Batch: 310, Loss: 0.3048539161682129
2023-04-07 20:06:05,315 - INFO - Epoch: 1, Batch: 320, Loss: 0.005219662096351385
2023-04-07 20:06:10,846 - INFO - Epoch: 1, Batch: 330, Loss: 0.0069683268666267395
2023-04-07 20:06:16,414 - INFO - Epoch: 1, Batch: 340, Loss: 0.005714079365134239
2023-04-07 20:06:21,945 - INFO - Epoch: 1, Batch: 350, Loss: 0.43619823455810547
2023-04-07 20:06:27,471 - INFO - Epoch: 1, Batch: 360, Loss: 0.005236782133579254
2023-04-07 20:06:33,011 - INFO - Epoch: 1, Batch: 370, Loss: 0.004192712716758251
2023-04-07 20:06:38,569 - INFO - Epoch: 1, Batch: 380, Loss: 0.00552971288561821
2023-04-07 20:06:44,113 - INFO - Epoch: 1, Batch: 390, Loss: 0.005477684549987316
2023-04-07 20:06:49,633 - INFO - Epoch: 1, Batch: 400, Loss: 0.007468358613550663
2023-04-07 20:06:55,182 - INFO - Epoch: 1, Batch: 410, Loss: 0.11087624728679657
2023-04-07 20:07:00,727 - INFO - Epoch: 1, Batch: 420, Loss: 0.0038213315419852734
2023-04-07 20:07:06,254 - INFO - Epoch: 1, Batch: 430, Loss: 0.003849158063530922
2023-04-07 20:07:11,794 - INFO - Epoch: 1, Batch: 440, Loss: 0.003429551376029849
2023-04-07 20:07:17,339 - INFO - Epoch: 1, Batch: 450, Loss: 0.011480516754090786
2023-04-07 20:07:22,864 - INFO - Epoch: 1, Batch: 460, Loss: 0.003216927871108055
2023-04-07 20:07:28,415 - INFO - Epoch: 1, Batch: 470, Loss: 0.0038227548357099295
2023-04-07 20:07:33,960 - INFO - Epoch: 1, Batch: 480, Loss: 0.003606831654906273
2023-04-07 20:07:39,486 - INFO - Epoch: 1, Batch: 490, Loss: 0.004236647859215736
2023-04-07 20:07:45,022 - INFO - Epoch: 1, Batch: 500, Loss: 0.003743461100384593
2023-04-07 20:07:50,544 - INFO - Epoch: 1, Batch: 510, Loss: 0.0032796747982501984
2023-04-07 20:07:56,088 - INFO - Epoch: 1, Batch: 520, Loss: 0.004829611163586378
2023-04-07 20:08:01,611 - INFO - Epoch: 1, Batch: 530, Loss: 0.0032821460627019405
2023-04-07 20:08:07,143 - INFO - Epoch: 1, Batch: 540, Loss: 0.004514882806688547
2023-04-07 20:08:12,682 - INFO - Epoch: 1, Batch: 550, Loss: 0.002801863243803382
2023-04-07 20:08:18,217 - INFO - Epoch: 1, Batch: 560, Loss: 0.0035076714120805264
2023-04-07 20:08:23,740 - INFO - Epoch: 1, Batch: 570, Loss: 0.08815884590148926
2023-04-07 20:08:29,261 - INFO - Epoch: 1, Batch: 580, Loss: 0.044867463409900665
2023-04-07 20:08:34,770 - INFO - Epoch: 1, Batch: 590, Loss: 0.0034781373105943203
2023-04-07 20:08:40,296 - INFO - Epoch: 1, Batch: 600, Loss: 0.0036241598427295685
2023-04-07 20:08:45,809 - INFO - Epoch: 1, Batch: 610, Loss: 0.003994068596512079
2023-04-07 20:08:51,346 - INFO - Epoch: 1, Batch: 620, Loss: 0.0036880045663565397
2023-04-07 20:08:56,872 - INFO - Epoch: 1, Batch: 630, Loss: 0.00475670350715518
2023-04-07 20:09:02,385 - INFO - Epoch: 1, Batch: 640, Loss: 0.003527353284880519
2023-04-07 20:09:07,918 - INFO - Epoch: 1, Batch: 650, Loss: 0.003315120469778776
2023-04-07 20:09:13,448 - INFO - Epoch: 1, Batch: 660, Loss: 0.003993583843111992
2023-04-07 20:09:18,991 - INFO - Epoch: 1, Batch: 670, Loss: 0.003172000404447317
2023-04-07 20:09:24,545 - INFO - Epoch: 1, Batch: 680, Loss: 0.002719588577747345
2023-04-07 20:09:30,085 - INFO - Epoch: 1, Batch: 690, Loss: 0.005863454192876816
2023-04-07 20:09:35,613 - INFO - Epoch: 1, Batch: 700, Loss: 0.010649705305695534
2023-04-07 20:09:41,146 - INFO - Epoch: 1, Batch: 710, Loss: 0.003091350896283984
2023-04-07 20:09:46,669 - INFO - Epoch: 1, Batch: 720, Loss: 0.0036244753282517195
2023-04-07 20:09:52,191 - INFO - Epoch: 1, Batch: 730, Loss: 0.00582220358774066
2023-04-07 20:09:57,726 - INFO - Epoch: 1, Batch: 740, Loss: 0.006488439626991749
2023-04-07 20:10:03,251 - INFO - Epoch: 1, Batch: 750, Loss: 0.004862042143940926
2023-04-07 20:10:08,793 - INFO - Epoch: 1, Batch: 760, Loss: 0.0032418943010270596
2023-04-07 20:10:14,316 - INFO - Epoch: 1, Batch: 770, Loss: 0.0028839807491749525
2023-04-07 20:10:19,838 - INFO - Epoch: 1, Batch: 780, Loss: 0.0038359432946890593
2023-04-07 20:10:25,361 - INFO - Epoch: 1, Batch: 790, Loss: 0.002946899039670825
2023-04-07 20:10:30,915 - INFO - Epoch: 1, Batch: 800, Loss: 0.010792877525091171
2023-04-07 20:10:36,437 - INFO - Epoch: 1, Batch: 810, Loss: 0.0030810185708105564
2023-04-07 20:10:41,986 - INFO - Epoch: 1, Batch: 820, Loss: 0.006566089577972889
2023-04-07 20:10:47,527 - INFO - Epoch: 1, Batch: 830, Loss: 0.0030960615258663893
2023-04-07 20:10:53,076 - INFO - Epoch: 1, Batch: 840, Loss: 0.002946629887446761
2023-04-07 20:10:58,619 - INFO - Epoch: 1, Batch: 850, Loss: 0.003195130964741111
2023-04-07 20:11:04,148 - INFO - Epoch: 1, Batch: 860, Loss: 0.013227075338363647
2023-04-07 20:11:09,681 - INFO - Epoch: 1, Batch: 870, Loss: 0.0028795020189136267
2023-04-07 20:11:15,212 - INFO - Epoch: 1, Batch: 880, Loss: 0.003656570566818118
2023-04-07 20:11:20,767 - INFO - Epoch: 1, Batch: 890, Loss: 0.003241064492613077
2023-04-07 20:11:26,292 - INFO - Epoch: 1, Batch: 900, Loss: 0.0030719793867319822
2023-04-07 20:11:31,822 - INFO - Epoch: 1, Batch: 910, Loss: 0.0036385892890393734
2023-04-07 20:11:37,408 - INFO - Epoch: 1, Batch: 920, Loss: 0.0029081187676638365
2023-04-07 20:11:42,956 - INFO - Epoch: 1, Batch: 930, Loss: 0.003025823039934039
2023-04-07 20:11:48,493 - INFO - Epoch: 1, Batch: 940, Loss: 0.003998172469437122
2023-04-07 20:11:54,028 - INFO - Epoch: 1, Batch: 950, Loss: 0.005214846692979336
2023-04-07 20:11:59,551 - INFO - Epoch: 1, Batch: 960, Loss: 0.003510396694764495
2023-04-07 20:12:05,093 - INFO - Epoch: 1, Batch: 970, Loss: 0.0031385410111397505
2023-04-07 20:12:10,622 - INFO - Epoch: 1, Batch: 980, Loss: 0.002716794377192855
2023-04-07 20:12:16,150 - INFO - Epoch: 1, Batch: 990, Loss: 0.0031320552807301283
2023-04-07 20:12:21,696 - INFO - Epoch: 1, Batch: 1000, Loss: 0.003667370416224003
2023-04-07 20:12:27,223 - INFO - Epoch: 1, Batch: 1010, Loss: 0.006125405430793762
2023-04-07 20:12:29,983 - INFO - Epoch [2/2], Average Loss: 0.0195
2023-04-07 20:12:29,983 - INFO - ————————————————模型训练完成————————————————
2023-04-07 20:12:29,983 - INFO - 训练开始时间：2023-04-07 19:53:47
2023-04-07 20:12:29,983 - INFO - 训练结束时间：2023-04-07 20:12:29
2023-04-07 20:12:29,984 - INFO - 模型训练总时间为: 1122.02 秒
2023-04-07 20:12:30,665 - INFO - ————————————————模型保存成功————————————————
2023-04-07 20:12:31,275 - INFO - ————————————————模型测试开始————————————————
2023-04-07 20:12:31,276 - INFO - 输入实际标签为：[0, 1, 0, 1, 0, 1, 0, 1, 1, 0, 1, 1]
2023-04-07 20:12:31,462 - INFO - 输入预测标签为：[0, 1, 0, 1, 0, 1, 0, 1, 1, 0, 1, 1]
2023-04-07 20:12:31,466 - INFO - 输入实际标签为：[1, 1, 1, 0, 1, 1, 1, 0, 1, 0, 1, 0]
2023-04-07 20:12:31,650 - INFO - 输入预测标签为：[1, 1, 1, 0, 1, 1, 1, 0, 1, 0, 1, 0]
2023-04-07 20:12:31,651 - INFO - 输入实际标签为：[0, 0, 0, 0, 0, 1, 1, 1, 1, 0, 0, 0]
2023-04-07 20:12:31,835 - INFO - 输入预测标签为：[0, 0, 0, 0, 0, 1, 1, 1, 1, 0, 0, 0]
2023-04-07 20:12:31,836 - INFO - 输入实际标签为：[0, 0, 0, 1, 1, 1, 0, 1, 0, 1, 0, 1]
2023-04-07 20:12:32,021 - INFO - 输入预测标签为：[0, 0, 0, 1, 1, 1, 0, 1, 0, 1, 0, 1]
2023-04-07 20:12:32,022 - INFO - 输入实际标签为：[1, 0, 1, 1, 1, 1, 0, 1, 0, 0, 0, 0]
2023-04-07 20:12:32,219 - INFO - 输入预测标签为：[1, 0, 1, 1, 1, 1, 0, 1, 0, 0, 0, 0]
2023-04-07 20:12:32,220 - INFO - 输入实际标签为：[0, 0, 1, 1, 1, 0, 1, 1, 0, 1, 0, 0]
2023-04-07 20:12:32,406 - INFO - 输入预测标签为：[0, 0, 1, 1, 1, 0, 1, 1, 0, 1, 0, 0]
2023-04-07 20:12:32,407 - INFO - 输入实际标签为：[1, 0, 0, 1, 0, 1, 1, 1, 1, 0, 1, 0]
2023-04-07 20:12:32,592 - INFO - 输入预测标签为：[1, 0, 0, 1, 0, 1, 1, 1, 1, 0, 1, 0]
2023-04-07 20:12:32,594 - INFO - 输入实际标签为：[0, 1, 0, 0, 1, 1, 1, 1, 1, 1, 1, 1]
2023-04-07 20:12:32,778 - INFO - 输入预测标签为：[0, 1, 0, 0, 1, 1, 1, 1, 1, 1, 1, 1]
2023-04-07 20:12:32,779 - INFO - 输入实际标签为：[0, 1, 0, 1, 0, 1, 0, 0, 1, 1, 1, 1]
2023-04-07 20:12:32,963 - INFO - 输入预测标签为：[0, 1, 0, 1, 0, 1, 0, 0, 1, 1, 1, 1]
2023-04-07 20:12:32,964 - INFO - 输入实际标签为：[1, 0, 1, 1, 1, 1, 0, 1, 0, 0, 0, 1]
2023-04-07 20:12:33,156 - INFO - 输入预测标签为：[1, 0, 1, 1, 1, 1, 0, 1, 0, 0, 0, 1]
2023-04-07 20:12:33,157 - INFO - 输入实际标签为：[0, 0, 0, 0, 0, 1, 1, 1, 1, 1, 0, 1]
2023-04-07 20:12:33,344 - INFO - 输入预测标签为：[0, 0, 0, 0, 0, 1, 1, 1, 1, 1, 0, 1]
2023-04-07 20:12:33,346 - INFO - 输入实际标签为：[0, 0, 0, 1, 1, 1, 1, 1, 0, 1, 1, 1]
2023-04-07 20:12:33,532 - INFO - 输入预测标签为：[0, 0, 0, 1, 1, 1, 1, 1, 0, 1, 1, 1]
2023-04-07 20:12:33,534 - INFO - 输入实际标签为：[1, 1, 1, 0, 1, 1, 1, 1, 1, 1, 1, 0]
2023-04-07 20:12:33,719 - INFO - 输入预测标签为：[1, 1, 1, 0, 1, 1, 1, 1, 1, 1, 1, 0]
2023-04-07 20:12:33,720 - INFO - 输入实际标签为：[0, 0, 0, 0, 0, 0, 1, 1, 1, 0, 0, 1]
2023-04-07 20:12:33,906 - INFO - 输入预测标签为：[0, 0, 0, 0, 0, 0, 1, 1, 1, 0, 0, 1]
2023-04-07 20:12:33,907 - INFO - 输入实际标签为：[0, 1, 0, 0, 0, 0, 0, 0, 1, 1, 1, 0]
2023-04-07 20:12:34,095 - INFO - 输入预测标签为：[0, 1, 0, 0, 0, 0, 0, 0, 1, 1, 1, 0]
2023-04-07 20:12:34,097 - INFO - 输入实际标签为：[0, 1, 1, 1, 0, 0, 0, 1, 1, 1, 1, 1]
2023-04-07 20:12:34,287 - INFO - 输入预测标签为：[0, 1, 1, 1, 0, 0, 0, 1, 1, 1, 1, 1]
2023-04-07 20:12:34,289 - INFO - 输入实际标签为：[0, 1, 0, 0, 1, 1, 1, 0, 1, 0, 1, 1]
2023-04-07 20:12:34,476 - INFO - 输入预测标签为：[0, 1, 0, 0, 1, 1, 1, 0, 1, 0, 1, 1]
2023-04-07 20:12:34,478 - INFO - 输入实际标签为：[0, 0, 1, 0, 1, 0, 0, 1, 1, 1, 1, 1]
2023-04-07 20:12:34,663 - INFO - 输入预测标签为：[0, 0, 1, 0, 1, 0, 0, 1, 1, 1, 1, 1]
2023-04-07 20:12:34,665 - INFO - 输入实际标签为：[1, 0, 0, 0, 0, 1, 0, 0, 0, 1, 0, 0]
2023-04-07 20:12:34,900 - INFO - 输入预测标签为：[1, 0, 0, 0, 0, 1, 0, 0, 0, 1, 0, 0]
2023-04-07 20:12:34,927 - INFO - 输入实际标签为：[0, 1, 1, 1, 1, 1, 1, 0, 0, 0, 1, 1]
2023-04-07 20:12:35,110 - INFO - 输入预测标签为：[0, 1, 1, 1, 1, 1, 1, 0, 0, 0, 1, 1]
2023-04-07 20:12:35,126 - INFO - 输入实际标签为：[0, 0, 0, 0, 0, 1, 0, 1, 0, 0, 1, 1]
2023-04-07 20:12:35,311 - INFO - 输入预测标签为：[0, 0, 0, 0, 0, 1, 0, 1, 0, 0, 1, 1]
2023-04-07 20:12:35,434 - INFO - 输入实际标签为：[1, 1, 0, 0, 1, 1, 0, 1, 1, 0, 1, 1]
2023-04-07 20:12:35,620 - INFO - 输入预测标签为：[1, 1, 0, 0, 1, 1, 0, 1, 1, 0, 1, 1]
2023-04-07 20:12:35,621 - INFO - 输入实际标签为：[0, 1, 0, 1, 1, 0, 1, 0, 1, 1, 1, 1]
2023-04-07 20:12:35,805 - INFO - 输入预测标签为：[0, 1, 0, 1, 1, 0, 1, 0, 1, 1, 1, 1]
2023-04-07 20:12:35,807 - INFO - 输入实际标签为：[1, 1, 0, 1, 1, 0, 0, 0, 1, 1, 1, 1]
2023-04-07 20:12:35,991 - INFO - 输入预测标签为：[1, 1, 0, 1, 1, 0, 0, 0, 1, 1, 1, 1]
2023-04-07 20:12:35,992 - INFO - 输入实际标签为：[1, 0, 1, 1, 0, 0, 0, 1, 0, 1, 0, 1]
2023-04-07 20:12:36,177 - INFO - 输入预测标签为：[1, 0, 1, 1, 0, 0, 0, 1, 0, 1, 0, 1]
2023-04-07 20:12:36,177 - INFO - 输入实际标签为：[1, 1, 1, 0, 1, 1, 1, 1, 0, 0, 0, 1]
2023-04-07 20:12:36,375 - INFO - 输入预测标签为：[1, 1, 1, 0, 1, 1, 1, 1, 0, 0, 0, 1]
2023-04-07 20:12:36,377 - INFO - 输入实际标签为：[0, 0, 0, 1, 0, 0, 1, 1, 1, 0, 1, 1]
2023-04-07 20:12:36,564 - INFO - 输入预测标签为：[0, 0, 0, 1, 0, 0, 1, 1, 1, 0, 1, 1]
2023-04-07 20:12:36,565 - INFO - 输入实际标签为：[1, 1, 1, 1, 1, 1, 1, 0, 0, 0, 1, 0]
2023-04-07 20:12:36,749 - INFO - 输入预测标签为：[1, 1, 1, 1, 1, 1, 1, 0, 0, 0, 1, 0]
2023-04-07 20:12:36,750 - INFO - 输入实际标签为：[0, 1, 1, 0, 0, 0, 1, 0, 0, 1, 1, 0]
2023-04-07 20:12:36,934 - INFO - 输入预测标签为：[0, 1, 1, 0, 0, 0, 1, 0, 0, 1, 1, 0]
2023-04-07 20:12:36,935 - INFO - 输入实际标签为：[1, 0, 0, 0, 1, 1, 1, 1, 0, 0, 1, 1]
2023-04-07 20:12:37,121 - INFO - 输入预测标签为：[1, 0, 0, 0, 1, 1, 1, 1, 0, 0, 1, 1]
2023-04-07 20:12:37,122 - INFO - 输入实际标签为：[0, 1, 1, 0, 1, 0, 0, 1, 1, 0, 0, 1]
2023-04-07 20:12:37,314 - INFO - 输入预测标签为：[0, 1, 1, 0, 1, 0, 0, 1, 1, 0, 0, 1]
2023-04-07 20:12:37,316 - INFO - 输入实际标签为：[0, 1, 0, 0, 1, 1, 0, 0, 0, 1, 0, 0]
2023-04-07 20:12:37,504 - INFO - 输入预测标签为：[0, 1, 0, 0, 1, 1, 0, 0, 0, 1, 0, 0]
2023-04-07 20:12:37,505 - INFO - 输入实际标签为：[1, 0, 1, 0, 0, 0, 0, 1, 1, 1, 0, 1]
2023-04-07 20:12:37,691 - INFO - 输入预测标签为：[1, 0, 1, 0, 0, 0, 0, 1, 1, 1, 0, 1]
2023-04-07 20:12:37,693 - INFO - 输入实际标签为：[1, 1, 1, 0, 0, 0, 0, 0, 1, 1, 0, 0]
2023-04-07 20:12:37,878 - INFO - 输入预测标签为：[1, 1, 1, 0, 0, 0, 0, 0, 1, 1, 0, 0]
2023-04-07 20:12:37,880 - INFO - 输入实际标签为：[1, 0, 1, 0, 0, 1, 0, 0, 1, 0, 1, 1]
2023-04-07 20:12:38,064 - INFO - 输入预测标签为：[1, 0, 1, 0, 0, 1, 0, 0, 1, 0, 1, 1]
2023-04-07 20:12:38,065 - INFO - 输入实际标签为：[0, 0, 0, 1, 1, 1, 0, 0, 1, 1, 1, 1]
2023-04-07 20:12:38,254 - INFO - 输入预测标签为：[0, 0, 0, 1, 1, 1, 0, 0, 1, 1, 1, 1]
2023-04-07 20:12:38,255 - INFO - 输入实际标签为：[0, 1, 0, 0, 0, 1, 1, 0, 1, 1, 1, 1]
2023-04-07 20:12:38,444 - INFO - 输入预测标签为：[0, 1, 0, 0, 0, 1, 1, 0, 1, 1, 1, 1]
2023-04-07 20:12:38,445 - INFO - 输入实际标签为：[0, 1, 1, 1, 1, 0, 0, 1, 1, 1, 0, 0]
2023-04-07 20:12:38,631 - INFO - 输入预测标签为：[0, 1, 1, 1, 1, 0, 0, 1, 1, 1, 0, 0]
2023-04-07 20:12:38,632 - INFO - 输入实际标签为：[0, 0, 1, 1, 0, 1, 1, 1, 0, 1, 0, 0]
2023-04-07 20:12:38,816 - INFO - 输入预测标签为：[0, 0, 1, 1, 0, 1, 1, 1, 0, 1, 0, 0]
2023-04-07 20:12:38,818 - INFO - 输入实际标签为：[0, 0, 0, 0, 1, 0, 1, 1, 0, 0, 0, 1]
2023-04-07 20:12:39,002 - INFO - 输入预测标签为：[0, 0, 0, 0, 1, 0, 1, 1, 0, 0, 0, 1]
2023-04-07 20:12:39,003 - INFO - 输入实际标签为：[1, 1, 1, 0, 0, 0, 0, 1, 0, 0, 1, 1]
2023-04-07 20:12:39,190 - INFO - 输入预测标签为：[1, 1, 1, 0, 0, 0, 0, 1, 0, 0, 1, 1]
2023-04-07 20:12:39,192 - INFO - 输入实际标签为：[0, 0, 0, 1, 0, 0, 0, 1, 0, 0, 1, 1]
2023-04-07 20:12:39,383 - INFO - 输入预测标签为：[0, 0, 0, 1, 0, 0, 0, 1, 0, 0, 1, 1]
2023-04-07 20:12:39,384 - INFO - 输入实际标签为：[0, 1, 1, 1, 0, 0, 1, 0, 0, 0, 1, 0]
2023-04-07 20:12:39,570 - INFO - 输入预测标签为：[0, 1, 1, 1, 0, 0, 1, 0, 0, 0, 1, 0]
2023-04-07 20:12:39,572 - INFO - 输入实际标签为：[1, 0, 0, 0, 0, 1, 0, 0, 0, 1, 1, 1]
2023-04-07 20:12:39,758 - INFO - 输入预测标签为：[1, 0, 0, 0, 0, 1, 0, 0, 0, 1, 1, 1]
2023-04-07 20:12:39,759 - INFO - 输入实际标签为：[1, 0, 1, 1, 1, 0, 0, 1, 0, 1, 1, 1]
2023-04-07 20:12:39,945 - INFO - 输入预测标签为：[1, 0, 1, 1, 1, 0, 0, 1, 0, 1, 1, 1]
2023-04-07 20:12:39,946 - INFO - 输入实际标签为：[1, 1, 1, 0, 1, 1, 0, 1, 0, 0, 0, 1]
2023-04-07 20:12:40,133 - INFO - 输入预测标签为：[1, 1, 1, 0, 1, 1, 0, 1, 0, 0, 0, 1]
2023-04-07 20:12:40,134 - INFO - 输入实际标签为：[0, 0, 0, 0, 1, 1, 1, 0, 0, 1, 0, 1]
2023-04-07 20:12:40,322 - INFO - 输入预测标签为：[0, 0, 0, 0, 1, 1, 1, 0, 0, 1, 0, 1]
2023-04-07 20:12:40,323 - INFO - 输入实际标签为：[1, 0, 0, 0, 0, 1, 1, 0, 0, 0, 0, 1]
2023-04-07 20:12:40,511 - INFO - 输入预测标签为：[1, 0, 0, 0, 0, 1, 1, 0, 0, 0, 0, 1]
2023-04-07 20:12:40,512 - INFO - 输入实际标签为：[0, 1, 1, 1, 1, 0, 1, 0, 0, 1, 1, 1]
2023-04-07 20:12:40,698 - INFO - 输入预测标签为：[0, 1, 1, 1, 1, 0, 1, 0, 0, 1, 1, 1]
2023-04-07 20:12:40,700 - INFO - 输入实际标签为：[1, 0, 1, 1, 0, 0, 1, 1, 0, 0, 1, 0]
2023-04-07 20:12:40,884 - INFO - 输入预测标签为：[1, 0, 1, 1, 0, 0, 1, 1, 0, 0, 1, 0]
2023-04-07 20:12:40,886 - INFO - 输入实际标签为：[1, 1, 0, 1, 1, 0, 0, 0, 1, 0, 0, 0]
2023-04-07 20:12:41,072 - INFO - 输入预测标签为：[1, 1, 0, 1, 1, 0, 0, 0, 1, 0, 0, 0]
2023-04-07 20:12:41,073 - INFO - 输入实际标签为：[1, 0, 1, 1, 0, 1, 0, 0, 0, 0, 0, 0]
2023-04-07 20:12:41,262 - INFO - 输入预测标签为：[1, 0, 1, 1, 0, 1, 0, 0, 0, 0, 0, 0]
2023-04-07 20:12:41,263 - INFO - 输入实际标签为：[1, 1, 0, 1, 1, 1, 0, 1, 1, 1, 1, 0]
2023-04-07 20:12:41,452 - INFO - 输入预测标签为：[1, 1, 0, 1, 1, 1, 0, 1, 1, 1, 1, 0]
2023-04-07 20:12:41,453 - INFO - 输入实际标签为：[0, 0, 1, 0, 1, 0, 1, 0, 0, 0, 1, 1]
2023-04-07 20:12:41,640 - INFO - 输入预测标签为：[0, 0, 1, 0, 1, 0, 1, 0, 0, 0, 1, 1]
2023-04-07 20:12:41,641 - INFO - 输入实际标签为：[1, 0, 0, 0, 1, 1, 0, 0, 1, 1, 0, 0]
2023-04-07 20:12:41,827 - INFO - 输入预测标签为：[1, 0, 0, 0, 1, 1, 0, 0, 1, 1, 0, 0]
2023-04-07 20:12:41,828 - INFO - 输入实际标签为：[1, 0, 0, 1, 1, 0, 1, 0, 1, 1, 0, 1]
2023-04-07 20:12:42,014 - INFO - 输入预测标签为：[1, 0, 0, 1, 1, 0, 1, 0, 1, 1, 0, 1]
2023-04-07 20:12:42,015 - INFO - 输入实际标签为：[0, 0, 0, 1, 1, 1, 1, 1, 1, 0, 1, 1]
2023-04-07 20:12:42,204 - INFO - 输入预测标签为：[0, 0, 0, 1, 1, 1, 1, 1, 1, 0, 1, 1]
2023-04-07 20:12:42,204 - INFO - 输入实际标签为：[1, 0, 0, 1, 1, 0, 0, 0, 1, 1, 0, 0]
2023-04-07 20:12:42,392 - INFO - 输入预测标签为：[1, 0, 0, 1, 1, 0, 0, 0, 1, 1, 0, 0]
2023-04-07 20:12:42,394 - INFO - 输入实际标签为：[1, 1, 0, 1, 0, 0, 1, 0, 1, 1, 1, 1]
2023-04-07 20:12:42,581 - INFO - 输入预测标签为：[1, 1, 0, 1, 0, 0, 1, 0, 1, 1, 1, 1]
2023-04-07 20:12:42,581 - INFO - 输入实际标签为：[1, 0, 1, 0, 0, 0, 0, 1, 1, 1, 1, 1]
2023-04-07 20:12:42,768 - INFO - 输入预测标签为：[1, 0, 1, 0, 0, 0, 0, 1, 1, 1, 1, 1]
2023-04-07 20:12:42,769 - INFO - 输入实际标签为：[1, 1, 1, 0, 0, 1, 0, 0, 1, 0, 0, 1]
2023-04-07 20:12:42,955 - INFO - 输入预测标签为：[1, 1, 1, 0, 0, 1, 0, 0, 1, 0, 0, 1]
2023-04-07 20:12:42,956 - INFO - 输入实际标签为：[0, 0, 1, 1, 0, 0, 1, 1, 1, 0, 0, 0]
2023-04-07 20:12:43,143 - INFO - 输入预测标签为：[0, 1, 1, 1, 0, 0, 1, 1, 1, 0, 0, 0]
2023-04-07 20:12:43,144 - INFO - 输入实际标签为：[0, 1, 0, 1, 0, 1, 1, 0, 1, 1, 1, 1]
2023-04-07 20:12:43,332 - INFO - 输入预测标签为：[0, 1, 0, 1, 0, 1, 1, 0, 1, 1, 1, 1]
2023-04-07 20:12:43,333 - INFO - 输入实际标签为：[1, 0, 0, 0, 1, 0, 0, 0, 0, 0, 1, 0]
2023-04-07 20:12:43,520 - INFO - 输入预测标签为：[1, 0, 0, 0, 1, 0, 0, 0, 0, 0, 1, 0]
2023-04-07 20:12:43,521 - INFO - 输入实际标签为：[0, 0, 0, 0, 1, 0, 0, 1, 1, 1, 0, 1]
2023-04-07 20:12:43,708 - INFO - 输入预测标签为：[0, 0, 0, 0, 1, 0, 0, 1, 1, 1, 0, 1]
2023-04-07 20:12:43,709 - INFO - 输入实际标签为：[0, 0, 0, 1, 0, 0, 1, 1, 1, 0, 1, 0]
2023-04-07 20:12:43,895 - INFO - 输入预测标签为：[0, 0, 0, 1, 0, 0, 1, 1, 1, 0, 1, 0]
2023-04-07 20:12:43,896 - INFO - 输入实际标签为：[0, 0, 1, 1, 0, 1, 1, 1, 0, 0, 0, 0]
2023-04-07 20:12:44,083 - INFO - 输入预测标签为：[0, 0, 1, 1, 0, 1, 1, 1, 0, 0, 0, 0]
2023-04-07 20:12:44,084 - INFO - 输入实际标签为：[0, 0, 0, 1, 1, 1, 1, 0, 0, 0, 0, 0]
2023-04-07 20:12:44,272 - INFO - 输入预测标签为：[0, 0, 0, 1, 1, 1, 1, 0, 0, 0, 0, 0]
2023-04-07 20:12:44,273 - INFO - 输入实际标签为：[1, 0, 1, 0, 0, 0, 0, 0, 0, 1, 1, 1]
2023-04-07 20:12:44,460 - INFO - 输入预测标签为：[1, 0, 1, 0, 0, 0, 0, 0, 0, 1, 1, 1]
2023-04-07 20:12:44,461 - INFO - 输入实际标签为：[0, 1, 0, 1, 1, 0, 1, 1, 0, 1, 1, 0]
2023-04-07 20:12:44,647 - INFO - 输入预测标签为：[0, 1, 0, 1, 1, 0, 1, 1, 0, 1, 1, 0]
2023-04-07 20:12:44,648 - INFO - 输入实际标签为：[1, 0, 0, 1, 0, 0, 1, 0, 1, 0, 1, 0]
2023-04-07 20:12:44,834 - INFO - 输入预测标签为：[1, 0, 0, 1, 0, 0, 1, 0, 1, 0, 1, 0]
2023-04-07 20:12:44,836 - INFO - 输入实际标签为：[1, 1, 0, 0, 1, 1, 1, 0, 0, 0, 1, 1]
2023-04-07 20:12:45,021 - INFO - 输入预测标签为：[1, 1, 0, 0, 1, 1, 1, 0, 0, 0, 1, 1]
2023-04-07 20:12:45,022 - INFO - 输入实际标签为：[1, 1, 1, 0, 1, 1, 0, 0, 0, 1, 0, 0]
2023-04-07 20:12:45,209 - INFO - 输入预测标签为：[1, 1, 1, 0, 1, 0, 0, 0, 0, 1, 0, 0]
2023-04-07 20:12:45,211 - INFO - 输入实际标签为：[1, 1, 1, 1, 1, 0, 1, 0, 0, 1, 1, 1]
2023-04-07 20:12:45,398 - INFO - 输入预测标签为：[1, 1, 1, 1, 1, 0, 1, 0, 0, 1, 1, 1]
2023-04-07 20:12:45,399 - INFO - 输入实际标签为：[0, 1, 1, 0, 1, 0, 1, 1, 0, 1, 0, 1]
2023-04-07 20:12:45,585 - INFO - 输入预测标签为：[0, 1, 1, 0, 1, 0, 1, 1, 0, 1, 0, 1]
2023-04-07 20:12:45,586 - INFO - 输入实际标签为：[0, 0, 0, 1, 0, 0, 1, 0, 0, 0, 1, 1]
2023-04-07 20:12:45,773 - INFO - 输入预测标签为：[0, 0, 0, 1, 0, 0, 1, 0, 0, 0, 1, 1]
2023-04-07 20:12:45,774 - INFO - 输入实际标签为：[1, 1, 1, 1, 1, 1, 1, 1, 1, 1, 0, 0]
2023-04-07 20:12:45,960 - INFO - 输入预测标签为：[1, 1, 1, 1, 1, 1, 1, 1, 1, 1, 0, 0]
2023-04-07 20:12:45,961 - INFO - 输入实际标签为：[0, 1, 0, 1, 1, 1, 0, 0, 0, 0, 0, 1]
2023-04-07 20:12:46,147 - INFO - 输入预测标签为：[0, 1, 0, 1, 1, 1, 0, 0, 0, 0, 0, 1]
2023-04-07 20:12:46,148 - INFO - 输入实际标签为：[0, 0, 1, 1, 1, 1, 1, 1, 0, 0, 0, 1]
2023-04-07 20:12:46,333 - INFO - 输入预测标签为：[0, 0, 1, 1, 1, 1, 1, 1, 0, 0, 0, 1]
2023-04-07 20:12:46,334 - INFO - 输入实际标签为：[0, 0, 0, 0, 1, 0, 1, 1, 1, 1, 1, 0]
2023-04-07 20:12:46,521 - INFO - 输入预测标签为：[0, 0, 0, 0, 1, 0, 1, 1, 1, 1, 1, 0]
2023-04-07 20:12:46,522 - INFO - 输入实际标签为：[0, 0, 0, 0, 0, 1, 1, 1, 1, 1, 0, 0]
2023-04-07 20:12:46,710 - INFO - 输入预测标签为：[0, 0, 0, 0, 0, 1, 1, 1, 1, 1, 0, 0]
2023-04-07 20:12:46,711 - INFO - 输入实际标签为：[0, 1, 1, 0, 0, 1, 1, 1, 1, 1, 0, 1]
2023-04-07 20:12:46,898 - INFO - 输入预测标签为：[0, 1, 1, 0, 0, 1, 1, 1, 1, 1, 0, 1]
2023-04-07 20:12:46,899 - INFO - 输入实际标签为：[0, 1, 1, 1, 1, 1, 1, 0, 1, 1, 1, 0]
2023-04-07 20:12:47,085 - INFO - 输入预测标签为：[0, 1, 1, 1, 1, 1, 1, 0, 1, 1, 1, 0]
2023-04-07 20:12:47,086 - INFO - 输入实际标签为：[1, 1, 0, 0, 1, 0, 1, 0, 1, 0, 0, 0]
2023-04-07 20:12:47,274 - INFO - 输入预测标签为：[1, 1, 0, 0, 1, 0, 1, 0, 1, 0, 0, 0]
2023-04-07 20:12:47,275 - INFO - 输入实际标签为：[0, 0, 0, 1, 0, 1, 1, 1, 0, 0, 1, 1]
2023-04-07 20:12:47,461 - INFO - 输入预测标签为：[0, 0, 0, 1, 0, 1, 0, 1, 0, 0, 1, 1]
2023-04-07 20:12:47,462 - INFO - 输入实际标签为：[1, 1, 0, 1, 1, 1, 1, 1, 0, 1, 1, 1]
2023-04-07 20:12:47,649 - INFO - 输入预测标签为：[1, 1, 0, 1, 1, 1, 1, 1, 0, 1, 1, 1]
2023-04-07 20:12:47,650 - INFO - 输入实际标签为：[1, 0, 0, 1, 0, 1, 0, 0, 0, 1, 0, 1]
2023-04-07 20:12:47,835 - INFO - 输入预测标签为：[1, 0, 0, 1, 0, 1, 0, 0, 0, 1, 0, 1]
2023-04-07 20:12:47,836 - INFO - 输入实际标签为：[0, 1, 0, 1, 1, 1, 0, 1, 0, 0, 0, 1]
2023-04-07 20:12:48,023 - INFO - 输入预测标签为：[0, 1, 0, 1, 1, 1, 0, 1, 0, 0, 0, 1]
2023-04-07 20:12:48,024 - INFO - 输入实际标签为：[1, 0, 0, 0, 1, 0, 1, 0, 0, 0, 0, 1]
2023-04-07 20:12:48,210 - INFO - 输入预测标签为：[1, 0, 0, 0, 1, 0, 1, 0, 0, 0, 0, 1]
2023-04-07 20:12:48,212 - INFO - 输入实际标签为：[1, 0, 1, 1, 1, 0, 0, 1, 1, 1, 1, 1]
2023-04-07 20:12:48,398 - INFO - 输入预测标签为：[1, 0, 1, 1, 1, 0, 0, 1, 1, 1, 1, 1]
2023-04-07 20:12:48,399 - INFO - 输入实际标签为：[1, 1, 0, 0, 1, 1, 0, 1, 1, 0, 1, 1]
2023-04-07 20:12:48,586 - INFO - 输入预测标签为：[1, 1, 0, 0, 1, 1, 0, 1, 1, 0, 1, 1]
2023-04-07 20:12:48,587 - INFO - 输入实际标签为：[0, 1, 0, 1, 0, 1, 1, 0, 1, 0, 0, 0]
2023-04-07 20:12:48,773 - INFO - 输入预测标签为：[0, 1, 0, 1, 0, 1, 1, 0, 1, 0, 0, 0]
2023-04-07 20:12:48,774 - INFO - 输入实际标签为：[1, 1, 1, 0, 1, 1, 0, 1, 1, 0, 1, 0]
2023-04-07 20:12:48,959 - INFO - 输入预测标签为：[1, 1, 1, 0, 1, 1, 0, 1, 1, 0, 1, 0]
2023-04-07 20:12:48,960 - INFO - 输入实际标签为：[0, 0, 0, 0, 0, 1, 1, 1, 0, 1, 1, 1]
2023-04-07 20:12:49,148 - INFO - 输入预测标签为：[0, 0, 0, 0, 0, 1, 1, 1, 0, 1, 1, 1]
2023-04-07 20:12:49,149 - INFO - 输入实际标签为：[1, 0, 1, 1, 1, 1, 0, 0, 0, 1, 1, 1]
2023-04-07 20:12:49,337 - INFO - 输入预测标签为：[1, 0, 1, 1, 1, 1, 0, 0, 0, 1, 1, 1]
2023-04-07 20:12:49,338 - INFO - 输入实际标签为：[0, 1, 1, 1, 1, 1, 0, 1, 1, 1, 0, 0]
2023-04-07 20:12:49,525 - INFO - 输入预测标签为：[0, 1, 1, 1, 1, 1, 0, 1, 1, 1, 0, 0]
2023-04-07 20:12:49,526 - INFO - 输入实际标签为：[0, 1, 1, 1, 0, 1, 0, 1, 1, 1, 0, 1]
2023-04-07 20:12:49,712 - INFO - 输入预测标签为：[0, 1, 1, 1, 0, 1, 0, 1, 1, 1, 0, 1]
2023-04-07 20:12:49,713 - INFO - 输入实际标签为：[1, 1, 1, 1, 1, 0, 1, 0, 1, 0, 1, 1]
2023-04-07 20:12:49,901 - INFO - 输入预测标签为：[1, 1, 1, 1, 1, 0, 1, 0, 1, 0, 1, 1]
2023-04-07 20:12:49,902 - INFO - 输入实际标签为：[0, 1, 0, 1, 1, 1, 1, 1, 0, 0, 1, 1]
2023-04-07 20:12:50,089 - INFO - 输入预测标签为：[0, 1, 0, 1, 1, 1, 1, 1, 0, 0, 1, 1]
2023-04-07 20:12:50,091 - INFO - 输入实际标签为：[0, 0, 0, 0, 0, 0, 1, 0, 0, 1, 1, 0]
2023-04-07 20:12:50,278 - INFO - 输入预测标签为：[0, 0, 0, 0, 0, 0, 1, 0, 0, 1, 1, 0]
2023-04-07 20:12:50,279 - INFO - 输入实际标签为：[1, 0, 0, 0, 1, 1, 1, 0, 1, 0, 0, 0]
2023-04-07 20:12:50,466 - INFO - 输入预测标签为：[1, 0, 0, 0, 1, 1, 1, 0, 1, 0, 0, 0]
2023-04-07 20:12:50,467 - INFO - 输入实际标签为：[1, 0, 1, 0, 0, 1, 1, 0, 1, 1, 1, 1]
2023-04-07 20:12:50,654 - INFO - 输入预测标签为：[1, 0, 1, 0, 0, 1, 1, 0, 1, 1, 1, 1]
2023-04-07 20:12:50,655 - INFO - 输入实际标签为：[1, 1, 1, 0, 1, 1, 0, 1, 0, 0, 1, 0]
2023-04-07 20:12:50,841 - INFO - 输入预测标签为：[1, 1, 1, 0, 1, 1, 0, 1, 0, 0, 1, 0]
2023-04-07 20:12:50,842 - INFO - 输入实际标签为：[1, 0, 1, 1, 1, 0, 1, 1, 0, 1, 1, 1]
2023-04-07 20:12:51,031 - INFO - 输入预测标签为：[1, 0, 1, 1, 1, 0, 1, 1, 0, 1, 1, 1]
2023-04-07 20:12:51,032 - INFO - 输入实际标签为：[0, 0, 1, 0, 1, 0, 0, 1, 1, 1, 0, 1]
2023-04-07 20:12:51,218 - INFO - 输入预测标签为：[0, 0, 1, 0, 1, 0, 0, 1, 1, 1, 0, 1]
2023-04-07 20:12:51,219 - INFO - 输入实际标签为：[0, 1, 1, 0, 1, 1, 0, 1, 1, 0, 1, 1]
2023-04-07 20:12:51,405 - INFO - 输入预测标签为：[0, 1, 1, 0, 1, 1, 0, 1, 1, 0, 1, 1]
2023-04-07 20:12:51,406 - INFO - 输入实际标签为：[0, 1, 0, 1, 1, 1, 1, 1, 1, 0, 0, 1]
2023-04-07 20:12:51,595 - INFO - 输入预测标签为：[0, 1, 0, 1, 1, 1, 1, 1, 1, 0, 0, 1]
2023-04-07 20:12:51,596 - INFO - 输入实际标签为：[0, 0, 1, 1, 1, 0, 0, 0, 1, 1, 1, 0]
2023-04-07 20:12:51,783 - INFO - 输入预测标签为：[0, 0, 1, 1, 1, 0, 0, 0, 1, 1, 1, 0]
2023-04-07 20:12:51,784 - INFO - 输入实际标签为：[1, 0, 1, 1, 1, 0, 1, 0, 0, 1, 1, 1]
2023-04-07 20:12:51,970 - INFO - 输入预测标签为：[1, 0, 1, 1, 1, 0, 1, 0, 0, 1, 1, 1]
2023-04-07 20:12:51,971 - INFO - 输入实际标签为：[0, 1, 1, 1, 0, 1, 0, 0, 0, 0, 1, 0]
2023-04-07 20:12:52,159 - INFO - 输入预测标签为：[0, 1, 1, 1, 0, 1, 0, 0, 0, 0, 1, 0]
2023-04-07 20:12:52,160 - INFO - 输入实际标签为：[0, 1, 1, 1, 0, 0, 0, 1, 0, 0, 0, 0]
2023-04-07 20:12:52,346 - INFO - 输入预测标签为：[0, 1, 1, 1, 0, 0, 0, 1, 0, 0, 0, 0]
2023-04-07 20:12:52,347 - INFO - 输入实际标签为：[0, 1, 0, 0, 1, 0, 1, 1, 0, 1, 0, 1]
2023-04-07 20:12:52,535 - INFO - 输入预测标签为：[0, 1, 0, 0, 1, 0, 1, 1, 0, 1, 0, 1]
2023-04-07 20:12:52,536 - INFO - ————————————————模型测试结束————————————————
2023-04-07 20:12:52,536 - INFO - 总测试样本: 1344个
2023-04-07 20:12:52,536 - INFO - 预测正确样本: 1341个
2023-04-07 20:12:52,536 - INFO - 测试准确度: 0.997768
2023-04-07 20:12:52,553 - INFO - -----------------------------
2023-04-07 20:12:52,553 - INFO - Accuracy: 0.9977678571428571
2023-04-07 20:12:52,553 - INFO - Precision: 0.9977108741814624
2023-04-07 20:12:52,553 - INFO - Recall: 0.9978071736113582
2023-04-07 20:12:52,553 - INFO - F1 Score: 0.9977584645482156
2023-04-07 20:12:52,553 - INFO - AUC Score: 0.9978071736113581
2023-04-07 20:12:52,553 - INFO - -----------------------------
2023-04-07 20:12:52,558 - INFO - 
              precision    recall  f1-score   support

           0       1.00      1.00      1.00       628
           1       1.00      1.00      1.00       716

    accuracy                           1.00      1344
   macro avg       1.00      1.00      1.00      1344
weighted avg       1.00      1.00      1.00      1344

2023-04-07 20:12:52,558 - INFO - -----------------------------
2023-04-07 20:12:52,558 - INFO - -----------混淆矩阵------------
2023-04-07 20:12:52,559 - INFO - 
[[627   1]
 [  2 714]]
2023-04-07 20:12:52,559 - INFO - -----------------------------
2023-04-07 20:12:52,778 - INFO - ————————————————预测文本类别————————————————
2023-04-07 20:12:52,805 - INFO - 这条微博有99.42%的概率为非谣言，有0.58%的概率为谣言
2023-04-07 20:12:52,805 - INFO - ——————————————————————
2023-04-07 20:12:52,805 - INFO - ——————程序运行结束——————
