2023-04-07 18:48:24,544 - INFO - ——————程序运行开始——————
2023-04-07 18:48:24,544 - INFO - ——————————————————————
2023-04-07 18:48:24,544 - INFO - ——————输出训练参数——————
2023-04-07 18:48:24,544 - INFO - Batch_size：12
2023-04-07 18:48:24,545 - INFO - Epochs：1
2023-04-07 18:48:24,545 - INFO - Learning_rate：2e-05
2023-04-07 18:48:24,545 - INFO - max_seq_length：256
2023-04-07 18:48:24,545 - INFO - num_labels：2
2023-04-07 18:48:24,545 - INFO - ——————输出数据信息——————
2023-04-07 18:48:25,607 - INFO - GPU is available
2023-04-07 18:48:25,642 - INFO - 数据集总数：13548 条
2023-04-07 18:48:25,642 - INFO - 谣言总数：6152 条
2023-04-07 18:48:25,642 - INFO - 非谣言总数：7396 条
2023-04-07 18:48:25,723 - INFO - 成功划分训练集和测试集！
2023-04-07 18:48:25,723 - INFO - 训练集：12193 条
2023-04-07 18:48:25,723 - INFO - 测试集：1355 条
2023-04-07 18:48:57,126 - INFO - ————————————————模型测试开始————————————————
2023-04-07 18:48:57,130 - INFO - 输入实际标签为：[1, 1, 0, 0, 0, 1, 1, 0, 1, 1, 1, 0]
2023-04-07 18:48:57,836 - INFO - 输入预测标签为：[1, 1, 0, 0, 0, 1, 1, 0, 1, 1, 1, 0]
2023-04-07 18:48:57,837 - INFO - 输入实际标签为：[1, 0, 1, 0, 1, 0, 1, 0, 1, 0, 1, 0]
2023-04-07 18:48:58,014 - INFO - 输入预测标签为：[1, 0, 1, 0, 1, 0, 1, 0, 1, 0, 1, 0]
2023-04-07 18:48:58,016 - INFO - 输入实际标签为：[1, 1, 1, 1, 1, 1, 0, 1, 1, 0, 0, 0]
2023-04-07 18:48:58,195 - INFO - 输入预测标签为：[1, 1, 1, 1, 1, 1, 0, 1, 1, 0, 0, 0]
2023-04-07 18:48:58,196 - INFO - 输入实际标签为：[0, 1, 1, 1, 0, 0, 0, 1, 0, 0, 0, 1]
2023-04-07 18:48:58,375 - INFO - 输入预测标签为：[0, 1, 1, 1, 0, 0, 0, 1, 0, 0, 0, 1]
2023-04-07 18:48:58,377 - INFO - 输入实际标签为：[1, 0, 0, 1, 0, 1, 1, 0, 0, 1, 0, 1]
2023-04-07 18:48:58,555 - INFO - 输入预测标签为：[1, 0, 0, 1, 0, 1, 1, 0, 0, 1, 0, 1]
2023-04-07 18:48:58,556 - INFO - 输入实际标签为：[1, 1, 0, 0, 1, 0, 1, 0, 0, 1, 0, 0]
2023-04-07 18:48:58,742 - INFO - 输入预测标签为：[1, 1, 0, 0, 1, 0, 1, 0, 0, 1, 0, 0]
2023-04-07 18:48:58,743 - INFO - 输入实际标签为：[0, 0, 1, 0, 1, 1, 0, 0, 0, 1, 0, 1]
2023-04-07 18:48:58,924 - INFO - 输入预测标签为：[0, 0, 1, 0, 1, 1, 0, 0, 0, 1, 0, 1]
2023-04-07 18:48:58,926 - INFO - 输入实际标签为：[1, 1, 0, 0, 1, 1, 1, 1, 1, 0, 0, 0]
2023-04-07 18:48:59,107 - INFO - 输入预测标签为：[1, 1, 0, 0, 1, 1, 1, 1, 1, 0, 0, 0]
2023-04-07 18:48:59,108 - INFO - 输入实际标签为：[0, 0, 1, 0, 1, 0, 1, 1, 1, 0, 0, 1]
2023-04-07 18:48:59,289 - INFO - 输入预测标签为：[0, 0, 1, 0, 1, 0, 1, 1, 1, 0, 0, 1]
2023-04-07 18:48:59,290 - INFO - 输入实际标签为：[1, 0, 0, 0, 1, 0, 1, 0, 1, 1, 1, 1]
2023-04-07 18:48:59,469 - INFO - 输入预测标签为：[1, 0, 0, 0, 1, 0, 1, 0, 1, 1, 1, 1]
2023-04-07 18:48:59,470 - INFO - 输入实际标签为：[1, 1, 0, 1, 0, 0, 1, 0, 0, 1, 0, 1]
2023-04-07 18:48:59,652 - INFO - 输入预测标签为：[1, 1, 0, 1, 0, 0, 0, 0, 0, 1, 0, 1]
2023-04-07 18:48:59,653 - INFO - 输入实际标签为：[1, 1, 0, 1, 0, 0, 1, 1, 0, 0, 1, 1]
2023-04-07 18:48:59,836 - INFO - 输入预测标签为：[1, 1, 0, 1, 0, 0, 1, 1, 0, 0, 1, 1]
2023-04-07 18:48:59,837 - INFO - 输入实际标签为：[1, 0, 0, 1, 1, 1, 1, 0, 0, 1, 0, 0]
2023-04-07 18:49:00,018 - INFO - 输入预测标签为：[1, 0, 0, 1, 1, 1, 1, 0, 0, 1, 0, 0]
2023-04-07 18:49:00,019 - INFO - 输入实际标签为：[0, 0, 0, 0, 1, 0, 1, 0, 0, 0, 1, 0]
2023-04-07 18:49:00,197 - INFO - 输入预测标签为：[0, 0, 0, 0, 1, 0, 1, 0, 0, 0, 1, 0]
2023-04-07 18:49:00,199 - INFO - 输入实际标签为：[0, 0, 0, 1, 0, 0, 0, 1, 0, 1, 1, 1]
2023-04-07 18:49:00,378 - INFO - 输入预测标签为：[0, 0, 0, 1, 0, 0, 0, 1, 0, 1, 1, 1]
2023-04-07 18:49:00,379 - INFO - 输入实际标签为：[1, 1, 1, 0, 1, 1, 1, 1, 0, 0, 1, 1]
2023-04-07 18:49:00,560 - INFO - 输入预测标签为：[1, 1, 1, 1, 1, 1, 1, 1, 0, 0, 1, 1]
2023-04-07 18:49:00,561 - INFO - 输入实际标签为：[1, 1, 1, 1, 0, 0, 1, 1, 0, 0, 1, 0]
2023-04-07 18:49:00,744 - INFO - 输入预测标签为：[1, 1, 1, 1, 0, 0, 1, 1, 0, 0, 1, 0]
2023-04-07 18:49:00,745 - INFO - 输入实际标签为：[1, 0, 1, 1, 1, 0, 0, 1, 1, 1, 0, 1]
2023-04-07 18:49:00,927 - INFO - 输入预测标签为：[1, 0, 1, 1, 1, 0, 0, 1, 1, 1, 0, 1]
2023-04-07 18:49:00,929 - INFO - 输入实际标签为：[1, 1, 0, 1, 1, 1, 0, 1, 0, 1, 0, 0]
2023-04-07 18:49:01,108 - INFO - 输入预测标签为：[1, 1, 0, 1, 1, 1, 0, 1, 0, 1, 0, 0]
2023-04-07 18:49:01,109 - INFO - 输入实际标签为：[1, 1, 1, 0, 1, 1, 1, 0, 1, 1, 1, 1]
2023-04-07 18:49:01,288 - INFO - 输入预测标签为：[1, 1, 1, 0, 1, 1, 1, 0, 1, 1, 1, 1]
2023-04-07 18:49:01,289 - INFO - 输入实际标签为：[1, 1, 0, 0, 1, 0, 1, 0, 0, 1, 1, 0]
2023-04-07 18:49:01,469 - INFO - 输入预测标签为：[1, 1, 0, 0, 1, 0, 1, 0, 0, 1, 1, 0]
2023-04-07 18:49:01,470 - INFO - 输入实际标签为：[0, 0, 1, 0, 1, 1, 1, 0, 1, 1, 0, 1]
2023-04-07 18:49:01,652 - INFO - 输入预测标签为：[0, 0, 1, 0, 1, 1, 1, 0, 1, 1, 0, 1]
2023-04-07 18:49:01,653 - INFO - 输入实际标签为：[0, 1, 1, 0, 0, 1, 0, 0, 0, 1, 0, 1]
2023-04-07 18:49:01,834 - INFO - 输入预测标签为：[0, 1, 1, 0, 0, 1, 0, 0, 0, 1, 0, 1]
2023-04-07 18:49:01,835 - INFO - 输入实际标签为：[1, 1, 1, 1, 0, 0, 1, 1, 0, 0, 1, 1]
2023-04-07 18:49:02,016 - INFO - 输入预测标签为：[1, 1, 1, 1, 0, 0, 1, 1, 0, 0, 1, 1]
2023-04-07 18:49:02,018 - INFO - 输入实际标签为：[0, 1, 1, 1, 1, 0, 1, 0, 1, 0, 0, 0]
2023-04-07 18:49:02,197 - INFO - 输入预测标签为：[0, 1, 1, 1, 1, 0, 1, 0, 1, 0, 0, 0]
2023-04-07 18:49:02,198 - INFO - 输入实际标签为：[0, 1, 1, 0, 0, 0, 1, 0, 0, 0, 0, 0]
2023-04-07 18:49:02,378 - INFO - 输入预测标签为：[0, 1, 1, 0, 0, 0, 1, 0, 0, 0, 0, 0]
2023-04-07 18:49:02,380 - INFO - 输入实际标签为：[0, 0, 0, 0, 1, 0, 0, 1, 0, 1, 0, 0]
2023-04-07 18:49:02,561 - INFO - 输入预测标签为：[0, 0, 0, 0, 0, 0, 0, 1, 0, 1, 0, 0]
2023-04-07 18:49:02,562 - INFO - 输入实际标签为：[1, 0, 1, 0, 1, 0, 0, 0, 0, 0, 0, 1]
2023-04-07 18:49:02,745 - INFO - 输入预测标签为：[1, 0, 1, 0, 1, 0, 0, 0, 0, 0, 0, 1]
2023-04-07 18:49:02,746 - INFO - 输入实际标签为：[0, 1, 1, 0, 1, 0, 0, 1, 1, 0, 1, 0]
2023-04-07 18:49:02,929 - INFO - 输入预测标签为：[0, 1, 1, 0, 1, 0, 0, 1, 1, 0, 1, 0]
2023-04-07 18:49:02,930 - INFO - 输入实际标签为：[1, 0, 0, 1, 0, 1, 1, 1, 0, 0, 0, 0]
2023-04-07 18:49:03,110 - INFO - 输入预测标签为：[1, 0, 0, 1, 0, 1, 1, 1, 0, 0, 0, 0]
2023-04-07 18:49:03,111 - INFO - 输入实际标签为：[1, 0, 0, 1, 0, 1, 0, 1, 1, 0, 1, 1]
2023-04-07 18:49:03,292 - INFO - 输入预测标签为：[1, 0, 0, 1, 0, 1, 0, 1, 1, 0, 1, 1]
2023-04-07 18:49:03,293 - INFO - 输入实际标签为：[1, 1, 1, 1, 0, 0, 1, 0, 0, 1, 1, 1]
2023-04-07 18:49:03,473 - INFO - 输入预测标签为：[1, 1, 1, 1, 0, 0, 1, 0, 0, 1, 1, 1]
2023-04-07 18:49:03,475 - INFO - 输入实际标签为：[0, 0, 0, 0, 1, 1, 0, 1, 1, 0, 0, 0]
2023-04-07 18:49:03,657 - INFO - 输入预测标签为：[0, 0, 0, 0, 1, 1, 0, 1, 1, 0, 0, 0]
2023-04-07 18:49:03,658 - INFO - 输入实际标签为：[1, 0, 0, 0, 0, 1, 1, 1, 1, 1, 1, 0]
2023-04-07 18:49:03,841 - INFO - 输入预测标签为：[1, 0, 0, 0, 0, 1, 1, 1, 1, 1, 1, 0]
2023-04-07 18:49:03,842 - INFO - 输入实际标签为：[1, 1, 1, 1, 0, 1, 1, 0, 0, 0, 1, 1]
2023-04-07 18:49:04,025 - INFO - 输入预测标签为：[1, 1, 1, 1, 0, 1, 1, 0, 0, 0, 1, 1]
2023-04-07 18:49:04,026 - INFO - 输入实际标签为：[0, 0, 0, 1, 0, 1, 1, 1, 0, 0, 0, 0]
2023-04-07 18:49:04,208 - INFO - 输入预测标签为：[0, 0, 0, 1, 0, 1, 1, 1, 0, 0, 0, 0]
2023-04-07 18:49:04,210 - INFO - 输入实际标签为：[1, 0, 1, 1, 1, 0, 0, 0, 1, 0, 1, 1]
2023-04-07 18:49:04,390 - INFO - 输入预测标签为：[1, 0, 1, 1, 1, 0, 0, 0, 1, 0, 1, 1]
2023-04-07 18:49:04,391 - INFO - 输入实际标签为：[0, 0, 1, 0, 0, 1, 1, 1, 1, 1, 1, 1]
2023-04-07 18:49:04,574 - INFO - 输入预测标签为：[0, 0, 1, 0, 0, 1, 1, 1, 1, 1, 1, 1]
2023-04-07 18:49:04,575 - INFO - 输入实际标签为：[0, 1, 0, 0, 1, 0, 0, 0, 0, 1, 1, 0]
2023-04-07 18:49:04,760 - INFO - 输入预测标签为：[0, 1, 0, 0, 1, 0, 0, 0, 0, 1, 1, 0]
2023-04-07 18:49:04,761 - INFO - 输入实际标签为：[1, 1, 1, 0, 0, 0, 0, 1, 1, 1, 0, 1]
2023-04-07 18:49:04,945 - INFO - 输入预测标签为：[1, 1, 1, 0, 0, 0, 0, 1, 1, 1, 0, 1]
2023-04-07 18:49:04,946 - INFO - 输入实际标签为：[0, 1, 1, 0, 0, 0, 0, 0, 1, 1, 0, 1]
2023-04-07 18:49:05,129 - INFO - 输入预测标签为：[0, 1, 1, 0, 0, 0, 0, 0, 1, 1, 0, 1]
2023-04-07 18:49:05,131 - INFO - 输入实际标签为：[0, 1, 0, 0, 0, 1, 1, 1, 1, 0, 1, 0]
2023-04-07 18:49:05,310 - INFO - 输入预测标签为：[0, 1, 0, 0, 0, 1, 1, 1, 1, 0, 1, 0]
2023-04-07 18:49:05,311 - INFO - 输入实际标签为：[0, 0, 1, 1, 0, 1, 1, 0, 1, 0, 0, 0]
2023-04-07 18:49:05,493 - INFO - 输入预测标签为：[0, 0, 1, 1, 0, 1, 1, 0, 1, 0, 0, 0]
2023-04-07 18:49:05,495 - INFO - 输入实际标签为：[0, 0, 0, 1, 0, 1, 0, 0, 0, 0, 1, 0]
2023-04-07 18:49:05,678 - INFO - 输入预测标签为：[0, 0, 0, 1, 0, 1, 0, 0, 0, 0, 1, 0]
2023-04-07 18:49:05,679 - INFO - 输入实际标签为：[1, 0, 0, 1, 0, 0, 0, 1, 1, 0, 0, 1]
2023-04-07 18:49:05,863 - INFO - 输入预测标签为：[1, 0, 0, 1, 0, 0, 0, 1, 1, 0, 0, 1]
2023-04-07 18:49:05,865 - INFO - 输入实际标签为：[0, 1, 1, 1, 1, 0, 1, 1, 1, 1, 0, 0]
2023-04-07 18:49:06,047 - INFO - 输入预测标签为：[0, 1, 1, 1, 1, 0, 1, 1, 1, 1, 0, 0]
2023-04-07 18:49:06,048 - INFO - 输入实际标签为：[0, 1, 0, 1, 1, 0, 0, 0, 1, 1, 1, 1]
2023-04-07 18:49:06,229 - INFO - 输入预测标签为：[0, 1, 0, 1, 1, 0, 0, 0, 1, 1, 1, 1]
2023-04-07 18:49:06,230 - INFO - 输入实际标签为：[0, 0, 0, 0, 0, 1, 0, 1, 0, 1, 0, 1]
2023-04-07 18:49:06,411 - INFO - 输入预测标签为：[0, 0, 0, 0, 0, 1, 0, 1, 0, 1, 0, 1]
2023-04-07 18:49:06,412 - INFO - 输入实际标签为：[1, 0, 0, 0, 0, 1, 1, 1, 1, 1, 0, 0]
2023-04-07 18:49:06,594 - INFO - 输入预测标签为：[1, 0, 0, 0, 0, 1, 1, 1, 1, 1, 0, 0]
2023-04-07 18:49:06,596 - INFO - 输入实际标签为：[0, 1, 1, 0, 0, 0, 1, 0, 0, 1, 1, 1]
2023-04-07 18:49:06,779 - INFO - 输入预测标签为：[0, 1, 1, 0, 0, 0, 1, 0, 0, 1, 1, 1]
2023-04-07 18:49:06,780 - INFO - 输入实际标签为：[1, 1, 1, 0, 1, 1, 0, 1, 1, 1, 0, 0]
2023-04-07 18:49:06,965 - INFO - 输入预测标签为：[1, 1, 1, 0, 1, 1, 0, 1, 1, 1, 0, 0]
2023-04-07 18:49:06,966 - INFO - 输入实际标签为：[1, 0, 0, 0, 1, 1, 0, 1, 1, 1, 1, 1]
2023-04-07 18:49:07,149 - INFO - 输入预测标签为：[1, 0, 0, 0, 1, 1, 0, 1, 1, 1, 1, 1]
2023-04-07 18:49:07,150 - INFO - 输入实际标签为：[0, 0, 1, 0, 1, 0, 1, 0, 1, 1, 1, 0]
2023-04-07 18:49:07,332 - INFO - 输入预测标签为：[0, 0, 1, 0, 1, 0, 1, 0, 1, 1, 1, 0]
2023-04-07 18:49:07,333 - INFO - 输入实际标签为：[1, 0, 0, 1, 0, 0, 1, 1, 0, 1, 0, 1]
2023-04-07 18:49:07,519 - INFO - 输入预测标签为：[1, 0, 0, 1, 0, 0, 1, 1, 0, 1, 0, 1]
2023-04-07 18:49:07,520 - INFO - 输入实际标签为：[1, 1, 1, 1, 0, 1, 0, 1, 1, 1, 1, 0]
2023-04-07 18:49:07,704 - INFO - 输入预测标签为：[1, 1, 1, 1, 0, 1, 0, 1, 1, 1, 1, 0]
2023-04-07 18:49:07,705 - INFO - 输入实际标签为：[1, 1, 0, 1, 0, 1, 1, 1, 1, 0, 0, 0]
2023-04-07 18:49:07,888 - INFO - 输入预测标签为：[1, 1, 0, 1, 0, 1, 1, 1, 1, 0, 0, 0]
2023-04-07 18:49:07,889 - INFO - 输入实际标签为：[0, 1, 1, 0, 0, 0, 0, 1, 1, 1, 0, 0]
2023-04-07 18:49:08,071 - INFO - 输入预测标签为：[0, 1, 1, 0, 0, 0, 0, 1, 1, 1, 0, 0]
2023-04-07 18:49:08,072 - INFO - 输入实际标签为：[0, 0, 1, 0, 0, 1, 0, 1, 1, 1, 0, 0]
2023-04-07 18:49:08,254 - INFO - 输入预测标签为：[0, 0, 1, 0, 0, 1, 0, 1, 1, 1, 0, 0]
2023-04-07 18:49:08,255 - INFO - 输入实际标签为：[1, 0, 1, 0, 1, 1, 0, 1, 0, 1, 1, 1]
2023-04-07 18:49:08,439 - INFO - 输入预测标签为：[1, 0, 1, 0, 1, 1, 0, 1, 0, 1, 1, 1]
2023-04-07 18:49:08,440 - INFO - 输入实际标签为：[0, 1, 0, 0, 1, 1, 1, 1, 1, 0, 0, 1]
2023-04-07 18:49:08,623 - INFO - 输入预测标签为：[0, 1, 0, 0, 1, 1, 1, 1, 1, 0, 0, 1]
2023-04-07 18:49:08,624 - INFO - 输入实际标签为：[1, 0, 1, 0, 1, 1, 1, 1, 0, 1, 1, 1]
2023-04-07 18:49:08,807 - INFO - 输入预测标签为：[1, 0, 1, 0, 1, 1, 1, 1, 0, 1, 1, 1]
2023-04-07 18:49:08,808 - INFO - 输入实际标签为：[0, 1, 1, 0, 1, 0, 0, 1, 1, 1, 0, 0]
2023-04-07 18:49:08,991 - INFO - 输入预测标签为：[0, 1, 1, 0, 1, 0, 0, 1, 1, 1, 0, 0]
2023-04-07 18:49:08,992 - INFO - 输入实际标签为：[1, 0, 1, 1, 0, 1, 1, 0, 1, 1, 0, 0]
2023-04-07 18:49:09,175 - INFO - 输入预测标签为：[1, 1, 1, 1, 0, 1, 1, 0, 1, 1, 0, 0]
2023-04-07 18:49:09,175 - INFO - 输入实际标签为：[0, 1, 1, 1, 0, 0, 0, 0, 0, 0, 1, 0]
2023-04-07 18:49:09,361 - INFO - 输入预测标签为：[0, 1, 1, 1, 0, 0, 0, 0, 0, 0, 1, 0]
2023-04-07 18:49:09,361 - INFO - 输入实际标签为：[0, 1, 1, 0, 1, 0, 0, 1, 1, 1, 1, 0]
2023-04-07 18:49:09,545 - INFO - 输入预测标签为：[0, 1, 1, 0, 1, 0, 0, 1, 1, 1, 1, 0]
2023-04-07 18:49:09,546 - INFO - 输入实际标签为：[1, 1, 0, 0, 1, 0, 1, 1, 1, 1, 0, 1]
2023-04-07 18:49:09,730 - INFO - 输入预测标签为：[1, 1, 0, 0, 1, 0, 1, 1, 1, 1, 0, 1]
2023-04-07 18:49:09,732 - INFO - 输入实际标签为：[0, 0, 0, 1, 1, 1, 1, 0, 0, 1, 0, 1]
2023-04-07 18:49:09,914 - INFO - 输入预测标签为：[0, 0, 0, 1, 1, 1, 1, 0, 0, 1, 0, 1]
2023-04-07 18:49:09,915 - INFO - 输入实际标签为：[1, 1, 0, 0, 1, 1, 1, 0, 0, 1, 1, 0]
2023-04-07 18:49:10,099 - INFO - 输入预测标签为：[1, 1, 0, 0, 1, 1, 1, 0, 0, 1, 1, 0]
2023-04-07 18:49:10,100 - INFO - 输入实际标签为：[0, 1, 1, 0, 1, 0, 1, 1, 1, 1, 1, 0]
2023-04-07 18:49:10,282 - INFO - 输入预测标签为：[0, 1, 1, 0, 1, 0, 1, 1, 1, 1, 1, 0]
2023-04-07 18:49:10,283 - INFO - 输入实际标签为：[1, 1, 1, 1, 1, 0, 0, 0, 1, 0, 1, 1]
2023-04-07 18:49:10,466 - INFO - 输入预测标签为：[1, 1, 1, 1, 1, 0, 0, 0, 1, 0, 1, 1]
2023-04-07 18:49:10,467 - INFO - 输入实际标签为：[1, 1, 1, 0, 1, 1, 1, 1, 0, 0, 0, 1]
2023-04-07 18:49:10,651 - INFO - 输入预测标签为：[1, 1, 1, 0, 1, 1, 1, 1, 0, 0, 0, 1]
2023-04-07 18:49:10,652 - INFO - 输入实际标签为：[1, 0, 1, 0, 1, 1, 0, 0, 1, 1, 1, 1]
2023-04-07 18:49:10,837 - INFO - 输入预测标签为：[1, 0, 1, 0, 1, 1, 0, 0, 1, 1, 1, 1]
2023-04-07 18:49:10,838 - INFO - 输入实际标签为：[0, 1, 1, 0, 0, 1, 0, 1, 1, 0, 1, 1]
2023-04-07 18:49:11,023 - INFO - 输入预测标签为：[0, 1, 1, 0, 0, 1, 0, 1, 1, 0, 1, 1]
2023-04-07 18:49:11,024 - INFO - 输入实际标签为：[1, 0, 1, 0, 1, 0, 0, 1, 0, 1, 0, 0]
2023-04-07 18:49:11,205 - INFO - 输入预测标签为：[1, 0, 1, 0, 1, 0, 0, 1, 0, 1, 0, 0]
2023-04-07 18:49:11,206 - INFO - 输入实际标签为：[0, 1, 1, 1, 0, 1, 0, 0, 0, 1, 1, 1]
2023-04-07 18:49:11,390 - INFO - 输入预测标签为：[0, 1, 1, 1, 0, 1, 0, 0, 0, 1, 1, 1]
2023-04-07 18:49:11,391 - INFO - 输入实际标签为：[0, 1, 1, 1, 1, 0, 0, 1, 0, 0, 1, 1]
2023-04-07 18:49:11,574 - INFO - 输入预测标签为：[0, 1, 1, 1, 1, 0, 0, 1, 0, 0, 1, 1]
2023-04-07 18:49:11,575 - INFO - 输入实际标签为：[1, 1, 0, 1, 1, 1, 0, 1, 1, 0, 0, 1]
2023-04-07 18:49:11,758 - INFO - 输入预测标签为：[1, 1, 0, 1, 1, 1, 0, 1, 1, 0, 0, 1]
2023-04-07 18:49:11,759 - INFO - 输入实际标签为：[0, 1, 0, 1, 1, 0, 0, 0, 0, 1, 0, 0]
2023-04-07 18:49:11,942 - INFO - 输入预测标签为：[0, 1, 0, 1, 1, 0, 0, 0, 0, 1, 0, 0]
2023-04-07 18:49:11,943 - INFO - 输入实际标签为：[0, 1, 1, 0, 1, 1, 0, 1, 0, 0, 1, 1]
2023-04-07 18:49:12,126 - INFO - 输入预测标签为：[0, 1, 1, 0, 1, 1, 0, 1, 0, 0, 1, 1]
2023-04-07 18:49:12,127 - INFO - 输入实际标签为：[1, 0, 1, 0, 1, 0, 0, 1, 0, 0, 0, 1]
2023-04-07 18:49:12,313 - INFO - 输入预测标签为：[1, 0, 1, 0, 1, 0, 0, 0, 0, 0, 0, 1]
2023-04-07 18:49:12,314 - INFO - 输入实际标签为：[1, 1, 1, 1, 0, 0, 0, 0, 1, 1, 0, 0]
2023-04-07 18:49:12,497 - INFO - 输入预测标签为：[1, 1, 1, 1, 0, 0, 0, 0, 1, 1, 0, 0]
2023-04-07 18:49:12,498 - INFO - 输入实际标签为：[1, 0, 1, 1, 1, 1, 0, 0, 0, 1, 1, 1]
2023-04-07 18:49:12,684 - INFO - 输入预测标签为：[1, 0, 1, 1, 1, 1, 0, 0, 0, 1, 1, 1]
2023-04-07 18:49:12,685 - INFO - 输入实际标签为：[0, 1, 0, 1, 1, 1, 0, 0, 1, 1, 0, 1]
2023-04-07 18:49:12,867 - INFO - 输入预测标签为：[0, 1, 0, 1, 1, 1, 0, 0, 1, 1, 0, 1]
2023-04-07 18:49:12,869 - INFO - 输入实际标签为：[1, 0, 1, 1, 0, 0, 1, 0, 0, 0, 1, 0]
2023-04-07 18:49:13,052 - INFO - 输入预测标签为：[1, 0, 1, 1, 0, 0, 1, 0, 0, 0, 1, 0]
2023-04-07 18:49:13,053 - INFO - 输入实际标签为：[1, 1, 1, 0, 1, 1, 1, 0, 1, 0, 0, 1]
2023-04-07 18:49:13,239 - INFO - 输入预测标签为：[1, 1, 1, 0, 1, 1, 1, 0, 1, 0, 0, 1]
2023-04-07 18:49:13,240 - INFO - 输入实际标签为：[1, 0, 0, 1, 1, 0, 0, 1, 1, 0, 1, 1]
2023-04-07 18:49:13,423 - INFO - 输入预测标签为：[1, 0, 0, 1, 1, 0, 0, 1, 1, 0, 1, 1]
2023-04-07 18:49:13,424 - INFO - 输入实际标签为：[1, 1, 1, 1, 0, 0, 0, 1, 1, 0, 0, 0]
2023-04-07 18:49:13,609 - INFO - 输入预测标签为：[1, 1, 1, 1, 0, 0, 0, 1, 1, 0, 0, 0]
2023-04-07 18:49:13,610 - INFO - 输入实际标签为：[1, 0, 0, 0, 1, 0, 1, 0, 1, 0, 0, 1]
2023-04-07 18:49:13,795 - INFO - 输入预测标签为：[1, 0, 0, 0, 1, 0, 1, 0, 1, 0, 0, 1]
2023-04-07 18:49:13,796 - INFO - 输入实际标签为：[0, 1, 0, 1, 0, 1, 1, 0, 1, 0, 0, 0]
2023-04-07 18:49:13,978 - INFO - 输入预测标签为：[0, 1, 0, 1, 0, 1, 1, 0, 1, 0, 0, 0]
2023-04-07 18:49:13,979 - INFO - 输入实际标签为：[1, 0, 0, 0, 1, 1, 0, 1, 1, 0, 1, 1]
2023-04-07 18:49:14,164 - INFO - 输入预测标签为：[1, 0, 0, 0, 1, 1, 0, 1, 1, 0, 1, 1]
2023-04-07 18:49:14,166 - INFO - 输入实际标签为：[1, 1, 0, 1, 0, 1, 0, 1, 0, 0, 0, 0]
2023-04-07 18:49:14,351 - INFO - 输入预测标签为：[1, 1, 0, 1, 0, 1, 0, 1, 0, 0, 0, 0]
2023-04-07 18:49:14,352 - INFO - 输入实际标签为：[0, 1, 0, 1, 0, 1, 1, 0, 0, 1, 0, 0]
2023-04-07 18:49:14,535 - INFO - 输入预测标签为：[0, 1, 0, 1, 0, 1, 1, 0, 0, 1, 0, 0]
2023-04-07 18:49:14,536 - INFO - 输入实际标签为：[0, 1, 1, 1, 0, 1, 0, 1, 0, 1, 1, 1]
2023-04-07 18:49:14,719 - INFO - 输入预测标签为：[0, 1, 1, 1, 0, 1, 0, 1, 0, 1, 1, 1]
2023-04-07 18:49:14,720 - INFO - 输入实际标签为：[1, 1, 0, 1, 0, 1, 1, 0, 1, 0, 1, 0]
2023-04-07 18:49:14,903 - INFO - 输入预测标签为：[1, 1, 0, 1, 0, 1, 1, 0, 1, 0, 1, 0]
2023-04-07 18:49:14,904 - INFO - 输入实际标签为：[0, 1, 1, 1, 1, 1, 1, 0, 0, 1, 0, 1]
2023-04-07 18:49:15,089 - INFO - 输入预测标签为：[0, 1, 1, 1, 1, 1, 1, 0, 0, 1, 0, 1]
2023-04-07 18:49:15,090 - INFO - 输入实际标签为：[1, 0, 1, 1, 0, 0, 1, 1, 0, 0, 1, 1]
2023-04-07 18:49:15,274 - INFO - 输入预测标签为：[1, 0, 1, 1, 0, 0, 1, 1, 0, 0, 1, 1]
2023-04-07 18:49:15,275 - INFO - 输入实际标签为：[0, 0, 1, 0, 0, 1, 1, 1, 1, 1, 0, 0]
2023-04-07 18:49:15,459 - INFO - 输入预测标签为：[0, 0, 1, 0, 0, 1, 1, 1, 1, 1, 0, 0]
2023-04-07 18:49:15,460 - INFO - 输入实际标签为：[1, 1, 1, 0, 1, 1, 0, 1, 0, 1, 0, 1]
2023-04-07 18:49:15,647 - INFO - 输入预测标签为：[1, 1, 1, 0, 1, 1, 0, 1, 0, 1, 0, 1]
2023-04-07 18:49:15,648 - INFO - 输入实际标签为：[1, 1, 1, 0, 1, 0, 1, 1, 1, 1, 0, 1]
2023-04-07 18:49:15,833 - INFO - 输入预测标签为：[1, 1, 1, 0, 1, 0, 1, 1, 1, 1, 0, 1]
2023-04-07 18:49:15,834 - INFO - 输入实际标签为：[1, 0, 1, 0, 1, 0, 0, 1, 0, 1, 0, 1]
2023-04-07 18:49:16,017 - INFO - 输入预测标签为：[1, 0, 1, 0, 1, 0, 0, 1, 0, 1, 0, 1]
2023-04-07 18:49:16,018 - INFO - 输入实际标签为：[0, 0, 1, 0, 1, 1, 1, 1, 0, 1, 0, 1]
2023-04-07 18:49:16,203 - INFO - 输入预测标签为：[0, 0, 1, 0, 1, 1, 1, 1, 0, 1, 0, 1]
2023-04-07 18:49:16,204 - INFO - 输入实际标签为：[1, 0, 1, 0, 1, 1, 1, 0, 1, 1, 0, 1]
2023-04-07 18:49:16,388 - INFO - 输入预测标签为：[1, 0, 1, 0, 1, 1, 1, 0, 1, 1, 0, 1]
2023-04-07 18:49:16,389 - INFO - 输入实际标签为：[1, 0, 0, 1, 1, 0, 1, 1, 0, 0, 0, 0]
2023-04-07 18:49:16,574 - INFO - 输入预测标签为：[1, 0, 0, 1, 1, 0, 1, 1, 0, 0, 0, 0]
2023-04-07 18:49:16,575 - INFO - 输入实际标签为：[1, 1, 0, 0, 1, 1, 0, 1, 1, 0, 0, 1]
2023-04-07 18:49:16,760 - INFO - 输入预测标签为：[1, 1, 0, 0, 1, 1, 0, 1, 1, 0, 0, 1]
2023-04-07 18:49:16,762 - INFO - 输入实际标签为：[0, 1, 1, 1, 1, 1, 0, 1, 1, 1, 0, 1]
2023-04-07 18:49:16,946 - INFO - 输入预测标签为：[0, 1, 1, 1, 1, 1, 0, 1, 1, 1, 0, 1]
2023-04-07 18:49:16,948 - INFO - 输入实际标签为：[0, 1, 0, 0, 1, 0, 0, 1, 1, 0, 1, 1]
2023-04-07 18:49:17,132 - INFO - 输入预测标签为：[0, 1, 0, 0, 1, 0, 0, 1, 1, 0, 1, 1]
2023-04-07 18:49:17,134 - INFO - 输入实际标签为：[1, 0, 0, 1, 0, 1, 1, 1, 1, 1, 1, 0]
2023-04-07 18:49:17,319 - INFO - 输入预测标签为：[1, 0, 0, 1, 0, 1, 1, 1, 1, 1, 1, 0]
2023-04-07 18:49:17,321 - INFO - 输入实际标签为：[1, 1, 1, 1, 0, 0, 1, 1, 1, 1, 1, 0]
2023-04-07 18:49:17,507 - INFO - 输入预测标签为：[1, 1, 1, 1, 0, 0, 1, 1, 1, 1, 1, 0]
2023-04-07 18:49:17,508 - INFO - 输入实际标签为：[1, 0, 1, 1, 0, 1, 1, 1, 1, 0, 1, 1]
2023-04-07 18:49:17,693 - INFO - 输入预测标签为：[1, 0, 1, 1, 0, 1, 1, 1, 1, 0, 1, 1]
2023-04-07 18:49:17,694 - INFO - 输入实际标签为：[1, 1, 0, 1, 1, 0, 1, 0, 1, 1, 0, 0]
2023-04-07 18:49:17,877 - INFO - 输入预测标签为：[1, 1, 0, 1, 1, 0, 1, 0, 1, 1, 0, 0]
2023-04-07 18:49:17,878 - INFO - 输入实际标签为：[0, 1, 1, 0, 0, 1, 0, 0, 1, 1, 0, 1]
2023-04-07 18:49:18,063 - INFO - 输入预测标签为：[0, 1, 1, 0, 0, 1, 0, 0, 1, 1, 0, 1]
2023-04-07 18:49:18,064 - INFO - 输入实际标签为：[1, 0, 0, 1, 0, 0, 1, 0, 0, 1, 0, 0]
2023-04-07 18:49:18,248 - INFO - 输入预测标签为：[1, 0, 0, 1, 0, 0, 1, 0, 0, 1, 0, 0]
2023-04-07 18:49:18,248 - INFO - ————————————————模型测试结束————————————————
2023-04-07 18:49:18,248 - INFO - 总测试样本: 1344个
2023-04-07 18:49:18,248 - INFO - 预测正确样本: 1339个
2023-04-07 18:49:18,249 - INFO - 测试准确度: 0.996280
2023-04-07 18:49:18,263 - INFO - -----------------------------
2023-04-07 18:49:18,263 - INFO - Accuracy: 0.9962797619047619
2023-04-07 18:49:18,263 - INFO - Precision: 0.996199429691677
2023-04-07 18:49:18,263 - INFO - Recall: 0.9963155255974597
2023-04-07 18:49:18,263 - INFO - F1 Score: 0.9962569159326713
2023-04-07 18:49:18,263 - INFO - AUC Score: 0.9963155255974596
2023-04-07 18:49:18,263 - INFO - -----------------------------
2023-04-07 18:49:18,268 - INFO - 
              precision    recall  f1-score   support

           0       1.00      1.00      1.00       619
           1       1.00      1.00      1.00       725

    accuracy                           1.00      1344
   macro avg       1.00      1.00      1.00      1344
weighted avg       1.00      1.00      1.00      1344

2023-04-07 18:49:18,268 - INFO - -----------------------------
2023-04-07 18:49:18,268 - INFO - -----------混淆矩阵------------
2023-04-07 18:49:18,270 - INFO - 
[[617   2]
 [  3 722]]
2023-04-07 18:49:18,270 - INFO - -----------------------------
2023-04-07 18:49:18,583 - INFO - ————————————————预测文本类别————————————————
2023-04-07 18:49:18,603 - INFO - 这条微博有99.99%的概率为非谣言，有0.01%的概率为谣言
2023-04-07 18:49:18,603 - INFO - ——————————————————————
2023-04-07 18:49:18,603 - INFO - ——————程序运行结束——————
