2023-04-12 15:06:28,364 - INFO - ——————程序运行开始——————
2023-04-12 15:06:28,364 - INFO - ——————————————————————
2023-04-12 15:06:28,364 - INFO - ——————输出训练参数——————
2023-04-12 15:06:28,364 - INFO - Batch_size：12
2023-04-12 15:06:28,364 - INFO - Epochs：2
2023-04-12 15:06:28,364 - INFO - Learning_rate：2e-05
2023-04-12 15:06:28,364 - INFO - max_seq_length：256
2023-04-12 15:06:28,364 - INFO - num_labels：2
2023-04-12 15:06:28,364 - INFO - ——————输出数据信息——————
2023-04-12 15:06:29,402 - INFO - GPU is available
2023-04-12 15:06:29,434 - INFO - 数据集总数：13548 条
2023-04-12 15:06:29,434 - INFO - 谣言总数：6152 条
2023-04-12 15:06:29,434 - INFO - 非谣言总数：7396 条
2023-04-12 15:06:29,499 - INFO - 成功划分训练集和测试集！
2023-04-12 15:06:29,500 - INFO - 训练集：12193 条
2023-04-12 15:06:29,500 - INFO - 测试集：1355 条
2023-04-12 15:06:30,759 - DEBUG - Building prefix dict from the default dictionary ...
2023-04-12 15:06:30,761 - DEBUG - Loading model from cache C:\Users\zjf\AppData\Local\Temp\jieba.cache
2023-04-12 15:06:31,407 - DEBUG - Loading model cost 0.647 seconds.
2023-04-12 15:06:31,407 - DEBUG - Prefix dict has been built successfully.
2023-04-12 15:07:06,296 - INFO - ————————————————模型测试开始————————————————
2023-04-12 15:07:06,300 - INFO - 输入实际标签为：[1, 0, 0, 1, 1, 1, 1, 1, 0, 0, 1, 1]
2023-04-12 15:07:07,057 - INFO - 输入预测标签为：[1, 0, 0, 1, 1, 1, 1, 1, 0, 0, 1, 1]
2023-04-12 15:07:07,058 - INFO - 输入实际标签为：[1, 1, 0, 0, 0, 0, 0, 1, 1, 1, 0, 1]
2023-04-12 15:07:07,239 - INFO - 输入预测标签为：[1, 1, 0, 0, 0, 0, 0, 1, 1, 1, 0, 1]
2023-04-12 15:07:07,240 - INFO - 输入实际标签为：[1, 1, 1, 1, 0, 1, 0, 1, 1, 1, 1, 0]
2023-04-12 15:07:07,420 - INFO - 输入预测标签为：[1, 1, 1, 1, 0, 1, 0, 1, 1, 1, 1, 0]
2023-04-12 15:07:07,421 - INFO - 输入实际标签为：[0, 0, 0, 1, 1, 0, 0, 0, 1, 1, 0, 0]
2023-04-12 15:07:07,603 - INFO - 输入预测标签为：[0, 0, 0, 1, 1, 0, 0, 0, 1, 1, 0, 0]
2023-04-12 15:07:07,604 - INFO - 输入实际标签为：[1, 1, 0, 1, 1, 1, 0, 1, 1, 1, 0, 0]
2023-04-12 15:07:07,785 - INFO - 输入预测标签为：[1, 1, 0, 1, 1, 1, 0, 1, 1, 1, 0, 0]
2023-04-12 15:07:07,787 - INFO - 输入实际标签为：[1, 0, 1, 0, 0, 1, 1, 1, 0, 1, 1, 0]
2023-04-12 15:07:07,975 - INFO - 输入预测标签为：[1, 0, 0, 0, 0, 1, 1, 1, 0, 1, 1, 0]
2023-04-12 15:07:07,976 - INFO - 输入实际标签为：[1, 1, 0, 0, 1, 1, 1, 1, 0, 0, 1, 0]
2023-04-12 15:07:08,160 - INFO - 输入预测标签为：[1, 1, 0, 0, 1, 1, 1, 1, 0, 0, 1, 0]
2023-04-12 15:07:08,161 - INFO - 输入实际标签为：[0, 0, 0, 0, 1, 1, 0, 1, 0, 1, 1, 1]
2023-04-12 15:07:08,343 - INFO - 输入预测标签为：[0, 0, 0, 0, 1, 1, 0, 1, 0, 1, 1, 1]
2023-04-12 15:07:08,344 - INFO - 输入实际标签为：[1, 1, 1, 1, 1, 0, 0, 1, 1, 0, 0, 0]
2023-04-12 15:07:08,525 - INFO - 输入预测标签为：[1, 1, 1, 1, 1, 0, 0, 1, 1, 0, 0, 0]
2023-04-12 15:07:08,527 - INFO - 输入实际标签为：[1, 1, 1, 0, 0, 1, 1, 0, 0, 1, 1, 1]
2023-04-12 15:07:08,709 - INFO - 输入预测标签为：[1, 1, 1, 0, 0, 1, 1, 0, 0, 1, 1, 1]
2023-04-12 15:07:08,710 - INFO - 输入实际标签为：[0, 1, 0, 0, 0, 1, 0, 0, 0, 0, 1, 1]
2023-04-12 15:07:08,895 - INFO - 输入预测标签为：[0, 1, 0, 0, 0, 1, 0, 0, 0, 0, 1, 1]
2023-04-12 15:07:08,896 - INFO - 输入实际标签为：[1, 0, 1, 1, 0, 1, 1, 1, 1, 0, 1, 1]
2023-04-12 15:07:09,081 - INFO - 输入预测标签为：[1, 0, 1, 1, 0, 1, 1, 1, 1, 0, 1, 1]
2023-04-12 15:07:09,082 - INFO - 输入实际标签为：[0, 0, 1, 0, 0, 0, 0, 1, 0, 0, 1, 1]
2023-04-12 15:07:09,266 - INFO - 输入预测标签为：[0, 0, 1, 0, 0, 0, 0, 1, 0, 0, 1, 1]
2023-04-12 15:07:09,267 - INFO - 输入实际标签为：[1, 0, 1, 0, 0, 0, 0, 1, 1, 1, 1, 1]
2023-04-12 15:07:09,451 - INFO - 输入预测标签为：[1, 0, 1, 0, 0, 0, 0, 1, 1, 1, 1, 1]
2023-04-12 15:07:09,452 - INFO - 输入实际标签为：[0, 1, 1, 0, 1, 1, 0, 1, 0, 1, 1, 1]
2023-04-12 15:07:09,636 - INFO - 输入预测标签为：[0, 1, 1, 0, 1, 1, 0, 1, 0, 1, 1, 1]
2023-04-12 15:07:09,637 - INFO - 输入实际标签为：[0, 0, 0, 1, 1, 0, 0, 0, 0, 1, 0, 1]
2023-04-12 15:07:09,822 - INFO - 输入预测标签为：[0, 0, 0, 1, 1, 0, 0, 0, 0, 1, 0, 1]
2023-04-12 15:07:09,824 - INFO - 输入实际标签为：[0, 1, 1, 0, 1, 1, 0, 0, 1, 1, 0, 1]
2023-04-12 15:07:10,009 - INFO - 输入预测标签为：[0, 1, 1, 0, 1, 1, 0, 0, 1, 1, 0, 1]
2023-04-12 15:07:10,010 - INFO - 输入实际标签为：[0, 1, 1, 1, 0, 1, 0, 1, 0, 1, 1, 1]
2023-04-12 15:07:10,194 - INFO - 输入预测标签为：[0, 1, 1, 1, 0, 1, 0, 1, 0, 1, 1, 1]
2023-04-12 15:07:10,195 - INFO - 输入实际标签为：[0, 1, 1, 0, 1, 1, 0, 1, 1, 1, 0, 0]
2023-04-12 15:07:10,379 - INFO - 输入预测标签为：[0, 1, 1, 0, 1, 1, 0, 1, 1, 1, 0, 0]
2023-04-12 15:07:10,380 - INFO - 输入实际标签为：[0, 0, 0, 1, 1, 1, 0, 0, 0, 1, 0, 1]
2023-04-12 15:07:10,563 - INFO - 输入预测标签为：[0, 0, 0, 1, 1, 1, 0, 0, 0, 1, 0, 1]
2023-04-12 15:07:10,565 - INFO - 输入实际标签为：[0, 1, 1, 1, 1, 0, 0, 1, 1, 0, 0, 1]
2023-04-12 15:07:10,751 - INFO - 输入预测标签为：[0, 1, 1, 1, 1, 0, 0, 1, 1, 0, 0, 1]
2023-04-12 15:07:10,752 - INFO - 输入实际标签为：[1, 0, 0, 0, 0, 0, 0, 1, 0, 1, 1, 0]
2023-04-12 15:07:10,937 - INFO - 输入预测标签为：[1, 0, 0, 0, 0, 0, 0, 1, 0, 1, 1, 0]
2023-04-12 15:07:10,938 - INFO - 输入实际标签为：[0, 1, 1, 0, 0, 1, 1, 1, 1, 0, 0, 0]
2023-04-12 15:07:11,124 - INFO - 输入预测标签为：[0, 1, 1, 0, 0, 1, 1, 1, 1, 0, 0, 0]
2023-04-12 15:07:11,125 - INFO - 输入实际标签为：[1, 0, 1, 0, 1, 0, 1, 0, 1, 1, 1, 1]
2023-04-12 15:07:11,309 - INFO - 输入预测标签为：[1, 0, 1, 0, 1, 0, 1, 0, 1, 1, 1, 1]
2023-04-12 15:07:11,310 - INFO - 输入实际标签为：[1, 1, 0, 0, 1, 1, 0, 0, 1, 1, 0, 1]
2023-04-12 15:07:11,495 - INFO - 输入预测标签为：[1, 1, 0, 0, 1, 1, 0, 0, 1, 1, 0, 1]
2023-04-12 15:07:11,496 - INFO - 输入实际标签为：[1, 0, 0, 0, 0, 0, 0, 0, 1, 0, 0, 1]
2023-04-12 15:07:11,681 - INFO - 输入预测标签为：[1, 0, 0, 0, 0, 0, 0, 0, 1, 0, 0, 1]
2023-04-12 15:07:11,682 - INFO - 输入实际标签为：[0, 0, 1, 1, 0, 1, 1, 1, 0, 0, 0, 1]
2023-04-12 15:07:11,867 - INFO - 输入预测标签为：[0, 0, 1, 1, 0, 1, 1, 1, 0, 0, 0, 1]
2023-04-12 15:07:11,868 - INFO - 输入实际标签为：[0, 1, 1, 1, 1, 1, 1, 1, 1, 0, 1, 1]
2023-04-12 15:07:12,054 - INFO - 输入预测标签为：[0, 1, 1, 1, 1, 1, 1, 1, 1, 0, 1, 1]
2023-04-12 15:07:12,056 - INFO - 输入实际标签为：[0, 1, 1, 1, 0, 0, 1, 1, 1, 0, 1, 1]
2023-04-12 15:07:12,240 - INFO - 输入预测标签为：[0, 1, 1, 1, 0, 0, 1, 1, 1, 0, 1, 1]
2023-04-12 15:07:12,241 - INFO - 输入实际标签为：[1, 0, 1, 1, 1, 1, 0, 0, 1, 0, 0, 0]
2023-04-12 15:07:12,426 - INFO - 输入预测标签为：[1, 0, 1, 1, 1, 1, 0, 0, 1, 0, 0, 0]
2023-04-12 15:07:12,427 - INFO - 输入实际标签为：[0, 1, 1, 1, 0, 1, 0, 0, 1, 0, 1, 0]
2023-04-12 15:07:12,611 - INFO - 输入预测标签为：[0, 1, 1, 1, 0, 1, 0, 0, 1, 0, 1, 0]
2023-04-12 15:07:12,612 - INFO - 输入实际标签为：[0, 1, 1, 0, 0, 1, 0, 1, 0, 0, 1, 1]
2023-04-12 15:07:12,797 - INFO - 输入预测标签为：[0, 1, 1, 0, 0, 1, 0, 1, 0, 0, 1, 1]
2023-04-12 15:07:12,798 - INFO - 输入实际标签为：[1, 0, 0, 0, 0, 0, 0, 1, 1, 0, 0, 0]
2023-04-12 15:07:12,984 - INFO - 输入预测标签为：[1, 0, 0, 0, 0, 0, 0, 1, 1, 0, 0, 0]
2023-04-12 15:07:12,985 - INFO - 输入实际标签为：[1, 1, 1, 1, 1, 1, 1, 0, 1, 0, 1, 1]
2023-04-12 15:07:13,170 - INFO - 输入预测标签为：[1, 1, 1, 1, 1, 1, 1, 0, 1, 0, 1, 1]
2023-04-12 15:07:13,172 - INFO - 输入实际标签为：[1, 0, 1, 0, 0, 1, 0, 1, 1, 1, 1, 1]
2023-04-12 15:07:13,355 - INFO - 输入预测标签为：[1, 0, 1, 0, 0, 1, 0, 1, 1, 1, 1, 1]
2023-04-12 15:07:13,357 - INFO - 输入实际标签为：[1, 0, 1, 0, 0, 1, 1, 1, 0, 1, 0, 1]
2023-04-12 15:07:13,540 - INFO - 输入预测标签为：[1, 0, 1, 0, 0, 1, 1, 1, 0, 1, 0, 1]
2023-04-12 15:07:13,541 - INFO - 输入实际标签为：[1, 0, 0, 1, 1, 0, 1, 1, 1, 1, 0, 0]
2023-04-12 15:07:13,725 - INFO - 输入预测标签为：[1, 0, 0, 1, 1, 0, 1, 1, 1, 1, 0, 0]
2023-04-12 15:07:13,726 - INFO - 输入实际标签为：[0, 1, 0, 0, 1, 0, 0, 1, 0, 0, 0, 1]
2023-04-12 15:07:13,912 - INFO - 输入预测标签为：[0, 1, 0, 0, 1, 0, 0, 1, 0, 0, 0, 1]
2023-04-12 15:07:13,913 - INFO - 输入实际标签为：[1, 1, 0, 1, 0, 0, 0, 1, 1, 1, 1, 0]
2023-04-12 15:07:14,099 - INFO - 输入预测标签为：[1, 1, 0, 1, 0, 0, 0, 1, 1, 1, 1, 0]
2023-04-12 15:07:14,100 - INFO - 输入实际标签为：[1, 0, 1, 0, 1, 1, 0, 0, 0, 0, 1, 0]
2023-04-12 15:07:14,285 - INFO - 输入预测标签为：[1, 0, 1, 0, 1, 1, 0, 0, 0, 0, 1, 0]
2023-04-12 15:07:14,287 - INFO - 输入实际标签为：[0, 1, 1, 0, 1, 1, 0, 1, 1, 1, 1, 0]
2023-04-12 15:07:14,471 - INFO - 输入预测标签为：[0, 1, 1, 0, 1, 1, 0, 1, 1, 1, 1, 0]
2023-04-12 15:07:14,472 - INFO - 输入实际标签为：[0, 0, 1, 1, 0, 0, 1, 0, 0, 0, 0, 1]
2023-04-12 15:07:14,657 - INFO - 输入预测标签为：[0, 0, 1, 1, 0, 0, 1, 0, 0, 0, 0, 1]
2023-04-12 15:07:14,658 - INFO - 输入实际标签为：[1, 0, 1, 0, 1, 0, 1, 1, 1, 0, 0, 0]
2023-04-12 15:07:14,842 - INFO - 输入预测标签为：[1, 0, 1, 0, 1, 0, 1, 1, 1, 0, 0, 0]
2023-04-12 15:07:14,843 - INFO - 输入实际标签为：[1, 0, 0, 1, 1, 0, 1, 1, 0, 0, 1, 1]
2023-04-12 15:07:15,028 - INFO - 输入预测标签为：[1, 0, 0, 1, 1, 0, 1, 1, 0, 0, 1, 1]
2023-04-12 15:07:15,029 - INFO - 输入实际标签为：[1, 0, 0, 1, 1, 1, 1, 0, 1, 0, 1, 0]
2023-04-12 15:07:15,214 - INFO - 输入预测标签为：[1, 0, 0, 1, 1, 1, 1, 0, 1, 0, 1, 0]
2023-04-12 15:07:15,215 - INFO - 输入实际标签为：[1, 1, 0, 0, 1, 1, 1, 1, 0, 1, 0, 1]
2023-04-12 15:07:15,399 - INFO - 输入预测标签为：[1, 1, 0, 0, 1, 1, 1, 1, 0, 1, 0, 1]
2023-04-12 15:07:15,400 - INFO - 输入实际标签为：[0, 0, 1, 0, 1, 0, 1, 0, 1, 1, 1, 0]
2023-04-12 15:07:15,585 - INFO - 输入预测标签为：[0, 0, 1, 0, 1, 0, 1, 0, 1, 1, 1, 0]
2023-04-12 15:07:15,586 - INFO - 输入实际标签为：[0, 1, 1, 1, 0, 0, 1, 1, 1, 1, 1, 1]
2023-04-12 15:07:15,770 - INFO - 输入预测标签为：[0, 1, 1, 1, 0, 0, 1, 1, 1, 1, 1, 1]
2023-04-12 15:07:15,771 - INFO - 输入实际标签为：[0, 0, 1, 1, 1, 1, 0, 1, 0, 0, 1, 0]
2023-04-12 15:07:15,956 - INFO - 输入预测标签为：[0, 0, 1, 1, 1, 1, 0, 1, 0, 0, 1, 0]
2023-04-12 15:07:15,957 - INFO - 输入实际标签为：[1, 1, 0, 0, 1, 1, 1, 0, 0, 1, 0, 0]
2023-04-12 15:07:16,143 - INFO - 输入预测标签为：[1, 1, 0, 0, 1, 1, 1, 0, 0, 1, 0, 0]
2023-04-12 15:07:16,144 - INFO - 输入实际标签为：[0, 0, 0, 1, 0, 0, 1, 0, 0, 1, 1, 1]
2023-04-12 15:07:16,329 - INFO - 输入预测标签为：[0, 0, 0, 1, 0, 0, 1, 0, 0, 1, 1, 1]
2023-04-12 15:07:16,330 - INFO - 输入实际标签为：[1, 1, 1, 1, 0, 0, 1, 0, 1, 0, 0, 1]
2023-04-12 15:07:16,515 - INFO - 输入预测标签为：[1, 1, 1, 1, 0, 0, 1, 0, 1, 0, 0, 1]
2023-04-12 15:07:16,517 - INFO - 输入实际标签为：[0, 1, 1, 1, 1, 0, 0, 1, 1, 1, 0, 0]
2023-04-12 15:07:16,702 - INFO - 输入预测标签为：[0, 1, 1, 1, 1, 0, 0, 1, 1, 1, 0, 0]
2023-04-12 15:07:16,704 - INFO - 输入实际标签为：[0, 1, 0, 0, 0, 1, 1, 0, 1, 0, 1, 0]
2023-04-12 15:07:16,888 - INFO - 输入预测标签为：[0, 1, 0, 0, 0, 1, 1, 0, 1, 0, 1, 0]
2023-04-12 15:07:16,889 - INFO - 输入实际标签为：[1, 0, 0, 0, 0, 0, 0, 1, 1, 1, 1, 1]
2023-04-12 15:07:17,075 - INFO - 输入预测标签为：[1, 0, 0, 0, 0, 0, 0, 1, 1, 1, 1, 1]
2023-04-12 15:07:17,076 - INFO - 输入实际标签为：[1, 1, 0, 0, 0, 0, 1, 0, 0, 1, 0, 0]
2023-04-12 15:07:17,261 - INFO - 输入预测标签为：[1, 1, 0, 0, 0, 0, 1, 0, 0, 1, 0, 0]
2023-04-12 15:07:17,262 - INFO - 输入实际标签为：[1, 0, 1, 0, 0, 1, 0, 1, 1, 1, 0, 1]
2023-04-12 15:07:17,447 - INFO - 输入预测标签为：[1, 0, 1, 0, 0, 1, 0, 1, 1, 1, 0, 1]
2023-04-12 15:07:17,448 - INFO - 输入实际标签为：[1, 0, 1, 1, 0, 0, 0, 1, 0, 1, 1, 0]
2023-04-12 15:07:17,632 - INFO - 输入预测标签为：[1, 0, 1, 1, 0, 0, 0, 1, 0, 1, 1, 0]
2023-04-12 15:07:17,633 - INFO - 输入实际标签为：[1, 1, 0, 1, 1, 1, 1, 0, 0, 1, 0, 1]
2023-04-12 15:07:17,818 - INFO - 输入预测标签为：[1, 1, 0, 1, 1, 1, 1, 0, 0, 1, 0, 1]
2023-04-12 15:07:17,819 - INFO - 输入实际标签为：[0, 0, 0, 1, 0, 0, 1, 1, 1, 1, 1, 1]
2023-04-12 15:07:18,004 - INFO - 输入预测标签为：[0, 0, 0, 1, 0, 0, 1, 1, 1, 1, 1, 1]
2023-04-12 15:07:18,007 - INFO - 输入实际标签为：[0, 1, 1, 1, 0, 0, 1, 1, 1, 1, 0, 0]
2023-04-12 15:07:18,192 - INFO - 输入预测标签为：[0, 1, 1, 1, 0, 0, 1, 1, 1, 1, 0, 0]
2023-04-12 15:07:18,193 - INFO - 输入实际标签为：[1, 0, 1, 1, 1, 0, 0, 1, 0, 0, 1, 1]
2023-04-12 15:07:18,378 - INFO - 输入预测标签为：[1, 0, 1, 1, 1, 0, 0, 1, 0, 0, 1, 1]
2023-04-12 15:07:18,379 - INFO - 输入实际标签为：[1, 0, 0, 0, 0, 0, 1, 1, 1, 0, 0, 0]
2023-04-12 15:07:18,564 - INFO - 输入预测标签为：[1, 0, 0, 0, 0, 0, 1, 1, 1, 0, 0, 0]
2023-04-12 15:07:18,565 - INFO - 输入实际标签为：[1, 0, 1, 0, 0, 0, 1, 1, 1, 1, 1, 1]
2023-04-12 15:07:18,749 - INFO - 输入预测标签为：[1, 0, 1, 0, 0, 0, 1, 1, 1, 1, 1, 1]
2023-04-12 15:07:18,750 - INFO - 输入实际标签为：[1, 1, 0, 0, 0, 1, 1, 0, 0, 1, 0, 1]
2023-04-12 15:07:18,935 - INFO - 输入预测标签为：[1, 1, 0, 0, 0, 1, 1, 0, 0, 1, 0, 1]
2023-04-12 15:07:18,936 - INFO - 输入实际标签为：[1, 0, 0, 0, 1, 0, 0, 1, 1, 0, 0, 1]
2023-04-12 15:07:19,121 - INFO - 输入预测标签为：[1, 0, 0, 0, 1, 0, 0, 1, 1, 0, 0, 1]
2023-04-12 15:07:19,122 - INFO - 输入实际标签为：[1, 1, 1, 0, 0, 0, 1, 1, 1, 1, 1, 0]
2023-04-12 15:07:19,308 - INFO - 输入预测标签为：[1, 1, 1, 0, 0, 0, 1, 1, 1, 1, 1, 0]
2023-04-12 15:07:19,309 - INFO - 输入实际标签为：[0, 0, 1, 0, 0, 1, 1, 1, 0, 0, 1, 1]
2023-04-12 15:07:19,495 - INFO - 输入预测标签为：[0, 0, 1, 0, 0, 1, 1, 1, 0, 0, 1, 1]
2023-04-12 15:07:19,496 - INFO - 输入实际标签为：[0, 1, 0, 1, 1, 1, 0, 1, 1, 1, 1, 1]
2023-04-12 15:07:19,680 - INFO - 输入预测标签为：[0, 1, 0, 1, 1, 1, 0, 1, 1, 1, 1, 1]
2023-04-12 15:07:19,681 - INFO - 输入实际标签为：[1, 0, 1, 0, 1, 0, 1, 1, 1, 1, 1, 0]
2023-04-12 15:07:19,866 - INFO - 输入预测标签为：[1, 0, 1, 0, 1, 0, 1, 1, 1, 1, 1, 0]
2023-04-12 15:07:19,867 - INFO - 输入实际标签为：[0, 0, 0, 0, 0, 0, 1, 0, 1, 1, 1, 1]
2023-04-12 15:07:20,053 - INFO - 输入预测标签为：[0, 0, 0, 0, 0, 0, 1, 0, 1, 1, 1, 1]
2023-04-12 15:07:20,054 - INFO - 输入实际标签为：[1, 1, 0, 1, 0, 0, 1, 1, 1, 1, 1, 0]
2023-04-12 15:07:20,239 - INFO - 输入预测标签为：[1, 1, 0, 1, 0, 0, 1, 1, 1, 1, 1, 0]
2023-04-12 15:07:20,240 - INFO - 输入实际标签为：[0, 0, 1, 0, 0, 1, 1, 1, 1, 1, 1, 1]
2023-04-12 15:07:20,427 - INFO - 输入预测标签为：[0, 0, 1, 0, 0, 1, 1, 1, 1, 1, 1, 1]
2023-04-12 15:07:20,428 - INFO - 输入实际标签为：[0, 1, 1, 0, 1, 1, 1, 1, 0, 0, 1, 0]
2023-04-12 15:07:20,613 - INFO - 输入预测标签为：[0, 1, 1, 0, 1, 1, 1, 1, 0, 0, 1, 0]
2023-04-12 15:07:20,614 - INFO - 输入实际标签为：[1, 1, 0, 0, 0, 1, 1, 1, 1, 1, 1, 0]
2023-04-12 15:07:20,800 - INFO - 输入预测标签为：[1, 1, 0, 0, 0, 1, 1, 1, 1, 1, 1, 0]
2023-04-12 15:07:20,801 - INFO - 输入实际标签为：[1, 1, 0, 1, 0, 1, 1, 1, 1, 0, 1, 1]
2023-04-12 15:07:20,987 - INFO - 输入预测标签为：[1, 1, 0, 1, 0, 1, 1, 1, 1, 0, 1, 1]
2023-04-12 15:07:20,988 - INFO - 输入实际标签为：[1, 0, 1, 1, 1, 0, 0, 1, 0, 1, 1, 1]
2023-04-12 15:07:21,175 - INFO - 输入预测标签为：[1, 0, 1, 1, 1, 0, 0, 1, 0, 1, 1, 1]
2023-04-12 15:07:21,176 - INFO - 输入实际标签为：[1, 1, 0, 1, 0, 1, 1, 0, 1, 1, 0, 0]
2023-04-12 15:07:21,360 - INFO - 输入预测标签为：[1, 1, 0, 1, 0, 1, 1, 0, 1, 1, 0, 0]
2023-04-12 15:07:21,362 - INFO - 输入实际标签为：[0, 1, 0, 1, 1, 1, 1, 1, 1, 1, 1, 1]
2023-04-12 15:07:21,547 - INFO - 输入预测标签为：[0, 1, 0, 1, 1, 1, 1, 1, 1, 1, 1, 1]
2023-04-12 15:07:21,548 - INFO - 输入实际标签为：[1, 0, 1, 1, 0, 0, 0, 0, 1, 0, 1, 1]
2023-04-12 15:07:21,733 - INFO - 输入预测标签为：[1, 0, 1, 1, 0, 0, 0, 0, 1, 0, 1, 1]
2023-04-12 15:07:21,734 - INFO - 输入实际标签为：[0, 1, 1, 1, 1, 0, 1, 0, 0, 1, 1, 1]
2023-04-12 15:07:21,919 - INFO - 输入预测标签为：[0, 1, 1, 1, 1, 0, 1, 0, 0, 1, 1, 1]
2023-04-12 15:07:21,920 - INFO - 输入实际标签为：[1, 0, 0, 1, 0, 0, 0, 1, 1, 1, 1, 0]
2023-04-12 15:07:22,106 - INFO - 输入预测标签为：[1, 0, 0, 1, 0, 0, 0, 1, 1, 1, 1, 0]
2023-04-12 15:07:22,107 - INFO - 输入实际标签为：[1, 1, 1, 1, 0, 1, 0, 1, 0, 0, 1, 0]
2023-04-12 15:07:22,293 - INFO - 输入预测标签为：[1, 1, 1, 1, 0, 1, 0, 1, 0, 0, 1, 0]
2023-04-12 15:07:22,294 - INFO - 输入实际标签为：[1, 1, 1, 0, 1, 0, 1, 1, 1, 0, 1, 1]
2023-04-12 15:07:22,480 - INFO - 输入预测标签为：[1, 1, 1, 0, 1, 0, 1, 1, 1, 0, 1, 1]
2023-04-12 15:07:22,482 - INFO - 输入实际标签为：[1, 1, 0, 0, 1, 1, 1, 1, 0, 0, 1, 0]
2023-04-12 15:07:22,668 - INFO - 输入预测标签为：[1, 1, 0, 0, 1, 1, 1, 1, 0, 0, 1, 0]
2023-04-12 15:07:22,670 - INFO - 输入实际标签为：[0, 1, 0, 0, 1, 1, 0, 1, 1, 1, 1, 1]
2023-04-12 15:07:22,855 - INFO - 输入预测标签为：[0, 1, 0, 0, 1, 1, 0, 1, 1, 1, 1, 1]
2023-04-12 15:07:22,856 - INFO - 输入实际标签为：[1, 1, 1, 1, 0, 0, 0, 1, 0, 0, 0, 0]
2023-04-12 15:07:23,042 - INFO - 输入预测标签为：[1, 1, 1, 1, 0, 0, 0, 1, 0, 0, 0, 0]
2023-04-12 15:07:23,043 - INFO - 输入实际标签为：[1, 0, 1, 1, 0, 0, 1, 1, 1, 0, 0, 0]
2023-04-12 15:07:23,228 - INFO - 输入预测标签为：[1, 0, 1, 1, 0, 0, 1, 1, 1, 0, 0, 0]
2023-04-12 15:07:23,229 - INFO - 输入实际标签为：[1, 1, 1, 1, 1, 1, 1, 0, 1, 0, 1, 0]
2023-04-12 15:07:23,416 - INFO - 输入预测标签为：[1, 1, 1, 1, 1, 1, 1, 0, 1, 0, 1, 0]
2023-04-12 15:07:23,417 - INFO - 输入实际标签为：[1, 0, 1, 0, 0, 0, 1, 1, 1, 1, 0, 0]
2023-04-12 15:07:23,603 - INFO - 输入预测标签为：[1, 0, 1, 0, 0, 0, 1, 1, 1, 1, 0, 0]
2023-04-12 15:07:23,604 - INFO - 输入实际标签为：[1, 1, 0, 0, 1, 1, 1, 0, 1, 0, 0, 0]
2023-04-12 15:07:23,790 - INFO - 输入预测标签为：[1, 1, 0, 0, 1, 1, 1, 0, 1, 0, 0, 0]
2023-04-12 15:07:23,791 - INFO - 输入实际标签为：[0, 0, 1, 1, 1, 1, 1, 1, 1, 0, 1, 0]
2023-04-12 15:07:23,977 - INFO - 输入预测标签为：[0, 0, 1, 1, 1, 1, 1, 1, 1, 0, 1, 0]
2023-04-12 15:07:23,978 - INFO - 输入实际标签为：[1, 0, 1, 1, 0, 1, 1, 0, 0, 0, 1, 1]
2023-04-12 15:07:24,163 - INFO - 输入预测标签为：[1, 0, 1, 1, 0, 1, 1, 0, 0, 0, 1, 1]
2023-04-12 15:07:24,164 - INFO - 输入实际标签为：[0, 0, 1, 0, 1, 0, 0, 1, 1, 1, 0, 1]
2023-04-12 15:07:24,350 - INFO - 输入预测标签为：[0, 0, 1, 0, 1, 0, 0, 1, 1, 1, 0, 1]
2023-04-12 15:07:24,351 - INFO - 输入实际标签为：[0, 0, 1, 1, 1, 0, 1, 0, 0, 0, 1, 0]
2023-04-12 15:07:24,537 - INFO - 输入预测标签为：[0, 0, 1, 1, 1, 0, 1, 0, 0, 0, 1, 0]
2023-04-12 15:07:24,538 - INFO - 输入实际标签为：[1, 1, 0, 1, 0, 0, 1, 1, 1, 0, 1, 1]
2023-04-12 15:07:24,725 - INFO - 输入预测标签为：[1, 1, 0, 1, 0, 0, 1, 1, 1, 0, 1, 1]
2023-04-12 15:07:24,726 - INFO - 输入实际标签为：[1, 1, 0, 1, 1, 1, 1, 1, 0, 1, 1, 0]
2023-04-12 15:07:24,913 - INFO - 输入预测标签为：[1, 1, 0, 1, 1, 1, 1, 1, 0, 1, 1, 0]
2023-04-12 15:07:24,915 - INFO - 输入实际标签为：[1, 0, 1, 1, 0, 1, 0, 1, 0, 1, 0, 1]
2023-04-12 15:07:25,100 - INFO - 输入预测标签为：[1, 0, 1, 1, 0, 1, 0, 1, 0, 1, 0, 1]
2023-04-12 15:07:25,101 - INFO - 输入实际标签为：[1, 0, 1, 0, 0, 1, 1, 0, 0, 1, 0, 1]
2023-04-12 15:07:25,287 - INFO - 输入预测标签为：[1, 0, 1, 0, 0, 1, 1, 0, 0, 1, 0, 1]
2023-04-12 15:07:25,288 - INFO - 输入实际标签为：[0, 0, 1, 0, 1, 0, 0, 1, 0, 1, 0, 1]
2023-04-12 15:07:25,475 - INFO - 输入预测标签为：[0, 0, 1, 0, 1, 0, 0, 1, 0, 1, 0, 1]
2023-04-12 15:07:25,476 - INFO - 输入实际标签为：[0, 1, 1, 0, 1, 1, 1, 1, 1, 0, 1, 0]
2023-04-12 15:07:25,660 - INFO - 输入预测标签为：[0, 1, 1, 0, 1, 1, 1, 1, 1, 0, 1, 0]
2023-04-12 15:07:25,662 - INFO - 输入实际标签为：[1, 0, 1, 0, 1, 1, 1, 1, 1, 1, 1, 0]
2023-04-12 15:07:25,848 - INFO - 输入预测标签为：[1, 0, 1, 0, 1, 1, 1, 1, 1, 1, 1, 0]
2023-04-12 15:07:25,850 - INFO - 输入实际标签为：[0, 0, 0, 1, 1, 1, 1, 1, 0, 1, 1, 1]
2023-04-12 15:07:26,036 - INFO - 输入预测标签为：[0, 0, 0, 1, 1, 1, 1, 1, 0, 1, 1, 1]
2023-04-12 15:07:26,037 - INFO - 输入实际标签为：[1, 1, 0, 1, 1, 1, 1, 0, 1, 1, 1, 1]
2023-04-12 15:07:26,224 - INFO - 输入预测标签为：[1, 1, 0, 1, 1, 1, 1, 0, 1, 1, 1, 1]
2023-04-12 15:07:26,225 - INFO - 输入实际标签为：[0, 1, 1, 1, 1, 0, 0, 1, 0, 1, 1, 0]
2023-04-12 15:07:26,412 - INFO - 输入预测标签为：[0, 1, 1, 1, 1, 0, 0, 1, 0, 1, 1, 0]
2023-04-12 15:07:26,413 - INFO - 输入实际标签为：[1, 1, 1, 0, 0, 1, 1, 1, 1, 1, 0, 0]
2023-04-12 15:07:26,599 - INFO - 输入预测标签为：[1, 1, 1, 0, 0, 1, 1, 1, 1, 1, 0, 0]
2023-04-12 15:07:26,600 - INFO - 输入实际标签为：[1, 0, 1, 0, 1, 0, 1, 1, 1, 1, 0, 0]
2023-04-12 15:07:26,788 - INFO - 输入预测标签为：[1, 0, 1, 0, 1, 0, 1, 1, 1, 1, 0, 0]
2023-04-12 15:07:26,790 - INFO - 输入实际标签为：[1, 1, 1, 0, 1, 1, 0, 0, 1, 0, 0, 1]
2023-04-12 15:07:26,975 - INFO - 输入预测标签为：[1, 1, 1, 0, 1, 1, 0, 0, 1, 0, 0, 1]
2023-04-12 15:07:26,977 - INFO - 输入实际标签为：[1, 0, 1, 1, 0, 0, 0, 1, 1, 1, 0, 0]
2023-04-12 15:07:27,163 - INFO - 输入预测标签为：[1, 0, 1, 1, 0, 0, 0, 1, 1, 1, 0, 0]
2023-04-12 15:07:27,164 - INFO - 输入实际标签为：[1, 1, 1, 0, 0, 1, 0, 0, 0, 1, 1, 1]
2023-04-12 15:07:27,349 - INFO - 输入预测标签为：[1, 1, 1, 0, 0, 1, 0, 0, 0, 1, 1, 1]
2023-04-12 15:07:27,350 - INFO - 输入实际标签为：[0, 0, 1, 0, 0, 0, 0, 1, 1, 0, 0, 1]
2023-04-12 15:07:27,536 - INFO - 输入预测标签为：[0, 0, 1, 0, 0, 0, 0, 1, 1, 0, 0, 1]
2023-04-12 15:07:27,537 - INFO - 输入实际标签为：[0, 1, 1, 1, 0, 1, 0, 0, 0, 1, 1, 0]
2023-04-12 15:07:27,723 - INFO - 输入预测标签为：[0, 1, 1, 1, 0, 1, 0, 0, 0, 1, 1, 0]
2023-04-12 15:07:27,724 - INFO - ————————————————模型测试结束————————————————
2023-04-12 15:07:27,724 - INFO - 总测试样本: 1344个
2023-04-12 15:07:27,724 - INFO - 预测正确样本: 1343个
2023-04-12 15:07:27,724 - INFO - 测试准确度: 0.999256
2023-04-12 15:07:27,737 - INFO - -----------------------------
2023-04-12 15:07:27,737 - INFO - Accuracy: 0.9992559523809523
2023-04-12 15:07:27,737 - INFO - Precision: 0.9991467576791808
2023-04-12 15:07:27,737 - INFO - Recall: 0.9993412384716733
2023-04-12 15:07:27,737 - INFO - F1 Score: 0.9992434166269328
2023-04-12 15:07:27,737 - INFO - AUC Score: 0.9993412384716733
2023-04-12 15:07:27,737 - INFO - -----------------------------
2023-04-12 15:07:27,741 - INFO - 
              precision    recall  f1-score   support

           0       1.00      1.00      1.00       585
           1       1.00      1.00      1.00       759

    accuracy                           1.00      1344
   macro avg       1.00      1.00      1.00      1344
weighted avg       1.00      1.00      1.00      1344

2023-04-12 15:07:27,741 - INFO - -----------------------------
2023-04-12 15:07:27,741 - INFO - -----------混淆矩阵------------
2023-04-12 15:07:27,742 - INFO - 
[[585   0]
 [  1 758]]
2023-04-12 15:07:27,742 - INFO - -----------------------------
2023-04-12 15:07:28,028 - INFO - ————————————————预测文本类别————————————————
2023-04-12 15:07:28,046 - INFO - 这条微博有99.11%的概率为非谣言，有0.89%的概率为谣言
2023-04-12 15:07:28,046 - INFO - ——————————————————————
2023-04-12 15:07:28,046 - INFO - ——————程序运行结束——————
