2023-04-12 14:41:55,990 - INFO - ——————程序运行开始——————
2023-04-12 14:41:55,990 - INFO - ——————————————————————
2023-04-12 14:41:55,990 - INFO - ——————输出训练参数——————
2023-04-12 14:41:55,990 - INFO - Batch_size：12
2023-04-12 14:41:55,990 - INFO - Epochs：2
2023-04-12 14:41:55,990 - INFO - Learning_rate：2e-05
2023-04-12 14:41:55,991 - INFO - max_seq_length：256
2023-04-12 14:41:55,991 - INFO - num_labels：2
2023-04-12 14:41:55,991 - INFO - ——————输出数据信息——————
2023-04-12 14:41:57,026 - INFO - GPU is available
2023-04-12 14:41:57,056 - INFO - 数据集总数：13548 条
2023-04-12 14:41:57,056 - INFO - 谣言总数：6152 条
2023-04-12 14:41:57,056 - INFO - 非谣言总数：7396 条
2023-04-12 14:41:57,118 - INFO - 成功划分训练集和测试集！
2023-04-12 14:41:57,118 - INFO - 训练集：12193 条
2023-04-12 14:41:57,118 - INFO - 测试集：1355 条
2023-04-12 14:42:31,559 - INFO - ————————————————模型训练开始————————————————
2023-04-12 14:42:33,013 - INFO - Epoch: 0, Batch: 0, Loss: 0.6646167039871216
2023-04-12 14:42:38,601 - INFO - Epoch: 0, Batch: 10, Loss: 0.6957175135612488
2023-04-12 14:42:43,981 - INFO - Epoch: 0, Batch: 20, Loss: 0.5558114647865295
2023-04-12 14:42:49,429 - INFO - Epoch: 0, Batch: 30, Loss: 0.5868608951568604
2023-04-12 14:42:54,918 - INFO - Epoch: 0, Batch: 40, Loss: 0.4501015543937683
2023-04-12 14:43:00,394 - INFO - Epoch: 0, Batch: 50, Loss: 0.23701989650726318
2023-04-12 14:43:05,877 - INFO - Epoch: 0, Batch: 60, Loss: 0.34703120589256287
2023-04-12 14:43:11,383 - INFO - Epoch: 0, Batch: 70, Loss: 0.21340450644493103
2023-04-12 14:43:16,904 - INFO - Epoch: 0, Batch: 80, Loss: 0.18503889441490173
2023-04-12 14:43:22,434 - INFO - Epoch: 0, Batch: 90, Loss: 0.3662615716457367
2023-04-12 14:43:27,983 - INFO - Epoch: 0, Batch: 100, Loss: 0.40749430656433105
2023-04-12 14:43:33,509 - INFO - Epoch: 0, Batch: 110, Loss: 0.2270781695842743
2023-04-12 14:43:39,041 - INFO - Epoch: 0, Batch: 120, Loss: 0.32172608375549316
2023-04-12 14:43:44,581 - INFO - Epoch: 0, Batch: 130, Loss: 0.36766517162323
2023-04-12 14:43:50,120 - INFO - Epoch: 0, Batch: 140, Loss: 0.22350260615348816
2023-04-12 14:43:55,712 - INFO - Epoch: 0, Batch: 150, Loss: 0.48187288641929626
2023-04-12 14:44:01,351 - INFO - Epoch: 0, Batch: 160, Loss: 0.0814429447054863
2023-04-12 14:44:06,957 - INFO - Epoch: 0, Batch: 170, Loss: 0.12318295240402222
2023-04-12 14:44:12,542 - INFO - Epoch: 0, Batch: 180, Loss: 0.1496199667453766
2023-04-12 14:44:18,141 - INFO - Epoch: 0, Batch: 190, Loss: 0.19068065285682678
2023-04-12 14:44:23,736 - INFO - Epoch: 0, Batch: 200, Loss: 0.038689080625772476
2023-04-12 14:44:29,310 - INFO - Epoch: 0, Batch: 210, Loss: 0.21273913979530334
2023-04-12 14:44:34,873 - INFO - Epoch: 0, Batch: 220, Loss: 0.14868751168251038
2023-04-12 14:44:40,507 - INFO - Epoch: 0, Batch: 230, Loss: 0.06262995302677155
2023-04-12 14:44:46,115 - INFO - Epoch: 0, Batch: 240, Loss: 0.08898842334747314
2023-04-12 14:44:51,761 - INFO - Epoch: 0, Batch: 250, Loss: 0.053677238523960114
2023-04-12 14:44:57,409 - INFO - Epoch: 0, Batch: 260, Loss: 0.1409096121788025
2023-04-12 14:45:03,123 - INFO - Epoch: 0, Batch: 270, Loss: 0.06277355551719666
2023-04-12 14:45:08,751 - INFO - Epoch: 0, Batch: 280, Loss: 0.03984624147415161
2023-04-12 14:45:14,382 - INFO - Epoch: 0, Batch: 290, Loss: 0.490658700466156
2023-04-12 14:45:20,026 - INFO - Epoch: 0, Batch: 300, Loss: 0.11500965058803558
2023-04-12 14:45:25,649 - INFO - Epoch: 0, Batch: 310, Loss: 0.15739805996418
2023-04-12 14:45:31,310 - INFO - Epoch: 0, Batch: 320, Loss: 0.07415129244327545
2023-04-12 14:45:37,360 - INFO - Epoch: 0, Batch: 330, Loss: 0.026472054421901703
2023-04-12 14:45:43,172 - INFO - Epoch: 0, Batch: 340, Loss: 0.04992663860321045
2023-04-12 14:45:48,823 - INFO - Epoch: 0, Batch: 350, Loss: 0.024154042825102806
2023-04-12 14:45:54,462 - INFO - Epoch: 0, Batch: 360, Loss: 0.06552314013242722
2023-04-12 14:46:00,094 - INFO - Epoch: 0, Batch: 370, Loss: 0.28135019540786743
2023-04-12 14:46:05,735 - INFO - Epoch: 0, Batch: 380, Loss: 0.0392419658601284
2023-04-12 14:46:11,365 - INFO - Epoch: 0, Batch: 390, Loss: 0.11159255355596542
2023-04-12 14:46:17,026 - INFO - Epoch: 0, Batch: 400, Loss: 0.048173561692237854
2023-04-12 14:46:22,686 - INFO - Epoch: 0, Batch: 410, Loss: 0.10387112945318222
2023-04-12 14:46:28,339 - INFO - Epoch: 0, Batch: 420, Loss: 0.5512822866439819
2023-04-12 14:46:33,983 - INFO - Epoch: 0, Batch: 430, Loss: 0.3729947507381439
2023-04-12 14:46:39,624 - INFO - Epoch: 0, Batch: 440, Loss: 0.04459860548377037
2023-04-12 14:46:45,286 - INFO - Epoch: 0, Batch: 450, Loss: 0.036636002361774445
2023-04-12 14:46:50,913 - INFO - Epoch: 0, Batch: 460, Loss: 0.033278074115514755
2023-04-12 14:46:56,553 - INFO - Epoch: 0, Batch: 470, Loss: 0.03187230974435806
2023-04-12 14:47:02,237 - INFO - Epoch: 0, Batch: 480, Loss: 0.3519933819770813
2023-04-12 14:47:07,875 - INFO - Epoch: 0, Batch: 490, Loss: 0.027336034923791885
2023-04-12 14:47:13,522 - INFO - Epoch: 0, Batch: 500, Loss: 0.2540362775325775
2023-04-12 14:47:19,211 - INFO - Epoch: 0, Batch: 510, Loss: 0.05582083389163017
2023-04-12 14:47:25,086 - INFO - Epoch: 0, Batch: 520, Loss: 0.3248070478439331
2023-04-12 14:47:30,874 - INFO - Epoch: 0, Batch: 530, Loss: 0.012880134396255016
2023-04-12 14:47:36,550 - INFO - Epoch: 0, Batch: 540, Loss: 0.01714213937520981
2023-04-12 14:47:42,243 - INFO - Epoch: 0, Batch: 550, Loss: 0.0189739428460598
2023-04-12 14:47:47,927 - INFO - Epoch: 0, Batch: 560, Loss: 0.5854891538619995
2023-04-12 14:47:53,631 - INFO - Epoch: 0, Batch: 570, Loss: 0.048623278737068176
2023-04-12 14:47:59,319 - INFO - Epoch: 0, Batch: 580, Loss: 0.03349825367331505
2023-04-12 14:48:04,993 - INFO - Epoch: 0, Batch: 590, Loss: 0.04909615218639374
2023-04-12 14:48:10,683 - INFO - Epoch: 0, Batch: 600, Loss: 0.020451106131076813
2023-04-12 14:48:16,357 - INFO - Epoch: 0, Batch: 610, Loss: 0.024276334792375565
2023-04-12 14:48:22,099 - INFO - Epoch: 0, Batch: 620, Loss: 0.016446959227323532
2023-04-12 14:48:27,788 - INFO - Epoch: 0, Batch: 630, Loss: 0.35638293623924255
2023-04-12 14:48:33,603 - INFO - Epoch: 0, Batch: 640, Loss: 0.01639585755765438
2023-04-12 14:48:39,423 - INFO - Epoch: 0, Batch: 650, Loss: 0.01209403108805418
2023-04-12 14:48:45,123 - INFO - Epoch: 0, Batch: 660, Loss: 0.020361609756946564
2023-04-12 14:48:50,906 - INFO - Epoch: 0, Batch: 670, Loss: 0.25855934619903564
2023-04-12 14:48:56,592 - INFO - Epoch: 0, Batch: 680, Loss: 0.02385314367711544
2023-04-12 14:49:02,310 - INFO - Epoch: 0, Batch: 690, Loss: 0.021158039569854736
2023-04-12 14:49:08,140 - INFO - Epoch: 0, Batch: 700, Loss: 0.018742989748716354
2023-04-12 14:49:13,830 - INFO - Epoch: 0, Batch: 710, Loss: 0.03180389851331711
2023-04-12 14:49:19,540 - INFO - Epoch: 0, Batch: 720, Loss: 0.020770162343978882
2023-04-12 14:49:25,223 - INFO - Epoch: 0, Batch: 730, Loss: 0.05069979280233383
2023-04-12 14:49:30,914 - INFO - Epoch: 0, Batch: 740, Loss: 0.040213458240032196
2023-04-12 14:49:36,625 - INFO - Epoch: 0, Batch: 750, Loss: 0.035246603190898895
2023-04-12 14:49:42,373 - INFO - Epoch: 0, Batch: 760, Loss: 0.1934267282485962
2023-04-12 14:49:48,112 - INFO - Epoch: 0, Batch: 770, Loss: 0.17728638648986816
2023-04-12 14:49:53,879 - INFO - Epoch: 0, Batch: 780, Loss: 0.15772907435894012
2023-04-12 14:49:59,691 - INFO - Epoch: 0, Batch: 790, Loss: 0.01378214918076992
2023-04-12 14:50:05,433 - INFO - Epoch: 0, Batch: 800, Loss: 0.32232069969177246
2023-04-12 14:50:11,252 - INFO - Epoch: 0, Batch: 810, Loss: 0.020265676081180573
2023-04-12 14:50:17,143 - INFO - Epoch: 0, Batch: 820, Loss: 0.18963071703910828
2023-04-12 14:50:22,980 - INFO - Epoch: 0, Batch: 830, Loss: 0.012094675563275814
2023-04-12 14:50:28,779 - INFO - Epoch: 0, Batch: 840, Loss: 0.013246364891529083
2023-04-12 14:50:34,693 - INFO - Epoch: 0, Batch: 850, Loss: 0.2810788154602051
2023-04-12 14:50:40,517 - INFO - Epoch: 0, Batch: 860, Loss: 0.013459071516990662
2023-04-12 14:50:46,343 - INFO - Epoch: 0, Batch: 870, Loss: 0.0092398039996624
2023-04-12 14:50:52,230 - INFO - Epoch: 0, Batch: 880, Loss: 0.012741993181407452
2023-04-12 14:50:58,080 - INFO - Epoch: 0, Batch: 890, Loss: 0.04338874667882919
2023-04-12 14:51:04,156 - INFO - Epoch: 0, Batch: 900, Loss: 0.010654142126441002
2023-04-12 14:51:10,163 - INFO - Epoch: 0, Batch: 910, Loss: 0.013314511626958847
2023-04-12 14:51:15,943 - INFO - Epoch: 0, Batch: 920, Loss: 0.059080012142658234
2023-04-12 14:51:21,770 - INFO - Epoch: 0, Batch: 930, Loss: 0.010646789334714413
2023-04-12 14:51:27,532 - INFO - Epoch: 0, Batch: 940, Loss: 0.008580721914768219
2023-04-12 14:51:33,427 - INFO - Epoch: 0, Batch: 950, Loss: 0.007056280039250851
2023-04-12 14:51:39,195 - INFO - Epoch: 0, Batch: 960, Loss: 0.2579089403152466
2023-04-12 14:51:45,200 - INFO - Epoch: 0, Batch: 970, Loss: 0.10522063821554184
2023-04-12 14:51:51,015 - INFO - Epoch: 0, Batch: 980, Loss: 0.04142061993479729
2023-04-12 14:51:56,958 - INFO - Epoch: 0, Batch: 990, Loss: 0.01768108829855919
2023-04-12 14:52:02,874 - INFO - Epoch: 0, Batch: 1000, Loss: 0.01162679772824049
2023-04-12 14:52:08,687 - INFO - Epoch: 0, Batch: 1010, Loss: 0.01279362291097641
2023-04-12 14:52:11,632 - INFO - Epoch [1/2], Average Loss: 0.1543
2023-04-12 14:52:12,219 - INFO - Epoch: 1, Batch: 0, Loss: 0.006695336662232876
2023-04-12 14:52:18,090 - INFO - Epoch: 1, Batch: 10, Loss: 0.043478384613990784
2023-04-12 14:52:24,006 - INFO - Epoch: 1, Batch: 20, Loss: 0.23367206752300262
2023-04-12 14:52:29,873 - INFO - Epoch: 1, Batch: 30, Loss: 0.006178684066981077
2023-04-12 14:52:35,842 - INFO - Epoch: 1, Batch: 40, Loss: 0.00889742374420166
2023-04-12 14:52:41,639 - INFO - Epoch: 1, Batch: 50, Loss: 0.004028619732707739
2023-04-12 14:52:47,521 - INFO - Epoch: 1, Batch: 60, Loss: 0.004740733187645674
2023-04-12 14:52:53,342 - INFO - Epoch: 1, Batch: 70, Loss: 0.009491064585745335
2023-04-12 14:52:59,302 - INFO - Epoch: 1, Batch: 80, Loss: 0.006027401890605688
2023-04-12 14:53:05,254 - INFO - Epoch: 1, Batch: 90, Loss: 0.005368869286030531
2023-04-12 14:53:11,126 - INFO - Epoch: 1, Batch: 100, Loss: 0.005145035684108734
2023-04-12 14:53:17,030 - INFO - Epoch: 1, Batch: 110, Loss: 0.004370320588350296
2023-04-12 14:53:22,871 - INFO - Epoch: 1, Batch: 120, Loss: 0.0050525544211268425
2023-04-12 14:53:28,716 - INFO - Epoch: 1, Batch: 130, Loss: 0.004162983037531376
2023-04-12 14:53:34,506 - INFO - Epoch: 1, Batch: 140, Loss: 0.0035591074265539646
2023-04-12 14:53:40,428 - INFO - Epoch: 1, Batch: 150, Loss: 0.00364382634870708
2023-04-12 14:53:46,303 - INFO - Epoch: 1, Batch: 160, Loss: 0.0033185440115630627
2023-04-12 14:53:52,196 - INFO - Epoch: 1, Batch: 170, Loss: 0.003993581514805555
2023-04-12 14:53:58,056 - INFO - Epoch: 1, Batch: 180, Loss: 0.003368798643350601
2023-04-12 14:54:03,882 - INFO - Epoch: 1, Batch: 190, Loss: 0.0037937487941235304
2023-04-12 14:54:09,755 - INFO - Epoch: 1, Batch: 200, Loss: 0.0031270161271095276
2023-04-12 14:54:15,570 - INFO - Epoch: 1, Batch: 210, Loss: 0.0036086782347410917
2023-04-12 14:54:21,413 - INFO - Epoch: 1, Batch: 220, Loss: 0.005955960601568222
2023-04-12 14:54:27,240 - INFO - Epoch: 1, Batch: 230, Loss: 0.003599377116188407
2023-04-12 14:54:33,031 - INFO - Epoch: 1, Batch: 240, Loss: 0.003689086064696312
2023-04-12 14:54:38,820 - INFO - Epoch: 1, Batch: 250, Loss: 0.0035828924737870693
2023-04-12 14:54:44,548 - INFO - Epoch: 1, Batch: 260, Loss: 0.0038767578080296516
2023-04-12 14:54:50,336 - INFO - Epoch: 1, Batch: 270, Loss: 0.004431733395904303
2023-04-12 14:54:56,269 - INFO - Epoch: 1, Batch: 280, Loss: 0.004161925055086613
2023-04-12 14:55:02,001 - INFO - Epoch: 1, Batch: 290, Loss: 0.04160163179039955
2023-04-12 14:55:07,883 - INFO - Epoch: 1, Batch: 300, Loss: 0.004343634005635977
2023-04-12 14:55:13,673 - INFO - Epoch: 1, Batch: 310, Loss: 0.004899914842098951
2023-04-12 14:55:19,396 - INFO - Epoch: 1, Batch: 320, Loss: 0.004409737419337034
2023-04-12 14:55:25,078 - INFO - Epoch: 1, Batch: 330, Loss: 0.0037682647816836834
2023-04-12 14:55:30,876 - INFO - Epoch: 1, Batch: 340, Loss: 0.0032029859721660614
2023-04-12 14:55:36,604 - INFO - Epoch: 1, Batch: 350, Loss: 0.003207342466339469
2023-04-12 14:55:42,397 - INFO - Epoch: 1, Batch: 360, Loss: 0.0033581391908228397
2023-04-12 14:55:48,340 - INFO - Epoch: 1, Batch: 370, Loss: 0.004165948834270239
2023-04-12 14:55:54,120 - INFO - Epoch: 1, Batch: 380, Loss: 0.003880466800183058
2023-04-12 14:55:59,973 - INFO - Epoch: 1, Batch: 390, Loss: 0.0035423855297267437
2023-04-12 14:56:05,777 - INFO - Epoch: 1, Batch: 400, Loss: 0.004386938642710447
2023-04-12 14:56:11,537 - INFO - Epoch: 1, Batch: 410, Loss: 0.0031182547099888325
2023-04-12 14:56:17,297 - INFO - Epoch: 1, Batch: 420, Loss: 0.00436598202213645
2023-04-12 14:56:23,002 - INFO - Epoch: 1, Batch: 430, Loss: 0.0039918627589941025
2023-04-12 14:56:29,026 - INFO - Epoch: 1, Batch: 440, Loss: 0.004816793836653233
2023-04-12 14:56:35,961 - INFO - Epoch: 1, Batch: 450, Loss: 0.0034974301233887672
2023-04-12 14:56:42,366 - INFO - Epoch: 1, Batch: 460, Loss: 0.2641940712928772
2023-04-12 14:56:48,234 - INFO - Epoch: 1, Batch: 470, Loss: 0.003025087993592024
2023-04-12 14:56:54,296 - INFO - Epoch: 1, Batch: 480, Loss: 0.0033927951008081436
2023-04-12 14:57:00,082 - INFO - Epoch: 1, Batch: 490, Loss: 0.003315057372674346
2023-04-12 14:57:05,876 - INFO - Epoch: 1, Batch: 500, Loss: 0.0035705796908587217
2023-04-12 14:57:11,755 - INFO - Epoch: 1, Batch: 510, Loss: 0.004976682364940643
2023-04-12 14:57:17,733 - INFO - Epoch: 1, Batch: 520, Loss: 0.003588031977415085
2023-04-12 14:57:23,794 - INFO - Epoch: 1, Batch: 530, Loss: 0.07453305274248123
2023-04-12 14:57:29,711 - INFO - Epoch: 1, Batch: 540, Loss: 0.003860764903947711
2023-04-12 14:57:35,416 - INFO - Epoch: 1, Batch: 550, Loss: 0.011050618253648281
2023-04-12 14:57:41,140 - INFO - Epoch: 1, Batch: 560, Loss: 0.006358778104186058
2023-04-12 14:57:46,938 - INFO - Epoch: 1, Batch: 570, Loss: 0.0037930510006844997
2023-04-12 14:57:53,227 - INFO - Epoch: 1, Batch: 580, Loss: 0.003849497763440013
2023-04-12 14:57:59,409 - INFO - Epoch: 1, Batch: 590, Loss: 0.004126082640141249
2023-04-12 14:58:05,513 - INFO - Epoch: 1, Batch: 600, Loss: 0.0033481083810329437
2023-04-12 14:58:11,579 - INFO - Epoch: 1, Batch: 610, Loss: 0.0033805796410888433
2023-04-12 14:58:18,074 - INFO - Epoch: 1, Batch: 620, Loss: 0.003654408734291792
2023-04-12 14:58:23,859 - INFO - Epoch: 1, Batch: 630, Loss: 0.0031997081823647022
2023-04-12 14:58:29,724 - INFO - Epoch: 1, Batch: 640, Loss: 0.0025983944069594145
2023-04-12 14:58:35,503 - INFO - Epoch: 1, Batch: 650, Loss: 0.002901580650359392
2023-04-12 14:58:41,286 - INFO - Epoch: 1, Batch: 660, Loss: 0.005877648945897818
2023-04-12 14:58:47,053 - INFO - Epoch: 1, Batch: 670, Loss: 0.004142415709793568
2023-04-12 14:58:52,796 - INFO - Epoch: 1, Batch: 680, Loss: 0.0028414528351277113
2023-04-12 14:58:58,539 - INFO - Epoch: 1, Batch: 690, Loss: 0.0037658479996025562
2023-04-12 14:59:04,246 - INFO - Epoch: 1, Batch: 700, Loss: 0.003694570390507579
2023-04-12 14:59:10,019 - INFO - Epoch: 1, Batch: 710, Loss: 0.0033463402651250362
2023-04-12 14:59:15,753 - INFO - Epoch: 1, Batch: 720, Loss: 0.002995353192090988
2023-04-12 14:59:21,520 - INFO - Epoch: 1, Batch: 730, Loss: 0.003579149954020977
2023-04-12 14:59:27,246 - INFO - Epoch: 1, Batch: 740, Loss: 0.009291601367294788
2023-04-12 14:59:32,962 - INFO - Epoch: 1, Batch: 750, Loss: 0.0028589486610144377
2023-04-12 14:59:38,652 - INFO - Epoch: 1, Batch: 760, Loss: 0.0026004451792687178
2023-04-12 14:59:44,323 - INFO - Epoch: 1, Batch: 770, Loss: 0.0031041689217090607
2023-04-12 14:59:50,002 - INFO - Epoch: 1, Batch: 780, Loss: 0.0038990953471511602
2023-04-12 14:59:55,675 - INFO - Epoch: 1, Batch: 790, Loss: 0.003712223842740059
2023-04-12 15:00:01,372 - INFO - Epoch: 1, Batch: 800, Loss: 0.004080167040228844
2023-04-12 15:00:07,121 - INFO - Epoch: 1, Batch: 810, Loss: 0.0031048753298819065
2023-04-12 15:00:12,881 - INFO - Epoch: 1, Batch: 820, Loss: 0.007775130681693554
2023-04-12 15:00:18,665 - INFO - Epoch: 1, Batch: 830, Loss: 0.002630918752402067
2023-04-12 15:00:24,454 - INFO - Epoch: 1, Batch: 840, Loss: 0.00349423848092556
2023-04-12 15:00:30,195 - INFO - Epoch: 1, Batch: 850, Loss: 0.0058019524440169334
2023-04-12 15:00:35,915 - INFO - Epoch: 1, Batch: 860, Loss: 0.0024030962958931923
2023-04-12 15:00:41,655 - INFO - Epoch: 1, Batch: 870, Loss: 0.0027365749701857567
2023-04-12 15:00:47,351 - INFO - Epoch: 1, Batch: 880, Loss: 0.002493178239092231
2023-04-12 15:00:53,090 - INFO - Epoch: 1, Batch: 890, Loss: 0.003643263131380081
2023-04-12 15:00:58,952 - INFO - Epoch: 1, Batch: 900, Loss: 0.002406294923275709
2023-04-12 15:01:04,756 - INFO - Epoch: 1, Batch: 910, Loss: 0.004833764862269163
2023-04-12 15:01:10,508 - INFO - Epoch: 1, Batch: 920, Loss: 0.0038900978397578
2023-04-12 15:01:16,333 - INFO - Epoch: 1, Batch: 930, Loss: 0.0027157715521752834
2023-04-12 15:01:22,418 - INFO - Epoch: 1, Batch: 940, Loss: 0.0034089144319295883
2023-04-12 15:01:28,248 - INFO - Epoch: 1, Batch: 950, Loss: 0.003581441706046462
2023-04-12 15:01:34,042 - INFO - Epoch: 1, Batch: 960, Loss: 0.0031536142341792583
2023-04-12 15:01:39,874 - INFO - Epoch: 1, Batch: 970, Loss: 0.0033830497413873672
2023-04-12 15:01:45,643 - INFO - Epoch: 1, Batch: 980, Loss: 0.002680960576981306
2023-04-12 15:01:51,464 - INFO - Epoch: 1, Batch: 990, Loss: 0.002932235598564148
2023-04-12 15:01:57,260 - INFO - Epoch: 1, Batch: 1000, Loss: 0.0029012877494096756
2023-04-12 15:02:03,048 - INFO - Epoch: 1, Batch: 1010, Loss: 0.004358610138297081
2023-04-12 15:02:05,905 - INFO - Epoch [2/2], Average Loss: 0.0150
2023-04-12 15:02:05,905 - INFO - ————————————————模型训练完成————————————————
2023-04-12 15:02:05,905 - INFO - 训练开始时间：2023-04-12 14:42:31
2023-04-12 15:02:05,905 - INFO - 训练结束时间：2023-04-12 15:02:05
2023-04-12 15:02:05,905 - INFO - 模型训练总时间为: 1174.35 秒
2023-04-12 15:02:06,842 - INFO - ————————————————模型保存成功————————————————
2023-04-12 15:02:07,655 - INFO - ————————————————模型测试开始————————————————
2023-04-12 15:02:07,663 - INFO - 输入实际标签为：[0, 0, 1, 1, 1, 1, 0, 1, 1, 1, 1, 1]
2023-04-12 15:02:07,853 - INFO - 输入预测标签为：[0, 0, 1, 1, 1, 1, 0, 1, 1, 1, 1, 1]
2023-04-12 15:02:07,860 - INFO - 输入实际标签为：[0, 1, 0, 0, 0, 1, 1, 0, 0, 0, 0, 1]
2023-04-12 15:02:08,050 - INFO - 输入预测标签为：[0, 1, 0, 0, 0, 1, 1, 0, 0, 0, 0, 1]
2023-04-12 15:02:08,051 - INFO - 输入实际标签为：[1, 0, 1, 1, 1, 0, 1, 1, 1, 0, 1, 1]
2023-04-12 15:02:08,243 - INFO - 输入预测标签为：[1, 0, 1, 1, 1, 0, 1, 1, 1, 0, 1, 1]
2023-04-12 15:02:08,245 - INFO - 输入实际标签为：[1, 0, 1, 0, 0, 1, 1, 1, 0, 0, 1, 0]
2023-04-12 15:02:08,434 - INFO - 输入预测标签为：[1, 0, 1, 0, 0, 1, 1, 1, 0, 0, 1, 0]
2023-04-12 15:02:08,436 - INFO - 输入实际标签为：[0, 0, 1, 1, 0, 1, 1, 1, 1, 1, 0, 0]
2023-04-12 15:02:08,636 - INFO - 输入预测标签为：[0, 0, 1, 1, 0, 1, 1, 1, 1, 1, 0, 0]
2023-04-12 15:02:08,638 - INFO - 输入实际标签为：[0, 1, 1, 0, 1, 1, 0, 1, 0, 0, 0, 0]
2023-04-12 15:02:08,830 - INFO - 输入预测标签为：[0, 1, 1, 0, 1, 1, 0, 1, 0, 0, 0, 0]
2023-04-12 15:02:08,831 - INFO - 输入实际标签为：[1, 0, 1, 1, 1, 1, 1, 1, 1, 1, 1, 0]
2023-04-12 15:02:09,024 - INFO - 输入预测标签为：[1, 0, 1, 1, 1, 1, 1, 1, 1, 1, 1, 0]
2023-04-12 15:02:09,025 - INFO - 输入实际标签为：[1, 0, 1, 0, 0, 1, 0, 1, 1, 1, 1, 0]
2023-04-12 15:02:09,216 - INFO - 输入预测标签为：[1, 0, 1, 0, 0, 1, 0, 1, 1, 1, 1, 0]
2023-04-12 15:02:09,218 - INFO - 输入实际标签为：[0, 0, 1, 1, 1, 0, 1, 1, 1, 0, 0, 1]
2023-04-12 15:02:09,410 - INFO - 输入预测标签为：[0, 0, 1, 1, 1, 0, 1, 1, 1, 0, 0, 1]
2023-04-12 15:02:09,411 - INFO - 输入实际标签为：[1, 1, 1, 0, 1, 1, 1, 0, 0, 0, 1, 0]
2023-04-12 15:02:09,608 - INFO - 输入预测标签为：[1, 1, 1, 0, 1, 1, 1, 0, 0, 0, 1, 0]
2023-04-12 15:02:09,609 - INFO - 输入实际标签为：[1, 1, 0, 1, 1, 1, 1, 0, 0, 1, 0, 1]
2023-04-12 15:02:09,805 - INFO - 输入预测标签为：[1, 1, 0, 1, 1, 1, 1, 0, 0, 1, 0, 1]
2023-04-12 15:02:09,806 - INFO - 输入实际标签为：[1, 0, 1, 1, 1, 1, 1, 1, 1, 0, 1, 1]
2023-04-12 15:02:10,000 - INFO - 输入预测标签为：[1, 0, 1, 1, 1, 1, 1, 1, 1, 0, 1, 1]
2023-04-12 15:02:10,002 - INFO - 输入实际标签为：[1, 0, 1, 1, 0, 1, 1, 0, 0, 1, 0, 0]
2023-04-12 15:02:10,195 - INFO - 输入预测标签为：[1, 0, 1, 1, 0, 1, 1, 0, 0, 1, 0, 0]
2023-04-12 15:02:10,196 - INFO - 输入实际标签为：[0, 0, 1, 1, 0, 0, 1, 1, 0, 0, 1, 1]
2023-04-12 15:02:10,387 - INFO - 输入预测标签为：[0, 0, 1, 1, 0, 0, 1, 1, 0, 0, 1, 1]
2023-04-12 15:02:10,388 - INFO - 输入实际标签为：[1, 1, 1, 0, 0, 1, 1, 0, 0, 0, 1, 1]
2023-04-12 15:02:10,584 - INFO - 输入预测标签为：[1, 1, 1, 0, 0, 1, 1, 0, 0, 0, 1, 1]
2023-04-12 15:02:10,585 - INFO - 输入实际标签为：[1, 0, 1, 0, 1, 0, 0, 1, 0, 0, 1, 1]
2023-04-12 15:02:10,782 - INFO - 输入预测标签为：[1, 0, 1, 0, 1, 0, 0, 1, 0, 0, 1, 1]
2023-04-12 15:02:10,783 - INFO - 输入实际标签为：[0, 1, 1, 1, 0, 1, 1, 0, 1, 1, 0, 1]
2023-04-12 15:02:10,978 - INFO - 输入预测标签为：[0, 1, 1, 1, 0, 1, 1, 0, 1, 1, 0, 1]
2023-04-12 15:02:10,979 - INFO - 输入实际标签为：[1, 1, 1, 1, 0, 0, 1, 0, 0, 1, 1, 0]
2023-04-12 15:02:11,172 - INFO - 输入预测标签为：[1, 1, 1, 1, 0, 0, 1, 0, 0, 1, 1, 0]
2023-04-12 15:02:11,174 - INFO - 输入实际标签为：[1, 1, 0, 0, 0, 1, 0, 0, 0, 1, 0, 1]
2023-04-12 15:02:11,366 - INFO - 输入预测标签为：[1, 1, 0, 0, 0, 1, 0, 0, 0, 1, 0, 1]
2023-04-12 15:02:11,368 - INFO - 输入实际标签为：[1, 1, 1, 0, 1, 1, 1, 1, 1, 0, 1, 1]
2023-04-12 15:02:11,563 - INFO - 输入预测标签为：[1, 1, 1, 0, 1, 1, 1, 1, 1, 0, 1, 1]
2023-04-12 15:02:11,565 - INFO - 输入实际标签为：[1, 1, 0, 1, 1, 1, 1, 1, 0, 1, 1, 0]
2023-04-12 15:02:11,762 - INFO - 输入预测标签为：[1, 1, 0, 1, 1, 1, 1, 1, 0, 1, 1, 0]
2023-04-12 15:02:11,764 - INFO - 输入实际标签为：[1, 0, 1, 0, 0, 0, 1, 0, 1, 0, 0, 1]
2023-04-12 15:02:11,957 - INFO - 输入预测标签为：[1, 0, 1, 0, 0, 0, 1, 0, 1, 0, 0, 1]
2023-04-12 15:02:11,959 - INFO - 输入实际标签为：[0, 0, 0, 0, 1, 1, 1, 1, 0, 0, 0, 1]
2023-04-12 15:02:12,152 - INFO - 输入预测标签为：[0, 0, 0, 0, 1, 1, 1, 1, 0, 0, 0, 1]
2023-04-12 15:02:12,153 - INFO - 输入实际标签为：[0, 0, 1, 1, 0, 1, 1, 1, 1, 0, 1, 1]
2023-04-12 15:02:12,345 - INFO - 输入预测标签为：[0, 0, 1, 1, 0, 1, 1, 1, 1, 0, 1, 1]
2023-04-12 15:02:12,346 - INFO - 输入实际标签为：[1, 0, 1, 1, 0, 1, 0, 0, 1, 0, 0, 0]
2023-04-12 15:02:12,541 - INFO - 输入预测标签为：[1, 0, 1, 1, 0, 1, 0, 0, 1, 0, 0, 0]
2023-04-12 15:02:12,543 - INFO - 输入实际标签为：[0, 0, 0, 1, 1, 0, 1, 0, 1, 1, 0, 1]
2023-04-12 15:02:12,739 - INFO - 输入预测标签为：[0, 0, 0, 1, 1, 0, 1, 0, 1, 1, 0, 1]
2023-04-12 15:02:12,740 - INFO - 输入实际标签为：[1, 0, 1, 1, 0, 0, 0, 1, 0, 0, 0, 1]
2023-04-12 15:02:12,934 - INFO - 输入预测标签为：[1, 0, 1, 1, 0, 0, 0, 1, 0, 0, 0, 1]
2023-04-12 15:02:12,935 - INFO - 输入实际标签为：[0, 0, 1, 1, 0, 0, 0, 0, 0, 0, 1, 0]
2023-04-12 15:02:13,129 - INFO - 输入预测标签为：[0, 0, 1, 1, 0, 0, 0, 0, 0, 0, 1, 0]
2023-04-12 15:02:13,130 - INFO - 输入实际标签为：[0, 0, 1, 0, 0, 0, 0, 0, 1, 1, 0, 1]
2023-04-12 15:02:13,322 - INFO - 输入预测标签为：[0, 0, 1, 0, 0, 0, 0, 0, 1, 1, 0, 1]
2023-04-12 15:02:13,323 - INFO - 输入实际标签为：[1, 1, 1, 0, 0, 0, 1, 1, 1, 1, 1, 0]
2023-04-12 15:02:13,517 - INFO - 输入预测标签为：[1, 1, 1, 0, 0, 0, 1, 1, 1, 1, 1, 0]
2023-04-12 15:02:13,518 - INFO - 输入实际标签为：[1, 0, 1, 1, 1, 0, 1, 1, 0, 1, 1, 1]
2023-04-12 15:02:13,713 - INFO - 输入预测标签为：[1, 0, 1, 1, 1, 0, 1, 1, 0, 1, 1, 1]
2023-04-12 15:02:13,714 - INFO - 输入实际标签为：[1, 1, 0, 0, 0, 0, 1, 0, 0, 0, 1, 0]
2023-04-12 15:02:13,909 - INFO - 输入预测标签为：[1, 1, 0, 0, 0, 0, 1, 0, 0, 0, 1, 0]
2023-04-12 15:02:13,910 - INFO - 输入实际标签为：[1, 1, 1, 1, 0, 0, 1, 0, 1, 1, 0, 1]
2023-04-12 15:02:14,105 - INFO - 输入预测标签为：[1, 1, 1, 1, 0, 0, 1, 0, 1, 1, 0, 1]
2023-04-12 15:02:14,106 - INFO - 输入实际标签为：[0, 1, 0, 1, 0, 0, 0, 0, 0, 0, 1, 1]
2023-04-12 15:02:14,299 - INFO - 输入预测标签为：[0, 1, 0, 1, 0, 0, 0, 0, 0, 0, 1, 1]
2023-04-12 15:02:14,300 - INFO - 输入实际标签为：[1, 1, 1, 1, 0, 1, 0, 0, 0, 0, 1, 1]
2023-04-12 15:02:14,495 - INFO - 输入预测标签为：[1, 1, 1, 1, 0, 1, 0, 0, 0, 0, 1, 1]
2023-04-12 15:02:14,496 - INFO - 输入实际标签为：[1, 0, 1, 1, 0, 0, 1, 1, 0, 1, 0, 1]
2023-04-12 15:02:14,691 - INFO - 输入预测标签为：[1, 0, 1, 1, 0, 0, 1, 1, 0, 1, 0, 1]
2023-04-12 15:02:14,692 - INFO - 输入实际标签为：[0, 0, 1, 0, 1, 0, 0, 1, 0, 1, 1, 1]
2023-04-12 15:02:14,887 - INFO - 输入预测标签为：[0, 0, 1, 0, 1, 0, 0, 1, 0, 1, 1, 1]
2023-04-12 15:02:14,888 - INFO - 输入实际标签为：[1, 0, 0, 1, 0, 0, 0, 1, 0, 0, 0, 0]
2023-04-12 15:02:15,083 - INFO - 输入预测标签为：[1, 0, 0, 1, 0, 0, 0, 1, 0, 0, 0, 0]
2023-04-12 15:02:15,084 - INFO - 输入实际标签为：[1, 0, 1, 1, 1, 1, 0, 0, 1, 1, 0, 0]
2023-04-12 15:02:15,278 - INFO - 输入预测标签为：[1, 0, 1, 1, 1, 1, 0, 0, 1, 1, 0, 0]
2023-04-12 15:02:15,279 - INFO - 输入实际标签为：[1, 0, 0, 0, 1, 0, 1, 1, 1, 1, 1, 0]
2023-04-12 15:02:15,472 - INFO - 输入预测标签为：[1, 0, 0, 0, 1, 0, 1, 1, 1, 1, 1, 0]
2023-04-12 15:02:15,473 - INFO - 输入实际标签为：[1, 1, 1, 1, 0, 0, 0, 1, 1, 1, 0, 1]
2023-04-12 15:02:15,668 - INFO - 输入预测标签为：[1, 1, 1, 1, 0, 0, 0, 1, 1, 1, 0, 1]
2023-04-12 15:02:15,669 - INFO - 输入实际标签为：[1, 1, 1, 1, 1, 1, 1, 0, 0, 0, 1, 1]
2023-04-12 15:02:15,865 - INFO - 输入预测标签为：[1, 1, 1, 1, 1, 1, 1, 0, 0, 0, 1, 1]
2023-04-12 15:02:15,866 - INFO - 输入实际标签为：[0, 0, 0, 0, 1, 1, 1, 1, 1, 0, 0, 0]
2023-04-12 15:02:16,061 - INFO - 输入预测标签为：[0, 0, 0, 0, 1, 1, 1, 1, 1, 0, 0, 0]
2023-04-12 15:02:16,062 - INFO - 输入实际标签为：[0, 0, 1, 1, 1, 0, 1, 0, 1, 1, 0, 0]
2023-04-12 15:02:16,255 - INFO - 输入预测标签为：[0, 0, 1, 1, 1, 0, 1, 0, 1, 1, 0, 0]
2023-04-12 15:02:16,256 - INFO - 输入实际标签为：[1, 1, 1, 1, 1, 1, 1, 1, 1, 0, 1, 0]
2023-04-12 15:02:16,451 - INFO - 输入预测标签为：[1, 1, 1, 1, 1, 1, 1, 1, 1, 0, 1, 0]
2023-04-12 15:02:16,453 - INFO - 输入实际标签为：[1, 1, 0, 0, 1, 0, 1, 0, 1, 1, 1, 1]
2023-04-12 15:02:16,646 - INFO - 输入预测标签为：[1, 1, 0, 0, 1, 0, 1, 0, 1, 1, 1, 1]
2023-04-12 15:02:16,647 - INFO - 输入实际标签为：[1, 0, 1, 1, 0, 0, 1, 1, 0, 0, 1, 1]
2023-04-12 15:02:16,842 - INFO - 输入预测标签为：[1, 0, 1, 1, 0, 0, 1, 1, 0, 0, 1, 1]
2023-04-12 15:02:16,843 - INFO - 输入实际标签为：[0, 1, 1, 1, 1, 0, 0, 1, 0, 1, 1, 1]
2023-04-12 15:02:17,038 - INFO - 输入预测标签为：[0, 1, 1, 1, 1, 0, 0, 1, 0, 1, 1, 1]
2023-04-12 15:02:17,039 - INFO - 输入实际标签为：[1, 1, 0, 1, 0, 0, 1, 1, 0, 1, 1, 1]
2023-04-12 15:02:17,232 - INFO - 输入预测标签为：[1, 1, 0, 1, 0, 0, 1, 1, 0, 1, 1, 1]
2023-04-12 15:02:17,233 - INFO - 输入实际标签为：[0, 1, 1, 0, 0, 0, 1, 0, 1, 1, 0, 1]
2023-04-12 15:02:17,428 - INFO - 输入预测标签为：[0, 1, 1, 0, 0, 0, 1, 0, 1, 1, 0, 1]
2023-04-12 15:02:17,429 - INFO - 输入实际标签为：[0, 1, 1, 0, 1, 0, 0, 1, 0, 1, 0, 0]
2023-04-12 15:02:17,623 - INFO - 输入预测标签为：[0, 1, 1, 0, 1, 0, 0, 1, 0, 1, 0, 0]
2023-04-12 15:02:17,624 - INFO - 输入实际标签为：[1, 1, 1, 0, 1, 1, 0, 1, 0, 0, 1, 1]
2023-04-12 15:02:17,819 - INFO - 输入预测标签为：[1, 1, 1, 0, 1, 1, 0, 1, 0, 0, 1, 1]
2023-04-12 15:02:17,821 - INFO - 输入实际标签为：[1, 1, 1, 1, 1, 0, 1, 0, 0, 0, 0, 0]
2023-04-12 15:02:18,014 - INFO - 输入预测标签为：[1, 1, 1, 1, 1, 0, 1, 0, 0, 0, 0, 0]
2023-04-12 15:02:18,015 - INFO - 输入实际标签为：[0, 1, 1, 1, 1, 1, 1, 0, 1, 1, 1, 1]
2023-04-12 15:02:18,209 - INFO - 输入预测标签为：[0, 1, 1, 1, 1, 1, 1, 0, 1, 1, 1, 1]
2023-04-12 15:02:18,210 - INFO - 输入实际标签为：[1, 0, 0, 1, 0, 1, 1, 1, 0, 0, 0, 0]
2023-04-12 15:02:18,406 - INFO - 输入预测标签为：[1, 0, 0, 1, 0, 1, 1, 1, 0, 0, 0, 0]
2023-04-12 15:02:18,407 - INFO - 输入实际标签为：[1, 1, 1, 1, 0, 1, 1, 0, 0, 1, 1, 1]
2023-04-12 15:02:18,601 - INFO - 输入预测标签为：[1, 1, 1, 1, 0, 1, 1, 0, 0, 1, 1, 1]
2023-04-12 15:02:18,602 - INFO - 输入实际标签为：[1, 1, 1, 1, 0, 0, 1, 0, 0, 1, 1, 1]
2023-04-12 15:02:18,797 - INFO - 输入预测标签为：[1, 1, 1, 1, 0, 0, 1, 0, 0, 1, 1, 1]
2023-04-12 15:02:18,798 - INFO - 输入实际标签为：[1, 1, 1, 1, 1, 0, 0, 1, 1, 0, 1, 1]
2023-04-12 15:02:18,993 - INFO - 输入预测标签为：[1, 1, 1, 1, 1, 0, 0, 1, 1, 0, 1, 1]
2023-04-12 15:02:18,994 - INFO - 输入实际标签为：[1, 1, 0, 1, 0, 0, 0, 1, 0, 1, 1, 1]
2023-04-12 15:02:19,187 - INFO - 输入预测标签为：[1, 1, 0, 1, 0, 0, 0, 1, 0, 1, 1, 1]
2023-04-12 15:02:19,188 - INFO - 输入实际标签为：[0, 1, 1, 1, 0, 0, 1, 0, 0, 0, 0, 0]
2023-04-12 15:02:19,382 - INFO - 输入预测标签为：[0, 1, 1, 1, 0, 0, 1, 0, 0, 0, 0, 0]
2023-04-12 15:02:19,383 - INFO - 输入实际标签为：[1, 1, 0, 0, 0, 1, 0, 1, 1, 1, 1, 0]
2023-04-12 15:02:19,578 - INFO - 输入预测标签为：[1, 1, 0, 0, 0, 1, 0, 1, 1, 1, 1, 0]
2023-04-12 15:02:19,579 - INFO - 输入实际标签为：[1, 1, 1, 0, 1, 0, 1, 1, 0, 1, 0, 1]
2023-04-12 15:02:19,774 - INFO - 输入预测标签为：[1, 1, 1, 0, 1, 0, 1, 1, 0, 1, 0, 1]
2023-04-12 15:02:19,775 - INFO - 输入实际标签为：[1, 0, 0, 0, 1, 1, 0, 1, 1, 0, 0, 1]
2023-04-12 15:02:19,968 - INFO - 输入预测标签为：[1, 0, 0, 0, 0, 1, 0, 1, 1, 0, 0, 1]
2023-04-12 15:02:19,969 - INFO - 输入实际标签为：[1, 1, 1, 1, 0, 1, 1, 0, 0, 1, 0, 1]
2023-04-12 15:02:20,164 - INFO - 输入预测标签为：[1, 1, 1, 1, 0, 1, 1, 0, 0, 1, 0, 1]
2023-04-12 15:02:20,165 - INFO - 输入实际标签为：[1, 1, 1, 0, 1, 0, 1, 1, 1, 1, 1, 0]
2023-04-12 15:02:20,358 - INFO - 输入预测标签为：[1, 1, 1, 0, 1, 0, 1, 1, 1, 1, 1, 0]
2023-04-12 15:02:20,359 - INFO - 输入实际标签为：[1, 1, 0, 1, 1, 1, 1, 1, 1, 1, 0, 0]
2023-04-12 15:02:20,554 - INFO - 输入预测标签为：[1, 1, 0, 1, 1, 1, 1, 1, 1, 1, 0, 0]
2023-04-12 15:02:20,555 - INFO - 输入实际标签为：[1, 0, 0, 1, 1, 0, 0, 0, 1, 0, 1, 1]
2023-04-12 15:02:20,750 - INFO - 输入预测标签为：[1, 0, 0, 1, 1, 0, 0, 0, 1, 0, 1, 1]
2023-04-12 15:02:20,751 - INFO - 输入实际标签为：[0, 0, 1, 0, 1, 0, 0, 0, 0, 1, 1, 1]
2023-04-12 15:02:20,945 - INFO - 输入预测标签为：[0, 0, 1, 0, 1, 0, 0, 0, 0, 1, 1, 1]
2023-04-12 15:02:20,946 - INFO - 输入实际标签为：[1, 0, 0, 0, 1, 0, 1, 0, 1, 0, 1, 0]
2023-04-12 15:02:21,140 - INFO - 输入预测标签为：[1, 0, 0, 0, 1, 0, 1, 0, 1, 0, 1, 0]
2023-04-12 15:02:21,141 - INFO - 输入实际标签为：[0, 0, 1, 0, 0, 0, 1, 0, 0, 1, 1, 0]
2023-04-12 15:02:21,335 - INFO - 输入预测标签为：[0, 0, 1, 0, 0, 0, 1, 0, 0, 1, 1, 0]
2023-04-12 15:02:21,336 - INFO - 输入实际标签为：[0, 1, 0, 1, 1, 1, 1, 1, 0, 0, 0, 1]
2023-04-12 15:02:21,531 - INFO - 输入预测标签为：[0, 1, 0, 1, 1, 1, 1, 1, 0, 0, 0, 1]
2023-04-12 15:02:21,532 - INFO - 输入实际标签为：[0, 1, 0, 1, 0, 1, 1, 0, 0, 1, 0, 1]
2023-04-12 15:02:21,726 - INFO - 输入预测标签为：[0, 1, 0, 1, 0, 1, 1, 0, 0, 1, 0, 1]
2023-04-12 15:02:21,728 - INFO - 输入实际标签为：[1, 1, 1, 0, 0, 1, 1, 0, 1, 1, 1, 1]
2023-04-12 15:02:21,921 - INFO - 输入预测标签为：[1, 1, 1, 0, 0, 1, 1, 0, 1, 1, 1, 1]
2023-04-12 15:02:21,923 - INFO - 输入实际标签为：[0, 0, 1, 1, 0, 1, 1, 1, 1, 1, 0, 0]
2023-04-12 15:02:22,118 - INFO - 输入预测标签为：[0, 0, 1, 1, 0, 1, 1, 1, 1, 1, 0, 0]
2023-04-12 15:02:22,119 - INFO - 输入实际标签为：[1, 0, 1, 1, 1, 0, 0, 1, 1, 0, 0, 1]
2023-04-12 15:02:22,313 - INFO - 输入预测标签为：[1, 0, 1, 1, 1, 0, 0, 1, 1, 0, 0, 1]
2023-04-12 15:02:22,315 - INFO - 输入实际标签为：[1, 0, 0, 0, 0, 0, 1, 1, 1, 0, 0, 1]
2023-04-12 15:02:22,510 - INFO - 输入预测标签为：[1, 0, 0, 0, 0, 0, 1, 1, 1, 0, 0, 1]
2023-04-12 15:02:22,512 - INFO - 输入实际标签为：[0, 0, 1, 1, 0, 1, 0, 0, 0, 0, 0, 1]
2023-04-12 15:02:22,707 - INFO - 输入预测标签为：[0, 0, 1, 1, 0, 1, 0, 0, 0, 0, 0, 1]
2023-04-12 15:02:22,708 - INFO - 输入实际标签为：[1, 1, 0, 1, 1, 1, 1, 1, 0, 0, 1, 1]
2023-04-12 15:02:22,903 - INFO - 输入预测标签为：[1, 1, 0, 1, 1, 1, 1, 1, 0, 0, 1, 1]
2023-04-12 15:02:22,904 - INFO - 输入实际标签为：[1, 0, 1, 1, 1, 0, 0, 1, 1, 0, 1, 0]
2023-04-12 15:02:23,097 - INFO - 输入预测标签为：[1, 0, 1, 1, 1, 0, 0, 1, 1, 0, 1, 0]
2023-04-12 15:02:23,098 - INFO - 输入实际标签为：[0, 1, 0, 1, 1, 0, 0, 0, 0, 1, 0, 0]
2023-04-12 15:02:23,293 - INFO - 输入预测标签为：[0, 1, 0, 1, 1, 0, 0, 0, 0, 1, 0, 0]
2023-04-12 15:02:23,294 - INFO - 输入实际标签为：[0, 1, 0, 1, 1, 1, 0, 1, 0, 0, 0, 0]
2023-04-12 15:02:23,493 - INFO - 输入预测标签为：[0, 1, 0, 1, 1, 1, 0, 1, 0, 0, 0, 0]
2023-04-12 15:02:23,494 - INFO - 输入实际标签为：[1, 0, 1, 0, 0, 1, 1, 1, 0, 1, 0, 1]
2023-04-12 15:02:23,700 - INFO - 输入预测标签为：[1, 0, 1, 0, 0, 1, 1, 1, 0, 1, 0, 1]
2023-04-12 15:02:23,703 - INFO - 输入实际标签为：[1, 0, 1, 1, 0, 0, 1, 0, 1, 0, 1, 1]
2023-04-12 15:02:23,906 - INFO - 输入预测标签为：[1, 0, 1, 1, 0, 1, 1, 0, 1, 0, 1, 1]
2023-04-12 15:02:23,907 - INFO - 输入实际标签为：[1, 0, 0, 0, 0, 1, 1, 0, 1, 1, 1, 0]
2023-04-12 15:02:24,111 - INFO - 输入预测标签为：[1, 0, 0, 0, 0, 1, 1, 0, 1, 1, 1, 0]
2023-04-12 15:02:24,112 - INFO - 输入实际标签为：[1, 1, 1, 0, 1, 1, 0, 1, 1, 0, 1, 0]
2023-04-12 15:02:24,317 - INFO - 输入预测标签为：[1, 1, 1, 0, 1, 1, 0, 1, 1, 0, 1, 0]
2023-04-12 15:02:24,318 - INFO - 输入实际标签为：[0, 1, 0, 1, 0, 0, 1, 0, 0, 1, 0, 1]
2023-04-12 15:02:24,523 - INFO - 输入预测标签为：[0, 1, 0, 1, 0, 0, 1, 0, 0, 1, 0, 1]
2023-04-12 15:02:24,524 - INFO - 输入实际标签为：[0, 0, 0, 1, 0, 1, 1, 0, 1, 0, 0, 1]
2023-04-12 15:02:24,728 - INFO - 输入预测标签为：[0, 0, 0, 1, 0, 1, 1, 0, 1, 0, 0, 1]
2023-04-12 15:02:24,729 - INFO - 输入实际标签为：[1, 1, 0, 1, 1, 1, 0, 0, 1, 0, 0, 1]
2023-04-12 15:02:24,933 - INFO - 输入预测标签为：[1, 1, 0, 1, 1, 1, 0, 0, 1, 0, 0, 1]
2023-04-12 15:02:24,934 - INFO - 输入实际标签为：[1, 0, 0, 1, 0, 0, 0, 1, 0, 1, 1, 1]
2023-04-12 15:02:25,138 - INFO - 输入预测标签为：[1, 0, 0, 1, 0, 0, 0, 1, 0, 1, 1, 1]
2023-04-12 15:02:25,139 - INFO - 输入实际标签为：[0, 1, 1, 1, 0, 0, 1, 0, 1, 1, 0, 0]
2023-04-12 15:02:25,343 - INFO - 输入预测标签为：[0, 1, 1, 1, 0, 0, 1, 0, 1, 1, 0, 0]
2023-04-12 15:02:25,344 - INFO - 输入实际标签为：[1, 1, 1, 1, 1, 1, 0, 0, 0, 0, 0, 0]
2023-04-12 15:02:25,548 - INFO - 输入预测标签为：[1, 1, 1, 1, 1, 1, 0, 0, 0, 0, 0, 0]
2023-04-12 15:02:25,549 - INFO - 输入实际标签为：[1, 1, 1, 1, 1, 1, 1, 0, 0, 0, 1, 1]
2023-04-12 15:02:25,754 - INFO - 输入预测标签为：[1, 1, 1, 1, 1, 1, 1, 0, 0, 0, 1, 1]
2023-04-12 15:02:25,755 - INFO - 输入实际标签为：[1, 1, 1, 1, 1, 1, 0, 1, 1, 1, 1, 0]
2023-04-12 15:02:25,958 - INFO - 输入预测标签为：[1, 1, 1, 1, 1, 1, 0, 1, 1, 1, 1, 0]
2023-04-12 15:02:25,959 - INFO - 输入实际标签为：[1, 1, 0, 0, 0, 1, 1, 1, 0, 1, 0, 1]
2023-04-12 15:02:26,164 - INFO - 输入预测标签为：[1, 1, 0, 0, 0, 1, 1, 1, 0, 1, 0, 1]
2023-04-12 15:02:26,165 - INFO - 输入实际标签为：[0, 1, 1, 0, 1, 1, 1, 1, 1, 0, 1, 1]
2023-04-12 15:02:26,370 - INFO - 输入预测标签为：[0, 1, 1, 0, 1, 1, 1, 1, 1, 0, 1, 1]
2023-04-12 15:02:26,371 - INFO - 输入实际标签为：[0, 1, 0, 0, 1, 1, 0, 0, 0, 0, 1, 1]
2023-04-12 15:02:26,568 - INFO - 输入预测标签为：[0, 1, 0, 0, 1, 1, 0, 0, 0, 0, 1, 1]
2023-04-12 15:02:26,569 - INFO - 输入实际标签为：[0, 0, 0, 1, 1, 1, 0, 1, 0, 1, 1, 1]
2023-04-12 15:02:26,762 - INFO - 输入预测标签为：[0, 0, 0, 1, 1, 1, 0, 1, 0, 1, 1, 1]
2023-04-12 15:02:26,764 - INFO - 输入实际标签为：[0, 0, 1, 0, 1, 1, 0, 1, 1, 1, 0, 0]
2023-04-12 15:02:26,955 - INFO - 输入预测标签为：[0, 0, 1, 0, 1, 1, 0, 1, 1, 1, 0, 0]
2023-04-12 15:02:26,956 - INFO - 输入实际标签为：[0, 1, 1, 0, 0, 1, 1, 0, 0, 0, 0, 1]
2023-04-12 15:02:27,149 - INFO - 输入预测标签为：[0, 1, 1, 0, 0, 1, 1, 0, 0, 0, 0, 1]
2023-04-12 15:02:27,151 - INFO - 输入实际标签为：[0, 0, 1, 1, 0, 0, 0, 1, 1, 1, 1, 0]
2023-04-12 15:02:27,347 - INFO - 输入预测标签为：[0, 0, 1, 1, 0, 0, 0, 1, 1, 1, 1, 1]
2023-04-12 15:02:27,348 - INFO - 输入实际标签为：[1, 1, 1, 0, 1, 1, 1, 1, 1, 1, 1, 0]
2023-04-12 15:02:27,544 - INFO - 输入预测标签为：[1, 1, 1, 0, 1, 1, 1, 1, 1, 1, 1, 0]
2023-04-12 15:02:27,545 - INFO - 输入实际标签为：[0, 0, 0, 0, 1, 0, 1, 1, 0, 1, 1, 0]
2023-04-12 15:02:27,739 - INFO - 输入预测标签为：[0, 0, 0, 0, 1, 0, 1, 1, 0, 1, 1, 0]
2023-04-12 15:02:27,740 - INFO - 输入实际标签为：[1, 0, 0, 1, 1, 1, 1, 1, 0, 1, 1, 1]
2023-04-12 15:02:27,934 - INFO - 输入预测标签为：[1, 0, 0, 1, 1, 1, 1, 1, 0, 1, 1, 1]
2023-04-12 15:02:27,935 - INFO - 输入实际标签为：[0, 0, 1, 0, 0, 0, 0, 1, 0, 0, 1, 0]
2023-04-12 15:02:28,128 - INFO - 输入预测标签为：[0, 0, 1, 0, 0, 0, 0, 1, 0, 0, 1, 0]
2023-04-12 15:02:28,129 - INFO - 输入实际标签为：[0, 0, 0, 1, 0, 0, 0, 1, 0, 1, 1, 0]
2023-04-12 15:02:28,323 - INFO - 输入预测标签为：[0, 0, 0, 1, 0, 0, 0, 1, 0, 1, 1, 0]
2023-04-12 15:02:28,324 - INFO - 输入实际标签为：[1, 0, 1, 1, 0, 0, 1, 0, 0, 1, 1, 1]
2023-04-12 15:02:28,520 - INFO - 输入预测标签为：[1, 0, 1, 1, 0, 0, 1, 0, 0, 1, 1, 1]
2023-04-12 15:02:28,521 - INFO - 输入实际标签为：[1, 0, 1, 1, 1, 1, 0, 1, 1, 0, 0, 1]
2023-04-12 15:02:28,715 - INFO - 输入预测标签为：[1, 0, 1, 1, 1, 1, 0, 1, 1, 0, 0, 1]
2023-04-12 15:02:28,717 - INFO - 输入实际标签为：[0, 1, 1, 0, 0, 1, 1, 0, 1, 0, 0, 1]
2023-04-12 15:02:28,911 - INFO - 输入预测标签为：[0, 1, 1, 0, 0, 1, 1, 0, 1, 0, 0, 1]
2023-04-12 15:02:28,912 - INFO - 输入实际标签为：[1, 1, 1, 1, 1, 0, 1, 0, 0, 0, 0, 0]
2023-04-12 15:02:29,105 - INFO - 输入预测标签为：[1, 1, 1, 1, 1, 0, 1, 0, 0, 0, 0, 0]
2023-04-12 15:02:29,106 - INFO - 输入实际标签为：[0, 1, 1, 0, 0, 0, 1, 1, 1, 1, 1, 1]
2023-04-12 15:02:29,300 - INFO - 输入预测标签为：[0, 1, 1, 0, 0, 0, 1, 1, 1, 1, 1, 1]
2023-04-12 15:02:29,301 - INFO - 输入实际标签为：[0, 0, 1, 0, 0, 1, 0, 0, 1, 0, 0, 1]
2023-04-12 15:02:29,496 - INFO - 输入预测标签为：[0, 0, 1, 0, 0, 1, 0, 0, 1, 0, 0, 1]
2023-04-12 15:02:29,497 - INFO - 输入实际标签为：[1, 1, 1, 0, 1, 0, 0, 1, 1, 1, 1, 1]
2023-04-12 15:02:29,692 - INFO - 输入预测标签为：[1, 1, 1, 0, 1, 0, 0, 1, 1, 1, 1, 1]
2023-04-12 15:02:29,693 - INFO - ————————————————模型测试结束————————————————
2023-04-12 15:02:29,693 - INFO - 总测试样本: 1344个
2023-04-12 15:02:29,693 - INFO - 预测正确样本: 1341个
2023-04-12 15:02:29,693 - INFO - 测试准确度: 0.997768
2023-04-12 15:02:29,713 - INFO - -----------------------------
2023-04-12 15:02:29,713 - INFO - Accuracy: 0.9977678571428571
2023-04-12 15:02:29,714 - INFO - Precision: 0.9978262824259317
2023-04-12 15:02:29,714 - INFO - Recall: 0.9976439419985035
2023-04-12 15:02:29,714 - INFO - F1 Score: 0.9977345349138398
2023-04-12 15:02:29,714 - INFO - AUC Score: 0.9976439419985034
2023-04-12 15:02:29,714 - INFO - -----------------------------
2023-04-12 15:02:29,718 - INFO - 
              precision    recall  f1-score   support

           0       1.00      1.00      1.00       591
           1       1.00      1.00      1.00       753

    accuracy                           1.00      1344
   macro avg       1.00      1.00      1.00      1344
weighted avg       1.00      1.00      1.00      1344

2023-04-12 15:02:29,718 - INFO - -----------------------------
2023-04-12 15:02:29,718 - INFO - -----------混淆矩阵------------
2023-04-12 15:02:29,719 - INFO - 
[[589   2]
 [  1 752]]
2023-04-12 15:02:29,719 - INFO - -----------------------------
2023-04-12 15:02:29,906 - INFO - ————————————————预测文本类别————————————————
2023-04-12 15:02:29,937 - INFO - 这条微博有99.11%的概率为非谣言，有0.89%的概率为谣言
2023-04-12 15:02:29,937 - INFO - ——————————————————————
2023-04-12 15:02:29,937 - INFO - ——————程序运行结束——————
