2023-04-06 15:42:22,037 - INFO - ——————程序运行开始——————
2023-04-06 15:42:22,038 - INFO - ——————————————————————
2023-04-06 15:42:22,038 - INFO - ——————输出训练参数——————
2023-04-06 15:42:22,038 - INFO - Batch_size：12
2023-04-06 15:42:22,038 - INFO - Epochs：1
2023-04-06 15:42:22,038 - INFO - Learning_rate：2e-05
2023-04-06 15:42:22,038 - INFO - max_seq_length：256
2023-04-06 15:42:22,038 - INFO - num_labels：2
2023-04-06 15:42:22,039 - INFO - ——————————————————————
2023-04-06 15:42:22,074 - INFO - GPU is available
2023-04-06 15:42:23,010 - INFO - 谣言数据总量为：1538
2023-04-06 15:42:23,010 - INFO - 非谣言数据总量为：1849
2023-04-06 15:42:23,024 - INFO - 数据文本生成成功！
2023-04-06 15:42:23,110 - INFO - 成功划分训练集和测试集！
2023-04-06 15:43:04,293 - INFO - ————————————————模型测试开始————————————————
2023-04-06 15:43:04,295 - INFO - 输入实际标签为：[1, 0, 1, 0, 0, 0, 1, 1, 1, 1, 0, 1]
2023-04-06 15:43:05,113 - INFO - 输入预测标签为：[1, 0, 1, 0, 0, 0, 1, 1, 1, 1, 0, 1]
2023-04-06 15:43:05,114 - INFO - 输入实际标签为：[0, 1, 1, 1, 0, 0, 1, 0, 0, 0, 1, 1]
2023-04-06 15:43:05,293 - INFO - 输入预测标签为：[0, 1, 1, 1, 0, 0, 1, 0, 0, 0, 1, 1]
2023-04-06 15:43:05,294 - INFO - 输入实际标签为：[0, 0, 0, 1, 0, 1, 1, 1, 0, 1, 1, 0]
2023-04-06 15:43:05,473 - INFO - 输入预测标签为：[0, 0, 0, 1, 0, 1, 1, 1, 0, 1, 1, 0]
2023-04-06 15:43:05,474 - INFO - 输入实际标签为：[0, 1, 1, 0, 0, 0, 0, 0, 1, 0, 1, 0]
2023-04-06 15:43:05,652 - INFO - 输入预测标签为：[0, 1, 1, 0, 0, 0, 0, 0, 1, 0, 1, 0]
2023-04-06 15:43:05,653 - INFO - 输入实际标签为：[0, 1, 0, 1, 0, 1, 1, 1, 0, 0, 0, 1]
2023-04-06 15:43:05,832 - INFO - 输入预测标签为：[0, 1, 0, 1, 0, 1, 1, 1, 0, 0, 0, 1]
2023-04-06 15:43:05,834 - INFO - 输入实际标签为：[0, 0, 0, 0, 1, 0, 0, 1, 0, 0, 1, 0]
2023-04-06 15:43:06,022 - INFO - 输入预测标签为：[0, 0, 0, 0, 1, 0, 0, 1, 0, 0, 1, 0]
2023-04-06 15:43:06,023 - INFO - 输入实际标签为：[0, 0, 1, 0, 0, 1, 1, 0, 0, 1, 0, 1]
2023-04-06 15:43:06,202 - INFO - 输入预测标签为：[0, 0, 1, 0, 0, 1, 1, 0, 0, 1, 0, 1]
2023-04-06 15:43:06,204 - INFO - 输入实际标签为：[0, 1, 0, 1, 1, 1, 0, 1, 1, 0, 1, 1]
2023-04-06 15:43:06,384 - INFO - 输入预测标签为：[0, 1, 0, 1, 1, 1, 0, 1, 1, 0, 1, 1]
2023-04-06 15:43:06,385 - INFO - 输入实际标签为：[1, 1, 1, 0, 1, 0, 1, 1, 0, 0, 1, 0]
2023-04-06 15:43:06,565 - INFO - 输入预测标签为：[1, 1, 1, 0, 1, 0, 1, 1, 0, 0, 1, 0]
2023-04-06 15:43:06,567 - INFO - 输入实际标签为：[1, 0, 1, 1, 0, 1, 1, 1, 1, 1, 0, 1]
2023-04-06 15:43:06,747 - INFO - 输入预测标签为：[1, 0, 1, 1, 0, 1, 1, 1, 1, 1, 0, 1]
2023-04-06 15:43:06,749 - INFO - 输入实际标签为：[0, 0, 0, 1, 0, 0, 0, 1, 1, 1, 0, 0]
2023-04-06 15:43:06,935 - INFO - 输入预测标签为：[0, 0, 0, 1, 0, 0, 0, 1, 1, 1, 0, 0]
2023-04-06 15:43:06,936 - INFO - 输入实际标签为：[1, 0, 1, 1, 1, 0, 1, 1, 0, 0, 1, 0]
2023-04-06 15:43:07,119 - INFO - 输入预测标签为：[1, 0, 1, 1, 1, 0, 1, 1, 0, 0, 1, 0]
2023-04-06 15:43:07,120 - INFO - 输入实际标签为：[1, 0, 1, 1, 0, 1, 1, 1, 1, 0, 1, 1]
2023-04-06 15:43:07,302 - INFO - 输入预测标签为：[1, 0, 1, 1, 0, 1, 1, 1, 1, 0, 1, 1]
2023-04-06 15:43:07,303 - INFO - 输入实际标签为：[1, 1, 0, 1, 0, 1, 0, 0, 0, 1, 1, 0]
2023-04-06 15:43:07,483 - INFO - 输入预测标签为：[1, 1, 0, 1, 0, 1, 0, 0, 0, 1, 1, 0]
2023-04-06 15:43:07,484 - INFO - 输入实际标签为：[1, 1, 1, 1, 0, 0, 1, 1, 0, 0, 1, 1]
2023-04-06 15:43:07,665 - INFO - 输入预测标签为：[1, 1, 1, 1, 0, 0, 1, 1, 0, 0, 1, 1]
2023-04-06 15:43:07,666 - INFO - 输入实际标签为：[1, 1, 0, 1, 0, 0, 1, 1, 1, 1, 1, 1]
2023-04-06 15:43:07,848 - INFO - 输入预测标签为：[1, 1, 0, 1, 0, 0, 1, 1, 1, 1, 1, 1]
2023-04-06 15:43:07,849 - INFO - 输入实际标签为：[0, 1, 1, 0, 1, 0, 0, 1, 1, 1, 0, 0]
2023-04-06 15:43:08,032 - INFO - 输入预测标签为：[0, 1, 1, 0, 1, 0, 0, 1, 1, 1, 0, 0]
2023-04-06 15:43:08,034 - INFO - 输入实际标签为：[0, 1, 1, 1, 0, 0, 1, 1, 1, 0, 0, 1]
2023-04-06 15:43:08,215 - INFO - 输入预测标签为：[0, 1, 1, 1, 0, 0, 1, 1, 1, 0, 0, 1]
2023-04-06 15:43:08,217 - INFO - 输入实际标签为：[1, 0, 1, 0, 1, 1, 0, 1, 1, 1, 0, 1]
2023-04-06 15:43:08,399 - INFO - 输入预测标签为：[1, 0, 1, 0, 1, 1, 0, 1, 1, 1, 0, 1]
2023-04-06 15:43:08,400 - INFO - 输入实际标签为：[1, 1, 0, 1, 0, 0, 1, 1, 1, 0, 0, 1]
2023-04-06 15:43:08,580 - INFO - 输入预测标签为：[1, 1, 0, 1, 0, 0, 1, 1, 1, 0, 0, 1]
2023-04-06 15:43:08,582 - INFO - 输入实际标签为：[1, 1, 0, 0, 1, 1, 0, 1, 0, 1, 1, 0]
2023-04-06 15:43:08,763 - INFO - 输入预测标签为：[1, 1, 0, 0, 1, 1, 0, 1, 0, 1, 1, 0]
2023-04-06 15:43:08,765 - INFO - 输入实际标签为：[0, 1, 1, 1, 1, 1, 1, 0, 1, 0, 0, 1]
2023-04-06 15:43:08,946 - INFO - 输入预测标签为：[0, 1, 1, 1, 1, 1, 1, 0, 1, 0, 0, 1]
2023-04-06 15:43:08,948 - INFO - 输入实际标签为：[0, 0, 1, 0, 1, 0, 1, 1, 1, 1, 1, 1]
2023-04-06 15:43:09,130 - INFO - 输入预测标签为：[0, 0, 1, 0, 1, 0, 1, 1, 1, 1, 1, 1]
2023-04-06 15:43:09,132 - INFO - 输入实际标签为：[1, 0, 1, 1, 0, 1, 1, 1, 0, 0, 1, 0]
2023-04-06 15:43:09,312 - INFO - 输入预测标签为：[1, 0, 1, 1, 0, 1, 1, 1, 0, 0, 1, 0]
2023-04-06 15:43:09,314 - INFO - 输入实际标签为：[0, 1, 1, 0, 0, 0, 1, 1, 0, 1, 1, 1]
2023-04-06 15:43:09,495 - INFO - 输入预测标签为：[0, 1, 1, 1, 0, 0, 1, 1, 0, 1, 1, 1]
2023-04-06 15:43:09,497 - INFO - 输入实际标签为：[1, 0, 0, 0, 1, 0, 0, 1, 1, 1, 1, 0]
2023-04-06 15:43:09,678 - INFO - 输入预测标签为：[1, 0, 0, 0, 1, 0, 0, 1, 1, 1, 1, 0]
2023-04-06 15:43:09,679 - INFO - 输入实际标签为：[0, 0, 0, 1, 1, 1, 1, 0, 0, 0, 0, 0]
2023-04-06 15:43:09,861 - INFO - 输入预测标签为：[0, 0, 0, 1, 1, 1, 1, 0, 0, 0, 0, 0]
2023-04-06 15:43:09,863 - INFO - 输入实际标签为：[0, 1, 0, 1, 0, 0, 1, 1, 0, 1, 0, 0]
2023-04-06 15:43:10,045 - INFO - 输入预测标签为：[0, 1, 0, 1, 0, 0, 1, 1, 0, 1, 0, 0]
2023-04-06 15:43:10,046 - INFO - 输入实际标签为：[0, 1, 0, 0, 0, 1, 1, 0, 1, 0, 1, 0]
2023-04-06 15:43:10,228 - INFO - 输入预测标签为：[0, 1, 0, 0, 0, 1, 1, 0, 1, 0, 1, 0]
2023-04-06 15:43:10,229 - INFO - 输入实际标签为：[0, 1, 1, 0, 1, 0, 0, 1, 0, 1, 0, 1]
2023-04-06 15:43:10,412 - INFO - 输入预测标签为：[0, 1, 1, 0, 1, 0, 0, 1, 0, 1, 0, 1]
2023-04-06 15:43:10,413 - INFO - 输入实际标签为：[0, 0, 0, 0, 0, 1, 0, 1, 0, 0, 0, 0]
2023-04-06 15:43:10,593 - INFO - 输入预测标签为：[0, 0, 0, 0, 0, 1, 0, 1, 0, 0, 0, 0]
2023-04-06 15:43:10,595 - INFO - 输入实际标签为：[0, 0, 0, 1, 1, 1, 1, 0, 0, 0, 0, 0]
2023-04-06 15:43:10,778 - INFO - 输入预测标签为：[0, 0, 0, 1, 1, 1, 1, 0, 0, 0, 0, 0]
2023-04-06 15:43:10,779 - INFO - 输入实际标签为：[0, 1, 1, 1, 1, 1, 1, 1, 0, 0, 1, 0]
2023-04-06 15:43:10,965 - INFO - 输入预测标签为：[0, 1, 1, 1, 1, 1, 1, 1, 0, 0, 1, 0]
2023-04-06 15:43:10,966 - INFO - 输入实际标签为：[0, 0, 1, 1, 1, 0, 1, 0, 0, 1, 0, 0]
2023-04-06 15:43:11,150 - INFO - 输入预测标签为：[0, 0, 1, 1, 1, 0, 1, 0, 0, 1, 0, 0]
2023-04-06 15:43:11,152 - INFO - 输入实际标签为：[0, 1, 0, 1, 0, 1, 1, 1, 0, 0, 1, 1]
2023-04-06 15:43:11,335 - INFO - 输入预测标签为：[0, 1, 0, 1, 0, 1, 1, 1, 0, 0, 1, 1]
2023-04-06 15:43:11,337 - INFO - 输入实际标签为：[1, 0, 0, 1, 0, 0, 1, 0, 0, 1, 0, 0]
2023-04-06 15:43:11,518 - INFO - 输入预测标签为：[1, 0, 0, 1, 0, 0, 1, 0, 0, 1, 0, 0]
2023-04-06 15:43:11,519 - INFO - 输入实际标签为：[0, 1, 0, 0, 1, 1, 1, 1, 1, 0, 1, 0]
2023-04-06 15:43:11,701 - INFO - 输入预测标签为：[0, 1, 0, 0, 1, 1, 1, 1, 1, 0, 1, 0]
2023-04-06 15:43:11,702 - INFO - 输入实际标签为：[1, 0, 0, 0, 1, 1, 0, 1, 1, 0, 1, 1]
2023-04-06 15:43:11,885 - INFO - 输入预测标签为：[1, 0, 0, 0, 1, 1, 0, 1, 1, 0, 1, 1]
2023-04-06 15:43:11,886 - INFO - 输入实际标签为：[0, 0, 1, 1, 1, 1, 1, 0, 0, 0, 0, 0]
2023-04-06 15:43:12,070 - INFO - 输入预测标签为：[0, 0, 1, 1, 1, 1, 1, 0, 0, 0, 0, 0]
2023-04-06 15:43:12,072 - INFO - 输入实际标签为：[1, 1, 0, 0, 0, 1, 0, 0, 0, 0, 0, 0]
2023-04-06 15:43:12,256 - INFO - 输入预测标签为：[1, 1, 0, 0, 0, 1, 0, 0, 0, 0, 0, 0]
2023-04-06 15:43:12,259 - INFO - 输入实际标签为：[0, 1, 1, 0, 0, 1, 1, 0, 1, 0, 1, 0]
2023-04-06 15:43:12,441 - INFO - 输入预测标签为：[0, 1, 1, 0, 0, 1, 1, 0, 1, 0, 1, 0]
2023-04-06 15:43:12,442 - INFO - 输入实际标签为：[1, 1, 0, 1, 0, 0, 1, 1, 0, 1, 1, 1]
2023-04-06 15:43:12,624 - INFO - 输入预测标签为：[1, 1, 0, 1, 0, 0, 1, 1, 0, 1, 1, 1]
2023-04-06 15:43:12,626 - INFO - 输入实际标签为：[1, 1, 1, 1, 1, 1, 1, 0, 1, 1, 1, 0]
2023-04-06 15:43:12,808 - INFO - 输入预测标签为：[1, 1, 1, 1, 1, 1, 1, 0, 1, 1, 1, 0]
2023-04-06 15:43:12,809 - INFO - 输入实际标签为：[0, 0, 0, 1, 0, 1, 0, 0, 1, 0, 1, 1]
2023-04-06 15:43:12,993 - INFO - 输入预测标签为：[0, 0, 0, 1, 0, 1, 0, 0, 1, 0, 1, 1]
2023-04-06 15:43:12,995 - INFO - 输入实际标签为：[1, 0, 1, 1, 1, 0, 1, 1, 0, 0, 0, 1]
2023-04-06 15:43:13,177 - INFO - 输入预测标签为：[1, 0, 1, 1, 1, 0, 1, 1, 0, 0, 0, 1]
2023-04-06 15:43:13,179 - INFO - 输入实际标签为：[1, 0, 0, 0, 0, 1, 1, 1, 1, 1, 1, 1]
2023-04-06 15:43:13,361 - INFO - 输入预测标签为：[1, 0, 0, 0, 0, 1, 1, 1, 1, 1, 1, 1]
2023-04-06 15:43:13,362 - INFO - 输入实际标签为：[0, 1, 1, 1, 0, 0, 1, 1, 1, 0, 1, 0]
2023-04-06 15:43:13,546 - INFO - 输入预测标签为：[0, 1, 1, 1, 0, 0, 1, 1, 1, 0, 1, 0]
2023-04-06 15:43:13,547 - INFO - 输入实际标签为：[1, 1, 0, 1, 0, 1, 0, 0, 0, 1, 0, 1]
2023-04-06 15:43:13,730 - INFO - 输入预测标签为：[1, 1, 0, 1, 0, 1, 0, 0, 0, 1, 0, 1]
2023-04-06 15:43:13,731 - INFO - 输入实际标签为：[1, 1, 1, 0, 0, 0, 0, 0, 0, 1, 0, 0]
2023-04-06 15:43:13,914 - INFO - 输入预测标签为：[1, 1, 1, 0, 0, 0, 0, 0, 0, 1, 0, 0]
2023-04-06 15:43:13,915 - INFO - 输入实际标签为：[1, 0, 1, 0, 0, 0, 1, 0, 0, 1, 0, 1]
2023-04-06 15:43:14,100 - INFO - 输入预测标签为：[1, 0, 1, 0, 0, 0, 1, 0, 0, 1, 0, 1]
2023-04-06 15:43:14,101 - INFO - 输入实际标签为：[1, 1, 1, 0, 0, 0, 1, 1, 0, 1, 1, 1]
2023-04-06 15:43:14,284 - INFO - 输入预测标签为：[1, 1, 1, 0, 0, 0, 1, 1, 0, 1, 1, 1]
2023-04-06 15:43:14,286 - INFO - 输入实际标签为：[1, 0, 1, 0, 0, 0, 0, 0, 1, 1, 1, 0]
2023-04-06 15:43:14,468 - INFO - 输入预测标签为：[1, 0, 1, 0, 0, 0, 0, 0, 1, 1, 1, 0]
2023-04-06 15:43:14,470 - INFO - 输入实际标签为：[1, 1, 1, 1, 1, 1, 1, 0, 0, 0, 1, 1]
2023-04-06 15:43:14,654 - INFO - 输入预测标签为：[1, 1, 1, 1, 1, 1, 1, 0, 0, 0, 1, 1]
2023-04-06 15:43:14,655 - INFO - 输入实际标签为：[0, 0, 1, 1, 1, 0, 1, 1, 0, 1, 1, 0]
2023-04-06 15:43:14,839 - INFO - 输入预测标签为：[0, 0, 1, 1, 1, 0, 1, 1, 0, 1, 1, 0]
2023-04-06 15:43:14,841 - INFO - 输入实际标签为：[0, 1, 1, 1, 0, 0, 1, 0, 1, 1, 1, 0]
2023-04-06 15:43:15,023 - INFO - 输入预测标签为：[0, 1, 1, 1, 0, 0, 1, 0, 1, 1, 1, 0]
2023-04-06 15:43:15,025 - INFO - 输入实际标签为：[1, 1, 1, 0, 1, 1, 0, 1, 0, 0, 0, 1]
2023-04-06 15:43:15,208 - INFO - 输入预测标签为：[1, 1, 1, 0, 1, 1, 0, 1, 0, 0, 0, 1]
2023-04-06 15:43:15,209 - INFO - 输入实际标签为：[0, 1, 1, 0, 0, 1, 1, 1, 1, 1, 1, 0]
2023-04-06 15:43:15,391 - INFO - 输入预测标签为：[0, 1, 1, 0, 0, 1, 1, 1, 1, 1, 1, 0]
2023-04-06 15:43:15,392 - INFO - 输入实际标签为：[0, 0, 1, 1, 1, 0, 0, 0, 1, 1, 1, 1]
2023-04-06 15:43:15,574 - INFO - 输入预测标签为：[0, 0, 1, 1, 1, 0, 0, 0, 1, 1, 1, 1]
2023-04-06 15:43:15,575 - INFO - 输入实际标签为：[0, 0, 1, 0, 1, 0, 0, 1, 1, 0, 1, 1]
2023-04-06 15:43:15,759 - INFO - 输入预测标签为：[0, 0, 1, 0, 1, 0, 0, 1, 1, 0, 1, 1]
2023-04-06 15:43:15,761 - INFO - 输入实际标签为：[1, 0, 0, 0, 0, 0, 0, 0, 0, 1, 1, 0]
2023-04-06 15:43:15,945 - INFO - 输入预测标签为：[1, 0, 0, 0, 0, 0, 0, 0, 0, 1, 1, 0]
2023-04-06 15:43:15,947 - INFO - 输入实际标签为：[0, 1, 1, 1, 0, 0, 0, 0, 1, 0, 1, 0]
2023-04-06 15:43:16,132 - INFO - 输入预测标签为：[0, 1, 1, 1, 0, 0, 0, 0, 1, 0, 1, 0]
2023-04-06 15:43:16,133 - INFO - 输入实际标签为：[0, 1, 0, 1, 0, 0, 1, 1, 1, 1, 0, 0]
2023-04-06 15:43:16,316 - INFO - 输入预测标签为：[0, 1, 0, 1, 0, 0, 1, 1, 1, 1, 0, 0]
2023-04-06 15:43:16,318 - INFO - 输入实际标签为：[1, 0, 1, 0, 0, 0, 1, 1, 1, 0, 0, 1]
2023-04-06 15:43:16,501 - INFO - 输入预测标签为：[1, 0, 1, 0, 0, 0, 1, 1, 1, 0, 0, 1]
2023-04-06 15:43:16,502 - INFO - 输入实际标签为：[1, 0, 0, 0, 1, 0, 0, 1, 1, 0, 1, 1]
2023-04-06 15:43:16,685 - INFO - 输入预测标签为：[1, 0, 0, 0, 1, 0, 0, 1, 1, 0, 1, 1]
2023-04-06 15:43:16,687 - INFO - 输入实际标签为：[1, 1, 1, 1, 0, 0, 1, 0, 1, 1, 0, 1]
2023-04-06 15:43:16,872 - INFO - 输入预测标签为：[1, 1, 1, 1, 0, 0, 1, 0, 1, 1, 0, 1]
2023-04-06 15:43:16,874 - INFO - 输入实际标签为：[1, 1, 0, 0, 1, 0, 1, 0, 1, 1, 0, 1]
2023-04-06 15:43:17,058 - INFO - 输入预测标签为：[1, 1, 0, 0, 1, 0, 1, 0, 1, 1, 0, 1]
2023-04-06 15:43:17,059 - INFO - 输入实际标签为：[1, 1, 0, 1, 1, 0, 0, 0, 1, 0, 1, 0]
2023-04-06 15:43:17,243 - INFO - 输入预测标签为：[1, 1, 0, 1, 1, 0, 0, 0, 1, 0, 1, 0]
2023-04-06 15:43:17,244 - INFO - 输入实际标签为：[1, 1, 0, 1, 0, 0, 0, 1, 1, 0, 1, 0]
2023-04-06 15:43:17,427 - INFO - 输入预测标签为：[1, 1, 0, 1, 0, 0, 0, 1, 1, 0, 1, 0]
2023-04-06 15:43:17,428 - INFO - 输入实际标签为：[1, 0, 0, 1, 1, 0, 1, 1, 1, 1, 0, 0]
2023-04-06 15:43:17,610 - INFO - 输入预测标签为：[1, 0, 0, 1, 1, 0, 1, 1, 1, 1, 0, 0]
2023-04-06 15:43:17,612 - INFO - 输入实际标签为：[0, 0, 1, 1, 1, 1, 1, 1, 1, 0, 0, 0]
2023-04-06 15:43:17,796 - INFO - 输入预测标签为：[0, 0, 1, 1, 1, 1, 1, 1, 1, 0, 0, 0]
2023-04-06 15:43:17,797 - INFO - 输入实际标签为：[0, 0, 1, 1, 1, 0, 1, 0, 0, 1, 0, 0]
2023-04-06 15:43:17,982 - INFO - 输入预测标签为：[0, 0, 1, 1, 1, 0, 1, 0, 0, 1, 0, 0]
2023-04-06 15:43:17,983 - INFO - 输入实际标签为：[0, 1, 1, 1, 1, 0, 1, 0, 0, 1, 1, 1]
2023-04-06 15:43:18,167 - INFO - 输入预测标签为：[0, 1, 1, 1, 1, 0, 1, 0, 0, 1, 1, 1]
2023-04-06 15:43:18,169 - INFO - 输入实际标签为：[1, 0, 1, 1, 1, 0, 0, 1, 1, 0, 1, 1]
2023-04-06 15:43:18,352 - INFO - 输入预测标签为：[1, 0, 1, 1, 1, 0, 0, 1, 1, 0, 1, 1]
2023-04-06 15:43:18,353 - INFO - 输入实际标签为：[0, 1, 1, 0, 0, 1, 1, 1, 0, 1, 0, 1]
2023-04-06 15:43:18,536 - INFO - 输入预测标签为：[0, 1, 1, 0, 0, 1, 1, 1, 0, 1, 0, 1]
2023-04-06 15:43:18,537 - INFO - 输入实际标签为：[0, 1, 1, 1, 1, 1, 1, 1, 1, 0, 1, 1]
2023-04-06 15:43:18,723 - INFO - 输入预测标签为：[0, 1, 1, 1, 1, 1, 1, 1, 1, 0, 1, 1]
2023-04-06 15:43:18,725 - INFO - 输入实际标签为：[1, 0, 0, 1, 0, 0, 0, 0, 1, 0, 0, 1]
2023-04-06 15:43:18,909 - INFO - 输入预测标签为：[1, 0, 0, 1, 0, 0, 0, 0, 1, 0, 0, 1]
2023-04-06 15:43:18,911 - INFO - 输入实际标签为：[0, 1, 1, 1, 1, 1, 0, 1, 1, 0, 1, 1]
2023-04-06 15:43:19,095 - INFO - 输入预测标签为：[0, 1, 1, 1, 1, 1, 0, 1, 1, 0, 1, 1]
2023-04-06 15:43:19,096 - INFO - 输入实际标签为：[0, 0, 0, 1, 1, 0, 0, 1, 1, 0, 0, 0]
2023-04-06 15:43:19,279 - INFO - 输入预测标签为：[0, 0, 0, 1, 1, 0, 0, 1, 1, 0, 0, 0]
2023-04-06 15:43:19,280 - INFO - 输入实际标签为：[1, 0, 0, 1, 1, 1, 0, 0, 1, 0, 1, 0]
2023-04-06 15:43:19,464 - INFO - 输入预测标签为：[1, 0, 0, 1, 1, 1, 0, 0, 1, 0, 1, 0]
2023-04-06 15:43:19,465 - INFO - 输入实际标签为：[1, 1, 1, 1, 0, 1, 0, 1, 0, 1, 1, 1]
2023-04-06 15:43:19,649 - INFO - 输入预测标签为：[1, 1, 1, 1, 0, 1, 0, 1, 0, 1, 1, 1]
2023-04-06 15:43:19,650 - INFO - 输入实际标签为：[0, 1, 1, 1, 0, 0, 0, 1, 1, 1, 1, 0]
2023-04-06 15:43:19,836 - INFO - 输入预测标签为：[0, 1, 1, 1, 0, 0, 0, 1, 1, 1, 1, 0]
2023-04-06 15:43:19,837 - INFO - 输入实际标签为：[0, 1, 0, 1, 0, 1, 0, 1, 1, 1, 0, 0]
2023-04-06 15:43:20,022 - INFO - 输入预测标签为：[0, 1, 0, 1, 0, 1, 0, 1, 1, 1, 0, 0]
2023-04-06 15:43:20,024 - INFO - 输入实际标签为：[1, 1, 1, 1, 1, 1, 1, 0, 0, 0, 1, 0]
2023-04-06 15:43:20,208 - INFO - 输入预测标签为：[1, 1, 1, 1, 1, 1, 1, 0, 0, 0, 1, 0]
2023-04-06 15:43:20,209 - INFO - 输入实际标签为：[1, 1, 1, 1, 1, 1, 0, 1, 1, 1, 1, 0]
2023-04-06 15:43:20,392 - INFO - 输入预测标签为：[1, 1, 1, 1, 1, 1, 0, 1, 1, 1, 1, 0]
2023-04-06 15:43:20,393 - INFO - 输入实际标签为：[0, 1, 1, 1, 0, 1, 1, 0, 1, 1, 1, 1]
2023-04-06 15:43:20,578 - INFO - 输入预测标签为：[0, 1, 1, 1, 0, 1, 1, 0, 1, 1, 1, 1]
2023-04-06 15:43:20,579 - INFO - 输入实际标签为：[1, 1, 0, 0, 0, 1, 0, 1, 1, 1, 0, 0]
2023-04-06 15:43:20,763 - INFO - 输入预测标签为：[1, 1, 0, 0, 0, 1, 0, 1, 1, 1, 0, 0]
2023-04-06 15:43:20,764 - INFO - 输入实际标签为：[1, 0, 1, 0, 0, 1, 0, 1, 0, 0, 1, 0]
2023-04-06 15:43:20,947 - INFO - 输入预测标签为：[1, 0, 1, 0, 0, 1, 0, 1, 0, 0, 1, 0]
2023-04-06 15:43:20,949 - INFO - 输入实际标签为：[1, 0, 1, 1, 1, 0, 0, 0, 1, 0, 1, 0]
2023-04-06 15:43:21,134 - INFO - 输入预测标签为：[1, 0, 1, 1, 1, 0, 0, 0, 1, 0, 1, 0]
2023-04-06 15:43:21,135 - INFO - 输入实际标签为：[0, 1, 1, 1, 0, 1, 1, 0, 0, 1, 0, 0]
2023-04-06 15:43:21,319 - INFO - 输入预测标签为：[0, 1, 1, 1, 0, 1, 1, 0, 0, 1, 0, 0]
2023-04-06 15:43:21,320 - INFO - 输入实际标签为：[0, 1, 1, 0, 1, 0, 1, 1, 0, 1, 1, 0]
2023-04-06 15:43:21,504 - INFO - 输入预测标签为：[0, 1, 1, 0, 1, 0, 1, 1, 0, 1, 1, 0]
2023-04-06 15:43:21,506 - INFO - 输入实际标签为：[1, 1, 0, 1, 0, 1, 0, 0, 1, 0, 0, 1]
2023-04-06 15:43:21,690 - INFO - 输入预测标签为：[1, 1, 0, 1, 0, 1, 0, 0, 1, 0, 0, 1]
2023-04-06 15:43:21,692 - INFO - 输入实际标签为：[0, 0, 0, 1, 0, 1, 0, 1, 0, 1, 1, 1]
2023-04-06 15:43:21,877 - INFO - 输入预测标签为：[0, 0, 0, 1, 0, 1, 0, 1, 0, 1, 1, 1]
2023-04-06 15:43:21,880 - INFO - 输入实际标签为：[1, 0, 0, 0, 1, 1, 1, 1, 0, 0, 1, 0]
2023-04-06 15:43:22,064 - INFO - 输入预测标签为：[1, 0, 0, 0, 1, 1, 1, 1, 0, 0, 1, 0]
2023-04-06 15:43:22,068 - INFO - 输入实际标签为：[0, 0, 1, 1, 1, 0, 0, 0, 0, 1, 1, 0]
2023-04-06 15:43:22,252 - INFO - 输入预测标签为：[0, 0, 1, 1, 1, 0, 0, 0, 0, 1, 1, 0]
2023-04-06 15:43:22,254 - INFO - 输入实际标签为：[1, 1, 1, 0, 1, 0, 1, 0, 1, 0, 1, 0]
2023-04-06 15:43:22,437 - INFO - 输入预测标签为：[1, 1, 1, 0, 1, 0, 1, 0, 1, 0, 1, 0]
2023-04-06 15:43:22,439 - INFO - 输入实际标签为：[0, 1, 1, 1, 0, 1, 0, 0, 0, 0, 1, 0]
2023-04-06 15:43:22,624 - INFO - 输入预测标签为：[0, 1, 1, 1, 0, 1, 0, 0, 0, 0, 1, 0]
2023-04-06 15:43:22,626 - INFO - 输入实际标签为：[0, 0, 0, 1, 1, 1, 0, 1, 1, 0, 1, 1]
2023-04-06 15:43:22,811 - INFO - 输入预测标签为：[0, 0, 0, 1, 1, 1, 0, 1, 1, 0, 1, 1]
2023-04-06 15:43:22,812 - INFO - 输入实际标签为：[1, 0, 0, 1, 0, 0, 1, 1, 1, 1, 0, 0]
2023-04-06 15:43:22,997 - INFO - 输入预测标签为：[1, 0, 0, 1, 0, 0, 1, 1, 1, 1, 0, 0]
2023-04-06 15:43:22,998 - INFO - 输入实际标签为：[0, 1, 1, 0, 1, 0, 1, 0, 1, 0, 1, 1]
2023-04-06 15:43:23,181 - INFO - 输入预测标签为：[0, 1, 1, 0, 1, 0, 1, 0, 1, 0, 1, 1]
2023-04-06 15:43:23,182 - INFO - 输入实际标签为：[0, 1, 1, 0, 1, 0, 1, 0, 1, 1, 1, 1]
2023-04-06 15:43:23,367 - INFO - 输入预测标签为：[0, 1, 1, 0, 1, 0, 1, 0, 1, 1, 1, 1]
2023-04-06 15:43:23,371 - INFO - 输入实际标签为：[1, 1, 1, 1, 0, 0, 0, 0, 0, 1, 1, 0]
2023-04-06 15:43:23,554 - INFO - 输入预测标签为：[1, 1, 1, 1, 0, 0, 0, 0, 0, 1, 1, 0]
2023-04-06 15:43:23,555 - INFO - 输入实际标签为：[0, 1, 0, 1, 1, 0, 1, 0, 1, 1, 0, 1]
2023-04-06 15:43:23,741 - INFO - 输入预测标签为：[0, 1, 0, 1, 1, 0, 1, 0, 1, 1, 0, 1]
2023-04-06 15:43:23,743 - INFO - 输入实际标签为：[0, 0, 1, 1, 1, 0, 1, 1, 0, 1, 0, 0]
2023-04-06 15:43:23,927 - INFO - 输入预测标签为：[0, 0, 1, 1, 1, 0, 1, 1, 0, 1, 0, 0]
2023-04-06 15:43:23,928 - INFO - 输入实际标签为：[1, 1, 1, 1, 0, 0, 0, 0, 0, 0, 1, 1]
2023-04-06 15:43:24,113 - INFO - 输入预测标签为：[1, 1, 1, 1, 0, 0, 0, 0, 0, 0, 1, 1]
2023-04-06 15:43:24,115 - INFO - 输入实际标签为：[1, 1, 1, 0, 0, 0, 1, 0, 1, 0, 0, 1]
2023-04-06 15:43:24,300 - INFO - 输入预测标签为：[1, 1, 1, 0, 0, 0, 1, 0, 1, 0, 0, 1]
2023-04-06 15:43:24,301 - INFO - 输入实际标签为：[0, 0, 1, 1, 1, 0, 0, 1, 1, 1, 1, 1]
2023-04-06 15:43:24,487 - INFO - 输入预测标签为：[0, 0, 1, 1, 1, 0, 0, 1, 1, 1, 1, 1]
2023-04-06 15:43:24,488 - INFO - 输入实际标签为：[0, 1, 1, 0, 0, 0, 0, 0, 1, 1, 1, 0]
2023-04-06 15:43:24,671 - INFO - 输入预测标签为：[0, 1, 1, 0, 0, 0, 0, 0, 1, 1, 1, 0]
2023-04-06 15:43:24,673 - INFO - 输入实际标签为：[1, 0, 0, 1, 0, 0, 1, 1, 0, 1, 1, 1]
2023-04-06 15:43:24,858 - INFO - 输入预测标签为：[1, 0, 0, 1, 0, 0, 1, 1, 0, 1, 1, 1]
2023-04-06 15:43:24,860 - INFO - 输入实际标签为：[0, 1, 0, 0, 1, 1, 1, 1, 1, 1, 0, 1]
2023-04-06 15:43:25,044 - INFO - 输入预测标签为：[0, 1, 0, 0, 1, 1, 1, 1, 1, 1, 0, 1]
2023-04-06 15:43:25,046 - INFO - 输入实际标签为：[1, 1, 1, 1, 1, 0, 0, 1, 1, 1, 1, 0]
2023-04-06 15:43:25,230 - INFO - 输入预测标签为：[1, 1, 1, 1, 1, 0, 0, 1, 1, 1, 1, 0]
2023-04-06 15:43:25,231 - INFO - 输入实际标签为：[1, 0, 1, 0, 0, 0, 0, 1, 1, 1, 0, 0]
2023-04-06 15:43:25,415 - INFO - 输入预测标签为：[1, 0, 1, 0, 0, 0, 0, 1, 1, 1, 0, 0]
2023-04-06 15:43:25,416 - INFO - 输入实际标签为：[0, 1, 0, 1, 1, 0, 1, 0, 0, 1, 1, 1]
2023-04-06 15:43:25,600 - INFO - 输入预测标签为：[0, 1, 0, 1, 1, 0, 1, 0, 0, 1, 1, 1]
2023-04-06 15:43:25,600 - INFO - ————————————————模型测试结束————————————————
2023-04-06 15:43:25,601 - INFO - 总测试样本: 1344个
2023-04-06 15:43:25,601 - INFO - 预测正确样本: 1343个
2023-04-06 15:43:25,601 - INFO - 测试准确度: 0.999256
2023-04-06 15:43:25,619 - INFO - -----------------------------
2023-04-06 15:43:25,619 - INFO - Accuracy: 0.9992559523809523
2023-04-06 15:43:25,620 - INFO - Precision: 0.9993131868131868
2023-04-06 15:43:25,620 - INFO - Recall: 0.9991896272285251
2023-04-06 15:43:25,620 - INFO - F1 Score: 0.999250842384261
2023-04-06 15:43:25,621 - INFO - AUC Score: 0.9991896272285251
2023-04-06 15:43:25,621 - INFO - -----------------------------
2023-04-06 15:43:25,630 - INFO - 
              precision    recall  f1-score   support

           0       1.00      1.00      1.00       617
           1       1.00      1.00      1.00       727

    accuracy                           1.00      1344
   macro avg       1.00      1.00      1.00      1344
weighted avg       1.00      1.00      1.00      1344

2023-04-06 15:43:25,631 - INFO - -----------------------------
2023-04-06 15:43:25,631 - INFO - -----------混淆矩阵------------
2023-04-06 15:43:25,632 - INFO - 
[[616   1]
 [  0 727]]
2023-04-06 15:43:25,633 - INFO - -----------------------------
2023-04-06 15:43:25,633 - INFO - ————————————————预测文本类别————————————————
2023-04-06 15:43:25,659 - INFO - 这条微博有99.99%的概率为非谣言，有0.01%的概率为谣言
2023-04-06 15:43:25,659 - INFO - ——————————————————————
2023-04-06 15:43:25,659 - INFO - ——————程序运行结束——————
