2023-04-06 15:32:45,171 - INFO - ——————程序运行开始——————
2023-04-06 15:32:45,171 - INFO - ——————————————————————
2023-04-06 15:32:45,171 - INFO - ——————输出训练参数——————
2023-04-06 15:32:45,171 - INFO - Batch_size：12
2023-04-06 15:32:45,172 - INFO - Epochs：1
2023-04-06 15:32:45,172 - INFO - Learning_rate：2e-05
2023-04-06 15:32:45,172 - INFO - max_seq_length：256
2023-04-06 15:32:45,172 - INFO - num_labels：2
2023-04-06 15:32:45,172 - INFO - ——————————————————————
2023-04-06 15:32:45,205 - INFO - GPU is available
2023-04-06 15:32:46,213 - INFO - 谣言数据总量为：1538
2023-04-06 15:32:46,213 - INFO - 非谣言数据总量为：1849
2023-04-06 15:32:46,228 - INFO - 数据文本生成成功！
2023-04-06 15:32:46,325 - INFO - 成功划分训练集和测试集！
2023-04-06 15:33:30,097 - INFO - ————————————————模型测试开始————————————————
2023-04-06 15:33:30,099 - INFO - 输入实际标签为：[0, 1, 1, 0, 0, 1, 0, 0, 1, 1, 0, 1]
2023-04-06 15:33:30,582 - INFO - 输入预测标签为：[0, 1, 1, 0, 0, 1, 0, 0, 1, 1, 0, 1]
2023-04-06 15:33:30,583 - INFO - 输入实际标签为：[1, 1, 0, 0, 0, 1, 0, 0, 1, 0, 1, 0]
2023-04-06 15:33:30,761 - INFO - 输入预测标签为：[1, 1, 0, 0, 0, 1, 0, 0, 1, 0, 1, 0]
2023-04-06 15:33:30,763 - INFO - 输入实际标签为：[1, 1, 1, 1, 0, 0, 1, 1, 0, 1, 0, 0]
2023-04-06 15:33:30,945 - INFO - 输入预测标签为：[1, 1, 1, 1, 0, 0, 1, 1, 0, 1, 0, 0]
2023-04-06 15:33:30,946 - INFO - 输入实际标签为：[1, 1, 1, 0, 0, 1, 0, 1, 0, 0, 0, 1]
2023-04-06 15:33:31,127 - INFO - 输入预测标签为：[1, 1, 1, 0, 0, 1, 0, 1, 0, 0, 0, 1]
2023-04-06 15:33:31,129 - INFO - 输入实际标签为：[1, 1, 1, 1, 0, 0, 0, 1, 0, 1, 1, 1]
2023-04-06 15:33:31,310 - INFO - 输入预测标签为：[1, 1, 1, 1, 0, 0, 0, 1, 0, 1, 1, 1]
2023-04-06 15:33:31,311 - INFO - 输入实际标签为：[0, 1, 1, 0, 1, 1, 1, 0, 0, 1, 1, 0]
2023-04-06 15:33:31,492 - INFO - 输入预测标签为：[0, 1, 1, 0, 1, 1, 1, 0, 0, 1, 1, 0]
2023-04-06 15:33:31,494 - INFO - 输入实际标签为：[1, 1, 0, 1, 1, 1, 0, 1, 1, 0, 1, 1]
2023-04-06 15:33:31,680 - INFO - 输入预测标签为：[1, 1, 0, 1, 1, 1, 0, 1, 1, 0, 1, 1]
2023-04-06 15:33:31,681 - INFO - 输入实际标签为：[0, 0, 1, 0, 0, 1, 0, 0, 0, 0, 0, 1]
2023-04-06 15:33:31,861 - INFO - 输入预测标签为：[0, 0, 1, 0, 0, 1, 0, 0, 0, 0, 0, 1]
2023-04-06 15:33:31,862 - INFO - 输入实际标签为：[1, 0, 0, 0, 0, 0, 1, 1, 1, 1, 1, 0]
2023-04-06 15:33:32,043 - INFO - 输入预测标签为：[1, 0, 0, 0, 0, 0, 1, 1, 1, 1, 1, 0]
2023-04-06 15:33:32,046 - INFO - 输入实际标签为：[1, 0, 0, 0, 1, 0, 0, 1, 1, 0, 0, 1]
2023-04-06 15:33:32,226 - INFO - 输入预测标签为：[1, 0, 0, 0, 1, 0, 0, 1, 1, 0, 0, 1]
2023-04-06 15:33:32,228 - INFO - 输入实际标签为：[1, 1, 1, 0, 1, 0, 1, 0, 1, 0, 0, 0]
2023-04-06 15:33:32,408 - INFO - 输入预测标签为：[1, 1, 1, 0, 1, 0, 1, 0, 1, 0, 0, 0]
2023-04-06 15:33:32,409 - INFO - 输入实际标签为：[1, 1, 0, 1, 0, 0, 0, 1, 1, 0, 0, 1]
2023-04-06 15:33:32,594 - INFO - 输入预测标签为：[1, 1, 0, 1, 0, 0, 0, 1, 1, 0, 0, 1]
2023-04-06 15:33:32,595 - INFO - 输入实际标签为：[1, 1, 0, 1, 1, 1, 1, 0, 1, 0, 0, 0]
2023-04-06 15:33:32,779 - INFO - 输入预测标签为：[1, 1, 0, 1, 1, 1, 1, 0, 1, 0, 0, 0]
2023-04-06 15:33:32,781 - INFO - 输入实际标签为：[1, 0, 0, 1, 1, 0, 1, 1, 1, 1, 1, 1]
2023-04-06 15:33:32,964 - INFO - 输入预测标签为：[1, 0, 0, 1, 1, 0, 1, 1, 1, 1, 1, 1]
2023-04-06 15:33:32,966 - INFO - 输入实际标签为：[0, 0, 0, 1, 0, 1, 1, 0, 0, 0, 0, 1]
2023-04-06 15:33:33,145 - INFO - 输入预测标签为：[0, 0, 0, 1, 0, 1, 1, 0, 0, 0, 0, 1]
2023-04-06 15:33:33,146 - INFO - 输入实际标签为：[0, 1, 0, 0, 1, 0, 1, 1, 1, 0, 1, 0]
2023-04-06 15:33:33,328 - INFO - 输入预测标签为：[0, 1, 0, 0, 1, 0, 1, 1, 1, 0, 1, 0]
2023-04-06 15:33:33,329 - INFO - 输入实际标签为：[1, 1, 1, 1, 0, 1, 1, 0, 1, 0, 1, 1]
2023-04-06 15:33:33,514 - INFO - 输入预测标签为：[1, 1, 1, 1, 0, 1, 1, 0, 1, 0, 1, 1]
2023-04-06 15:33:33,516 - INFO - 输入实际标签为：[1, 1, 0, 1, 0, 0, 1, 0, 0, 0, 0, 1]
2023-04-06 15:33:33,700 - INFO - 输入预测标签为：[1, 1, 0, 1, 0, 0, 1, 0, 0, 0, 0, 1]
2023-04-06 15:33:33,701 - INFO - 输入实际标签为：[0, 1, 0, 1, 1, 0, 1, 0, 1, 0, 0, 0]
2023-04-06 15:33:33,884 - INFO - 输入预测标签为：[0, 1, 0, 1, 1, 0, 1, 0, 1, 0, 0, 0]
2023-04-06 15:33:33,885 - INFO - 输入实际标签为：[0, 0, 1, 0, 0, 1, 1, 1, 0, 0, 1, 1]
2023-04-06 15:33:34,067 - INFO - 输入预测标签为：[0, 0, 1, 0, 0, 1, 1, 1, 0, 0, 1, 1]
2023-04-06 15:33:34,068 - INFO - 输入实际标签为：[0, 0, 0, 0, 1, 1, 0, 0, 1, 0, 1, 0]
2023-04-06 15:33:34,250 - INFO - 输入预测标签为：[0, 0, 0, 0, 1, 1, 0, 0, 1, 0, 1, 0]
2023-04-06 15:33:34,251 - INFO - 输入实际标签为：[1, 1, 1, 0, 1, 0, 0, 1, 1, 1, 1, 0]
2023-04-06 15:33:34,433 - INFO - 输入预测标签为：[1, 1, 1, 0, 1, 0, 0, 1, 1, 1, 1, 0]
2023-04-06 15:33:34,435 - INFO - 输入实际标签为：[1, 0, 1, 0, 1, 0, 1, 0, 1, 0, 1, 0]
2023-04-06 15:33:34,619 - INFO - 输入预测标签为：[1, 0, 1, 0, 1, 0, 1, 0, 1, 0, 1, 0]
2023-04-06 15:33:34,620 - INFO - 输入实际标签为：[1, 0, 0, 0, 0, 0, 1, 1, 1, 0, 1, 0]
2023-04-06 15:33:34,803 - INFO - 输入预测标签为：[1, 0, 0, 0, 0, 0, 1, 1, 1, 0, 1, 0]
2023-04-06 15:33:34,804 - INFO - 输入实际标签为：[0, 1, 1, 1, 1, 1, 0, 1, 0, 0, 0, 1]
2023-04-06 15:33:34,986 - INFO - 输入预测标签为：[0, 1, 1, 1, 1, 1, 0, 1, 0, 0, 0, 1]
2023-04-06 15:33:34,988 - INFO - 输入实际标签为：[1, 1, 1, 0, 1, 1, 0, 0, 1, 1, 1, 0]
2023-04-06 15:33:35,170 - INFO - 输入预测标签为：[1, 1, 1, 0, 1, 1, 0, 0, 1, 1, 1, 0]
2023-04-06 15:33:35,171 - INFO - 输入实际标签为：[1, 1, 0, 1, 1, 0, 1, 1, 0, 1, 0, 1]
2023-04-06 15:33:35,353 - INFO - 输入预测标签为：[1, 1, 0, 1, 1, 0, 1, 1, 0, 1, 0, 1]
2023-04-06 15:33:35,355 - INFO - 输入实际标签为：[1, 0, 0, 0, 1, 0, 1, 0, 0, 0, 1, 1]
2023-04-06 15:33:35,539 - INFO - 输入预测标签为：[1, 0, 0, 0, 1, 0, 1, 0, 0, 0, 1, 1]
2023-04-06 15:33:35,540 - INFO - 输入实际标签为：[1, 0, 0, 1, 1, 0, 1, 1, 1, 1, 1, 1]
2023-04-06 15:33:35,723 - INFO - 输入预测标签为：[1, 0, 0, 1, 1, 0, 1, 1, 1, 1, 1, 1]
2023-04-06 15:33:35,724 - INFO - 输入实际标签为：[0, 1, 0, 0, 1, 0, 1, 1, 1, 0, 0, 0]
2023-04-06 15:33:35,905 - INFO - 输入预测标签为：[0, 1, 0, 0, 1, 0, 1, 1, 1, 0, 0, 0]
2023-04-06 15:33:35,906 - INFO - 输入实际标签为：[1, 1, 1, 0, 0, 1, 1, 1, 1, 1, 1, 1]
2023-04-06 15:33:36,087 - INFO - 输入预测标签为：[1, 1, 1, 0, 0, 1, 1, 1, 1, 1, 1, 1]
2023-04-06 15:33:36,088 - INFO - 输入实际标签为：[0, 1, 1, 1, 0, 1, 0, 1, 0, 1, 0, 1]
2023-04-06 15:33:36,270 - INFO - 输入预测标签为：[0, 1, 1, 1, 0, 1, 0, 1, 0, 1, 0, 1]
2023-04-06 15:33:36,272 - INFO - 输入实际标签为：[1, 1, 1, 0, 1, 0, 1, 1, 0, 1, 0, 0]
2023-04-06 15:33:36,455 - INFO - 输入预测标签为：[1, 1, 1, 0, 1, 0, 1, 1, 0, 1, 0, 0]
2023-04-06 15:33:36,456 - INFO - 输入实际标签为：[0, 0, 0, 1, 1, 0, 1, 1, 1, 0, 1, 1]
2023-04-06 15:33:36,639 - INFO - 输入预测标签为：[0, 0, 0, 1, 1, 0, 1, 1, 1, 0, 1, 1]
2023-04-06 15:33:36,640 - INFO - 输入实际标签为：[1, 1, 1, 1, 1, 1, 0, 1, 0, 0, 0, 1]
2023-04-06 15:33:36,822 - INFO - 输入预测标签为：[1, 1, 1, 1, 1, 1, 0, 1, 0, 0, 0, 1]
2023-04-06 15:33:36,824 - INFO - 输入实际标签为：[1, 1, 0, 1, 0, 1, 1, 1, 0, 1, 1, 0]
2023-04-06 15:33:37,006 - INFO - 输入预测标签为：[1, 1, 0, 1, 0, 1, 1, 1, 0, 1, 1, 0]
2023-04-06 15:33:37,008 - INFO - 输入实际标签为：[0, 0, 0, 0, 0, 1, 0, 0, 1, 1, 0, 0]
2023-04-06 15:33:37,191 - INFO - 输入预测标签为：[0, 0, 0, 0, 0, 1, 0, 0, 1, 1, 0, 0]
2023-04-06 15:33:37,192 - INFO - 输入实际标签为：[1, 0, 0, 1, 0, 1, 1, 1, 1, 0, 1, 0]
2023-04-06 15:33:37,378 - INFO - 输入预测标签为：[1, 0, 0, 1, 0, 1, 1, 1, 1, 0, 1, 0]
2023-04-06 15:33:37,379 - INFO - 输入实际标签为：[0, 1, 0, 0, 0, 0, 1, 0, 0, 1, 1, 1]
2023-04-06 15:33:37,562 - INFO - 输入预测标签为：[0, 1, 0, 0, 0, 0, 1, 0, 0, 1, 1, 1]
2023-04-06 15:33:37,563 - INFO - 输入实际标签为：[1, 0, 0, 1, 0, 0, 1, 1, 1, 0, 1, 0]
2023-04-06 15:33:37,746 - INFO - 输入预测标签为：[1, 0, 0, 1, 0, 0, 1, 1, 1, 0, 1, 0]
2023-04-06 15:33:37,748 - INFO - 输入实际标签为：[1, 0, 1, 0, 0, 1, 1, 1, 0, 0, 1, 1]
2023-04-06 15:33:37,930 - INFO - 输入预测标签为：[1, 0, 1, 0, 0, 1, 1, 1, 0, 0, 1, 1]
2023-04-06 15:33:37,931 - INFO - 输入实际标签为：[1, 0, 1, 1, 1, 0, 1, 0, 0, 0, 1, 1]
2023-04-06 15:33:38,114 - INFO - 输入预测标签为：[1, 0, 1, 1, 1, 0, 1, 0, 0, 0, 1, 1]
2023-04-06 15:33:38,115 - INFO - 输入实际标签为：[1, 0, 1, 1, 0, 0, 0, 1, 1, 0, 1, 1]
2023-04-06 15:33:38,300 - INFO - 输入预测标签为：[1, 0, 1, 1, 0, 0, 0, 1, 1, 0, 1, 1]
2023-04-06 15:33:38,302 - INFO - 输入实际标签为：[0, 1, 1, 0, 1, 0, 1, 1, 0, 1, 1, 0]
2023-04-06 15:33:38,485 - INFO - 输入预测标签为：[0, 1, 1, 0, 1, 0, 1, 1, 0, 1, 1, 0]
2023-04-06 15:33:38,486 - INFO - 输入实际标签为：[1, 0, 0, 1, 0, 1, 0, 1, 1, 0, 1, 1]
2023-04-06 15:33:38,670 - INFO - 输入预测标签为：[1, 0, 0, 1, 0, 1, 0, 1, 1, 0, 1, 1]
2023-04-06 15:33:38,671 - INFO - 输入实际标签为：[1, 0, 0, 0, 1, 0, 0, 1, 0, 0, 0, 1]
2023-04-06 15:33:38,855 - INFO - 输入预测标签为：[1, 0, 0, 0, 1, 0, 0, 1, 0, 0, 0, 1]
2023-04-06 15:33:38,857 - INFO - 输入实际标签为：[1, 0, 1, 0, 1, 0, 0, 0, 1, 0, 0, 1]
2023-04-06 15:33:39,040 - INFO - 输入预测标签为：[1, 0, 1, 0, 1, 0, 0, 0, 1, 0, 0, 1]
2023-04-06 15:33:39,041 - INFO - 输入实际标签为：[1, 1, 0, 0, 1, 1, 0, 0, 1, 1, 0, 1]
2023-04-06 15:33:39,223 - INFO - 输入预测标签为：[1, 1, 0, 0, 1, 1, 0, 0, 1, 1, 0, 1]
2023-04-06 15:33:39,224 - INFO - 输入实际标签为：[0, 0, 1, 1, 0, 1, 1, 0, 1, 0, 0, 0]
2023-04-06 15:33:39,408 - INFO - 输入预测标签为：[0, 0, 1, 1, 0, 1, 1, 0, 1, 0, 0, 0]
2023-04-06 15:33:39,410 - INFO - 输入实际标签为：[1, 0, 1, 1, 1, 0, 0, 1, 0, 0, 0, 0]
2023-04-06 15:33:39,594 - INFO - 输入预测标签为：[1, 0, 1, 1, 1, 0, 0, 1, 0, 0, 0, 0]
2023-04-06 15:33:39,595 - INFO - 输入实际标签为：[1, 1, 1, 0, 1, 1, 0, 0, 0, 1, 1, 0]
2023-04-06 15:33:39,780 - INFO - 输入预测标签为：[1, 1, 1, 0, 1, 1, 0, 0, 0, 1, 1, 0]
2023-04-06 15:33:39,781 - INFO - 输入实际标签为：[0, 1, 1, 1, 0, 1, 1, 0, 1, 1, 1, 0]
2023-04-06 15:33:39,966 - INFO - 输入预测标签为：[0, 1, 1, 1, 0, 1, 1, 0, 1, 1, 1, 0]
2023-04-06 15:33:39,967 - INFO - 输入实际标签为：[1, 1, 0, 1, 0, 0, 1, 0, 1, 1, 1, 1]
2023-04-06 15:33:40,151 - INFO - 输入预测标签为：[1, 1, 0, 1, 0, 0, 1, 0, 1, 1, 1, 1]
2023-04-06 15:33:40,153 - INFO - 输入实际标签为：[1, 0, 0, 1, 1, 1, 0, 0, 0, 0, 1, 0]
2023-04-06 15:33:40,336 - INFO - 输入预测标签为：[1, 0, 0, 1, 1, 1, 0, 0, 0, 0, 1, 0]
2023-04-06 15:33:40,338 - INFO - 输入实际标签为：[1, 0, 1, 0, 1, 1, 0, 1, 0, 0, 1, 1]
2023-04-06 15:33:40,523 - INFO - 输入预测标签为：[1, 0, 1, 0, 1, 1, 0, 1, 0, 0, 1, 1]
2023-04-06 15:33:40,525 - INFO - 输入实际标签为：[0, 1, 0, 1, 0, 1, 1, 1, 0, 0, 0, 1]
2023-04-06 15:33:40,707 - INFO - 输入预测标签为：[0, 1, 0, 1, 0, 1, 1, 1, 0, 0, 0, 1]
2023-04-06 15:33:40,709 - INFO - 输入实际标签为：[0, 0, 1, 1, 1, 1, 1, 1, 0, 1, 0, 1]
2023-04-06 15:33:40,892 - INFO - 输入预测标签为：[0, 0, 1, 1, 1, 1, 1, 1, 0, 1, 0, 1]
2023-04-06 15:33:40,894 - INFO - 输入实际标签为：[0, 1, 1, 0, 1, 0, 0, 1, 0, 0, 1, 1]
2023-04-06 15:33:41,077 - INFO - 输入预测标签为：[0, 1, 1, 0, 1, 0, 0, 1, 0, 0, 1, 1]
2023-04-06 15:33:41,078 - INFO - 输入实际标签为：[0, 0, 1, 0, 0, 1, 1, 0, 0, 1, 1, 1]
2023-04-06 15:33:41,262 - INFO - 输入预测标签为：[0, 0, 1, 0, 0, 1, 1, 0, 0, 1, 1, 1]
2023-04-06 15:33:41,264 - INFO - 输入实际标签为：[0, 0, 1, 0, 0, 0, 0, 0, 1, 1, 1, 1]
2023-04-06 15:33:41,447 - INFO - 输入预测标签为：[0, 0, 1, 0, 0, 0, 0, 0, 1, 1, 1, 1]
2023-04-06 15:33:41,449 - INFO - 输入实际标签为：[0, 0, 0, 0, 1, 0, 0, 1, 1, 1, 0, 1]
2023-04-06 15:33:41,633 - INFO - 输入预测标签为：[0, 0, 0, 0, 1, 0, 0, 1, 1, 1, 0, 1]
2023-04-06 15:33:41,634 - INFO - 输入实际标签为：[0, 1, 0, 1, 0, 1, 1, 1, 1, 1, 0, 0]
2023-04-06 15:33:41,817 - INFO - 输入预测标签为：[0, 1, 0, 1, 0, 1, 1, 1, 1, 1, 0, 0]
2023-04-06 15:33:41,818 - INFO - 输入实际标签为：[0, 0, 1, 1, 1, 1, 1, 1, 1, 1, 0, 1]
2023-04-06 15:33:42,002 - INFO - 输入预测标签为：[0, 0, 1, 1, 1, 1, 1, 1, 1, 1, 0, 1]
2023-04-06 15:33:42,003 - INFO - 输入实际标签为：[0, 0, 0, 0, 0, 0, 0, 0, 1, 1, 0, 1]
2023-04-06 15:33:42,186 - INFO - 输入预测标签为：[0, 0, 0, 0, 0, 0, 0, 0, 1, 1, 0, 1]
2023-04-06 15:33:42,188 - INFO - 输入实际标签为：[1, 0, 1, 1, 1, 1, 1, 0, 1, 1, 1, 0]
2023-04-06 15:33:42,372 - INFO - 输入预测标签为：[1, 0, 1, 1, 1, 1, 1, 0, 1, 1, 1, 0]
2023-04-06 15:33:42,374 - INFO - 输入实际标签为：[1, 0, 1, 0, 0, 1, 0, 0, 1, 0, 0, 1]
2023-04-06 15:33:42,557 - INFO - 输入预测标签为：[1, 0, 1, 0, 0, 1, 0, 0, 1, 0, 0, 1]
2023-04-06 15:33:42,559 - INFO - 输入实际标签为：[0, 1, 0, 0, 1, 0, 1, 1, 1, 1, 1, 0]
2023-04-06 15:33:42,743 - INFO - 输入预测标签为：[0, 1, 0, 0, 1, 0, 1, 1, 1, 1, 1, 0]
2023-04-06 15:33:42,744 - INFO - 输入实际标签为：[0, 0, 0, 1, 1, 0, 1, 1, 1, 1, 1, 0]
2023-04-06 15:33:42,927 - INFO - 输入预测标签为：[0, 0, 0, 1, 1, 0, 1, 1, 1, 1, 1, 0]
2023-04-06 15:33:42,928 - INFO - 输入实际标签为：[0, 1, 1, 0, 1, 0, 0, 1, 1, 1, 1, 0]
2023-04-06 15:33:43,113 - INFO - 输入预测标签为：[0, 1, 1, 0, 1, 0, 0, 1, 1, 1, 1, 0]
2023-04-06 15:33:43,114 - INFO - 输入实际标签为：[0, 1, 0, 1, 0, 0, 0, 1, 1, 1, 0, 0]
2023-04-06 15:33:43,299 - INFO - 输入预测标签为：[0, 1, 0, 1, 0, 0, 0, 1, 1, 1, 0, 0]
2023-04-06 15:33:43,301 - INFO - 输入实际标签为：[0, 1, 0, 1, 0, 1, 0, 0, 0, 0, 1, 0]
2023-04-06 15:33:43,484 - INFO - 输入预测标签为：[0, 1, 0, 1, 0, 1, 0, 0, 0, 0, 1, 0]
2023-04-06 15:33:43,485 - INFO - 输入实际标签为：[1, 1, 1, 0, 1, 1, 0, 1, 0, 1, 1, 1]
2023-04-06 15:33:43,668 - INFO - 输入预测标签为：[1, 1, 1, 0, 1, 1, 0, 1, 0, 1, 1, 1]
2023-04-06 15:33:43,669 - INFO - 输入实际标签为：[1, 0, 1, 0, 1, 0, 1, 1, 1, 1, 0, 0]
2023-04-06 15:33:43,853 - INFO - 输入预测标签为：[1, 0, 1, 0, 1, 0, 1, 1, 1, 1, 0, 0]
2023-04-06 15:33:43,855 - INFO - 输入实际标签为：[1, 1, 0, 0, 1, 1, 0, 1, 0, 1, 0, 0]
2023-04-06 15:33:44,038 - INFO - 输入预测标签为：[1, 1, 0, 0, 1, 1, 0, 1, 0, 1, 0, 0]
2023-04-06 15:33:44,039 - INFO - 输入实际标签为：[0, 1, 0, 1, 0, 0, 1, 0, 1, 0, 0, 1]
2023-04-06 15:33:44,223 - INFO - 输入预测标签为：[0, 1, 0, 1, 0, 0, 1, 0, 1, 0, 0, 1]
2023-04-06 15:33:44,224 - INFO - 输入实际标签为：[0, 1, 0, 1, 0, 1, 0, 1, 0, 0, 1, 1]
2023-04-06 15:33:44,407 - INFO - 输入预测标签为：[0, 1, 0, 1, 0, 1, 0, 1, 0, 0, 1, 1]
2023-04-06 15:33:44,409 - INFO - 输入实际标签为：[0, 0, 1, 1, 1, 0, 1, 1, 1, 1, 1, 0]
2023-04-06 15:33:44,593 - INFO - 输入预测标签为：[0, 0, 1, 1, 1, 0, 1, 1, 1, 1, 1, 0]
2023-04-06 15:33:44,595 - INFO - 输入实际标签为：[0, 1, 0, 1, 1, 1, 0, 0, 1, 1, 0, 1]
2023-04-06 15:33:44,779 - INFO - 输入预测标签为：[0, 1, 0, 1, 1, 1, 0, 0, 1, 1, 0, 1]
2023-04-06 15:33:44,780 - INFO - 输入实际标签为：[0, 1, 0, 0, 0, 1, 1, 0, 1, 1, 1, 1]
2023-04-06 15:33:44,963 - INFO - 输入预测标签为：[0, 1, 0, 0, 0, 1, 1, 0, 1, 1, 1, 1]
2023-04-06 15:33:44,964 - INFO - 输入实际标签为：[1, 0, 0, 1, 0, 1, 0, 0, 0, 0, 1, 1]
2023-04-06 15:33:45,146 - INFO - 输入预测标签为：[1, 0, 0, 1, 0, 1, 0, 0, 0, 0, 1, 1]
2023-04-06 15:33:45,147 - INFO - 输入实际标签为：[1, 1, 1, 1, 1, 1, 0, 1, 0, 1, 0, 1]
2023-04-06 15:33:45,331 - INFO - 输入预测标签为：[1, 1, 1, 1, 1, 1, 0, 1, 0, 1, 0, 1]
2023-04-06 15:33:45,333 - INFO - 输入实际标签为：[1, 0, 1, 0, 0, 1, 1, 1, 0, 1, 0, 0]
2023-04-06 15:33:45,517 - INFO - 输入预测标签为：[1, 0, 1, 0, 0, 1, 1, 1, 0, 1, 0, 0]
2023-04-06 15:33:45,518 - INFO - 输入实际标签为：[1, 0, 0, 1, 0, 0, 0, 1, 1, 1, 1, 1]
2023-04-06 15:33:45,701 - INFO - 输入预测标签为：[1, 0, 0, 1, 0, 0, 0, 1, 1, 1, 1, 1]
2023-04-06 15:33:45,703 - INFO - 输入实际标签为：[1, 1, 1, 0, 0, 1, 1, 0, 0, 0, 0, 1]
2023-04-06 15:33:45,886 - INFO - 输入预测标签为：[1, 1, 1, 0, 0, 1, 1, 0, 0, 0, 0, 1]
2023-04-06 15:33:45,887 - INFO - 输入实际标签为：[0, 1, 0, 1, 1, 0, 0, 0, 0, 1, 0, 1]
2023-04-06 15:33:46,069 - INFO - 输入预测标签为：[0, 1, 0, 1, 1, 0, 0, 0, 0, 1, 0, 1]
2023-04-06 15:33:46,071 - INFO - 输入实际标签为：[1, 0, 1, 1, 0, 1, 0, 1, 0, 1, 0, 1]
2023-04-06 15:33:46,254 - INFO - 输入预测标签为：[1, 0, 1, 1, 0, 1, 0, 1, 0, 1, 0, 1]
2023-04-06 15:33:46,256 - INFO - 输入实际标签为：[1, 0, 1, 0, 1, 0, 1, 0, 1, 1, 0, 1]
2023-04-06 15:33:46,441 - INFO - 输入预测标签为：[1, 0, 1, 0, 1, 0, 1, 0, 1, 1, 0, 1]
2023-04-06 15:33:46,442 - INFO - 输入实际标签为：[1, 0, 1, 1, 1, 1, 0, 0, 0, 1, 1, 1]
2023-04-06 15:33:46,627 - INFO - 输入预测标签为：[1, 0, 1, 1, 1, 1, 0, 0, 0, 1, 1, 1]
2023-04-06 15:33:46,628 - INFO - 输入实际标签为：[1, 1, 1, 1, 0, 0, 0, 0, 1, 0, 1, 0]
2023-04-06 15:33:46,812 - INFO - 输入预测标签为：[1, 1, 1, 1, 0, 0, 0, 0, 1, 0, 1, 0]
2023-04-06 15:33:46,813 - INFO - 输入实际标签为：[1, 0, 0, 1, 0, 0, 1, 1, 0, 0, 1, 0]
2023-04-06 15:33:46,996 - INFO - 输入预测标签为：[1, 0, 0, 1, 0, 0, 1, 1, 0, 0, 1, 0]
2023-04-06 15:33:46,997 - INFO - 输入实际标签为：[0, 1, 1, 0, 0, 1, 1, 0, 0, 0, 0, 1]
2023-04-06 15:33:47,181 - INFO - 输入预测标签为：[0, 1, 1, 0, 0, 1, 1, 0, 0, 0, 0, 1]
2023-04-06 15:33:47,182 - INFO - 输入实际标签为：[1, 0, 0, 1, 1, 0, 1, 0, 1, 0, 0, 1]
2023-04-06 15:33:47,365 - INFO - 输入预测标签为：[1, 0, 0, 1, 1, 0, 1, 0, 1, 0, 0, 1]
2023-04-06 15:33:47,366 - INFO - 输入实际标签为：[0, 1, 0, 0, 1, 0, 1, 1, 0, 0, 0, 1]
2023-04-06 15:33:47,550 - INFO - 输入预测标签为：[0, 1, 0, 0, 1, 0, 1, 1, 0, 0, 0, 1]
2023-04-06 15:33:47,553 - INFO - 输入实际标签为：[0, 0, 1, 1, 1, 1, 1, 0, 1, 0, 0, 1]
2023-04-06 15:33:47,737 - INFO - 输入预测标签为：[0, 0, 1, 1, 1, 1, 1, 0, 1, 0, 0, 1]
2023-04-06 15:33:47,738 - INFO - 输入实际标签为：[1, 0, 0, 1, 0, 1, 1, 1, 1, 0, 1, 0]
2023-04-06 15:33:47,922 - INFO - 输入预测标签为：[1, 0, 0, 1, 0, 1, 1, 1, 1, 0, 1, 0]
2023-04-06 15:33:47,924 - INFO - 输入实际标签为：[0, 1, 1, 1, 0, 1, 0, 0, 1, 1, 0, 1]
2023-04-06 15:33:48,109 - INFO - 输入预测标签为：[0, 1, 1, 1, 0, 1, 0, 0, 1, 1, 0, 1]
2023-04-06 15:33:48,110 - INFO - 输入实际标签为：[0, 0, 0, 1, 1, 0, 1, 1, 0, 0, 0, 0]
2023-04-06 15:33:48,294 - INFO - 输入预测标签为：[0, 1, 0, 1, 1, 0, 1, 1, 0, 0, 0, 0]
2023-04-06 15:33:48,296 - INFO - 输入实际标签为：[0, 1, 0, 0, 0, 0, 1, 0, 1, 0, 0, 1]
2023-04-06 15:33:48,479 - INFO - 输入预测标签为：[0, 1, 0, 0, 0, 0, 1, 0, 1, 0, 0, 1]
2023-04-06 15:33:48,480 - INFO - 输入实际标签为：[1, 1, 0, 0, 1, 1, 1, 0, 0, 1, 1, 1]
2023-04-06 15:33:48,665 - INFO - 输入预测标签为：[1, 1, 0, 0, 1, 1, 1, 0, 0, 1, 1, 1]
2023-04-06 15:33:48,667 - INFO - 输入实际标签为：[0, 1, 1, 1, 0, 1, 0, 1, 1, 1, 0, 1]
2023-04-06 15:33:48,850 - INFO - 输入预测标签为：[0, 1, 1, 1, 0, 1, 0, 1, 1, 1, 0, 1]
2023-04-06 15:33:48,853 - INFO - 输入实际标签为：[1, 0, 0, 0, 1, 0, 0, 1, 1, 0, 0, 0]
2023-04-06 15:33:49,036 - INFO - 输入预测标签为：[1, 0, 0, 0, 1, 0, 0, 1, 1, 0, 0, 0]
2023-04-06 15:33:49,038 - INFO - 输入实际标签为：[1, 0, 1, 1, 0, 1, 1, 1, 0, 1, 0, 0]
2023-04-06 15:33:49,220 - INFO - 输入预测标签为：[1, 0, 0, 1, 0, 1, 1, 1, 0, 1, 0, 0]
2023-04-06 15:33:49,221 - INFO - 输入实际标签为：[0, 1, 0, 1, 0, 1, 0, 0, 0, 0, 1, 1]
2023-04-06 15:33:49,407 - INFO - 输入预测标签为：[0, 1, 0, 1, 0, 1, 0, 0, 0, 0, 1, 1]
2023-04-06 15:33:49,409 - INFO - 输入实际标签为：[1, 1, 0, 0, 1, 0, 1, 1, 1, 1, 1, 0]
2023-04-06 15:33:49,592 - INFO - 输入预测标签为：[1, 1, 0, 0, 1, 0, 1, 1, 1, 1, 1, 0]
2023-04-06 15:33:49,594 - INFO - 输入实际标签为：[1, 1, 1, 1, 1, 1, 1, 1, 0, 0, 1, 1]
2023-04-06 15:33:49,778 - INFO - 输入预测标签为：[1, 1, 1, 1, 1, 1, 1, 1, 0, 0, 1, 1]
2023-04-06 15:33:49,780 - INFO - 输入实际标签为：[0, 0, 0, 0, 1, 1, 1, 0, 0, 1, 0, 1]
2023-04-06 15:33:49,964 - INFO - 输入预测标签为：[0, 0, 0, 0, 1, 1, 1, 0, 0, 1, 0, 1]
2023-04-06 15:33:49,965 - INFO - 输入实际标签为：[0, 1, 1, 1, 0, 1, 1, 1, 1, 0, 1, 0]
2023-04-06 15:33:50,149 - INFO - 输入预测标签为：[0, 1, 1, 1, 0, 1, 1, 1, 1, 0, 1, 0]
2023-04-06 15:33:50,151 - INFO - 输入实际标签为：[1, 1, 0, 1, 0, 1, 0, 1, 1, 1, 0, 0]
2023-04-06 15:33:50,333 - INFO - 输入预测标签为：[1, 1, 0, 1, 0, 1, 0, 1, 1, 1, 0, 0]
2023-04-06 15:33:50,335 - INFO - 输入实际标签为：[1, 0, 0, 1, 1, 0, 0, 0, 1, 0, 0, 1]
2023-04-06 15:33:50,520 - INFO - 输入预测标签为：[1, 0, 0, 1, 1, 0, 0, 0, 1, 0, 0, 1]
2023-04-06 15:33:50,521 - INFO - 输入实际标签为：[0, 1, 0, 1, 0, 0, 1, 1, 1, 0, 0, 1]
2023-04-06 15:33:50,706 - INFO - 输入预测标签为：[0, 1, 0, 1, 0, 0, 1, 1, 1, 0, 0, 1]
2023-04-06 15:33:50,708 - INFO - 输入实际标签为：[0, 0, 1, 0, 0, 0, 1, 1, 0, 1, 0, 0]
2023-04-06 15:33:50,890 - INFO - 输入预测标签为：[0, 0, 1, 0, 0, 0, 1, 1, 0, 1, 0, 0]
2023-04-06 15:33:50,891 - INFO - 输入实际标签为：[1, 0, 1, 0, 0, 1, 1, 0, 0, 0, 1, 1]
2023-04-06 15:33:51,077 - INFO - 输入预测标签为：[1, 0, 1, 0, 0, 1, 1, 0, 0, 0, 1, 1]
2023-04-06 15:33:51,078 - INFO - ————————————————模型测试结束————————————————
2023-04-06 15:33:51,078 - INFO - 总测试样本: 1344个
2023-04-06 15:33:51,078 - INFO - 预测正确样本: 1342个
2023-04-06 15:33:51,078 - INFO - 测试准确度: 0.998512
2023-04-06 15:33:51,094 - INFO - -----------------------
2023-04-06 15:33:51,094 - INFO - Accuracy: 0.9985119047619048
2023-04-06 15:33:51,094 - INFO - Precision: 0.9985057867410809
2023-04-06 15:33:51,094 - INFO - Recall: 0.9985057867410809
2023-04-06 15:33:51,094 - INFO - F1 Score: 0.9985057867410809
2023-04-06 15:33:51,094 - INFO - AUC Score: 0.9985057867410808
2023-04-06 15:33:51,094 - INFO - -----------------------
2023-04-06 15:33:51,099 - INFO - 
              precision    recall  f1-score   support

           0       1.00      1.00      1.00       629
           1       1.00      1.00      1.00       715

    accuracy                           1.00      1344
   macro avg       1.00      1.00      1.00      1344
weighted avg       1.00      1.00      1.00      1344

2023-04-06 15:33:51,099 - INFO - -----------------------
2023-04-06 15:33:51,099 - INFO - -----------混淆矩阵------------
