2023-04-06 14:48:26,018 - INFO - ——————程序运行开始——————
2023-04-06 14:48:26,018 - INFO - ——————————————————————
2023-04-06 14:48:26,018 - INFO - ——————输出训练参数——————
2023-04-06 14:48:26,018 - INFO - Batch_size：12
2023-04-06 14:48:26,019 - INFO - Epochs：1
2023-04-06 14:48:26,019 - INFO - Learning_rate：2e-05
2023-04-06 14:48:26,019 - INFO - max_seq_length：256
2023-04-06 14:48:26,019 - INFO - num_labels：2
2023-04-06 14:48:26,019 - INFO - ——————————————————————
2023-04-06 14:48:26,062 - INFO - GPU is available
2023-04-06 14:48:27,042 - INFO - 谣言数据总量为：1538
2023-04-06 14:48:27,042 - INFO - 非谣言数据总量为：1849
2023-04-06 14:48:27,055 - INFO - 数据文本生成成功！
2023-04-06 14:48:27,072 - INFO - 成功划分训练集和测试集！
2023-04-06 14:48:27,171 - INFO - 成功划分训练集和测试集！
2023-04-06 14:49:03,075 - INFO - ————————————————模型测试开始————————————————
2023-04-06 14:49:03,077 - INFO - 输入实际标签为：[0, 0, 1, 1, 1, 0, 0, 0, 1, 1, 1, 1]
2023-04-06 14:49:03,859 - INFO - 输入预测标签为：[0, 0, 1, 1, 1, 0, 0, 0, 1, 1, 1, 1]
2023-04-06 14:49:03,860 - INFO - 输入实际标签为：[0, 1, 1, 0, 0, 1, 0, 1, 0, 1, 0, 0]
2023-04-06 14:49:04,040 - INFO - 输入预测标签为：[0, 1, 1, 0, 0, 1, 0, 1, 0, 1, 0, 0]
2023-04-06 14:49:04,041 - INFO - 输入实际标签为：[0, 1, 0, 1, 1, 1, 0, 0, 1, 0, 0, 1]
2023-04-06 14:49:04,219 - INFO - 输入预测标签为：[0, 1, 0, 1, 1, 1, 0, 0, 1, 0, 0, 1]
2023-04-06 14:49:04,220 - INFO - 输入实际标签为：[0, 0, 0, 0, 1, 1, 1, 1, 1, 0, 0, 1]
2023-04-06 14:49:04,397 - INFO - 输入预测标签为：[0, 0, 0, 0, 1, 1, 1, 1, 1, 0, 0, 1]
2023-04-06 14:49:04,398 - INFO - 输入实际标签为：[0, 1, 1, 0, 1, 0, 1, 1, 1, 0, 1, 1]
2023-04-06 14:49:04,577 - INFO - 输入预测标签为：[0, 1, 1, 0, 1, 0, 1, 1, 1, 0, 1, 1]
2023-04-06 14:49:04,578 - INFO - 输入实际标签为：[1, 1, 1, 0, 1, 1, 0, 0, 0, 0, 1, 0]
2023-04-06 14:49:04,764 - INFO - 输入预测标签为：[1, 1, 1, 0, 1, 1, 0, 0, 0, 0, 1, 0]
2023-04-06 14:49:04,765 - INFO - 输入实际标签为：[1, 1, 0, 1, 0, 1, 1, 1, 0, 0, 1, 1]
2023-04-06 14:49:04,945 - INFO - 输入预测标签为：[1, 1, 0, 1, 0, 1, 1, 1, 0, 0, 1, 1]
2023-04-06 14:49:04,946 - INFO - 输入实际标签为：[0, 0, 1, 0, 0, 1, 1, 0, 1, 0, 0, 0]
2023-04-06 14:49:05,124 - INFO - 输入预测标签为：[0, 0, 1, 0, 0, 1, 1, 0, 1, 0, 0, 0]
2023-04-06 14:49:05,125 - INFO - 输入实际标签为：[0, 0, 0, 0, 1, 1, 0, 1, 1, 1, 1, 1]
2023-04-06 14:49:05,304 - INFO - 输入预测标签为：[0, 0, 0, 0, 1, 1, 0, 1, 1, 1, 1, 1]
2023-04-06 14:49:05,305 - INFO - 输入实际标签为：[1, 0, 0, 1, 0, 1, 1, 1, 1, 0, 1, 0]
2023-04-06 14:49:05,483 - INFO - 输入预测标签为：[1, 0, 0, 1, 0, 1, 1, 1, 1, 0, 1, 1]
2023-04-06 14:49:05,485 - INFO - 输入实际标签为：[1, 0, 1, 0, 0, 0, 0, 1, 1, 0, 0, 1]
2023-04-06 14:49:05,667 - INFO - 输入预测标签为：[1, 0, 1, 0, 0, 0, 0, 1, 1, 0, 0, 1]
2023-04-06 14:49:05,668 - INFO - 输入实际标签为：[1, 1, 0, 0, 0, 1, 1, 0, 0, 1, 1, 0]
2023-04-06 14:49:05,851 - INFO - 输入预测标签为：[1, 1, 0, 0, 0, 1, 1, 0, 0, 1, 1, 0]
2023-04-06 14:49:05,852 - INFO - 输入实际标签为：[1, 0, 1, 1, 1, 0, 1, 0, 0, 0, 1, 1]
2023-04-06 14:49:06,032 - INFO - 输入预测标签为：[1, 0, 1, 1, 1, 0, 1, 0, 0, 0, 1, 1]
2023-04-06 14:49:06,034 - INFO - 输入实际标签为：[0, 1, 0, 0, 0, 0, 0, 1, 0, 0, 1, 0]
2023-04-06 14:49:06,215 - INFO - 输入预测标签为：[0, 1, 0, 0, 0, 0, 0, 1, 0, 0, 1, 0]
2023-04-06 14:49:06,216 - INFO - 输入实际标签为：[1, 0, 0, 0, 0, 0, 1, 1, 0, 0, 1, 1]
2023-04-06 14:49:06,396 - INFO - 输入预测标签为：[1, 0, 0, 0, 0, 0, 1, 1, 0, 0, 1, 1]
2023-04-06 14:49:06,397 - INFO - 输入实际标签为：[0, 0, 1, 1, 0, 1, 1, 1, 0, 1, 0, 1]
2023-04-06 14:49:06,577 - INFO - 输入预测标签为：[0, 0, 1, 1, 0, 1, 1, 1, 0, 1, 0, 1]
2023-04-06 14:49:06,578 - INFO - 输入实际标签为：[1, 0, 1, 0, 1, 0, 1, 1, 0, 1, 1, 0]
2023-04-06 14:49:06,759 - INFO - 输入预测标签为：[1, 0, 1, 0, 1, 0, 1, 1, 0, 1, 1, 0]
2023-04-06 14:49:06,761 - INFO - 输入实际标签为：[0, 0, 0, 0, 1, 0, 1, 0, 0, 1, 1, 1]
2023-04-06 14:49:06,942 - INFO - 输入预测标签为：[0, 0, 0, 0, 1, 0, 1, 0, 0, 1, 1, 1]
2023-04-06 14:49:06,944 - INFO - 输入实际标签为：[0, 0, 1, 0, 1, 1, 0, 1, 1, 0, 0, 0]
2023-04-06 14:49:07,124 - INFO - 输入预测标签为：[0, 0, 1, 0, 1, 1, 0, 1, 1, 0, 0, 0]
2023-04-06 14:49:07,125 - INFO - 输入实际标签为：[1, 1, 1, 0, 1, 0, 1, 0, 1, 1, 1, 1]
2023-04-06 14:49:07,304 - INFO - 输入预测标签为：[1, 1, 1, 0, 1, 0, 1, 0, 1, 1, 1, 1]
2023-04-06 14:49:07,306 - INFO - 输入实际标签为：[0, 0, 1, 0, 0, 1, 0, 1, 1, 1, 0, 1]
2023-04-06 14:49:07,485 - INFO - 输入预测标签为：[0, 0, 1, 0, 0, 1, 0, 1, 1, 1, 0, 1]
2023-04-06 14:49:07,486 - INFO - 输入实际标签为：[0, 1, 1, 0, 0, 0, 1, 0, 1, 0, 0, 0]
2023-04-06 14:49:07,666 - INFO - 输入预测标签为：[0, 1, 1, 0, 0, 0, 1, 0, 1, 0, 0, 0]
2023-04-06 14:49:07,668 - INFO - 输入实际标签为：[0, 0, 0, 1, 0, 1, 0, 1, 0, 1, 1, 1]
2023-04-06 14:49:07,849 - INFO - 输入预测标签为：[0, 0, 0, 1, 0, 1, 0, 1, 0, 1, 1, 1]
2023-04-06 14:49:07,850 - INFO - 输入实际标签为：[1, 1, 0, 0, 1, 0, 1, 1, 0, 1, 1, 0]
2023-04-06 14:49:08,030 - INFO - 输入预测标签为：[1, 1, 0, 0, 1, 0, 1, 1, 0, 1, 1, 0]
2023-04-06 14:49:08,031 - INFO - 输入实际标签为：[0, 1, 1, 1, 0, 1, 0, 1, 1, 0, 1, 1]
2023-04-06 14:49:08,213 - INFO - 输入预测标签为：[0, 1, 1, 1, 0, 1, 0, 1, 1, 0, 1, 1]
2023-04-06 14:49:08,214 - INFO - 输入实际标签为：[0, 0, 1, 1, 1, 0, 0, 0, 1, 1, 0, 0]
2023-04-06 14:49:08,394 - INFO - 输入预测标签为：[0, 0, 1, 1, 1, 0, 0, 0, 1, 1, 0, 0]
2023-04-06 14:49:08,395 - INFO - 输入实际标签为：[1, 0, 1, 0, 0, 0, 0, 0, 1, 1, 0, 1]
2023-04-06 14:49:08,576 - INFO - 输入预测标签为：[1, 0, 1, 0, 0, 0, 0, 0, 1, 1, 0, 1]
2023-04-06 14:49:08,578 - INFO - 输入实际标签为：[0, 1, 1, 1, 0, 1, 0, 0, 1, 0, 0, 0]
2023-04-06 14:49:08,758 - INFO - 输入预测标签为：[0, 1, 1, 1, 0, 1, 0, 0, 1, 0, 0, 0]
2023-04-06 14:49:08,759 - INFO - 输入实际标签为：[1, 0, 1, 1, 1, 0, 0, 0, 1, 0, 0, 1]
2023-04-06 14:49:08,941 - INFO - 输入预测标签为：[1, 0, 1, 1, 1, 0, 0, 0, 1, 0, 0, 1]
2023-04-06 14:49:08,942 - INFO - 输入实际标签为：[1, 1, 1, 1, 1, 1, 0, 1, 1, 1, 1, 0]
2023-04-06 14:49:09,127 - INFO - 输入预测标签为：[1, 1, 1, 1, 1, 1, 0, 1, 1, 1, 1, 0]
2023-04-06 14:49:09,130 - INFO - 输入实际标签为：[0, 0, 0, 1, 0, 1, 0, 1, 0, 0, 1, 0]
2023-04-06 14:49:09,315 - INFO - 输入预测标签为：[0, 0, 0, 1, 0, 1, 0, 1, 0, 0, 1, 0]
2023-04-06 14:49:09,319 - INFO - 输入实际标签为：[0, 1, 0, 1, 0, 1, 0, 1, 1, 1, 1, 1]
2023-04-06 14:49:09,500 - INFO - 输入预测标签为：[0, 1, 0, 1, 0, 1, 0, 1, 1, 1, 1, 1]
2023-04-06 14:49:09,501 - INFO - 输入实际标签为：[1, 1, 1, 1, 1, 0, 0, 0, 0, 0, 1, 1]
2023-04-06 14:49:09,684 - INFO - 输入预测标签为：[1, 1, 1, 1, 1, 0, 0, 0, 0, 0, 1, 1]
2023-04-06 14:49:09,686 - INFO - 输入实际标签为：[0, 0, 0, 0, 0, 0, 1, 0, 1, 1, 1, 1]
2023-04-06 14:49:09,866 - INFO - 输入预测标签为：[0, 0, 0, 0, 0, 0, 1, 0, 1, 1, 1, 1]
2023-04-06 14:49:09,868 - INFO - 输入实际标签为：[1, 1, 0, 1, 0, 0, 1, 1, 1, 0, 0, 1]
2023-04-06 14:49:10,053 - INFO - 输入预测标签为：[1, 1, 0, 1, 0, 0, 1, 1, 1, 0, 0, 1]
2023-04-06 14:49:10,054 - INFO - 输入实际标签为：[1, 0, 0, 0, 1, 0, 1, 0, 1, 1, 1, 1]
2023-04-06 14:49:10,237 - INFO - 输入预测标签为：[1, 0, 0, 0, 1, 0, 1, 0, 1, 1, 1, 1]
2023-04-06 14:49:10,238 - INFO - 输入实际标签为：[0, 0, 1, 1, 0, 1, 0, 1, 0, 1, 0, 1]
2023-04-06 14:49:10,421 - INFO - 输入预测标签为：[0, 0, 1, 1, 0, 1, 0, 1, 0, 1, 0, 1]
2023-04-06 14:49:10,422 - INFO - 输入实际标签为：[1, 1, 1, 1, 1, 1, 1, 0, 0, 0, 1, 0]
2023-04-06 14:49:10,606 - INFO - 输入预测标签为：[1, 1, 1, 1, 1, 1, 1, 0, 0, 0, 1, 0]
2023-04-06 14:49:10,607 - INFO - 输入实际标签为：[0, 1, 1, 1, 0, 1, 1, 1, 0, 0, 1, 1]
2023-04-06 14:49:10,788 - INFO - 输入预测标签为：[0, 1, 1, 1, 0, 1, 1, 1, 0, 0, 1, 1]
2023-04-06 14:49:10,789 - INFO - 输入实际标签为：[1, 1, 0, 1, 0, 0, 0, 1, 1, 0, 0, 0]
2023-04-06 14:49:10,977 - INFO - 输入预测标签为：[1, 1, 0, 1, 0, 0, 0, 1, 1, 0, 0, 0]
2023-04-06 14:49:10,978 - INFO - 输入实际标签为：[1, 1, 0, 0, 1, 1, 0, 1, 0, 1, 0, 0]
2023-04-06 14:49:11,163 - INFO - 输入预测标签为：[1, 1, 0, 0, 1, 1, 0, 1, 0, 1, 0, 0]
2023-04-06 14:49:11,164 - INFO - 输入实际标签为：[0, 1, 0, 0, 1, 1, 0, 0, 1, 0, 1, 0]
2023-04-06 14:49:11,346 - INFO - 输入预测标签为：[0, 1, 0, 0, 1, 1, 0, 0, 1, 0, 1, 0]
2023-04-06 14:49:11,347 - INFO - 输入实际标签为：[1, 0, 0, 1, 1, 1, 0, 0, 1, 1, 0, 0]
2023-04-06 14:49:11,531 - INFO - 输入预测标签为：[1, 0, 0, 1, 1, 1, 0, 0, 1, 1, 0, 0]
2023-04-06 14:49:11,532 - INFO - 输入实际标签为：[1, 0, 0, 0, 0, 1, 1, 1, 1, 0, 1, 0]
2023-04-06 14:49:11,715 - INFO - 输入预测标签为：[1, 0, 0, 0, 0, 1, 1, 1, 1, 0, 1, 0]
2023-04-06 14:49:11,717 - INFO - 输入实际标签为：[0, 0, 0, 0, 0, 1, 1, 1, 0, 0, 1, 0]
2023-04-06 14:49:11,900 - INFO - 输入预测标签为：[0, 0, 0, 0, 0, 1, 1, 1, 0, 0, 1, 0]
2023-04-06 14:49:11,902 - INFO - 输入实际标签为：[0, 0, 1, 0, 1, 1, 0, 0, 1, 1, 0, 1]
2023-04-06 14:49:12,084 - INFO - 输入预测标签为：[0, 0, 1, 0, 1, 1, 0, 0, 1, 1, 0, 1]
2023-04-06 14:49:12,085 - INFO - 输入实际标签为：[1, 0, 1, 0, 1, 1, 0, 1, 0, 0, 0, 1]
2023-04-06 14:49:12,270 - INFO - 输入预测标签为：[1, 0, 1, 0, 1, 1, 0, 1, 0, 0, 0, 1]
2023-04-06 14:49:12,271 - INFO - 输入实际标签为：[0, 1, 1, 1, 1, 1, 1, 1, 0, 0, 1, 1]
2023-04-06 14:49:12,457 - INFO - 输入预测标签为：[0, 1, 1, 1, 1, 1, 1, 1, 0, 0, 1, 1]
2023-04-06 14:49:12,459 - INFO - 输入实际标签为：[0, 1, 1, 0, 0, 1, 1, 1, 1, 1, 0, 0]
2023-04-06 14:49:12,641 - INFO - 输入预测标签为：[0, 1, 1, 0, 0, 1, 1, 1, 1, 1, 0, 0]
2023-04-06 14:49:12,642 - INFO - 输入实际标签为：[0, 1, 1, 0, 1, 1, 1, 1, 1, 1, 1, 1]
2023-04-06 14:49:12,827 - INFO - 输入预测标签为：[0, 1, 1, 0, 1, 1, 1, 1, 1, 1, 1, 1]
2023-04-06 14:49:12,828 - INFO - 输入实际标签为：[0, 0, 1, 0, 1, 1, 1, 0, 0, 0, 1, 1]
2023-04-06 14:49:13,013 - INFO - 输入预测标签为：[0, 0, 1, 0, 1, 1, 1, 0, 0, 0, 1, 1]
2023-04-06 14:49:13,015 - INFO - 输入实际标签为：[0, 1, 1, 1, 1, 0, 1, 1, 1, 0, 1, 1]
2023-04-06 14:49:13,199 - INFO - 输入预测标签为：[0, 1, 1, 1, 1, 0, 1, 1, 1, 0, 1, 1]
2023-04-06 14:49:13,201 - INFO - 输入实际标签为：[1, 0, 1, 1, 1, 0, 0, 0, 1, 1, 0, 0]
2023-04-06 14:49:13,383 - INFO - 输入预测标签为：[1, 0, 1, 1, 1, 0, 0, 0, 1, 1, 0, 0]
2023-04-06 14:49:13,384 - INFO - 输入实际标签为：[1, 1, 1, 0, 1, 0, 1, 1, 0, 0, 0, 1]
2023-04-06 14:49:13,567 - INFO - 输入预测标签为：[1, 1, 1, 0, 1, 0, 1, 1, 0, 0, 0, 1]
2023-04-06 14:49:13,568 - INFO - 输入实际标签为：[1, 1, 1, 0, 0, 1, 0, 0, 0, 1, 1, 0]
2023-04-06 14:49:13,755 - INFO - 输入预测标签为：[1, 1, 1, 0, 0, 1, 0, 0, 0, 1, 1, 0]
2023-04-06 14:49:13,757 - INFO - 输入实际标签为：[1, 0, 0, 1, 0, 0, 0, 0, 0, 0, 1, 0]
2023-04-06 14:49:13,941 - INFO - 输入预测标签为：[1, 0, 0, 1, 0, 0, 0, 0, 0, 0, 1, 0]
2023-04-06 14:49:13,942 - INFO - 输入实际标签为：[1, 1, 0, 1, 1, 1, 0, 1, 1, 1, 1, 1]
2023-04-06 14:49:14,127 - INFO - 输入预测标签为：[1, 1, 0, 1, 1, 1, 0, 1, 1, 1, 1, 1]
2023-04-06 14:49:14,129 - INFO - 输入实际标签为：[1, 0, 1, 1, 1, 0, 1, 1, 0, 0, 1, 1]
2023-04-06 14:49:14,312 - INFO - 输入预测标签为：[1, 0, 1, 1, 1, 0, 1, 1, 0, 0, 1, 1]
2023-04-06 14:49:14,314 - INFO - 输入实际标签为：[0, 0, 1, 0, 1, 1, 0, 0, 0, 1, 1, 1]
2023-04-06 14:49:14,498 - INFO - 输入预测标签为：[0, 0, 1, 0, 1, 1, 0, 0, 0, 1, 1, 1]
2023-04-06 14:49:14,500 - INFO - 输入实际标签为：[0, 1, 0, 1, 1, 0, 1, 0, 1, 1, 1, 0]
2023-04-06 14:49:14,684 - INFO - 输入预测标签为：[0, 1, 0, 1, 1, 0, 1, 0, 1, 1, 1, 0]
2023-04-06 14:49:14,686 - INFO - 输入实际标签为：[1, 0, 0, 0, 0, 1, 1, 0, 0, 0, 0, 0]
2023-04-06 14:49:14,868 - INFO - 输入预测标签为：[1, 0, 0, 0, 0, 1, 1, 0, 0, 0, 0, 0]
2023-04-06 14:49:14,869 - INFO - 输入实际标签为：[1, 0, 1, 0, 0, 0, 0, 0, 1, 1, 0, 0]
2023-04-06 14:49:15,056 - INFO - 输入预测标签为：[1, 0, 1, 0, 0, 0, 0, 0, 1, 1, 0, 0]
2023-04-06 14:49:15,058 - INFO - 输入实际标签为：[1, 1, 0, 0, 1, 0, 1, 1, 1, 1, 1, 0]
2023-04-06 14:49:15,245 - INFO - 输入预测标签为：[1, 1, 0, 0, 1, 0, 1, 1, 1, 1, 1, 0]
2023-04-06 14:49:15,246 - INFO - 输入实际标签为：[1, 0, 1, 0, 1, 0, 1, 1, 0, 0, 0, 1]
2023-04-06 14:49:15,429 - INFO - 输入预测标签为：[1, 0, 1, 0, 1, 0, 1, 1, 0, 0, 0, 1]
2023-04-06 14:49:15,432 - INFO - 输入实际标签为：[1, 1, 1, 1, 1, 0, 0, 1, 0, 1, 0, 0]
2023-04-06 14:49:15,616 - INFO - 输入预测标签为：[1, 1, 1, 1, 1, 0, 0, 1, 0, 1, 0, 0]
2023-04-06 14:49:15,619 - INFO - 输入实际标签为：[1, 1, 0, 1, 1, 1, 0, 1, 1, 1, 0, 1]
2023-04-06 14:49:15,805 - INFO - 输入预测标签为：[1, 1, 0, 1, 1, 1, 0, 1, 1, 1, 0, 1]
2023-04-06 14:49:15,806 - INFO - 输入实际标签为：[1, 1, 1, 1, 0, 1, 1, 0, 1, 1, 0, 1]
2023-04-06 14:49:15,990 - INFO - 输入预测标签为：[1, 1, 1, 1, 0, 1, 1, 0, 1, 1, 0, 1]
2023-04-06 14:49:15,991 - INFO - 输入实际标签为：[0, 1, 1, 0, 0, 1, 1, 0, 0, 0, 0, 1]
2023-04-06 14:49:16,177 - INFO - 输入预测标签为：[0, 1, 1, 0, 0, 1, 1, 0, 0, 0, 0, 1]
2023-04-06 14:49:16,178 - INFO - 输入实际标签为：[0, 1, 0, 1, 0, 1, 1, 1, 0, 0, 1, 1]
2023-04-06 14:49:16,363 - INFO - 输入预测标签为：[0, 1, 0, 1, 0, 1, 1, 1, 0, 0, 1, 1]
2023-04-06 14:49:16,364 - INFO - 输入实际标签为：[1, 1, 1, 1, 0, 1, 0, 0, 1, 1, 1, 1]
2023-04-06 14:49:16,547 - INFO - 输入预测标签为：[1, 1, 1, 1, 0, 1, 0, 0, 1, 1, 1, 1]
2023-04-06 14:49:16,549 - INFO - 输入实际标签为：[0, 0, 0, 1, 1, 1, 1, 1, 0, 0, 0, 1]
2023-04-06 14:49:16,733 - INFO - 输入预测标签为：[0, 0, 0, 1, 1, 1, 1, 1, 0, 0, 0, 1]
2023-04-06 14:49:16,735 - INFO - 输入实际标签为：[1, 1, 0, 0, 1, 1, 0, 0, 1, 1, 1, 0]
2023-04-06 14:49:16,921 - INFO - 输入预测标签为：[1, 1, 0, 0, 1, 1, 0, 0, 1, 1, 1, 0]
2023-04-06 14:49:16,922 - INFO - 输入实际标签为：[1, 1, 1, 1, 1, 1, 1, 1, 0, 0, 0, 1]
2023-04-06 14:49:17,107 - INFO - 输入预测标签为：[1, 1, 1, 1, 1, 1, 1, 1, 0, 0, 0, 1]
2023-04-06 14:49:17,108 - INFO - 输入实际标签为：[0, 1, 1, 0, 0, 1, 0, 0, 0, 1, 0, 1]
2023-04-06 14:49:17,292 - INFO - 输入预测标签为：[0, 1, 1, 0, 0, 1, 0, 0, 0, 1, 0, 1]
2023-04-06 14:49:17,294 - INFO - 输入实际标签为：[0, 1, 0, 0, 1, 1, 1, 0, 1, 1, 1, 1]
2023-04-06 14:49:17,477 - INFO - 输入预测标签为：[0, 1, 0, 0, 1, 1, 1, 0, 1, 1, 1, 1]
2023-04-06 14:49:17,479 - INFO - 输入实际标签为：[1, 1, 1, 0, 1, 0, 1, 0, 0, 1, 0, 0]
2023-04-06 14:49:17,663 - INFO - 输入预测标签为：[1, 1, 1, 0, 1, 0, 1, 0, 0, 1, 0, 0]
2023-04-06 14:49:17,664 - INFO - 输入实际标签为：[0, 0, 0, 0, 1, 1, 1, 0, 1, 0, 0, 1]
2023-04-06 14:49:17,849 - INFO - 输入预测标签为：[0, 0, 0, 0, 1, 1, 1, 0, 1, 0, 0, 1]
2023-04-06 14:49:17,850 - INFO - 输入实际标签为：[1, 1, 0, 0, 0, 0, 0, 0, 0, 1, 0, 0]
2023-04-06 14:49:18,036 - INFO - 输入预测标签为：[1, 1, 0, 0, 0, 0, 0, 0, 0, 1, 0, 0]
2023-04-06 14:49:18,037 - INFO - 输入实际标签为：[1, 0, 0, 1, 1, 0, 1, 0, 1, 0, 0, 0]
2023-04-06 14:49:18,221 - INFO - 输入预测标签为：[1, 0, 0, 1, 1, 0, 1, 0, 1, 0, 0, 0]
2023-04-06 14:49:18,222 - INFO - 输入实际标签为：[0, 1, 0, 0, 1, 1, 0, 1, 0, 1, 0, 0]
2023-04-06 14:49:18,407 - INFO - 输入预测标签为：[0, 1, 0, 0, 1, 1, 0, 1, 0, 1, 0, 0]
2023-04-06 14:49:18,408 - INFO - 输入实际标签为：[1, 1, 1, 0, 0, 0, 0, 1, 1, 1, 0, 1]
2023-04-06 14:49:18,592 - INFO - 输入预测标签为：[1, 1, 1, 0, 0, 0, 0, 1, 1, 1, 0, 1]
2023-04-06 14:49:18,593 - INFO - 输入实际标签为：[1, 0, 0, 0, 1, 1, 1, 1, 0, 1, 1, 1]
2023-04-06 14:49:18,776 - INFO - 输入预测标签为：[1, 0, 0, 0, 1, 1, 1, 1, 0, 1, 1, 1]
2023-04-06 14:49:18,777 - INFO - 输入实际标签为：[0, 1, 1, 1, 1, 1, 0, 0, 1, 1, 0, 1]
2023-04-06 14:49:18,961 - INFO - 输入预测标签为：[0, 1, 1, 1, 1, 1, 0, 0, 1, 1, 0, 1]
2023-04-06 14:49:18,962 - INFO - 输入实际标签为：[0, 1, 1, 1, 1, 0, 1, 0, 0, 0, 0, 0]
2023-04-06 14:49:19,145 - INFO - 输入预测标签为：[0, 1, 1, 1, 1, 0, 1, 0, 0, 0, 0, 0]
2023-04-06 14:49:19,147 - INFO - 输入实际标签为：[0, 0, 0, 1, 0, 1, 0, 1, 1, 0, 0, 1]
2023-04-06 14:49:19,330 - INFO - 输入预测标签为：[0, 0, 0, 1, 0, 1, 0, 1, 1, 0, 0, 1]
2023-04-06 14:49:19,332 - INFO - 输入实际标签为：[0, 1, 0, 1, 0, 1, 1, 1, 0, 0, 1, 0]
2023-04-06 14:49:19,518 - INFO - 输入预测标签为：[0, 1, 0, 1, 0, 1, 1, 1, 0, 0, 1, 0]
2023-04-06 14:49:19,522 - INFO - 输入实际标签为：[1, 0, 0, 0, 0, 0, 1, 0, 0, 0, 1, 1]
2023-04-06 14:49:19,707 - INFO - 输入预测标签为：[1, 0, 0, 0, 0, 0, 1, 0, 0, 0, 1, 1]
2023-04-06 14:49:19,709 - INFO - 输入实际标签为：[1, 0, 0, 1, 1, 1, 0, 0, 1, 0, 1, 1]
2023-04-06 14:49:19,893 - INFO - 输入预测标签为：[1, 0, 0, 1, 1, 1, 0, 0, 1, 0, 1, 1]
2023-04-06 14:49:19,895 - INFO - 输入实际标签为：[1, 0, 1, 1, 0, 1, 0, 0, 1, 0, 0, 1]
2023-04-06 14:49:20,080 - INFO - 输入预测标签为：[1, 0, 1, 1, 0, 1, 0, 0, 1, 0, 0, 1]
2023-04-06 14:49:20,082 - INFO - 输入实际标签为：[0, 1, 1, 0, 1, 1, 1, 1, 1, 1, 0, 0]
2023-04-06 14:49:20,266 - INFO - 输入预测标签为：[0, 1, 1, 0, 1, 1, 1, 1, 1, 1, 0, 0]
2023-04-06 14:49:20,268 - INFO - 输入实际标签为：[1, 1, 0, 0, 0, 0, 1, 1, 1, 1, 1, 1]
2023-04-06 14:49:20,453 - INFO - 输入预测标签为：[1, 1, 0, 0, 0, 0, 1, 1, 1, 1, 1, 1]
2023-04-06 14:49:20,454 - INFO - 输入实际标签为：[0, 0, 0, 1, 1, 0, 0, 1, 1, 1, 1, 1]
2023-04-06 14:49:20,639 - INFO - 输入预测标签为：[0, 0, 0, 1, 1, 0, 0, 1, 1, 1, 1, 1]
2023-04-06 14:49:20,641 - INFO - 输入实际标签为：[1, 1, 0, 1, 1, 1, 1, 1, 1, 1, 1, 0]
2023-04-06 14:49:20,825 - INFO - 输入预测标签为：[1, 1, 0, 1, 1, 1, 1, 1, 1, 1, 1, 0]
2023-04-06 14:49:20,828 - INFO - 输入实际标签为：[1, 1, 1, 1, 1, 0, 0, 0, 1, 0, 0, 1]
2023-04-06 14:49:21,012 - INFO - 输入预测标签为：[1, 1, 1, 1, 1, 0, 0, 0, 1, 0, 0, 1]
2023-04-06 14:49:21,013 - INFO - 输入实际标签为：[0, 0, 0, 1, 0, 0, 0, 0, 1, 0, 1, 0]
2023-04-06 14:49:21,198 - INFO - 输入预测标签为：[0, 0, 0, 1, 0, 0, 0, 0, 1, 0, 1, 0]
2023-04-06 14:49:21,199 - INFO - 输入实际标签为：[1, 0, 0, 1, 0, 1, 0, 1, 1, 0, 1, 0]
2023-04-06 14:49:21,383 - INFO - 输入预测标签为：[1, 0, 0, 1, 0, 1, 0, 1, 1, 0, 1, 0]
2023-04-06 14:49:21,384 - INFO - 输入实际标签为：[1, 1, 1, 1, 1, 0, 0, 0, 1, 1, 0, 0]
2023-04-06 14:49:21,569 - INFO - 输入预测标签为：[1, 1, 1, 1, 1, 0, 0, 0, 1, 1, 0, 0]
2023-04-06 14:49:21,570 - INFO - 输入实际标签为：[1, 0, 0, 1, 1, 1, 1, 1, 0, 0, 1, 1]
2023-04-06 14:49:21,754 - INFO - 输入预测标签为：[1, 0, 0, 1, 1, 1, 1, 1, 0, 0, 1, 1]
2023-04-06 14:49:21,755 - INFO - 输入实际标签为：[0, 1, 1, 1, 1, 1, 0, 1, 1, 0, 1, 1]
2023-04-06 14:49:21,940 - INFO - 输入预测标签为：[0, 1, 1, 1, 1, 1, 0, 1, 1, 0, 1, 1]
2023-04-06 14:49:21,941 - INFO - 输入实际标签为：[1, 1, 1, 0, 0, 1, 1, 1, 1, 0, 0, 0]
2023-04-06 14:49:22,125 - INFO - 输入预测标签为：[1, 1, 1, 0, 0, 1, 1, 1, 1, 0, 0, 0]
2023-04-06 14:49:22,126 - INFO - 输入实际标签为：[1, 1, 0, 0, 0, 1, 0, 1, 1, 0, 0, 0]
2023-04-06 14:49:22,310 - INFO - 输入预测标签为：[1, 1, 0, 0, 0, 1, 0, 1, 1, 0, 0, 0]
2023-04-06 14:49:22,311 - INFO - 输入实际标签为：[1, 0, 1, 0, 0, 0, 1, 1, 1, 0, 1, 1]
2023-04-06 14:49:22,498 - INFO - 输入预测标签为：[1, 0, 1, 0, 0, 0, 1, 1, 1, 0, 1, 1]
2023-04-06 14:49:22,500 - INFO - 输入实际标签为：[0, 0, 0, 1, 1, 0, 0, 1, 0, 0, 1, 0]
2023-04-06 14:49:22,686 - INFO - 输入预测标签为：[0, 0, 0, 1, 1, 0, 0, 1, 0, 0, 1, 0]
2023-04-06 14:49:22,688 - INFO - 输入实际标签为：[0, 1, 0, 1, 1, 0, 0, 1, 1, 1, 1, 1]
2023-04-06 14:49:22,873 - INFO - 输入预测标签为：[0, 1, 0, 1, 1, 0, 0, 1, 1, 1, 1, 1]
2023-04-06 14:49:22,874 - INFO - 输入实际标签为：[1, 1, 1, 1, 0, 1, 1, 1, 1, 1, 1, 0]
2023-04-06 14:49:23,059 - INFO - 输入预测标签为：[1, 1, 1, 1, 0, 1, 1, 1, 1, 1, 1, 0]
2023-04-06 14:49:23,061 - INFO - 输入实际标签为：[1, 0, 1, 0, 1, 0, 1, 1, 0, 1, 1, 0]
2023-04-06 14:49:23,246 - INFO - 输入预测标签为：[1, 0, 1, 0, 1, 0, 1, 1, 0, 1, 1, 0]
2023-04-06 14:49:23,247 - INFO - 输入实际标签为：[0, 1, 1, 1, 0, 0, 0, 1, 1, 0, 1, 1]
2023-04-06 14:49:23,435 - INFO - 输入预测标签为：[0, 1, 1, 1, 0, 0, 0, 1, 1, 0, 1, 1]
2023-04-06 14:49:23,437 - INFO - 输入实际标签为：[0, 0, 0, 1, 0, 1, 0, 1, 1, 0, 0, 1]
2023-04-06 14:49:23,623 - INFO - 输入预测标签为：[0, 0, 0, 1, 0, 1, 0, 1, 1, 0, 0, 1]
2023-04-06 14:49:23,625 - INFO - 输入实际标签为：[1, 0, 1, 0, 0, 0, 1, 1, 0, 1, 0, 0]
2023-04-06 14:49:23,809 - INFO - 输入预测标签为：[1, 0, 1, 0, 0, 0, 1, 1, 0, 1, 0, 0]
2023-04-06 14:49:23,811 - INFO - 输入实际标签为：[1, 1, 1, 0, 1, 1, 1, 1, 1, 1, 0, 0]
2023-04-06 14:49:23,994 - INFO - 输入预测标签为：[1, 1, 1, 0, 1, 1, 1, 1, 1, 1, 0, 0]
2023-04-06 14:49:23,996 - INFO - 输入实际标签为：[1, 0, 0, 0, 0, 1, 0, 1, 0, 1, 0, 1]
2023-04-06 14:49:24,179 - INFO - 输入预测标签为：[1, 0, 0, 0, 0, 1, 0, 1, 0, 1, 0, 1]
2023-04-06 14:49:24,182 - INFO - 输入实际标签为：[1, 1, 0, 1, 0, 1, 1, 1, 1, 0, 0, 1]
2023-04-06 14:49:24,368 - INFO - 输入预测标签为：[1, 1, 0, 1, 0, 1, 1, 1, 1, 0, 0, 1]
2023-04-06 14:49:24,369 - INFO - ————————————————模型测试结束————————————————
2023-04-06 14:49:24,369 - INFO - 总测试样本: 1344个
2023-04-06 14:49:24,369 - INFO - 预测正确样本: 1343个
2023-04-06 14:49:24,369 - INFO - 测试准确度: 0.999256
2023-04-06 14:49:24,406 - INFO - -----------------------
2023-04-06 14:49:24,406 - INFO - Accuracy: 0.9992559523809523
2023-04-06 14:49:24,406 - INFO - Precision: 0.9993112947658402
2023-04-06 14:49:24,406 - INFO - Recall: 0.9991922455573505
2023-04-06 14:49:24,406 - INFO - F1 Score: 0.9992512063433521
2023-04-06 14:49:24,406 - INFO - AUC Score: 0.9991922455573506
2023-04-06 14:49:24,406 - INFO - -----------------------
2023-04-06 14:49:24,425 - INFO -               precision    recall  f1-score   support

           0       1.00      1.00      1.00       619
           1       1.00      1.00      1.00       725

    accuracy                           1.00      1344
   macro avg       1.00      1.00      1.00      1344
weighted avg       1.00      1.00      1.00      1344

2023-04-06 14:49:24,425 - INFO - -----------------------
2023-04-06 14:49:24,427 - INFO - -----------混淆矩阵------------
2023-04-06 14:49:24,433 - INFO - [[618   1]
 [  0 725]]
2023-04-06 14:49:24,433 - INFO - -----------------------
2023-04-06 14:49:24,433 - INFO - ————————————————预测文本类别————————————————
2023-04-06 14:49:24,491 - INFO - 这条微博有99.99%的概率为非谣言，有0.01%的概率为谣言
2023-04-06 14:49:24,491 - INFO - ——————————————————————
2023-04-06 14:49:24,491 - INFO - ——————程序运行结束——————
