2023-04-06 14:37:33,959 - INFO - ——————程序运行开始——————
2023-04-06 14:37:33,959 - INFO - ——————————————————————
2023-04-06 14:37:33,959 - INFO - ——————输出训练参数——————
2023-04-06 14:37:33,959 - INFO - Batch_size：12
2023-04-06 14:37:33,959 - INFO - Epochs：1
2023-04-06 14:37:33,959 - INFO - Learning_rate：2e-05
2023-04-06 14:37:33,960 - INFO - max_seq_length：256
2023-04-06 14:37:33,960 - INFO - num_labels：2
2023-04-06 14:37:33,960 - INFO - ——————————————————————
2023-04-06 14:37:33,999 - INFO - GPU is available
2023-04-06 14:37:35,070 - INFO - 谣言数据总量为：1538
2023-04-06 14:37:35,070 - INFO - 非谣言数据总量为：1849
2023-04-06 14:37:35,087 - INFO - 数据文本生成成功！
2023-04-06 14:37:35,110 - INFO - 成功划分训练集和测试集！
2023-04-06 14:37:47,297 - INFO - ————————————————模型测试开始————————————————
2023-04-06 14:37:47,739 - INFO - 输入预测标签为：[0, 1, 1, 0, 0, 0, 0, 0, 1, 0, 0, 1]
2023-04-06 14:37:47,739 - INFO - 输入实际标签为：[0, 1, 1, 0, 0, 0, 0, 0, 1, 0, 0, 1]
2023-04-06 14:37:47,917 - INFO - 输入预测标签为：[1, 1, 0, 1, 0, 1, 1, 1, 0, 1, 0, 0]
2023-04-06 14:37:47,918 - INFO - 输入实际标签为：[1, 1, 0, 1, 0, 1, 1, 1, 0, 1, 0, 0]
2023-04-06 14:37:48,097 - INFO - 输入预测标签为：[1, 1, 1, 1, 1, 1, 1, 1, 1, 1, 1, 0]
2023-04-06 14:37:48,098 - INFO - 输入实际标签为：[1, 1, 1, 1, 1, 1, 1, 1, 1, 1, 1, 0]
2023-04-06 14:37:48,278 - INFO - 输入预测标签为：[1, 0, 0, 0, 1, 1, 1, 0, 1, 1, 0, 0]
2023-04-06 14:37:48,278 - INFO - 输入实际标签为：[1, 0, 0, 0, 1, 1, 1, 0, 1, 1, 0, 0]
2023-04-06 14:37:48,458 - INFO - 输入预测标签为：[0, 0, 1, 0, 0, 0, 1, 1, 1, 1, 0, 0]
2023-04-06 14:37:48,459 - INFO - 输入实际标签为：[0, 0, 1, 0, 0, 0, 1, 1, 1, 1, 0, 0]
2023-04-06 14:37:48,644 - INFO - 输入预测标签为：[0, 1, 0, 0, 1, 0, 1, 1, 0, 1, 0, 0]
2023-04-06 14:37:48,645 - INFO - 输入实际标签为：[0, 1, 0, 0, 1, 0, 1, 1, 0, 1, 0, 0]
2023-04-06 14:37:48,829 - INFO - 输入预测标签为：[0, 1, 0, 1, 1, 1, 1, 0, 1, 0, 1, 1]
2023-04-06 14:37:48,829 - INFO - 输入实际标签为：[0, 1, 0, 1, 1, 1, 1, 0, 1, 0, 1, 1]
2023-04-06 14:37:49,010 - INFO - 输入预测标签为：[1, 0, 0, 0, 0, 1, 0, 1, 0, 1, 1, 0]
2023-04-06 14:37:49,011 - INFO - 输入实际标签为：[1, 0, 0, 0, 0, 1, 0, 1, 0, 1, 1, 0]
2023-04-06 14:37:49,192 - INFO - 输入预测标签为：[1, 1, 0, 1, 0, 1, 1, 1, 0, 1, 1, 1]
2023-04-06 14:37:49,192 - INFO - 输入实际标签为：[1, 1, 0, 1, 0, 1, 1, 1, 0, 1, 1, 1]
2023-04-06 14:37:49,372 - INFO - 输入预测标签为：[0, 1, 1, 0, 0, 1, 1, 1, 1, 0, 0, 0]
2023-04-06 14:37:49,373 - INFO - 输入实际标签为：[0, 1, 1, 0, 0, 1, 1, 1, 1, 0, 0, 0]
2023-04-06 14:37:49,557 - INFO - 输入预测标签为：[0, 0, 1, 0, 1, 1, 0, 1, 0, 1, 0, 1]
2023-04-06 14:37:49,558 - INFO - 输入实际标签为：[0, 0, 1, 0, 1, 1, 0, 1, 0, 1, 0, 1]
2023-04-06 14:37:49,740 - INFO - 输入预测标签为：[1, 1, 0, 1, 0, 0, 1, 1, 1, 0, 0, 0]
2023-04-06 14:37:49,741 - INFO - 输入实际标签为：[1, 1, 0, 1, 0, 0, 1, 1, 1, 0, 0, 0]
2023-04-06 14:37:49,920 - INFO - 输入预测标签为：[1, 1, 1, 0, 0, 0, 0, 1, 0, 1, 0, 1]
2023-04-06 14:37:49,921 - INFO - 输入实际标签为：[1, 1, 1, 0, 0, 0, 0, 1, 0, 1, 0, 1]
2023-04-06 14:37:50,102 - INFO - 输入预测标签为：[1, 1, 1, 1, 1, 0, 1, 1, 1, 0, 0, 1]
2023-04-06 14:37:50,103 - INFO - 输入实际标签为：[1, 1, 1, 1, 1, 0, 1, 1, 1, 0, 0, 1]
2023-04-06 14:37:50,284 - INFO - 输入预测标签为：[1, 1, 0, 1, 1, 1, 0, 1, 1, 0, 1, 0]
2023-04-06 14:37:50,285 - INFO - 输入实际标签为：[1, 1, 0, 1, 1, 1, 0, 1, 1, 0, 1, 0]
2023-04-06 14:37:50,466 - INFO - 输入预测标签为：[1, 1, 0, 1, 0, 1, 0, 1, 0, 0, 0, 1]
2023-04-06 14:37:50,466 - INFO - 输入实际标签为：[1, 1, 0, 1, 0, 1, 0, 1, 0, 0, 0, 1]
2023-04-06 14:37:50,650 - INFO - 输入预测标签为：[0, 0, 0, 0, 1, 1, 0, 0, 1, 1, 1, 1]
2023-04-06 14:37:50,651 - INFO - 输入实际标签为：[0, 0, 0, 0, 1, 1, 0, 0, 1, 1, 1, 1]
2023-04-06 14:37:50,834 - INFO - 输入预测标签为：[1, 1, 0, 0, 0, 1, 1, 1, 0, 1, 0, 0]
2023-04-06 14:37:50,835 - INFO - 输入实际标签为：[1, 1, 0, 0, 0, 1, 1, 1, 0, 1, 0, 0]
2023-04-06 14:37:51,017 - INFO - 输入预测标签为：[0, 1, 0, 0, 0, 1, 0, 0, 1, 0, 1, 0]
2023-04-06 14:37:51,018 - INFO - 输入实际标签为：[0, 1, 0, 0, 0, 1, 0, 0, 1, 0, 1, 0]
2023-04-06 14:37:51,199 - INFO - 输入预测标签为：[1, 1, 1, 1, 0, 1, 1, 0, 0, 1, 1, 0]
2023-04-06 14:37:51,200 - INFO - 输入实际标签为：[1, 1, 1, 1, 0, 1, 1, 0, 0, 1, 1, 0]
2023-04-06 14:37:51,380 - INFO - 输入预测标签为：[0, 0, 1, 1, 0, 0, 1, 1, 1, 1, 1, 1]
2023-04-06 14:37:51,380 - INFO - 输入实际标签为：[0, 0, 1, 1, 0, 0, 1, 1, 1, 1, 1, 1]
2023-04-06 14:37:51,564 - INFO - 输入预测标签为：[1, 0, 1, 0, 0, 0, 1, 0, 0, 0, 0, 1]
2023-04-06 14:37:51,565 - INFO - 输入实际标签为：[1, 0, 1, 0, 0, 0, 1, 0, 0, 0, 0, 1]
2023-04-06 14:37:51,748 - INFO - 输入预测标签为：[0, 1, 0, 1, 1, 1, 0, 1, 1, 1, 0, 0]
2023-04-06 14:37:51,749 - INFO - 输入实际标签为：[0, 1, 0, 1, 1, 1, 0, 1, 1, 1, 0, 0]
2023-04-06 14:37:51,931 - INFO - 输入预测标签为：[0, 0, 0, 0, 1, 0, 1, 1, 0, 0, 1, 0]
2023-04-06 14:37:51,932 - INFO - 输入实际标签为：[0, 0, 0, 0, 1, 0, 1, 1, 0, 0, 1, 0]
2023-04-06 14:37:52,115 - INFO - 输入预测标签为：[1, 0, 0, 0, 1, 0, 0, 0, 0, 0, 1, 1]
2023-04-06 14:37:52,116 - INFO - 输入实际标签为：[1, 0, 0, 0, 1, 0, 0, 0, 0, 0, 1, 1]
2023-04-06 14:37:52,296 - INFO - 输入预测标签为：[1, 1, 0, 0, 0, 0, 1, 1, 0, 0, 0, 1]
2023-04-06 14:37:52,297 - INFO - 输入实际标签为：[1, 1, 0, 0, 0, 0, 1, 1, 0, 0, 0, 1]
2023-04-06 14:37:52,479 - INFO - 输入预测标签为：[1, 1, 1, 0, 1, 0, 1, 0, 0, 0, 1, 1]
2023-04-06 14:37:52,480 - INFO - 输入实际标签为：[1, 1, 1, 0, 1, 0, 1, 0, 0, 0, 1, 1]
2023-04-06 14:37:52,665 - INFO - 输入预测标签为：[1, 0, 0, 0, 0, 1, 1, 0, 0, 0, 1, 0]
2023-04-06 14:37:52,666 - INFO - 输入实际标签为：[1, 0, 0, 0, 0, 1, 1, 0, 0, 0, 1, 0]
2023-04-06 14:37:52,666 - INFO - ————————————————模型测试结束————————————————
2023-04-06 14:37:52,666 - INFO - 总测试样本: 336个
2023-04-06 14:37:52,666 - INFO - 预测正确样本: 336个
2023-04-06 14:37:52,666 - INFO - 测试准确度: 1.000000
2023-04-06 14:37:52,678 - INFO - -----------------------
2023-04-06 14:37:52,678 - INFO - Accuracy: 1.0
2023-04-06 14:37:52,678 - INFO - Precision: 1.0
2023-04-06 14:37:52,678 - INFO - Recall: 1.0
2023-04-06 14:37:52,678 - INFO - F1 Score: 1.0
2023-04-06 14:37:52,678 - INFO - AUC Score: 1.0
2023-04-06 14:37:52,678 - INFO - -----------------------
2023-04-06 14:37:52,682 - INFO -               precision    recall  f1-score   support

           0       1.00      1.00      1.00       162
           1       1.00      1.00      1.00       174

    accuracy                           1.00       336
   macro avg       1.00      1.00      1.00       336
weighted avg       1.00      1.00      1.00       336

2023-04-06 14:37:52,682 - INFO - -----------------------
2023-04-06 14:37:52,682 - INFO - -----------混淆矩阵------------
2023-04-06 14:37:52,683 - INFO - [[162   0]
 [  0 174]]
2023-04-06 14:37:52,683 - INFO - -----------------------
2023-04-06 14:37:52,683 - INFO - ————————————————预测文本类别————————————————
2023-04-06 14:37:52,706 - INFO - 这条微博有99.99%的概率为非谣言，有0.01%的概率为谣言
2023-04-06 14:37:52,706 - INFO - ——————————————————————
2023-04-06 14:37:52,706 - INFO - ——————程序运行结束——————
