2023-04-06 14:35:14,642 - INFO - ——————程序运行开始——————
2023-04-06 14:35:14,642 - INFO - ——————————————————————
2023-04-06 14:35:14,642 - INFO - ——————输出训练参数——————
2023-04-06 14:35:14,642 - INFO - Batch_size：12
2023-04-06 14:35:14,642 - INFO - Epochs：1
2023-04-06 14:35:14,643 - INFO - Learning_rate：2e-05
2023-04-06 14:35:14,643 - INFO - max_seq_length：256
2023-04-06 14:35:14,643 - INFO - num_labels：2
2023-04-06 14:35:14,643 - INFO - ——————————————————————
2023-04-06 14:35:14,679 - INFO - GPU is available
2023-04-06 14:35:15,709 - INFO - 谣言数据总量为：1538
2023-04-06 14:35:15,709 - INFO - 非谣言数据总量为：1849
2023-04-06 14:35:15,728 - INFO - 数据文本生成成功！
2023-04-06 14:35:15,732 - INFO - 成功划分训练集和测试集！
2023-04-06 14:35:21,411 - INFO - ————————————————模型测试开始————————————————
2023-04-06 14:35:21,916 - INFO - 输入预测标签为：[0, 1, 1, 1, 1, 1, 1, 0, 0, 1, 0, 1]
2023-04-06 14:35:21,916 - INFO - 输入实际标签为：[0, 1, 1, 1, 1, 1, 1, 0, 0, 1, 0, 1]
2023-04-06 14:35:21,917 - INFO - ————————————————模型测试结束————————————————
2023-04-06 14:35:21,917 - INFO - 总测试样本: 12个
2023-04-06 14:35:21,917 - INFO - 预测正确样本: 12个
2023-04-06 14:35:21,917 - INFO - 测试准确度: 1.000000
2023-04-06 14:35:21,926 - INFO - -----------------------
2023-04-06 14:35:21,926 - INFO - Accuracy: 1.0
2023-04-06 14:35:21,926 - INFO - Precision: 1.0
2023-04-06 14:35:21,927 - INFO - Recall: 1.0
2023-04-06 14:35:21,927 - INFO - F1 Score: 1.0
2023-04-06 14:35:21,927 - INFO - AUC Score: 1.0
2023-04-06 14:35:21,927 - INFO - -----------------------
2023-04-06 14:35:21,931 - INFO -               precision    recall  f1-score   support

           0       1.00      1.00      1.00         4
           1       1.00      1.00      1.00         8

    accuracy                           1.00        12
   macro avg       1.00      1.00      1.00        12
weighted avg       1.00      1.00      1.00        12

2023-04-06 14:35:21,931 - INFO - -----------------------
2023-04-06 14:35:21,931 - INFO - -----------混淆矩阵------------
2023-04-06 14:35:21,932 - INFO - [[4 0]
 [0 8]]
2023-04-06 14:35:21,932 - INFO - -----------------------
2023-04-06 14:35:21,932 - INFO - ————————————————预测文本类别————————————————
2023-04-06 14:35:21,965 - INFO - 这条微博有99.99%的概率为非谣言，有0.01%的概率为谣言
2023-04-06 14:35:21,965 - INFO - ——————————————————————
2023-04-06 14:35:21,966 - INFO - ——————程序运行结束——————
