2023-04-06 14:31:45,539 - INFO - ——————程序运行开始——————
2023-04-06 14:31:45,540 - INFO - ——————————————————————
2023-04-06 14:31:45,540 - INFO - ——————输出训练参数——————
2023-04-06 14:31:45,540 - INFO - Batch_size：12
2023-04-06 14:31:45,540 - INFO - Epochs：1
2023-04-06 14:31:45,540 - INFO - Learning_rate：2e-05
2023-04-06 14:31:45,541 - INFO - max_seq_length：256
2023-04-06 14:31:45,541 - INFO - num_labels：2
2023-04-06 14:31:45,541 - INFO - ——————————————————————
2023-04-06 14:31:45,587 - INFO - GPU is available
2023-04-06 14:31:46,672 - INFO - 谣言数据总量为：1538
2023-04-06 14:31:46,673 - INFO - 非谣言数据总量为：1849
2023-04-06 14:31:46,689 - INFO - 数据文本生成成功！
2023-04-06 14:31:46,701 - INFO - 成功划分训练集和测试集！
2023-04-06 14:31:55,416 - INFO - ————————————————模型测试开始————————————————
2023-04-06 14:31:55,909 - INFO - 输入预测标签为：[0, 0, 1, 0, 1, 1, 1, 1, 1, 1, 1, 0]
2023-04-06 14:31:55,910 - INFO - 输入实际标签为：[0, 0, 1, 0, 1, 1, 1, 1, 1, 1, 1, 0]
2023-04-06 14:31:56,090 - INFO - 输入预测标签为：[1, 1, 1, 0, 0, 1, 1, 1, 1, 1, 0, 0]
2023-04-06 14:31:56,091 - INFO - 输入实际标签为：[1, 1, 1, 0, 0, 1, 1, 1, 1, 1, 0, 0]
2023-04-06 14:31:56,268 - INFO - 输入预测标签为：[1, 1, 0, 1, 1, 1, 0, 0, 0, 0, 0, 0]
2023-04-06 14:31:56,269 - INFO - 输入实际标签为：[1, 1, 0, 0, 1, 1, 0, 0, 0, 0, 0, 0]
2023-04-06 14:31:56,448 - INFO - 输入预测标签为：[0, 1, 1, 0, 1, 0, 1, 0, 1, 0, 1, 1]
2023-04-06 14:31:56,448 - INFO - 输入实际标签为：[0, 1, 1, 0, 1, 0, 1, 0, 1, 0, 1, 1]
2023-04-06 14:31:56,627 - INFO - 输入预测标签为：[0, 0, 0, 1, 0, 1, 0, 1, 1, 0, 1, 1]
2023-04-06 14:31:56,628 - INFO - 输入实际标签为：[0, 0, 0, 1, 0, 1, 0, 1, 1, 0, 1, 1]
2023-04-06 14:31:56,815 - INFO - 输入预测标签为：[1, 0, 0, 0, 0, 1, 0, 1, 0, 1, 0, 1]
2023-04-06 14:31:56,816 - INFO - 输入实际标签为：[1, 0, 0, 0, 0, 1, 0, 1, 0, 1, 0, 1]
2023-04-06 14:31:56,998 - INFO - 输入预测标签为：[1, 1, 1, 1, 1, 1, 1, 1, 0, 1, 1, 1]
2023-04-06 14:31:56,999 - INFO - 输入实际标签为：[1, 1, 1, 1, 1, 1, 1, 1, 0, 1, 1, 1]
2023-04-06 14:31:57,179 - INFO - 输入预测标签为：[0, 0, 1, 1, 0, 1, 0, 0, 1, 1, 1, 0]
2023-04-06 14:31:57,180 - INFO - 输入实际标签为：[0, 0, 1, 1, 0, 1, 0, 0, 1, 1, 1, 0]
2023-04-06 14:31:57,360 - INFO - 输入预测标签为：[1, 0, 1, 1, 1, 1, 0, 0, 0, 1, 1, 1]
2023-04-06 14:31:57,360 - INFO - 输入实际标签为：[1, 0, 1, 1, 1, 1, 0, 0, 0, 1, 1, 1]
2023-04-06 14:31:57,540 - INFO - 输入预测标签为：[0, 0, 0, 1, 0, 0, 0, 1, 1, 1, 0, 1]
2023-04-06 14:31:57,540 - INFO - 输入实际标签为：[0, 0, 0, 1, 0, 0, 0, 1, 1, 1, 0, 1]
2023-04-06 14:31:57,540 - INFO - ————————————————模型测试结束————————————————
2023-04-06 14:31:57,541 - INFO - 总测试样本: 120个
2023-04-06 14:31:57,541 - INFO - 预测正确样本: 119个
2023-04-06 14:31:57,541 - INFO - 测试准确度: 0.991667
2023-04-06 14:31:57,550 - INFO - -----------------------
2023-04-06 14:31:57,550 - INFO - Accuracy: 0.9916666666666667
2023-04-06 14:31:57,550 - INFO - Precision: 0.9927536231884058
2023-04-06 14:31:57,550 - INFO - Recall: 0.9903846153846154
2023-04-06 14:31:57,550 - INFO - F1 Score: 0.9914959960314649
2023-04-06 14:31:57,550 - INFO - AUC Score: 0.9903846153846153
2023-04-06 14:31:57,550 - INFO - -----------------------
2023-04-06 14:31:57,553 - INFO -               precision    recall  f1-score   support

           0       1.00      0.98      0.99        52
           1       0.99      1.00      0.99        68

    accuracy                           0.99       120
   macro avg       0.99      0.99      0.99       120
weighted avg       0.99      0.99      0.99       120

2023-04-06 14:31:57,553 - INFO - -----------------------
2023-04-06 14:31:57,554 - INFO - -----------混淆矩阵------------
2023-04-06 14:31:57,554 - INFO - [[51  1]
 [ 0 68]]
2023-04-06 14:31:57,554 - INFO - -----------------------
2023-04-06 14:31:57,554 - INFO - ——————————————————————
2023-04-06 14:31:57,554 - INFO - ——————程序运行结束——————
