2023-04-06 15:24:35,701 - INFO - ——————程序运行开始——————
2023-04-06 15:24:35,701 - INFO - ——————————————————————
2023-04-06 15:24:35,701 - INFO - ——————输出训练参数——————
2023-04-06 15:24:35,701 - INFO - Batch_size：12
2023-04-06 15:24:35,702 - INFO - Epochs：1
2023-04-06 15:24:35,702 - INFO - Learning_rate：2e-05
2023-04-06 15:24:35,702 - INFO - max_seq_length：256
2023-04-06 15:24:35,702 - INFO - num_labels：2
2023-04-06 15:24:35,702 - INFO - ——————————————————————
2023-04-06 15:24:35,743 - INFO - GPU is available
2023-04-06 15:24:36,947 - INFO - 谣言数据总量为：1538
2023-04-06 15:24:36,947 - INFO - 非谣言数据总量为：1849
2023-04-06 15:24:36,963 - INFO - 数据文本生成成功！
2023-04-06 15:24:36,983 - INFO - 成功划分训练集和测试集！
2023-04-06 15:24:37,073 - INFO - 成功划分训练集和测试集！
2023-04-06 15:25:16,165 - INFO - ————————————————模型测试开始————————————————
2023-04-06 15:25:16,167 - INFO - 输入实际标签为：[1, 0, 1, 1, 1, 1, 0, 1, 1, 1, 1, 0]
2023-04-06 15:25:16,594 - INFO - 输入预测标签为：[1, 0, 1, 1, 1, 1, 0, 1, 1, 1, 1, 0]
2023-04-06 15:25:16,596 - INFO - 输入实际标签为：[0, 0, 1, 0, 1, 1, 1, 1, 0, 1, 0, 1]
2023-04-06 15:25:16,773 - INFO - 输入预测标签为：[0, 0, 1, 0, 1, 1, 1, 1, 0, 1, 0, 1]
2023-04-06 15:25:16,775 - INFO - 输入实际标签为：[0, 1, 1, 0, 1, 0, 1, 0, 1, 1, 1, 1]
2023-04-06 15:25:16,954 - INFO - 输入预测标签为：[0, 1, 1, 0, 1, 0, 1, 0, 1, 1, 1, 1]
2023-04-06 15:25:16,956 - INFO - 输入实际标签为：[1, 1, 1, 1, 1, 1, 0, 1, 1, 0, 0, 1]
2023-04-06 15:25:17,133 - INFO - 输入预测标签为：[1, 1, 1, 1, 1, 1, 0, 1, 1, 0, 0, 1]
2023-04-06 15:25:17,134 - INFO - 输入实际标签为：[1, 1, 0, 1, 0, 0, 0, 0, 1, 0, 1, 1]
2023-04-06 15:25:17,313 - INFO - 输入预测标签为：[1, 1, 0, 1, 0, 0, 0, 0, 1, 0, 1, 1]
2023-04-06 15:25:17,315 - INFO - 输入实际标签为：[1, 1, 0, 1, 1, 1, 1, 1, 1, 1, 1, 0]
2023-04-06 15:25:17,500 - INFO - 输入预测标签为：[1, 1, 0, 1, 1, 1, 1, 1, 1, 1, 1, 0]
2023-04-06 15:25:17,501 - INFO - 输入实际标签为：[0, 0, 0, 0, 1, 0, 1, 1, 1, 0, 0, 1]
2023-04-06 15:25:17,680 - INFO - 输入预测标签为：[0, 0, 0, 0, 1, 0, 1, 1, 1, 0, 0, 1]
2023-04-06 15:25:17,681 - INFO - 输入实际标签为：[1, 0, 1, 1, 0, 0, 1, 1, 0, 1, 0, 0]
2023-04-06 15:25:17,860 - INFO - 输入预测标签为：[1, 0, 1, 1, 0, 0, 1, 1, 0, 1, 0, 0]
2023-04-06 15:25:17,861 - INFO - 输入实际标签为：[0, 0, 1, 1, 1, 0, 0, 1, 1, 1, 1, 0]
2023-04-06 15:25:18,040 - INFO - 输入预测标签为：[0, 0, 1, 1, 1, 0, 0, 1, 1, 1, 1, 0]
2023-04-06 15:25:18,041 - INFO - 输入实际标签为：[0, 0, 1, 1, 0, 0, 1, 1, 1, 1, 0, 1]
2023-04-06 15:25:18,220 - INFO - 输入预测标签为：[0, 0, 1, 1, 0, 0, 1, 1, 1, 1, 0, 1]
2023-04-06 15:25:18,223 - INFO - 输入实际标签为：[1, 0, 1, 0, 1, 1, 0, 0, 0, 1, 1, 1]
2023-04-06 15:25:18,406 - INFO - 输入预测标签为：[1, 0, 1, 0, 1, 1, 0, 0, 0, 1, 1, 1]
2023-04-06 15:25:18,407 - INFO - 输入实际标签为：[0, 0, 1, 0, 1, 0, 0, 0, 0, 1, 1, 1]
2023-04-06 15:25:18,588 - INFO - 输入预测标签为：[0, 0, 1, 0, 1, 0, 0, 0, 0, 1, 1, 1]
2023-04-06 15:25:18,589 - INFO - 输入实际标签为：[1, 1, 1, 0, 0, 0, 1, 1, 1, 0, 0, 1]
2023-04-06 15:25:18,770 - INFO - 输入预测标签为：[1, 1, 1, 0, 0, 0, 1, 1, 1, 0, 0, 1]
2023-04-06 15:25:18,771 - INFO - 输入实际标签为：[1, 1, 0, 0, 0, 0, 1, 1, 0, 0, 1, 1]
2023-04-06 15:25:18,952 - INFO - 输入预测标签为：[1, 1, 0, 0, 0, 0, 1, 1, 0, 0, 1, 1]
2023-04-06 15:25:18,953 - INFO - 输入实际标签为：[1, 1, 1, 0, 0, 1, 1, 0, 0, 1, 0, 1]
2023-04-06 15:25:19,134 - INFO - 输入预测标签为：[1, 1, 1, 0, 0, 1, 1, 0, 0, 1, 0, 1]
2023-04-06 15:25:19,135 - INFO - 输入实际标签为：[0, 0, 0, 0, 0, 1, 1, 1, 1, 1, 1, 0]
2023-04-06 15:25:19,317 - INFO - 输入预测标签为：[0, 0, 0, 0, 0, 1, 1, 1, 1, 1, 1, 0]
2023-04-06 15:25:19,318 - INFO - 输入实际标签为：[0, 1, 0, 0, 1, 0, 1, 0, 1, 0, 0, 1]
2023-04-06 15:25:19,500 - INFO - 输入预测标签为：[0, 1, 0, 0, 1, 0, 1, 0, 1, 0, 0, 1]
2023-04-06 15:25:19,502 - INFO - 输入实际标签为：[0, 0, 1, 0, 0, 1, 1, 0, 0, 0, 1, 0]
2023-04-06 15:25:19,683 - INFO - 输入预测标签为：[0, 0, 1, 0, 0, 1, 1, 0, 0, 0, 1, 0]
2023-04-06 15:25:19,684 - INFO - 输入实际标签为：[0, 0, 0, 0, 0, 1, 0, 0, 1, 0, 0, 1]
2023-04-06 15:25:19,865 - INFO - 输入预测标签为：[0, 0, 0, 0, 0, 1, 0, 0, 1, 0, 0, 1]
2023-04-06 15:25:19,867 - INFO - 输入实际标签为：[0, 1, 0, 1, 1, 0, 1, 0, 1, 0, 0, 0]
2023-04-06 15:25:20,047 - INFO - 输入预测标签为：[0, 1, 0, 1, 1, 0, 1, 0, 1, 0, 0, 0]
2023-04-06 15:25:20,049 - INFO - 输入实际标签为：[0, 1, 0, 1, 1, 1, 0, 0, 1, 1, 1, 1]
2023-04-06 15:25:20,230 - INFO - 输入预测标签为：[0, 1, 0, 1, 1, 1, 0, 0, 1, 1, 1, 1]
2023-04-06 15:25:20,232 - INFO - 输入实际标签为：[0, 1, 0, 1, 1, 1, 1, 0, 0, 0, 0, 0]
2023-04-06 15:25:20,415 - INFO - 输入预测标签为：[0, 1, 0, 1, 1, 1, 1, 0, 0, 0, 0, 0]
2023-04-06 15:25:20,416 - INFO - 输入实际标签为：[1, 1, 1, 1, 1, 0, 0, 1, 1, 0, 0, 0]
2023-04-06 15:25:20,598 - INFO - 输入预测标签为：[1, 1, 1, 1, 1, 0, 0, 1, 1, 0, 0, 0]
2023-04-06 15:25:20,600 - INFO - 输入实际标签为：[1, 0, 0, 0, 0, 0, 1, 0, 0, 1, 0, 0]
2023-04-06 15:25:20,781 - INFO - 输入预测标签为：[1, 0, 0, 0, 0, 0, 1, 0, 0, 1, 0, 0]
2023-04-06 15:25:20,783 - INFO - 输入实际标签为：[1, 0, 1, 1, 0, 0, 1, 1, 0, 1, 0, 0]
2023-04-06 15:25:20,964 - INFO - 输入预测标签为：[1, 0, 1, 1, 0, 0, 1, 1, 0, 1, 0, 0]
2023-04-06 15:25:20,965 - INFO - 输入实际标签为：[1, 0, 1, 0, 1, 1, 0, 1, 0, 1, 0, 1]
2023-04-06 15:25:21,147 - INFO - 输入预测标签为：[1, 0, 1, 0, 1, 1, 0, 1, 0, 1, 0, 1]
2023-04-06 15:25:21,149 - INFO - 输入实际标签为：[1, 1, 0, 1, 1, 0, 0, 0, 0, 1, 0, 0]
2023-04-06 15:25:21,331 - INFO - 输入预测标签为：[1, 1, 0, 1, 1, 0, 0, 0, 0, 1, 0, 0]
2023-04-06 15:25:21,332 - INFO - 输入实际标签为：[1, 0, 1, 1, 0, 0, 1, 1, 1, 0, 1, 1]
2023-04-06 15:25:21,514 - INFO - 输入预测标签为：[1, 0, 1, 1, 0, 0, 1, 1, 1, 0, 1, 1]
2023-04-06 15:25:21,516 - INFO - 输入实际标签为：[0, 1, 1, 0, 1, 1, 1, 1, 1, 0, 1, 1]
2023-04-06 15:25:21,698 - INFO - 输入预测标签为：[0, 1, 1, 0, 1, 1, 1, 1, 1, 0, 1, 1]
2023-04-06 15:25:21,700 - INFO - 输入实际标签为：[0, 1, 0, 1, 1, 1, 1, 0, 1, 0, 1, 1]
2023-04-06 15:25:21,882 - INFO - 输入预测标签为：[0, 1, 0, 1, 1, 1, 1, 0, 1, 0, 1, 1]
2023-04-06 15:25:21,883 - INFO - 输入实际标签为：[0, 0, 1, 1, 1, 1, 0, 1, 0, 1, 0, 1]
2023-04-06 15:25:22,064 - INFO - 输入预测标签为：[0, 0, 1, 1, 1, 1, 0, 1, 0, 1, 0, 1]
2023-04-06 15:25:22,065 - INFO - 输入实际标签为：[1, 1, 1, 1, 1, 0, 1, 1, 0, 0, 0, 1]
2023-04-06 15:25:22,247 - INFO - 输入预测标签为：[1, 1, 1, 1, 1, 0, 1, 1, 0, 0, 0, 1]
2023-04-06 15:25:22,248 - INFO - 输入实际标签为：[0, 0, 1, 1, 0, 0, 0, 0, 1, 1, 1, 1]
2023-04-06 15:25:22,429 - INFO - 输入预测标签为：[0, 0, 1, 1, 0, 0, 0, 0, 1, 1, 1, 1]
2023-04-06 15:25:22,431 - INFO - 输入实际标签为：[0, 0, 1, 0, 1, 0, 1, 0, 1, 1, 0, 0]
2023-04-06 15:25:22,613 - INFO - 输入预测标签为：[0, 0, 1, 0, 1, 0, 1, 0, 1, 1, 0, 0]
2023-04-06 15:25:22,614 - INFO - 输入实际标签为：[1, 0, 1, 1, 1, 1, 1, 1, 0, 1, 1, 0]
2023-04-06 15:25:22,795 - INFO - 输入预测标签为：[1, 0, 1, 1, 1, 1, 1, 1, 0, 1, 1, 0]
2023-04-06 15:25:22,796 - INFO - 输入实际标签为：[1, 0, 0, 1, 1, 1, 1, 0, 0, 1, 1, 0]
2023-04-06 15:25:22,980 - INFO - 输入预测标签为：[1, 0, 0, 1, 1, 1, 1, 0, 0, 1, 1, 0]
2023-04-06 15:25:22,981 - INFO - 输入实际标签为：[1, 1, 1, 1, 1, 1, 0, 0, 1, 1, 1, 1]
2023-04-06 15:25:23,163 - INFO - 输入预测标签为：[1, 1, 1, 1, 1, 1, 0, 0, 1, 1, 1, 1]
2023-04-06 15:25:23,166 - INFO - 输入实际标签为：[1, 0, 1, 0, 1, 1, 1, 1, 0, 1, 1, 1]
2023-04-06 15:25:23,348 - INFO - 输入预测标签为：[1, 0, 1, 0, 1, 1, 1, 1, 0, 1, 1, 1]
2023-04-06 15:25:23,350 - INFO - 输入实际标签为：[1, 1, 1, 1, 1, 1, 1, 1, 1, 1, 1, 1]
2023-04-06 15:25:23,534 - INFO - 输入预测标签为：[1, 1, 1, 1, 1, 1, 1, 1, 1, 1, 1, 1]
2023-04-06 15:25:23,537 - INFO - 输入实际标签为：[0, 1, 0, 0, 1, 0, 0, 0, 0, 1, 0, 0]
2023-04-06 15:25:23,720 - INFO - 输入预测标签为：[0, 1, 0, 0, 1, 0, 0, 0, 0, 1, 0, 0]
2023-04-06 15:25:23,722 - INFO - 输入实际标签为：[0, 1, 1, 0, 0, 1, 0, 0, 1, 0, 1, 0]
2023-04-06 15:25:23,905 - INFO - 输入预测标签为：[0, 1, 1, 0, 0, 1, 0, 0, 1, 0, 1, 0]
2023-04-06 15:25:23,907 - INFO - 输入实际标签为：[0, 0, 0, 1, 0, 1, 0, 0, 1, 0, 0, 0]
2023-04-06 15:25:24,089 - INFO - 输入预测标签为：[0, 0, 0, 1, 0, 1, 0, 0, 1, 0, 0, 0]
2023-04-06 15:25:24,092 - INFO - 输入实际标签为：[1, 0, 1, 1, 0, 0, 1, 0, 0, 1, 0, 0]
2023-04-06 15:25:24,274 - INFO - 输入预测标签为：[1, 0, 1, 1, 0, 0, 1, 0, 0, 1, 0, 0]
2023-04-06 15:25:24,275 - INFO - 输入实际标签为：[1, 1, 1, 1, 0, 1, 1, 0, 1, 1, 0, 0]
2023-04-06 15:25:24,458 - INFO - 输入预测标签为：[1, 1, 1, 1, 0, 1, 1, 0, 1, 1, 0, 0]
2023-04-06 15:25:24,460 - INFO - 输入实际标签为：[1, 0, 0, 0, 0, 1, 1, 0, 0, 0, 0, 1]
2023-04-06 15:25:24,643 - INFO - 输入预测标签为：[1, 0, 0, 0, 0, 1, 1, 0, 0, 0, 0, 1]
2023-04-06 15:25:24,644 - INFO - 输入实际标签为：[1, 1, 1, 1, 1, 0, 1, 0, 1, 1, 1, 1]
2023-04-06 15:25:24,827 - INFO - 输入预测标签为：[1, 1, 1, 1, 1, 0, 1, 0, 1, 1, 1, 1]
2023-04-06 15:25:24,829 - INFO - 输入实际标签为：[0, 1, 1, 0, 0, 1, 1, 1, 1, 0, 0, 1]
2023-04-06 15:25:25,012 - INFO - 输入预测标签为：[0, 1, 1, 0, 0, 1, 1, 1, 1, 0, 0, 1]
2023-04-06 15:25:25,013 - INFO - 输入实际标签为：[0, 0, 0, 1, 1, 0, 1, 1, 1, 1, 1, 1]
2023-04-06 15:25:25,195 - INFO - 输入预测标签为：[0, 0, 0, 1, 1, 0, 1, 1, 1, 1, 1, 1]
2023-04-06 15:25:25,196 - INFO - 输入实际标签为：[0, 1, 0, 1, 1, 0, 0, 0, 1, 1, 1, 0]
2023-04-06 15:25:25,379 - INFO - 输入预测标签为：[0, 1, 0, 1, 1, 0, 0, 0, 1, 1, 1, 0]
2023-04-06 15:25:25,381 - INFO - 输入实际标签为：[1, 0, 1, 0, 1, 0, 0, 1, 0, 0, 0, 0]
2023-04-06 15:25:25,565 - INFO - 输入预测标签为：[1, 0, 1, 0, 1, 0, 0, 1, 0, 0, 0, 0]
2023-04-06 15:25:25,567 - INFO - 输入实际标签为：[1, 1, 1, 1, 1, 0, 0, 1, 1, 1, 1, 1]
2023-04-06 15:25:25,749 - INFO - 输入预测标签为：[1, 1, 1, 1, 1, 0, 0, 1, 1, 1, 1, 1]
2023-04-06 15:25:25,750 - INFO - 输入实际标签为：[0, 1, 1, 0, 0, 1, 0, 1, 1, 1, 0, 0]
2023-04-06 15:25:25,935 - INFO - 输入预测标签为：[0, 1, 1, 0, 0, 1, 0, 1, 1, 1, 0, 0]
2023-04-06 15:25:25,937 - INFO - 输入实际标签为：[0, 1, 1, 0, 1, 1, 1, 1, 0, 0, 1, 0]
2023-04-06 15:25:26,119 - INFO - 输入预测标签为：[0, 1, 1, 0, 1, 1, 1, 1, 0, 0, 1, 0]
2023-04-06 15:25:26,121 - INFO - 输入实际标签为：[1, 1, 0, 1, 1, 1, 1, 1, 1, 1, 1, 0]
2023-04-06 15:25:26,304 - INFO - 输入预测标签为：[1, 1, 0, 1, 1, 1, 1, 1, 1, 1, 1, 0]
2023-04-06 15:25:26,306 - INFO - 输入实际标签为：[1, 0, 0, 0, 1, 0, 0, 1, 1, 1, 1, 1]
2023-04-06 15:25:26,489 - INFO - 输入预测标签为：[1, 0, 0, 0, 1, 0, 0, 1, 1, 1, 1, 1]
2023-04-06 15:25:26,490 - INFO - 输入实际标签为：[1, 1, 1, 0, 0, 0, 1, 1, 0, 0, 1, 1]
2023-04-06 15:25:26,675 - INFO - 输入预测标签为：[1, 1, 1, 0, 0, 0, 1, 1, 0, 0, 1, 1]
2023-04-06 15:25:26,677 - INFO - 输入实际标签为：[0, 0, 1, 1, 1, 1, 1, 0, 1, 1, 1, 0]
2023-04-06 15:25:26,860 - INFO - 输入预测标签为：[0, 0, 1, 1, 1, 1, 1, 0, 1, 1, 1, 0]
2023-04-06 15:25:26,863 - INFO - 输入实际标签为：[1, 1, 0, 1, 0, 0, 0, 1, 0, 1, 1, 0]
2023-04-06 15:25:27,045 - INFO - 输入预测标签为：[1, 1, 0, 1, 0, 0, 0, 1, 0, 1, 1, 0]
2023-04-06 15:25:27,046 - INFO - 输入实际标签为：[0, 0, 1, 1, 1, 1, 0, 0, 0, 1, 0, 0]
2023-04-06 15:25:27,229 - INFO - 输入预测标签为：[0, 0, 1, 1, 1, 1, 0, 0, 0, 1, 0, 0]
2023-04-06 15:25:27,230 - INFO - 输入实际标签为：[1, 0, 1, 0, 1, 1, 0, 1, 1, 1, 0, 0]
2023-04-06 15:25:27,412 - INFO - 输入预测标签为：[1, 0, 1, 0, 1, 1, 0, 1, 1, 1, 0, 0]
2023-04-06 15:25:27,415 - INFO - 输入实际标签为：[1, 0, 1, 0, 0, 1, 1, 1, 0, 1, 1, 1]
2023-04-06 15:25:27,598 - INFO - 输入预测标签为：[1, 0, 1, 0, 0, 1, 1, 1, 0, 1, 1, 1]
2023-04-06 15:25:27,603 - INFO - 输入实际标签为：[1, 1, 0, 0, 0, 1, 0, 1, 0, 1, 1, 0]
2023-04-06 15:25:27,785 - INFO - 输入预测标签为：[1, 1, 0, 0, 0, 1, 0, 1, 0, 1, 1, 0]
2023-04-06 15:25:27,786 - INFO - 输入实际标签为：[0, 1, 0, 1, 0, 0, 1, 0, 1, 1, 1, 0]
2023-04-06 15:25:27,970 - INFO - 输入预测标签为：[0, 1, 0, 1, 0, 0, 1, 0, 1, 1, 1, 0]
2023-04-06 15:25:27,971 - INFO - 输入实际标签为：[1, 1, 1, 1, 1, 1, 1, 0, 1, 1, 1, 0]
2023-04-06 15:25:28,154 - INFO - 输入预测标签为：[1, 1, 1, 1, 1, 1, 1, 0, 1, 1, 1, 0]
2023-04-06 15:25:28,156 - INFO - 输入实际标签为：[0, 1, 1, 1, 1, 1, 1, 0, 0, 1, 1, 1]
2023-04-06 15:25:28,338 - INFO - 输入预测标签为：[0, 1, 1, 1, 1, 1, 1, 0, 0, 1, 1, 1]
2023-04-06 15:25:28,340 - INFO - 输入实际标签为：[1, 0, 0, 0, 0, 0, 1, 0, 0, 1, 0, 1]
2023-04-06 15:25:28,523 - INFO - 输入预测标签为：[1, 0, 0, 0, 0, 0, 1, 0, 0, 1, 0, 1]
2023-04-06 15:25:28,524 - INFO - 输入实际标签为：[0, 1, 0, 1, 0, 0, 1, 1, 1, 0, 0, 1]
2023-04-06 15:25:28,707 - INFO - 输入预测标签为：[0, 1, 0, 1, 0, 0, 1, 1, 1, 0, 0, 1]
2023-04-06 15:25:28,709 - INFO - 输入实际标签为：[1, 1, 0, 0, 1, 1, 0, 0, 0, 1, 1, 1]
2023-04-06 15:25:28,891 - INFO - 输入预测标签为：[1, 1, 0, 0, 1, 1, 0, 0, 0, 1, 1, 1]
2023-04-06 15:25:28,892 - INFO - 输入实际标签为：[1, 0, 0, 0, 1, 0, 0, 0, 0, 0, 0, 1]
2023-04-06 15:25:29,073 - INFO - 输入预测标签为：[1, 0, 0, 0, 1, 0, 0, 0, 0, 0, 0, 1]
2023-04-06 15:25:29,075 - INFO - 输入实际标签为：[0, 1, 1, 0, 1, 0, 0, 0, 0, 1, 0, 0]
2023-04-06 15:25:29,258 - INFO - 输入预测标签为：[0, 1, 1, 0, 1, 0, 0, 0, 0, 1, 0, 0]
2023-04-06 15:25:29,259 - INFO - 输入实际标签为：[0, 1, 1, 0, 1, 1, 0, 0, 1, 0, 1, 1]
2023-04-06 15:25:29,443 - INFO - 输入预测标签为：[0, 1, 1, 0, 1, 1, 0, 0, 1, 0, 1, 1]
2023-04-06 15:25:29,445 - INFO - 输入实际标签为：[0, 1, 1, 1, 0, 1, 1, 1, 0, 1, 1, 0]
2023-04-06 15:25:29,656 - INFO - 输入预测标签为：[0, 1, 1, 1, 0, 1, 1, 1, 0, 1, 1, 0]
2023-04-06 15:25:29,663 - INFO - 输入实际标签为：[0, 1, 0, 1, 0, 0, 1, 1, 0, 1, 1, 0]
2023-04-06 15:25:29,845 - INFO - 输入预测标签为：[0, 1, 0, 1, 0, 0, 1, 1, 0, 1, 1, 0]
2023-04-06 15:25:29,847 - INFO - 输入实际标签为：[0, 0, 1, 0, 1, 0, 1, 1, 0, 1, 1, 0]
2023-04-06 15:25:30,029 - INFO - 输入预测标签为：[0, 0, 1, 0, 1, 0, 1, 1, 0, 1, 1, 0]
2023-04-06 15:25:30,031 - INFO - 输入实际标签为：[0, 1, 1, 1, 0, 0, 1, 0, 1, 1, 1, 1]
2023-04-06 15:25:30,222 - INFO - 输入预测标签为：[0, 1, 1, 1, 0, 0, 1, 0, 1, 1, 1, 1]
2023-04-06 15:25:30,224 - INFO - 输入实际标签为：[1, 0, 1, 1, 1, 1, 1, 1, 1, 1, 1, 0]
2023-04-06 15:25:30,406 - INFO - 输入预测标签为：[1, 0, 1, 1, 1, 1, 1, 1, 1, 1, 1, 0]
2023-04-06 15:25:30,408 - INFO - 输入实际标签为：[1, 0, 1, 1, 0, 1, 1, 1, 1, 0, 1, 1]
2023-04-06 15:25:30,608 - INFO - 输入预测标签为：[1, 0, 1, 1, 0, 1, 1, 1, 1, 0, 1, 1]
2023-04-06 15:25:30,610 - INFO - 输入实际标签为：[1, 0, 1, 1, 1, 1, 1, 0, 0, 0, 0, 1]
2023-04-06 15:25:30,793 - INFO - 输入预测标签为：[1, 0, 1, 1, 1, 1, 1, 0, 0, 0, 0, 1]
2023-04-06 15:25:30,795 - INFO - 输入实际标签为：[0, 0, 1, 1, 1, 1, 1, 1, 0, 0, 0, 0]
2023-04-06 15:25:30,976 - INFO - 输入预测标签为：[0, 0, 1, 1, 1, 1, 1, 1, 0, 0, 0, 0]
2023-04-06 15:25:30,977 - INFO - 输入实际标签为：[1, 1, 1, 1, 0, 0, 0, 1, 0, 1, 0, 0]
2023-04-06 15:25:31,160 - INFO - 输入预测标签为：[1, 1, 1, 1, 0, 0, 0, 1, 0, 1, 0, 0]
2023-04-06 15:25:31,162 - INFO - 输入实际标签为：[1, 1, 1, 1, 0, 0, 0, 1, 1, 0, 0, 1]
2023-04-06 15:25:31,345 - INFO - 输入预测标签为：[1, 1, 1, 1, 0, 0, 0, 1, 1, 0, 0, 1]
2023-04-06 15:25:31,348 - INFO - 输入实际标签为：[0, 1, 0, 0, 0, 1, 0, 1, 1, 1, 0, 0]
2023-04-06 15:25:31,533 - INFO - 输入预测标签为：[0, 1, 0, 0, 0, 1, 0, 1, 1, 1, 0, 0]
2023-04-06 15:25:31,537 - INFO - 输入实际标签为：[0, 0, 1, 1, 0, 1, 1, 0, 1, 1, 0, 1]
2023-04-06 15:25:31,720 - INFO - 输入预测标签为：[0, 0, 1, 1, 0, 1, 1, 0, 1, 1, 0, 1]
2023-04-06 15:25:31,721 - INFO - 输入实际标签为：[0, 0, 0, 0, 0, 0, 0, 0, 1, 1, 0, 1]
2023-04-06 15:25:31,903 - INFO - 输入预测标签为：[0, 0, 0, 0, 0, 0, 0, 0, 1, 1, 0, 1]
2023-04-06 15:25:31,904 - INFO - 输入实际标签为：[0, 1, 0, 1, 0, 1, 1, 1, 0, 1, 1, 0]
2023-04-06 15:25:32,086 - INFO - 输入预测标签为：[0, 1, 0, 1, 0, 1, 1, 1, 0, 1, 1, 0]
2023-04-06 15:25:32,088 - INFO - 输入实际标签为：[0, 1, 1, 1, 0, 1, 1, 1, 0, 0, 1, 0]
2023-04-06 15:25:32,273 - INFO - 输入预测标签为：[0, 1, 1, 1, 0, 1, 1, 1, 0, 0, 1, 0]
2023-04-06 15:25:32,275 - INFO - 输入实际标签为：[1, 0, 0, 0, 1, 1, 1, 0, 1, 0, 1, 1]
2023-04-06 15:25:32,460 - INFO - 输入预测标签为：[1, 0, 0, 0, 1, 1, 1, 0, 1, 0, 1, 1]
2023-04-06 15:25:32,461 - INFO - 输入实际标签为：[1, 0, 1, 0, 0, 0, 0, 1, 0, 0, 0, 1]
2023-04-06 15:25:32,645 - INFO - 输入预测标签为：[1, 0, 1, 0, 0, 0, 0, 1, 0, 0, 0, 1]
2023-04-06 15:25:32,647 - INFO - 输入实际标签为：[0, 1, 1, 0, 1, 1, 0, 0, 1, 0, 1, 1]
2023-04-06 15:25:32,831 - INFO - 输入预测标签为：[0, 1, 1, 0, 1, 1, 0, 0, 1, 0, 1, 1]
2023-04-06 15:25:32,832 - INFO - 输入实际标签为：[1, 1, 0, 1, 0, 0, 1, 0, 0, 1, 1, 1]
2023-04-06 15:25:33,036 - INFO - 输入预测标签为：[1, 1, 0, 1, 0, 0, 1, 0, 0, 1, 1, 1]
2023-04-06 15:25:33,038 - INFO - 输入实际标签为：[0, 0, 1, 0, 1, 0, 1, 1, 1, 0, 0, 1]
2023-04-06 15:25:33,217 - INFO - 输入预测标签为：[0, 0, 1, 0, 1, 0, 1, 1, 1, 0, 0, 1]
2023-04-06 15:25:33,219 - INFO - 输入实际标签为：[1, 1, 1, 0, 0, 1, 1, 1, 1, 0, 1, 0]
2023-04-06 15:25:33,402 - INFO - 输入预测标签为：[1, 1, 1, 0, 0, 1, 1, 1, 1, 0, 1, 0]
2023-04-06 15:25:33,403 - INFO - 输入实际标签为：[1, 0, 1, 1, 1, 0, 1, 1, 0, 0, 0, 0]
2023-04-06 15:25:33,627 - INFO - 输入预测标签为：[1, 0, 1, 1, 1, 0, 1, 1, 0, 0, 0, 0]
2023-04-06 15:25:33,634 - INFO - 输入实际标签为：[1, 0, 0, 0, 1, 1, 1, 0, 1, 0, 1, 0]
2023-04-06 15:25:33,820 - INFO - 输入预测标签为：[1, 0, 0, 0, 1, 1, 1, 0, 1, 0, 1, 0]
2023-04-06 15:25:33,822 - INFO - 输入实际标签为：[0, 1, 1, 0, 1, 1, 0, 0, 1, 1, 1, 1]
2023-04-06 15:25:34,004 - INFO - 输入预测标签为：[0, 1, 1, 0, 1, 1, 0, 0, 1, 1, 1, 1]
2023-04-06 15:25:34,005 - INFO - 输入实际标签为：[1, 1, 1, 1, 1, 0, 1, 0, 1, 0, 0, 1]
2023-04-06 15:25:34,189 - INFO - 输入预测标签为：[1, 1, 1, 1, 1, 0, 1, 0, 1, 0, 0, 1]
2023-04-06 15:25:34,190 - INFO - 输入实际标签为：[0, 1, 0, 0, 0, 1, 1, 0, 0, 1, 1, 0]
2023-04-06 15:25:34,373 - INFO - 输入预测标签为：[0, 1, 0, 0, 0, 1, 1, 0, 0, 1, 1, 0]
2023-04-06 15:25:34,374 - INFO - 输入实际标签为：[0, 1, 1, 0, 0, 1, 0, 1, 1, 0, 1, 1]
2023-04-06 15:25:34,561 - INFO - 输入预测标签为：[0, 1, 1, 0, 0, 1, 0, 1, 1, 0, 1, 1]
2023-04-06 15:25:34,563 - INFO - 输入实际标签为：[0, 0, 1, 1, 1, 0, 0, 0, 1, 1, 1, 0]
2023-04-06 15:25:34,749 - INFO - 输入预测标签为：[0, 0, 1, 1, 1, 0, 0, 0, 1, 1, 1, 0]
2023-04-06 15:25:34,751 - INFO - 输入实际标签为：[1, 1, 0, 0, 0, 1, 1, 1, 1, 0, 0, 0]
2023-04-06 15:25:34,932 - INFO - 输入预测标签为：[1, 1, 0, 0, 0, 1, 1, 1, 1, 0, 0, 0]
2023-04-06 15:25:34,933 - INFO - 输入实际标签为：[0, 1, 0, 1, 0, 0, 0, 0, 0, 0, 0, 1]
2023-04-06 15:25:35,114 - INFO - 输入预测标签为：[0, 1, 0, 1, 0, 0, 0, 0, 0, 0, 0, 1]
2023-04-06 15:25:35,116 - INFO - 输入实际标签为：[1, 1, 1, 0, 1, 0, 1, 1, 0, 1, 0, 0]
2023-04-06 15:25:35,299 - INFO - 输入预测标签为：[1, 1, 1, 0, 1, 0, 1, 1, 0, 1, 0, 0]
2023-04-06 15:25:35,300 - INFO - 输入实际标签为：[0, 0, 1, 0, 1, 0, 1, 0, 0, 0, 1, 1]
2023-04-06 15:25:35,486 - INFO - 输入预测标签为：[0, 0, 1, 0, 1, 0, 1, 0, 0, 0, 1, 1]
2023-04-06 15:25:35,489 - INFO - 输入实际标签为：[0, 0, 0, 0, 1, 0, 1, 1, 1, 0, 0, 0]
2023-04-06 15:25:35,676 - INFO - 输入预测标签为：[0, 0, 0, 0, 1, 0, 1, 1, 1, 0, 0, 0]
2023-04-06 15:25:35,677 - INFO - 输入实际标签为：[0, 0, 1, 1, 1, 1, 0, 0, 0, 1, 0, 1]
2023-04-06 15:25:35,860 - INFO - 输入预测标签为：[0, 0, 1, 1, 1, 1, 0, 0, 0, 1, 0, 1]
2023-04-06 15:25:35,861 - INFO - 输入实际标签为：[1, 1, 0, 1, 0, 1, 1, 0, 0, 1, 0, 1]
2023-04-06 15:25:36,051 - INFO - 输入预测标签为：[1, 1, 0, 1, 0, 1, 1, 0, 0, 1, 0, 1]
2023-04-06 15:25:36,067 - INFO - 输入实际标签为：[0, 1, 1, 0, 0, 1, 0, 0, 0, 1, 0, 1]
2023-04-06 15:25:36,248 - INFO - 输入预测标签为：[0, 1, 1, 0, 0, 1, 0, 0, 0, 1, 0, 1]
2023-04-06 15:25:36,250 - INFO - 输入实际标签为：[1, 0, 1, 0, 0, 1, 0, 0, 0, 1, 0, 1]
2023-04-06 15:25:36,433 - INFO - 输入预测标签为：[1, 0, 1, 0, 0, 1, 0, 0, 0, 1, 0, 1]
2023-04-06 15:25:36,434 - INFO - 输入实际标签为：[0, 1, 0, 1, 0, 0, 0, 1, 1, 1, 1, 1]
2023-04-06 15:25:36,617 - INFO - 输入预测标签为：[0, 1, 0, 1, 0, 0, 0, 1, 1, 1, 1, 1]
2023-04-06 15:25:36,619 - INFO - 输入实际标签为：[1, 1, 0, 1, 0, 0, 0, 1, 0, 0, 1, 1]
2023-04-06 15:25:36,802 - INFO - 输入预测标签为：[1, 1, 0, 1, 0, 0, 0, 1, 0, 0, 1, 1]
2023-04-06 15:25:36,803 - INFO - 输入实际标签为：[1, 0, 1, 1, 1, 0, 1, 1, 0, 0, 0, 1]
2023-04-06 15:25:36,989 - INFO - 输入预测标签为：[1, 0, 1, 1, 1, 0, 1, 1, 0, 0, 0, 1]
2023-04-06 15:25:36,990 - INFO - 输入实际标签为：[0, 1, 0, 1, 1, 0, 1, 1, 0, 0, 1, 1]
2023-04-06 15:25:37,189 - INFO - 输入预测标签为：[0, 1, 0, 1, 1, 0, 1, 1, 0, 0, 1, 1]
2023-04-06 15:25:37,190 - INFO - ————————————————模型测试结束————————————————
2023-04-06 15:25:37,190 - INFO - 总测试样本: 1344个
2023-04-06 15:25:37,190 - INFO - 预测正确样本: 1344个
2023-04-06 15:25:37,190 - INFO - 测试准确度: 1.000000
2023-04-06 15:25:37,231 - INFO - -----------------------
2023-04-06 15:25:37,232 - INFO - Accuracy: 1.0
2023-04-06 15:25:37,232 - INFO - Precision: 1.0
2023-04-06 15:25:37,232 - INFO - Recall: 1.0
2023-04-06 15:25:37,232 - INFO - F1 Score: 1.0
2023-04-06 15:25:37,232 - INFO - AUC Score: 1.0
2023-04-06 15:25:37,232 - INFO - -----------------------
2023-04-06 15:25:37,250 - INFO -               precision    recall  f1-score   support

           0       1.00      1.00      1.00       608
           1       1.00      1.00      1.00       736

    accuracy                           1.00      1344
   macro avg       1.00      1.00      1.00      1344
weighted avg       1.00      1.00      1.00      1344

2023-04-06 15:25:37,250 - INFO - -----------------------
2023-04-06 15:25:37,250 - INFO - -----------混淆矩阵------------
2023-04-06 15:25:37,253 - INFO - [[608   0]
 [  0 736]]
2023-04-06 15:25:37,254 - INFO - -----------------------
2023-04-06 15:25:37,254 - INFO - ————————————————预测文本类别————————————————
2023-04-06 15:25:37,292 - INFO - 这条微博有99.99%的概率为非谣言，有0.01%的概率为谣言
2023-04-06 15:25:37,292 - INFO - ——————————————————————
2023-04-06 15:25:37,292 - INFO - ——————程序运行结束——————
