2023-04-06 21:12:04,531 - INFO - ——————程序运行开始——————
2023-04-06 21:12:04,531 - INFO - ——————————————————————
2023-04-06 21:12:04,532 - INFO - ——————输出训练参数——————
2023-04-06 21:12:04,532 - INFO - Batch_size：12
2023-04-06 21:12:04,532 - INFO - Epochs：1
2023-04-06 21:12:04,532 - INFO - Learning_rate：2e-05
2023-04-06 21:12:04,532 - INFO - max_seq_length：256
2023-04-06 21:12:04,532 - INFO - num_labels：2
2023-04-06 21:12:04,532 - INFO - ——————输出数据信息——————
2023-04-06 21:12:04,568 - INFO - GPU is available
2023-04-06 21:12:04,620 - INFO - 数据集总数：13548 条
2023-04-06 21:12:04,620 - INFO - 谣言总数：6152 条
2023-04-06 21:12:04,620 - INFO - 非谣言总数：7396 条
2023-04-06 21:12:04,718 - INFO - 成功划分训练集和测试集！
2023-04-06 21:12:04,718 - INFO - 训练集：12193 条
2023-04-06 21:12:04,718 - INFO - 测试集：1355 条
2023-04-06 21:12:38,485 - INFO - ————————————————模型测试开始————————————————
2023-04-06 21:12:38,487 - INFO - 输入实际标签为：[0, 1, 0, 0, 1, 0, 1, 1, 0, 1, 1, 0]
2023-04-06 21:12:39,225 - INFO - 输入预测标签为：[0, 1, 0, 0, 1, 0, 1, 1, 0, 1, 1, 0]
2023-04-06 21:12:39,227 - INFO - 输入实际标签为：[0, 0, 0, 0, 1, 0, 0, 1, 1, 0, 0, 0]
2023-04-06 21:12:39,403 - INFO - 输入预测标签为：[0, 0, 0, 0, 1, 0, 0, 1, 1, 0, 0, 0]
2023-04-06 21:12:39,405 - INFO - 输入实际标签为：[0, 1, 1, 0, 0, 1, 1, 0, 0, 0, 1, 1]
2023-04-06 21:12:39,582 - INFO - 输入预测标签为：[0, 1, 1, 0, 0, 1, 1, 0, 0, 0, 1, 1]
2023-04-06 21:12:39,583 - INFO - 输入实际标签为：[1, 1, 0, 1, 0, 0, 1, 1, 0, 0, 1, 1]
2023-04-06 21:12:39,761 - INFO - 输入预测标签为：[1, 1, 0, 1, 0, 0, 1, 1, 0, 0, 1, 1]
2023-04-06 21:12:39,762 - INFO - 输入实际标签为：[1, 0, 1, 1, 0, 0, 1, 0, 1, 1, 0, 1]
2023-04-06 21:12:39,940 - INFO - 输入预测标签为：[1, 0, 1, 1, 0, 0, 1, 0, 1, 1, 0, 1]
2023-04-06 21:12:39,942 - INFO - 输入实际标签为：[0, 0, 0, 0, 1, 0, 1, 1, 1, 0, 0, 1]
2023-04-06 21:12:40,127 - INFO - 输入预测标签为：[0, 0, 0, 0, 1, 0, 1, 1, 1, 0, 0, 1]
2023-04-06 21:12:40,129 - INFO - 输入实际标签为：[1, 0, 1, 1, 1, 1, 1, 0, 1, 1, 1, 0]
2023-04-06 21:12:40,310 - INFO - 输入预测标签为：[1, 0, 1, 1, 1, 1, 1, 0, 1, 1, 1, 0]
2023-04-06 21:12:40,311 - INFO - 输入实际标签为：[0, 0, 1, 0, 1, 0, 0, 0, 0, 1, 0, 0]
2023-04-06 21:12:40,490 - INFO - 输入预测标签为：[0, 0, 1, 0, 1, 0, 0, 0, 0, 1, 0, 0]
2023-04-06 21:12:40,492 - INFO - 输入实际标签为：[0, 0, 0, 1, 0, 0, 1, 1, 1, 0, 0, 0]
2023-04-06 21:12:40,673 - INFO - 输入预测标签为：[0, 0, 0, 1, 0, 0, 1, 1, 1, 0, 0, 0]
2023-04-06 21:12:40,674 - INFO - 输入实际标签为：[1, 0, 0, 0, 1, 0, 1, 1, 0, 0, 1, 1]
2023-04-06 21:12:40,854 - INFO - 输入预测标签为：[1, 0, 1, 0, 1, 0, 1, 1, 0, 0, 1, 1]
2023-04-06 21:12:40,855 - INFO - 输入实际标签为：[1, 0, 1, 1, 1, 0, 0, 1, 1, 1, 1, 0]
2023-04-06 21:12:41,038 - INFO - 输入预测标签为：[1, 0, 1, 1, 1, 0, 0, 1, 1, 1, 1, 0]
2023-04-06 21:12:41,040 - INFO - 输入实际标签为：[1, 0, 0, 1, 0, 0, 0, 1, 1, 0, 0, 0]
2023-04-06 21:12:41,222 - INFO - 输入预测标签为：[1, 0, 0, 1, 0, 0, 0, 1, 1, 0, 0, 0]
2023-04-06 21:12:41,223 - INFO - 输入实际标签为：[1, 0, 1, 1, 0, 0, 1, 1, 1, 1, 0, 1]
2023-04-06 21:12:41,404 - INFO - 输入预测标签为：[1, 0, 1, 1, 0, 0, 1, 1, 1, 1, 0, 1]
2023-04-06 21:12:41,406 - INFO - 输入实际标签为：[1, 0, 0, 1, 1, 1, 0, 0, 1, 0, 1, 0]
2023-04-06 21:12:41,585 - INFO - 输入预测标签为：[1, 0, 0, 1, 1, 1, 0, 0, 1, 0, 1, 0]
2023-04-06 21:12:41,586 - INFO - 输入实际标签为：[1, 0, 1, 0, 1, 1, 0, 1, 1, 0, 1, 1]
2023-04-06 21:12:41,766 - INFO - 输入预测标签为：[1, 0, 1, 0, 1, 1, 0, 1, 1, 0, 1, 1]
2023-04-06 21:12:41,767 - INFO - 输入实际标签为：[0, 0, 0, 1, 1, 0, 1, 0, 1, 1, 0, 1]
2023-04-06 21:12:41,948 - INFO - 输入预测标签为：[0, 0, 0, 1, 1, 0, 1, 0, 1, 1, 0, 1]
2023-04-06 21:12:41,949 - INFO - 输入实际标签为：[0, 1, 0, 0, 0, 0, 0, 0, 0, 1, 0, 0]
2023-04-06 21:12:42,133 - INFO - 输入预测标签为：[0, 1, 0, 0, 0, 0, 0, 0, 0, 1, 0, 0]
2023-04-06 21:12:42,134 - INFO - 输入实际标签为：[1, 0, 0, 0, 0, 1, 0, 1, 1, 1, 1, 1]
2023-04-06 21:12:42,316 - INFO - 输入预测标签为：[1, 0, 0, 0, 0, 1, 0, 1, 1, 1, 1, 1]
2023-04-06 21:12:42,318 - INFO - 输入实际标签为：[1, 1, 1, 0, 1, 1, 0, 0, 0, 1, 1, 1]
2023-04-06 21:12:42,499 - INFO - 输入预测标签为：[1, 1, 1, 0, 1, 1, 0, 0, 0, 1, 1, 1]
2023-04-06 21:12:42,500 - INFO - 输入实际标签为：[1, 0, 0, 0, 0, 1, 0, 1, 1, 0, 1, 1]
2023-04-06 21:12:42,682 - INFO - 输入预测标签为：[1, 0, 0, 0, 0, 1, 0, 1, 1, 0, 1, 1]
2023-04-06 21:12:42,683 - INFO - 输入实际标签为：[0, 1, 1, 0, 0, 0, 0, 1, 1, 0, 1, 1]
2023-04-06 21:12:42,864 - INFO - 输入预测标签为：[0, 1, 1, 0, 0, 0, 0, 1, 1, 0, 1, 1]
2023-04-06 21:12:42,866 - INFO - 输入实际标签为：[0, 0, 0, 1, 0, 0, 0, 1, 0, 0, 1, 0]
2023-04-06 21:12:43,049 - INFO - 输入预测标签为：[0, 0, 0, 1, 0, 0, 0, 1, 0, 0, 1, 0]
2023-04-06 21:12:43,050 - INFO - 输入实际标签为：[0, 1, 1, 1, 0, 1, 0, 1, 1, 1, 1, 0]
2023-04-06 21:12:43,232 - INFO - 输入预测标签为：[0, 1, 1, 1, 0, 1, 0, 1, 1, 1, 1, 0]
2023-04-06 21:12:43,233 - INFO - 输入实际标签为：[1, 1, 0, 1, 0, 0, 0, 0, 1, 1, 0, 1]
2023-04-06 21:12:43,415 - INFO - 输入预测标签为：[1, 1, 0, 1, 0, 0, 0, 0, 1, 1, 0, 1]
2023-04-06 21:12:43,416 - INFO - 输入实际标签为：[1, 1, 1, 1, 1, 0, 1, 0, 1, 1, 1, 1]
2023-04-06 21:12:43,598 - INFO - 输入预测标签为：[1, 1, 1, 1, 1, 0, 1, 0, 1, 1, 1, 1]
2023-04-06 21:12:43,599 - INFO - 输入实际标签为：[1, 1, 1, 0, 0, 1, 0, 0, 1, 1, 1, 0]
2023-04-06 21:12:43,779 - INFO - 输入预测标签为：[1, 1, 1, 0, 0, 1, 0, 0, 1, 1, 1, 0]
2023-04-06 21:12:43,781 - INFO - 输入实际标签为：[1, 0, 0, 1, 1, 1, 1, 1, 0, 0, 1, 0]
2023-04-06 21:12:43,963 - INFO - 输入预测标签为：[1, 0, 0, 1, 1, 1, 1, 1, 0, 0, 1, 0]
2023-04-06 21:12:43,964 - INFO - 输入实际标签为：[1, 0, 0, 1, 1, 0, 1, 0, 1, 1, 1, 0]
2023-04-06 21:12:44,147 - INFO - 输入预测标签为：[1, 0, 0, 1, 1, 0, 1, 0, 1, 1, 1, 0]
2023-04-06 21:12:44,149 - INFO - 输入实际标签为：[1, 1, 1, 0, 1, 1, 0, 1, 1, 1, 0, 1]
2023-04-06 21:12:44,331 - INFO - 输入预测标签为：[1, 1, 1, 0, 1, 1, 0, 1, 1, 1, 0, 1]
2023-04-06 21:12:44,333 - INFO - 输入实际标签为：[1, 1, 0, 0, 1, 1, 0, 0, 0, 0, 1, 0]
2023-04-06 21:12:44,515 - INFO - 输入预测标签为：[1, 1, 0, 0, 1, 1, 0, 0, 0, 0, 1, 0]
2023-04-06 21:12:44,516 - INFO - 输入实际标签为：[0, 1, 1, 1, 0, 1, 0, 0, 0, 1, 0, 1]
2023-04-06 21:12:44,700 - INFO - 输入预测标签为：[0, 1, 1, 1, 0, 1, 0, 0, 0, 1, 0, 1]
2023-04-06 21:12:44,704 - INFO - 输入实际标签为：[1, 0, 0, 1, 1, 1, 0, 1, 0, 0, 1, 0]
2023-04-06 21:12:44,886 - INFO - 输入预测标签为：[1, 0, 0, 1, 1, 1, 0, 1, 0, 0, 1, 0]
2023-04-06 21:12:44,888 - INFO - 输入实际标签为：[0, 1, 0, 1, 0, 0, 0, 0, 0, 1, 1, 0]
2023-04-06 21:12:45,071 - INFO - 输入预测标签为：[0, 1, 0, 1, 0, 0, 0, 0, 0, 1, 1, 0]
2023-04-06 21:12:45,072 - INFO - 输入实际标签为：[0, 0, 0, 1, 0, 1, 1, 0, 0, 0, 1, 0]
2023-04-06 21:12:45,255 - INFO - 输入预测标签为：[0, 0, 0, 1, 0, 1, 1, 0, 0, 0, 1, 0]
2023-04-06 21:12:45,256 - INFO - 输入实际标签为：[0, 1, 0, 1, 0, 1, 0, 1, 0, 1, 1, 0]
2023-04-06 21:12:45,439 - INFO - 输入预测标签为：[0, 1, 0, 1, 0, 1, 0, 1, 0, 1, 1, 0]
2023-04-06 21:12:45,440 - INFO - 输入实际标签为：[0, 0, 1, 0, 1, 0, 1, 0, 1, 0, 0, 0]
2023-04-06 21:12:45,623 - INFO - 输入预测标签为：[0, 0, 1, 0, 1, 0, 1, 0, 1, 0, 0, 0]
2023-04-06 21:12:45,625 - INFO - 输入实际标签为：[1, 0, 0, 0, 1, 1, 0, 0, 1, 1, 0, 0]
2023-04-06 21:12:45,808 - INFO - 输入预测标签为：[1, 0, 0, 0, 1, 1, 0, 0, 1, 1, 0, 0]
2023-04-06 21:12:45,810 - INFO - 输入实际标签为：[0, 0, 1, 1, 1, 0, 1, 0, 1, 0, 1, 0]
2023-04-06 21:12:45,992 - INFO - 输入预测标签为：[0, 0, 1, 1, 1, 0, 1, 0, 1, 0, 1, 0]
2023-04-06 21:12:45,994 - INFO - 输入实际标签为：[0, 1, 0, 1, 1, 1, 0, 0, 1, 1, 0, 0]
2023-04-06 21:12:46,176 - INFO - 输入预测标签为：[0, 1, 0, 1, 1, 1, 0, 0, 1, 1, 0, 0]
2023-04-06 21:12:46,178 - INFO - 输入实际标签为：[1, 0, 0, 0, 1, 0, 0, 1, 1, 1, 0, 1]
2023-04-06 21:12:46,360 - INFO - 输入预测标签为：[1, 0, 0, 0, 1, 0, 0, 1, 1, 1, 0, 1]
2023-04-06 21:12:46,362 - INFO - 输入实际标签为：[1, 1, 1, 1, 0, 1, 1, 1, 1, 0, 1, 0]
2023-04-06 21:12:46,546 - INFO - 输入预测标签为：[1, 1, 1, 1, 0, 1, 1, 1, 1, 0, 1, 0]
2023-04-06 21:12:46,547 - INFO - 输入实际标签为：[0, 0, 0, 1, 1, 1, 0, 0, 0, 1, 1, 0]
2023-04-06 21:12:46,729 - INFO - 输入预测标签为：[0, 0, 0, 1, 1, 1, 0, 0, 0, 1, 1, 0]
2023-04-06 21:12:46,730 - INFO - 输入实际标签为：[1, 0, 1, 1, 1, 1, 1, 1, 1, 0, 1, 0]
2023-04-06 21:12:46,914 - INFO - 输入预测标签为：[1, 0, 1, 1, 1, 1, 1, 1, 1, 0, 1, 0]
2023-04-06 21:12:46,915 - INFO - 输入实际标签为：[0, 1, 1, 1, 1, 1, 1, 0, 1, 1, 0, 1]
2023-04-06 21:12:47,099 - INFO - 输入预测标签为：[0, 1, 1, 1, 1, 1, 1, 0, 1, 1, 0, 1]
2023-04-06 21:12:47,100 - INFO - 输入实际标签为：[1, 1, 1, 1, 0, 0, 1, 0, 0, 1, 0, 0]
2023-04-06 21:12:47,283 - INFO - 输入预测标签为：[1, 1, 1, 1, 0, 0, 1, 0, 0, 1, 0, 0]
2023-04-06 21:12:47,285 - INFO - 输入实际标签为：[0, 1, 0, 1, 0, 0, 1, 1, 1, 0, 0, 1]
2023-04-06 21:12:47,465 - INFO - 输入预测标签为：[0, 1, 0, 1, 0, 0, 1, 1, 1, 0, 0, 1]
2023-04-06 21:12:47,467 - INFO - 输入实际标签为：[0, 0, 0, 0, 0, 1, 1, 1, 0, 0, 1, 0]
2023-04-06 21:12:47,650 - INFO - 输入预测标签为：[0, 0, 0, 0, 0, 1, 1, 1, 0, 0, 1, 0]
2023-04-06 21:12:47,651 - INFO - 输入实际标签为：[1, 1, 0, 1, 1, 0, 1, 0, 1, 1, 1, 0]
2023-04-06 21:12:47,835 - INFO - 输入预测标签为：[1, 1, 0, 1, 1, 0, 1, 0, 1, 1, 1, 0]
2023-04-06 21:12:47,838 - INFO - 输入实际标签为：[1, 1, 1, 1, 1, 0, 0, 0, 0, 0, 1, 0]
2023-04-06 21:12:48,021 - INFO - 输入预测标签为：[1, 1, 1, 1, 1, 0, 0, 0, 0, 0, 1, 0]
2023-04-06 21:12:48,023 - INFO - 输入实际标签为：[1, 0, 0, 0, 0, 1, 0, 1, 1, 1, 1, 1]
2023-04-06 21:12:48,207 - INFO - 输入预测标签为：[1, 0, 0, 0, 0, 1, 0, 1, 1, 1, 1, 1]
2023-04-06 21:12:48,209 - INFO - 输入实际标签为：[1, 1, 1, 0, 0, 0, 0, 1, 1, 0, 1, 1]
2023-04-06 21:12:48,392 - INFO - 输入预测标签为：[1, 1, 1, 0, 0, 0, 0, 1, 1, 0, 1, 1]
2023-04-06 21:12:48,394 - INFO - 输入实际标签为：[0, 1, 0, 1, 0, 1, 0, 1, 0, 1, 0, 1]
2023-04-06 21:12:48,576 - INFO - 输入预测标签为：[0, 1, 0, 1, 0, 1, 0, 1, 0, 1, 0, 1]
2023-04-06 21:12:48,578 - INFO - 输入实际标签为：[1, 1, 0, 1, 1, 1, 0, 1, 1, 0, 1, 0]
2023-04-06 21:12:48,760 - INFO - 输入预测标签为：[1, 1, 0, 1, 1, 1, 0, 1, 1, 0, 1, 0]
2023-04-06 21:12:48,761 - INFO - 输入实际标签为：[0, 1, 1, 1, 1, 1, 0, 0, 0, 0, 1, 1]
2023-04-06 21:12:48,945 - INFO - 输入预测标签为：[0, 1, 1, 1, 1, 1, 0, 0, 0, 0, 1, 1]
2023-04-06 21:12:48,946 - INFO - 输入实际标签为：[0, 1, 0, 0, 1, 1, 0, 0, 1, 1, 0, 1]
2023-04-06 21:12:49,129 - INFO - 输入预测标签为：[0, 1, 0, 0, 1, 1, 0, 0, 1, 1, 0, 1]
2023-04-06 21:12:49,132 - INFO - 输入实际标签为：[0, 0, 1, 0, 1, 0, 1, 1, 0, 0, 1, 1]
2023-04-06 21:12:49,316 - INFO - 输入预测标签为：[0, 0, 1, 0, 1, 0, 1, 1, 0, 0, 1, 1]
2023-04-06 21:12:49,317 - INFO - 输入实际标签为：[0, 1, 1, 0, 0, 1, 1, 1, 1, 1, 0, 1]
2023-04-06 21:12:49,500 - INFO - 输入预测标签为：[0, 1, 1, 0, 0, 1, 1, 1, 1, 1, 0, 1]
2023-04-06 21:12:49,501 - INFO - 输入实际标签为：[0, 1, 1, 0, 0, 0, 1, 1, 1, 1, 1, 0]
2023-04-06 21:12:49,686 - INFO - 输入预测标签为：[0, 1, 1, 0, 0, 0, 1, 1, 1, 1, 1, 0]
2023-04-06 21:12:49,687 - INFO - 输入实际标签为：[0, 0, 0, 0, 0, 0, 1, 1, 1, 0, 0, 1]
2023-04-06 21:12:49,871 - INFO - 输入预测标签为：[0, 0, 0, 0, 0, 0, 1, 1, 1, 0, 0, 1]
2023-04-06 21:12:49,872 - INFO - 输入实际标签为：[0, 0, 0, 1, 0, 1, 1, 1, 0, 1, 0, 1]
2023-04-06 21:12:50,055 - INFO - 输入预测标签为：[0, 0, 0, 1, 0, 1, 1, 1, 0, 1, 0, 1]
2023-04-06 21:12:50,056 - INFO - 输入实际标签为：[1, 0, 1, 1, 1, 0, 1, 1, 1, 1, 1, 0]
2023-04-06 21:12:50,240 - INFO - 输入预测标签为：[1, 0, 1, 1, 1, 0, 1, 1, 1, 1, 1, 0]
2023-04-06 21:12:50,242 - INFO - 输入实际标签为：[1, 0, 0, 1, 1, 1, 0, 1, 0, 1, 1, 0]
2023-04-06 21:12:50,424 - INFO - 输入预测标签为：[1, 0, 0, 1, 1, 1, 0, 1, 0, 1, 1, 0]
2023-04-06 21:12:50,426 - INFO - 输入实际标签为：[0, 0, 1, 1, 0, 1, 1, 1, 1, 0, 0, 0]
2023-04-06 21:12:50,608 - INFO - 输入预测标签为：[0, 0, 1, 1, 0, 1, 1, 1, 1, 0, 0, 0]
2023-04-06 21:12:50,610 - INFO - 输入实际标签为：[0, 0, 1, 1, 0, 1, 1, 0, 0, 0, 0, 0]
2023-04-06 21:12:50,792 - INFO - 输入预测标签为：[0, 0, 1, 1, 0, 1, 1, 0, 0, 0, 0, 0]
2023-04-06 21:12:50,794 - INFO - 输入实际标签为：[0, 0, 1, 0, 1, 0, 1, 0, 0, 1, 0, 1]
2023-04-06 21:12:50,978 - INFO - 输入预测标签为：[0, 0, 1, 0, 1, 0, 1, 0, 0, 1, 0, 1]
2023-04-06 21:12:50,979 - INFO - 输入实际标签为：[1, 1, 1, 0, 0, 0, 0, 1, 0, 0, 0, 1]
2023-04-06 21:12:51,163 - INFO - 输入预测标签为：[1, 1, 1, 0, 0, 0, 0, 1, 0, 0, 0, 1]
2023-04-06 21:12:51,164 - INFO - 输入实际标签为：[1, 0, 1, 0, 1, 1, 1, 1, 1, 0, 1, 1]
2023-04-06 21:12:51,347 - INFO - 输入预测标签为：[1, 0, 1, 0, 1, 1, 1, 1, 1, 0, 1, 1]
2023-04-06 21:12:51,349 - INFO - 输入实际标签为：[0, 0, 0, 1, 0, 1, 0, 1, 1, 0, 0, 1]
2023-04-06 21:12:51,533 - INFO - 输入预测标签为：[0, 0, 0, 1, 0, 1, 0, 1, 1, 0, 0, 1]
2023-04-06 21:12:51,535 - INFO - 输入实际标签为：[1, 1, 1, 1, 1, 1, 1, 1, 1, 0, 1, 1]
2023-04-06 21:12:51,718 - INFO - 输入预测标签为：[1, 1, 1, 1, 1, 1, 1, 1, 1, 0, 1, 1]
2023-04-06 21:12:51,720 - INFO - 输入实际标签为：[1, 1, 0, 0, 1, 1, 0, 0, 1, 0, 0, 1]
2023-04-06 21:12:51,902 - INFO - 输入预测标签为：[1, 1, 0, 0, 1, 1, 0, 0, 1, 0, 0, 1]
2023-04-06 21:12:51,904 - INFO - 输入实际标签为：[1, 0, 1, 1, 0, 1, 0, 0, 1, 0, 1, 1]
2023-04-06 21:12:52,088 - INFO - 输入预测标签为：[1, 0, 1, 1, 0, 1, 0, 0, 1, 0, 1, 1]
2023-04-06 21:12:52,092 - INFO - 输入实际标签为：[0, 0, 0, 1, 0, 1, 1, 0, 1, 1, 1, 1]
2023-04-06 21:12:52,275 - INFO - 输入预测标签为：[0, 0, 0, 1, 0, 1, 1, 0, 1, 1, 1, 1]
2023-04-06 21:12:52,277 - INFO - 输入实际标签为：[1, 1, 1, 0, 1, 1, 1, 1, 1, 0, 1, 1]
2023-04-06 21:12:52,462 - INFO - 输入预测标签为：[1, 1, 1, 0, 1, 1, 1, 1, 1, 0, 1, 1]
2023-04-06 21:12:52,464 - INFO - 输入实际标签为：[0, 1, 0, 1, 1, 1, 1, 0, 1, 0, 1, 1]
2023-04-06 21:12:52,647 - INFO - 输入预测标签为：[0, 1, 0, 1, 1, 1, 1, 0, 1, 0, 1, 1]
2023-04-06 21:12:52,649 - INFO - 输入实际标签为：[1, 0, 0, 1, 0, 1, 1, 0, 0, 0, 1, 1]
2023-04-06 21:12:52,832 - INFO - 输入预测标签为：[1, 0, 0, 1, 0, 1, 1, 0, 0, 0, 1, 1]
2023-04-06 21:12:52,833 - INFO - 输入实际标签为：[1, 1, 0, 0, 1, 0, 1, 0, 0, 1, 0, 0]
2023-04-06 21:12:53,017 - INFO - 输入预测标签为：[1, 1, 0, 0, 1, 0, 1, 0, 0, 1, 0, 0]
2023-04-06 21:12:53,018 - INFO - 输入实际标签为：[0, 1, 0, 1, 0, 0, 1, 1, 0, 1, 1, 1]
2023-04-06 21:12:53,201 - INFO - 输入预测标签为：[0, 1, 0, 1, 0, 0, 1, 1, 0, 1, 1, 1]
2023-04-06 21:12:53,202 - INFO - 输入实际标签为：[0, 1, 1, 1, 1, 1, 1, 1, 1, 1, 1, 1]
2023-04-06 21:12:53,387 - INFO - 输入预测标签为：[0, 1, 1, 1, 1, 1, 1, 1, 1, 1, 1, 1]
2023-04-06 21:12:53,388 - INFO - 输入实际标签为：[1, 1, 1, 0, 1, 1, 0, 1, 1, 0, 1, 1]
2023-04-06 21:12:53,573 - INFO - 输入预测标签为：[1, 1, 1, 0, 1, 1, 0, 1, 1, 0, 1, 1]
2023-04-06 21:12:53,575 - INFO - 输入实际标签为：[1, 1, 1, 1, 1, 0, 0, 1, 1, 0, 0, 0]
2023-04-06 21:12:53,759 - INFO - 输入预测标签为：[1, 1, 1, 1, 1, 0, 0, 1, 1, 0, 0, 0]
2023-04-06 21:12:53,761 - INFO - 输入实际标签为：[1, 1, 1, 1, 0, 1, 1, 1, 0, 0, 0, 0]
2023-04-06 21:12:53,945 - INFO - 输入预测标签为：[1, 1, 1, 1, 0, 1, 1, 1, 0, 0, 0, 0]
2023-04-06 21:12:53,947 - INFO - 输入实际标签为：[1, 0, 0, 0, 0, 0, 1, 1, 1, 1, 0, 1]
2023-04-06 21:12:54,131 - INFO - 输入预测标签为：[1, 0, 0, 0, 0, 0, 1, 1, 1, 1, 0, 1]
2023-04-06 21:12:54,132 - INFO - 输入实际标签为：[0, 1, 0, 1, 1, 1, 1, 1, 1, 0, 1, 1]
2023-04-06 21:12:54,316 - INFO - 输入预测标签为：[0, 1, 0, 1, 1, 1, 1, 1, 1, 0, 1, 1]
2023-04-06 21:12:54,318 - INFO - 输入实际标签为：[0, 0, 1, 0, 1, 1, 1, 1, 1, 0, 1, 0]
2023-04-06 21:12:54,501 - INFO - 输入预测标签为：[0, 0, 1, 0, 1, 1, 1, 1, 1, 0, 1, 0]
2023-04-06 21:12:54,503 - INFO - 输入实际标签为：[1, 1, 0, 0, 0, 0, 0, 1, 0, 1, 1, 0]
2023-04-06 21:12:54,687 - INFO - 输入预测标签为：[1, 1, 0, 0, 0, 0, 0, 1, 0, 1, 1, 0]
2023-04-06 21:12:54,689 - INFO - 输入实际标签为：[0, 1, 1, 0, 0, 0, 0, 1, 0, 1, 1, 1]
2023-04-06 21:12:54,873 - INFO - 输入预测标签为：[0, 1, 1, 0, 0, 0, 0, 1, 0, 1, 1, 1]
2023-04-06 21:12:54,875 - INFO - 输入实际标签为：[1, 1, 0, 0, 1, 0, 1, 1, 1, 0, 1, 1]
2023-04-06 21:12:55,057 - INFO - 输入预测标签为：[1, 1, 0, 0, 1, 0, 1, 1, 1, 0, 1, 1]
2023-04-06 21:12:55,059 - INFO - 输入实际标签为：[1, 1, 1, 0, 1, 0, 0, 1, 1, 1, 1, 0]
2023-04-06 21:12:55,243 - INFO - 输入预测标签为：[1, 1, 1, 0, 1, 0, 0, 1, 1, 1, 1, 0]
2023-04-06 21:12:55,245 - INFO - 输入实际标签为：[1, 0, 0, 1, 1, 1, 0, 1, 0, 0, 1, 0]
2023-04-06 21:12:55,429 - INFO - 输入预测标签为：[1, 0, 0, 1, 1, 1, 0, 1, 0, 0, 1, 0]
2023-04-06 21:12:55,430 - INFO - 输入实际标签为：[0, 1, 0, 0, 0, 1, 0, 0, 1, 1, 0, 1]
2023-04-06 21:12:55,616 - INFO - 输入预测标签为：[0, 1, 0, 0, 0, 1, 0, 0, 1, 1, 0, 1]
2023-04-06 21:12:55,618 - INFO - 输入实际标签为：[1, 0, 1, 1, 0, 1, 0, 1, 0, 1, 0, 0]
2023-04-06 21:12:55,803 - INFO - 输入预测标签为：[1, 0, 1, 1, 0, 1, 0, 1, 0, 1, 0, 0]
2023-04-06 21:12:55,805 - INFO - 输入实际标签为：[0, 1, 0, 1, 0, 0, 0, 1, 0, 0, 0, 1]
2023-04-06 21:12:55,988 - INFO - 输入预测标签为：[0, 1, 0, 1, 0, 0, 0, 1, 0, 0, 0, 1]
2023-04-06 21:12:55,989 - INFO - 输入实际标签为：[0, 0, 0, 1, 1, 0, 1, 1, 1, 1, 0, 1]
2023-04-06 21:12:56,175 - INFO - 输入预测标签为：[0, 0, 0, 1, 1, 0, 1, 1, 1, 1, 0, 1]
2023-04-06 21:12:56,176 - INFO - 输入实际标签为：[0, 1, 0, 1, 0, 1, 1, 0, 1, 0, 1, 0]
2023-04-06 21:12:56,360 - INFO - 输入预测标签为：[0, 1, 0, 1, 0, 1, 1, 0, 1, 0, 1, 0]
2023-04-06 21:12:56,361 - INFO - 输入实际标签为：[0, 1, 0, 0, 0, 1, 1, 1, 0, 0, 1, 1]
2023-04-06 21:12:56,545 - INFO - 输入预测标签为：[0, 1, 0, 0, 0, 1, 1, 1, 0, 0, 1, 1]
2023-04-06 21:12:56,546 - INFO - 输入实际标签为：[0, 0, 1, 0, 1, 1, 0, 0, 0, 1, 1, 0]
2023-04-06 21:12:56,730 - INFO - 输入预测标签为：[0, 0, 1, 0, 1, 1, 0, 0, 0, 1, 1, 0]
2023-04-06 21:12:56,731 - INFO - 输入实际标签为：[1, 1, 1, 0, 0, 1, 1, 1, 0, 0, 0, 1]
2023-04-06 21:12:56,915 - INFO - 输入预测标签为：[1, 1, 1, 0, 0, 1, 1, 1, 0, 0, 0, 1]
2023-04-06 21:12:56,918 - INFO - 输入实际标签为：[0, 0, 0, 0, 1, 1, 1, 1, 1, 1, 1, 1]
2023-04-06 21:12:57,101 - INFO - 输入预测标签为：[0, 0, 0, 0, 1, 1, 1, 1, 1, 1, 1, 1]
2023-04-06 21:12:57,103 - INFO - 输入实际标签为：[1, 0, 1, 0, 1, 1, 0, 1, 1, 1, 1, 1]
2023-04-06 21:12:57,287 - INFO - 输入预测标签为：[1, 0, 1, 0, 1, 1, 0, 1, 1, 1, 1, 1]
2023-04-06 21:12:57,289 - INFO - 输入实际标签为：[1, 1, 1, 0, 1, 1, 1, 0, 1, 1, 1, 1]
2023-04-06 21:12:57,472 - INFO - 输入预测标签为：[1, 1, 1, 0, 1, 1, 1, 0, 1, 1, 1, 1]
2023-04-06 21:12:57,474 - INFO - 输入实际标签为：[0, 0, 0, 1, 0, 0, 0, 1, 0, 0, 1, 1]
2023-04-06 21:12:57,658 - INFO - 输入预测标签为：[0, 0, 0, 1, 0, 0, 0, 1, 0, 0, 1, 1]
2023-04-06 21:12:57,660 - INFO - 输入实际标签为：[0, 0, 1, 1, 0, 0, 1, 0, 1, 0, 1, 1]
2023-04-06 21:12:57,844 - INFO - 输入预测标签为：[0, 0, 1, 1, 0, 0, 1, 0, 1, 0, 1, 1]
2023-04-06 21:12:57,847 - INFO - 输入实际标签为：[0, 1, 1, 1, 0, 1, 0, 0, 0, 0, 1, 1]
2023-04-06 21:12:58,031 - INFO - 输入预测标签为：[0, 1, 1, 1, 0, 1, 0, 0, 0, 0, 1, 1]
2023-04-06 21:12:58,032 - INFO - 输入实际标签为：[1, 1, 1, 0, 1, 1, 1, 1, 0, 1, 0, 1]
2023-04-06 21:12:58,218 - INFO - 输入预测标签为：[1, 1, 1, 0, 1, 1, 1, 1, 0, 1, 0, 1]
2023-04-06 21:12:58,219 - INFO - 输入实际标签为：[1, 0, 1, 1, 1, 1, 0, 0, 1, 1, 1, 1]
2023-04-06 21:12:58,404 - INFO - 输入预测标签为：[1, 0, 1, 1, 1, 1, 0, 0, 1, 1, 1, 1]
2023-04-06 21:12:58,406 - INFO - 输入实际标签为：[1, 1, 1, 1, 1, 1, 1, 0, 1, 0, 1, 1]
2023-04-06 21:12:58,590 - INFO - 输入预测标签为：[1, 1, 1, 1, 1, 1, 1, 0, 1, 0, 1, 1]
2023-04-06 21:12:58,591 - INFO - 输入实际标签为：[0, 0, 0, 1, 1, 1, 1, 1, 1, 0, 1, 0]
2023-04-06 21:12:58,774 - INFO - 输入预测标签为：[0, 0, 0, 1, 1, 1, 1, 1, 1, 0, 1, 0]
2023-04-06 21:12:58,775 - INFO - 输入实际标签为：[1, 0, 0, 1, 0, 0, 0, 0, 1, 0, 1, 1]
2023-04-06 21:12:58,959 - INFO - 输入预测标签为：[1, 0, 0, 1, 0, 0, 0, 0, 1, 0, 1, 1]
2023-04-06 21:12:58,960 - INFO - 输入实际标签为：[0, 1, 1, 1, 1, 0, 1, 1, 1, 1, 1, 1]
2023-04-06 21:12:59,144 - INFO - 输入预测标签为：[0, 1, 1, 1, 1, 0, 1, 1, 1, 1, 1, 1]
2023-04-06 21:12:59,146 - INFO - 输入实际标签为：[0, 1, 0, 1, 0, 0, 1, 1, 0, 1, 1, 0]
2023-04-06 21:12:59,331 - INFO - 输入预测标签为：[0, 1, 0, 1, 0, 0, 1, 1, 0, 1, 1, 0]
2023-04-06 21:12:59,333 - INFO - 输入实际标签为：[1, 0, 1, 1, 0, 1, 0, 1, 1, 1, 0, 1]
2023-04-06 21:12:59,518 - INFO - 输入预测标签为：[1, 0, 1, 1, 0, 1, 0, 1, 1, 1, 0, 1]
2023-04-06 21:12:59,519 - INFO - 输入实际标签为：[1, 1, 0, 1, 1, 0, 1, 1, 1, 1, 1, 1]
2023-04-06 21:12:59,704 - INFO - 输入预测标签为：[1, 1, 0, 1, 1, 0, 1, 1, 1, 1, 1, 1]
2023-04-06 21:12:59,705 - INFO - ————————————————模型测试结束————————————————
2023-04-06 21:12:59,705 - INFO - 总测试样本: 1344个
2023-04-06 21:12:59,705 - INFO - 预测正确样本: 1343个
2023-04-06 21:12:59,705 - INFO - 测试准确度: 0.999256
2023-04-06 21:12:59,723 - INFO - -----------------------------
2023-04-06 21:12:59,723 - INFO - Accuracy: 0.9992559523809523
2023-04-06 21:12:59,723 - INFO - Precision: 0.9993279569892473
2023-04-06 21:12:59,723 - INFO - Recall: 0.9991680532445923
2023-04-06 21:12:59,723 - INFO - F1 Score: 0.9992474327883007
2023-04-06 21:12:59,723 - INFO - AUC Score: 0.9991680532445923
2023-04-06 21:12:59,723 - INFO - -----------------------------
2023-04-06 21:12:59,729 - INFO - 
              precision    recall  f1-score   support

           0       1.00      1.00      1.00       601
           1       1.00      1.00      1.00       743

    accuracy                           1.00      1344
   macro avg       1.00      1.00      1.00      1344
weighted avg       1.00      1.00      1.00      1344

2023-04-06 21:12:59,729 - INFO - -----------------------------
2023-04-06 21:12:59,729 - INFO - -----------混淆矩阵------------
2023-04-06 21:12:59,730 - INFO - 
[[600   1]
 [  0 743]]
2023-04-06 21:12:59,730 - INFO - -----------------------------
2023-04-06 21:13:00,074 - INFO - ————————————————预测文本类别————————————————
2023-04-06 21:13:00,096 - INFO - 这条微博有99.99%的概率为非谣言，有0.01%的概率为谣言
2023-04-06 21:13:00,097 - INFO - ——————————————————————
2023-04-06 21:13:00,097 - INFO - ——————程序运行结束——————
