2023-04-06 14:42:48,588 - INFO - ——————程序运行开始——————
2023-04-06 14:42:48,589 - INFO - ——————————————————————
2023-04-06 14:42:48,589 - INFO - ——————输出训练参数——————
2023-04-06 14:42:48,589 - INFO - Batch_size：12
2023-04-06 14:42:48,589 - INFO - Epochs：1
2023-04-06 14:42:48,589 - INFO - Learning_rate：2e-05
2023-04-06 14:42:48,589 - INFO - max_seq_length：256
2023-04-06 14:42:48,589 - INFO - num_labels：2
2023-04-06 14:42:48,590 - INFO - ——————————————————————
2023-04-06 14:42:48,624 - INFO - GPU is available
2023-04-06 14:42:49,612 - INFO - 谣言数据总量为：1538
2023-04-06 14:42:49,613 - INFO - 非谣言数据总量为：1849
2023-04-06 14:42:49,627 - INFO - 数据文本生成成功！
2023-04-06 14:42:49,644 - INFO - 成功划分训练集和测试集！
2023-04-06 14:42:49,751 - INFO - 成功划分训练集和测试集！
2023-04-06 14:43:23,841 - INFO - ————————————————模型测试开始————————————————
2023-04-06 14:43:24,281 - INFO - 输入预测标签为：[0, 1, 1, 0, 1, 0, 1, 1, 0, 1, 1, 1]
2023-04-06 14:43:24,282 - INFO - 输入实际标签为：[0, 1, 1, 0, 1, 0, 1, 1, 0, 1, 1, 1]
2023-04-06 14:43:24,459 - INFO - 输入预测标签为：[0, 0, 1, 0, 0, 1, 0, 0, 0, 1, 0, 0]
2023-04-06 14:43:24,460 - INFO - 输入实际标签为：[0, 0, 1, 0, 0, 1, 0, 0, 0, 1, 0, 0]
2023-04-06 14:43:24,638 - INFO - 输入预测标签为：[1, 0, 1, 1, 1, 0, 1, 0, 1, 1, 1, 0]
2023-04-06 14:43:24,639 - INFO - 输入实际标签为：[1, 0, 1, 1, 1, 0, 1, 0, 1, 1, 1, 0]
2023-04-06 14:43:24,818 - INFO - 输入预测标签为：[0, 1, 1, 1, 1, 1, 1, 1, 1, 1, 1, 1]
2023-04-06 14:43:24,819 - INFO - 输入实际标签为：[0, 1, 1, 1, 1, 1, 1, 1, 1, 1, 1, 1]
2023-04-06 14:43:24,999 - INFO - 输入预测标签为：[1, 1, 0, 1, 0, 0, 0, 1, 0, 1, 0, 1]
2023-04-06 14:43:24,999 - INFO - 输入实际标签为：[1, 1, 0, 1, 0, 0, 0, 1, 0, 1, 0, 1]
2023-04-06 14:43:25,185 - INFO - 输入预测标签为：[1, 1, 0, 1, 0, 0, 1, 0, 1, 0, 1, 0]
2023-04-06 14:43:25,186 - INFO - 输入实际标签为：[1, 1, 0, 1, 0, 0, 1, 0, 1, 0, 1, 0]
2023-04-06 14:43:25,365 - INFO - 输入预测标签为：[1, 1, 0, 1, 0, 0, 0, 1, 1, 1, 0, 1]
2023-04-06 14:43:25,365 - INFO - 输入实际标签为：[1, 1, 0, 1, 0, 0, 0, 1, 1, 1, 0, 1]
2023-04-06 14:43:25,545 - INFO - 输入预测标签为：[0, 0, 1, 0, 1, 1, 1, 0, 1, 1, 0, 1]
2023-04-06 14:43:25,546 - INFO - 输入实际标签为：[0, 0, 1, 0, 1, 1, 1, 0, 1, 1, 0, 1]
2023-04-06 14:43:25,725 - INFO - 输入预测标签为：[1, 0, 0, 1, 1, 1, 1, 1, 0, 1, 1, 1]
2023-04-06 14:43:25,725 - INFO - 输入实际标签为：[1, 0, 0, 1, 1, 1, 1, 1, 0, 1, 1, 1]
2023-04-06 14:43:25,904 - INFO - 输入预测标签为：[0, 1, 1, 1, 1, 1, 0, 1, 1, 0, 0, 0]
2023-04-06 14:43:25,904 - INFO - 输入实际标签为：[0, 1, 1, 1, 1, 1, 0, 1, 1, 0, 0, 0]
2023-04-06 14:43:26,089 - INFO - 输入预测标签为：[1, 0, 0, 1, 0, 0, 1, 1, 1, 0, 0, 0]
2023-04-06 14:43:26,089 - INFO - 输入实际标签为：[1, 0, 0, 1, 0, 0, 1, 1, 1, 0, 0, 0]
2023-04-06 14:43:26,272 - INFO - 输入预测标签为：[0, 0, 0, 1, 1, 1, 0, 1, 0, 0, 1, 0]
2023-04-06 14:43:26,273 - INFO - 输入实际标签为：[0, 0, 0, 1, 1, 1, 0, 1, 0, 0, 1, 0]
2023-04-06 14:43:26,453 - INFO - 输入预测标签为：[1, 0, 1, 1, 0, 1, 0, 0, 1, 1, 1, 0]
2023-04-06 14:43:26,453 - INFO - 输入实际标签为：[1, 0, 1, 1, 0, 1, 0, 0, 1, 1, 1, 0]
2023-04-06 14:43:26,634 - INFO - 输入预测标签为：[1, 0, 1, 0, 0, 1, 0, 0, 1, 0, 1, 1]
2023-04-06 14:43:26,635 - INFO - 输入实际标签为：[1, 0, 1, 0, 0, 1, 0, 0, 1, 0, 1, 1]
2023-04-06 14:43:26,814 - INFO - 输入预测标签为：[0, 1, 0, 1, 0, 1, 0, 0, 1, 0, 0, 1]
2023-04-06 14:43:26,815 - INFO - 输入实际标签为：[0, 1, 0, 1, 0, 1, 0, 0, 1, 0, 0, 1]
2023-04-06 14:43:26,997 - INFO - 输入预测标签为：[0, 0, 0, 1, 1, 0, 1, 1, 1, 1, 0, 0]
2023-04-06 14:43:26,998 - INFO - 输入实际标签为：[0, 0, 0, 1, 1, 0, 1, 1, 1, 1, 0, 0]
2023-04-06 14:43:27,180 - INFO - 输入预测标签为：[1, 0, 0, 1, 1, 1, 1, 0, 1, 1, 1, 1]
2023-04-06 14:43:27,181 - INFO - 输入实际标签为：[1, 0, 0, 1, 1, 1, 1, 0, 1, 1, 1, 1]
2023-04-06 14:43:27,362 - INFO - 输入预测标签为：[1, 1, 0, 1, 1, 1, 0, 0, 1, 0, 1, 1]
2023-04-06 14:43:27,362 - INFO - 输入实际标签为：[1, 1, 0, 1, 1, 1, 0, 0, 1, 0, 1, 1]
2023-04-06 14:43:27,543 - INFO - 输入预测标签为：[0, 1, 1, 1, 1, 0, 1, 0, 0, 0, 0, 1]
2023-04-06 14:43:27,544 - INFO - 输入实际标签为：[0, 1, 1, 1, 1, 0, 1, 0, 0, 0, 0, 1]
2023-04-06 14:43:27,724 - INFO - 输入预测标签为：[1, 0, 0, 1, 1, 0, 0, 0, 1, 0, 0, 1]
2023-04-06 14:43:27,725 - INFO - 输入实际标签为：[1, 0, 0, 1, 1, 0, 0, 0, 1, 0, 0, 1]
2023-04-06 14:43:27,908 - INFO - 输入预测标签为：[0, 0, 1, 1, 1, 1, 0, 1, 1, 1, 0, 0]
2023-04-06 14:43:27,908 - INFO - 输入实际标签为：[0, 0, 1, 1, 1, 1, 0, 1, 1, 1, 0, 0]
2023-04-06 14:43:28,092 - INFO - 输入预测标签为：[1, 1, 1, 1, 0, 1, 0, 1, 0, 1, 0, 0]
2023-04-06 14:43:28,093 - INFO - 输入实际标签为：[1, 1, 1, 1, 0, 1, 0, 1, 0, 1, 0, 0]
2023-04-06 14:43:28,275 - INFO - 输入预测标签为：[0, 0, 1, 1, 1, 1, 0, 1, 1, 1, 0, 1]
2023-04-06 14:43:28,276 - INFO - 输入实际标签为：[0, 0, 1, 1, 1, 1, 0, 1, 1, 1, 0, 1]
2023-04-06 14:43:28,457 - INFO - 输入预测标签为：[0, 1, 1, 1, 1, 0, 0, 1, 0, 0, 0, 0]
2023-04-06 14:43:28,457 - INFO - 输入实际标签为：[0, 1, 1, 1, 1, 0, 0, 1, 0, 0, 0, 0]
2023-04-06 14:43:28,637 - INFO - 输入预测标签为：[0, 0, 1, 1, 1, 0, 1, 1, 0, 0, 1, 0]
2023-04-06 14:43:28,638 - INFO - 输入实际标签为：[0, 0, 1, 1, 1, 0, 1, 1, 0, 0, 1, 0]
2023-04-06 14:43:28,819 - INFO - 输入预测标签为：[0, 1, 0, 0, 1, 0, 1, 1, 1, 1, 1, 1]
2023-04-06 14:43:28,820 - INFO - 输入实际标签为：[0, 1, 0, 0, 1, 0, 1, 1, 1, 1, 1, 1]
2023-04-06 14:43:29,002 - INFO - 输入预测标签为：[1, 0, 0, 1, 1, 1, 1, 1, 0, 1, 0, 1]
2023-04-06 14:43:29,003 - INFO - 输入实际标签为：[1, 0, 0, 1, 1, 1, 1, 1, 0, 1, 0, 1]
2023-04-06 14:43:29,184 - INFO - 输入预测标签为：[0, 1, 1, 0, 0, 1, 0, 0, 0, 1, 1, 1]
2023-04-06 14:43:29,185 - INFO - 输入实际标签为：[0, 1, 1, 0, 0, 1, 0, 0, 0, 1, 1, 1]
2023-04-06 14:43:29,366 - INFO - 输入预测标签为：[0, 1, 0, 1, 1, 1, 1, 0, 1, 0, 1, 0]
2023-04-06 14:43:29,367 - INFO - 输入实际标签为：[0, 1, 0, 1, 1, 1, 1, 0, 1, 0, 1, 0]
2023-04-06 14:43:29,549 - INFO - 输入预测标签为：[1, 0, 0, 0, 1, 0, 0, 0, 1, 1, 1, 1]
2023-04-06 14:43:29,549 - INFO - 输入实际标签为：[1, 0, 0, 0, 1, 0, 0, 0, 1, 1, 1, 1]
2023-04-06 14:43:29,729 - INFO - 输入预测标签为：[1, 0, 1, 1, 1, 1, 1, 0, 0, 0, 0, 0]
2023-04-06 14:43:29,729 - INFO - 输入实际标签为：[1, 0, 1, 1, 1, 1, 1, 0, 0, 0, 0, 0]
2023-04-06 14:43:29,913 - INFO - 输入预测标签为：[0, 1, 0, 1, 0, 0, 0, 1, 0, 1, 1, 1]
2023-04-06 14:43:29,914 - INFO - 输入实际标签为：[0, 1, 0, 1, 0, 0, 0, 1, 0, 1, 1, 1]
2023-04-06 14:43:30,096 - INFO - 输入预测标签为：[1, 1, 1, 0, 0, 1, 0, 0, 0, 0, 1, 1]
2023-04-06 14:43:30,097 - INFO - 输入实际标签为：[1, 1, 1, 0, 0, 1, 0, 0, 0, 0, 1, 1]
2023-04-06 14:43:30,279 - INFO - 输入预测标签为：[1, 1, 0, 1, 1, 0, 0, 0, 1, 1, 0, 0]
2023-04-06 14:43:30,280 - INFO - 输入实际标签为：[1, 1, 0, 1, 1, 0, 0, 0, 1, 1, 0, 0]
2023-04-06 14:43:30,461 - INFO - 输入预测标签为：[1, 1, 1, 0, 0, 0, 0, 0, 1, 1, 1, 0]
2023-04-06 14:43:30,462 - INFO - 输入实际标签为：[1, 1, 1, 0, 0, 0, 0, 0, 1, 1, 1, 0]
2023-04-06 14:43:30,646 - INFO - 输入预测标签为：[0, 0, 0, 0, 0, 0, 0, 0, 1, 0, 1, 0]
2023-04-06 14:43:30,646 - INFO - 输入实际标签为：[0, 0, 0, 0, 0, 0, 0, 0, 1, 0, 1, 0]
2023-04-06 14:43:30,832 - INFO - 输入预测标签为：[0, 1, 1, 0, 1, 1, 0, 1, 1, 0, 1, 0]
2023-04-06 14:43:30,832 - INFO - 输入实际标签为：[0, 1, 1, 0, 1, 1, 0, 1, 1, 0, 1, 0]
2023-04-06 14:43:31,019 - INFO - 输入预测标签为：[1, 1, 0, 0, 0, 0, 1, 0, 0, 1, 0, 1]
2023-04-06 14:43:31,020 - INFO - 输入实际标签为：[1, 1, 0, 0, 0, 0, 1, 0, 0, 1, 0, 1]
2023-04-06 14:43:31,206 - INFO - 输入预测标签为：[0, 0, 1, 0, 1, 0, 0, 0, 1, 1, 1, 1]
2023-04-06 14:43:31,207 - INFO - 输入实际标签为：[0, 0, 1, 0, 1, 0, 0, 0, 1, 1, 1, 1]
2023-04-06 14:43:31,394 - INFO - 输入预测标签为：[1, 1, 1, 1, 1, 1, 0, 0, 1, 1, 1, 1]
2023-04-06 14:43:31,394 - INFO - 输入实际标签为：[1, 1, 1, 1, 1, 1, 0, 0, 1, 1, 1, 1]
2023-04-06 14:43:31,578 - INFO - 输入预测标签为：[0, 0, 1, 0, 0, 1, 0, 0, 0, 1, 1, 0]
2023-04-06 14:43:31,578 - INFO - 输入实际标签为：[0, 0, 1, 0, 0, 1, 0, 0, 0, 1, 1, 0]
2023-04-06 14:43:31,764 - INFO - 输入预测标签为：[1, 1, 1, 1, 1, 1, 1, 1, 1, 0, 0, 1]
2023-04-06 14:43:31,765 - INFO - 输入实际标签为：[1, 1, 1, 1, 1, 1, 1, 1, 1, 0, 0, 1]
2023-04-06 14:43:31,950 - INFO - 输入预测标签为：[0, 0, 1, 0, 1, 1, 1, 1, 0, 1, 0, 1]
2023-04-06 14:43:31,951 - INFO - 输入实际标签为：[0, 0, 1, 0, 1, 1, 1, 1, 0, 1, 0, 1]
2023-04-06 14:43:32,136 - INFO - 输入预测标签为：[0, 1, 1, 0, 0, 0, 1, 1, 0, 1, 0, 1]
2023-04-06 14:43:32,137 - INFO - 输入实际标签为：[0, 1, 1, 0, 0, 0, 1, 1, 0, 1, 0, 1]
2023-04-06 14:43:32,322 - INFO - 输入预测标签为：[0, 1, 0, 0, 0, 0, 1, 1, 0, 1, 1, 1]
2023-04-06 14:43:32,322 - INFO - 输入实际标签为：[0, 1, 0, 0, 0, 0, 1, 1, 0, 1, 1, 1]
2023-04-06 14:43:32,508 - INFO - 输入预测标签为：[0, 0, 0, 0, 1, 1, 0, 0, 1, 0, 1, 0]
2023-04-06 14:43:32,509 - INFO - 输入实际标签为：[0, 0, 0, 0, 1, 1, 0, 0, 1, 0, 1, 0]
2023-04-06 14:43:32,692 - INFO - 输入预测标签为：[0, 0, 1, 0, 1, 0, 1, 0, 1, 0, 1, 0]
2023-04-06 14:43:32,693 - INFO - 输入实际标签为：[0, 0, 1, 0, 1, 0, 1, 0, 1, 0, 1, 0]
2023-04-06 14:43:32,878 - INFO - 输入预测标签为：[0, 0, 1, 1, 1, 0, 1, 0, 0, 1, 1, 1]
2023-04-06 14:43:32,878 - INFO - 输入实际标签为：[0, 0, 1, 1, 1, 0, 1, 0, 0, 1, 1, 1]
2023-04-06 14:43:33,065 - INFO - 输入预测标签为：[0, 1, 1, 1, 1, 1, 1, 1, 0, 0, 1, 0]
2023-04-06 14:43:33,065 - INFO - 输入实际标签为：[0, 1, 1, 1, 1, 1, 1, 1, 0, 0, 1, 0]
2023-04-06 14:43:33,250 - INFO - 输入预测标签为：[1, 0, 0, 1, 1, 1, 0, 0, 1, 1, 1, 1]
2023-04-06 14:43:33,251 - INFO - 输入实际标签为：[1, 0, 0, 1, 1, 1, 0, 0, 1, 1, 1, 1]
2023-04-06 14:43:33,437 - INFO - 输入预测标签为：[1, 1, 0, 1, 0, 1, 0, 1, 1, 1, 1, 1]
2023-04-06 14:43:33,437 - INFO - 输入实际标签为：[1, 1, 0, 1, 0, 1, 0, 1, 1, 1, 1, 1]
2023-04-06 14:43:33,622 - INFO - 输入预测标签为：[0, 1, 0, 0, 0, 1, 0, 0, 0, 0, 1, 1]
2023-04-06 14:43:33,623 - INFO - 输入实际标签为：[0, 1, 0, 0, 0, 1, 0, 0, 0, 0, 1, 1]
2023-04-06 14:43:33,809 - INFO - 输入预测标签为：[0, 0, 0, 1, 0, 0, 1, 0, 1, 1, 1, 1]
2023-04-06 14:43:33,809 - INFO - 输入实际标签为：[0, 0, 0, 1, 0, 0, 1, 0, 1, 1, 1, 1]
2023-04-06 14:43:33,992 - INFO - 输入预测标签为：[0, 0, 0, 0, 0, 0, 1, 0, 0, 1, 1, 0]
2023-04-06 14:43:33,992 - INFO - 输入实际标签为：[0, 0, 0, 0, 0, 0, 1, 0, 0, 1, 1, 0]
2023-04-06 14:43:34,178 - INFO - 输入预测标签为：[0, 1, 1, 1, 0, 1, 0, 0, 0, 0, 1, 0]
2023-04-06 14:43:34,179 - INFO - 输入实际标签为：[0, 1, 1, 1, 0, 1, 0, 0, 0, 0, 1, 0]
2023-04-06 14:43:34,367 - INFO - 输入预测标签为：[1, 0, 0, 0, 1, 1, 0, 1, 1, 1, 1, 0]
2023-04-06 14:43:34,368 - INFO - 输入实际标签为：[1, 0, 0, 0, 1, 1, 0, 1, 1, 1, 1, 0]
2023-04-06 14:43:34,552 - INFO - 输入预测标签为：[1, 0, 1, 0, 1, 0, 1, 0, 1, 1, 1, 0]
2023-04-06 14:43:34,553 - INFO - 输入实际标签为：[1, 0, 1, 0, 1, 0, 1, 0, 1, 1, 1, 0]
2023-04-06 14:43:34,738 - INFO - 输入预测标签为：[0, 1, 1, 0, 1, 0, 0, 1, 1, 0, 1, 1]
2023-04-06 14:43:34,739 - INFO - 输入实际标签为：[0, 1, 1, 0, 1, 0, 0, 1, 1, 0, 1, 1]
2023-04-06 14:43:34,924 - INFO - 输入预测标签为：[1, 0, 0, 0, 1, 0, 1, 1, 0, 1, 1, 1]
2023-04-06 14:43:34,925 - INFO - 输入实际标签为：[1, 0, 0, 0, 1, 0, 1, 1, 0, 1, 1, 1]
2023-04-06 14:43:35,109 - INFO - 输入预测标签为：[0, 1, 0, 0, 0, 1, 0, 1, 0, 1, 1, 0]
2023-04-06 14:43:35,110 - INFO - 输入实际标签为：[0, 1, 0, 0, 0, 1, 0, 1, 0, 1, 1, 0]
2023-04-06 14:43:35,294 - INFO - 输入预测标签为：[1, 0, 1, 1, 0, 1, 0, 0, 0, 1, 1, 1]
2023-04-06 14:43:35,294 - INFO - 输入实际标签为：[1, 0, 1, 1, 0, 1, 0, 0, 0, 1, 1, 1]
2023-04-06 14:43:35,478 - INFO - 输入预测标签为：[0, 0, 0, 1, 1, 0, 0, 1, 0, 1, 0, 1]
2023-04-06 14:43:35,478 - INFO - 输入实际标签为：[0, 0, 0, 1, 1, 0, 0, 1, 0, 1, 0, 1]
2023-04-06 14:43:35,664 - INFO - 输入预测标签为：[0, 0, 0, 0, 0, 0, 1, 0, 1, 0, 0, 0]
2023-04-06 14:43:35,665 - INFO - 输入实际标签为：[0, 0, 0, 0, 0, 0, 1, 0, 1, 0, 0, 0]
2023-04-06 14:43:35,851 - INFO - 输入预测标签为：[1, 0, 1, 0, 1, 0, 1, 1, 1, 1, 1, 1]
2023-04-06 14:43:35,852 - INFO - 输入实际标签为：[1, 0, 1, 0, 1, 0, 1, 1, 1, 1, 1, 1]
2023-04-06 14:43:36,034 - INFO - 输入预测标签为：[1, 1, 0, 1, 0, 0, 1, 1, 0, 0, 1, 1]
2023-04-06 14:43:36,035 - INFO - 输入实际标签为：[1, 1, 0, 1, 0, 0, 1, 1, 0, 0, 1, 1]
2023-04-06 14:43:36,220 - INFO - 输入预测标签为：[0, 1, 1, 1, 0, 0, 0, 0, 1, 1, 0, 1]
2023-04-06 14:43:36,220 - INFO - 输入实际标签为：[0, 1, 1, 1, 0, 0, 0, 0, 1, 1, 0, 1]
2023-04-06 14:43:36,404 - INFO - 输入预测标签为：[1, 1, 0, 0, 0, 1, 0, 1, 0, 1, 0, 0]
2023-04-06 14:43:36,404 - INFO - 输入实际标签为：[1, 1, 0, 0, 0, 1, 0, 1, 0, 1, 0, 0]
2023-04-06 14:43:36,589 - INFO - 输入预测标签为：[1, 1, 1, 0, 1, 0, 0, 0, 0, 1, 1, 0]
2023-04-06 14:43:36,590 - INFO - 输入实际标签为：[1, 1, 1, 0, 1, 0, 0, 0, 0, 1, 1, 0]
2023-04-06 14:43:36,775 - INFO - 输入预测标签为：[0, 0, 0, 0, 1, 1, 1, 1, 0, 1, 1, 1]
2023-04-06 14:43:36,776 - INFO - 输入实际标签为：[0, 0, 0, 0, 1, 1, 1, 1, 0, 1, 1, 1]
2023-04-06 14:43:36,961 - INFO - 输入预测标签为：[0, 1, 0, 1, 1, 1, 0, 1, 0, 1, 1, 0]
2023-04-06 14:43:36,961 - INFO - 输入实际标签为：[0, 1, 0, 1, 1, 1, 0, 1, 0, 1, 1, 0]
2023-04-06 14:43:37,147 - INFO - 输入预测标签为：[1, 1, 0, 0, 0, 1, 1, 1, 1, 0, 1, 0]
2023-04-06 14:43:37,147 - INFO - 输入实际标签为：[1, 1, 0, 0, 0, 1, 1, 1, 1, 0, 1, 0]
2023-04-06 14:43:37,332 - INFO - 输入预测标签为：[1, 1, 0, 0, 0, 1, 1, 0, 1, 1, 1, 1]
2023-04-06 14:43:37,332 - INFO - 输入实际标签为：[1, 1, 0, 0, 0, 1, 1, 0, 1, 1, 1, 1]
2023-04-06 14:43:37,516 - INFO - 输入预测标签为：[0, 0, 1, 1, 1, 0, 0, 1, 0, 1, 0, 0]
2023-04-06 14:43:37,517 - INFO - 输入实际标签为：[0, 0, 1, 1, 1, 0, 0, 1, 0, 1, 0, 0]
2023-04-06 14:43:37,702 - INFO - 输入预测标签为：[1, 0, 1, 0, 1, 0, 0, 0, 1, 1, 1, 1]
2023-04-06 14:43:37,703 - INFO - 输入实际标签为：[1, 0, 1, 0, 1, 0, 0, 0, 1, 1, 1, 1]
2023-04-06 14:43:37,891 - INFO - 输入预测标签为：[0, 1, 1, 1, 0, 0, 1, 1, 1, 1, 0, 1]
2023-04-06 14:43:37,891 - INFO - 输入实际标签为：[0, 1, 1, 1, 0, 0, 1, 1, 1, 1, 0, 1]
2023-04-06 14:43:38,076 - INFO - 输入预测标签为：[0, 1, 0, 1, 1, 1, 1, 1, 1, 0, 1, 0]
2023-04-06 14:43:38,076 - INFO - 输入实际标签为：[0, 1, 0, 1, 1, 1, 1, 1, 1, 0, 1, 0]
2023-04-06 14:43:38,262 - INFO - 输入预测标签为：[1, 0, 1, 0, 1, 0, 0, 1, 0, 1, 0, 1]
2023-04-06 14:43:38,262 - INFO - 输入实际标签为：[1, 0, 1, 0, 1, 0, 0, 1, 0, 1, 0, 1]
2023-04-06 14:43:38,446 - INFO - 输入预测标签为：[0, 1, 0, 1, 1, 1, 0, 0, 1, 0, 0, 1]
2023-04-06 14:43:38,446 - INFO - 输入实际标签为：[0, 1, 0, 1, 1, 1, 0, 0, 1, 0, 0, 1]
2023-04-06 14:43:38,631 - INFO - 输入预测标签为：[0, 1, 0, 1, 0, 0, 1, 0, 1, 1, 0, 1]
2023-04-06 14:43:38,632 - INFO - 输入实际标签为：[0, 1, 0, 1, 0, 0, 1, 0, 1, 1, 0, 1]
2023-04-06 14:43:38,815 - INFO - 输入预测标签为：[1, 1, 0, 1, 0, 1, 1, 1, 1, 0, 0, 1]
2023-04-06 14:43:38,815 - INFO - 输入实际标签为：[1, 1, 0, 1, 0, 1, 1, 1, 1, 0, 0, 1]
2023-04-06 14:43:39,002 - INFO - 输入预测标签为：[1, 0, 1, 1, 1, 1, 0, 0, 1, 1, 0, 1]
2023-04-06 14:43:39,002 - INFO - 输入实际标签为：[1, 0, 1, 1, 1, 1, 0, 0, 1, 1, 0, 1]
2023-04-06 14:43:39,186 - INFO - 输入预测标签为：[0, 0, 1, 1, 0, 1, 0, 0, 0, 1, 1, 1]
2023-04-06 14:43:39,187 - INFO - 输入实际标签为：[0, 0, 1, 1, 0, 1, 0, 0, 0, 1, 1, 1]
2023-04-06 14:43:39,371 - INFO - 输入预测标签为：[1, 1, 1, 1, 0, 1, 1, 0, 0, 0, 0, 1]
2023-04-06 14:43:39,372 - INFO - 输入实际标签为：[1, 1, 1, 1, 0, 1, 1, 0, 0, 0, 0, 1]
2023-04-06 14:43:39,557 - INFO - 输入预测标签为：[0, 0, 0, 1, 1, 1, 1, 1, 0, 1, 1, 1]
2023-04-06 14:43:39,558 - INFO - 输入实际标签为：[0, 0, 0, 1, 1, 1, 1, 1, 0, 1, 1, 1]
2023-04-06 14:43:39,743 - INFO - 输入预测标签为：[0, 1, 0, 0, 1, 1, 0, 1, 0, 0, 1, 1]
2023-04-06 14:43:39,743 - INFO - 输入实际标签为：[0, 1, 0, 0, 1, 1, 0, 1, 0, 0, 1, 1]
2023-04-06 14:43:39,927 - INFO - 输入预测标签为：[1, 0, 1, 1, 1, 0, 0, 0, 0, 0, 0, 1]
2023-04-06 14:43:39,928 - INFO - 输入实际标签为：[1, 0, 1, 1, 1, 0, 0, 0, 0, 0, 0, 1]
2023-04-06 14:43:40,113 - INFO - 输入预测标签为：[0, 0, 0, 1, 1, 1, 1, 1, 1, 1, 0, 1]
2023-04-06 14:43:40,113 - INFO - 输入实际标签为：[0, 0, 0, 1, 1, 1, 1, 1, 1, 1, 0, 1]
2023-04-06 14:43:40,298 - INFO - 输入预测标签为：[1, 1, 1, 1, 1, 1, 0, 1, 0, 1, 1, 0]
2023-04-06 14:43:40,299 - INFO - 输入实际标签为：[1, 1, 1, 1, 1, 1, 0, 1, 0, 1, 1, 0]
2023-04-06 14:43:40,484 - INFO - 输入预测标签为：[0, 0, 0, 1, 0, 1, 0, 0, 1, 1, 1, 0]
2023-04-06 14:43:40,484 - INFO - 输入实际标签为：[0, 0, 0, 1, 0, 1, 0, 0, 1, 1, 1, 0]
2023-04-06 14:43:40,670 - INFO - 输入预测标签为：[1, 1, 1, 0, 1, 0, 0, 0, 1, 1, 0, 0]
2023-04-06 14:43:40,671 - INFO - 输入实际标签为：[1, 1, 1, 0, 1, 0, 0, 0, 1, 1, 0, 0]
2023-04-06 14:43:40,854 - INFO - 输入预测标签为：[0, 0, 0, 0, 0, 1, 1, 0, 1, 1, 1, 0]
2023-04-06 14:43:40,855 - INFO - 输入实际标签为：[0, 0, 0, 0, 0, 1, 1, 0, 1, 1, 1, 0]
2023-04-06 14:43:41,039 - INFO - 输入预测标签为：[1, 1, 1, 0, 1, 1, 0, 0, 1, 0, 0, 1]
2023-04-06 14:43:41,040 - INFO - 输入实际标签为：[1, 1, 1, 0, 1, 1, 0, 0, 1, 0, 0, 1]
2023-04-06 14:43:41,225 - INFO - 输入预测标签为：[1, 0, 1, 1, 1, 0, 0, 1, 1, 1, 1, 1]
2023-04-06 14:43:41,226 - INFO - 输入实际标签为：[1, 0, 1, 1, 1, 0, 0, 1, 1, 1, 1, 1]
2023-04-06 14:43:41,410 - INFO - 输入预测标签为：[1, 0, 1, 0, 0, 0, 1, 1, 1, 0, 1, 1]
2023-04-06 14:43:41,411 - INFO - 输入实际标签为：[1, 0, 1, 0, 0, 0, 1, 1, 1, 0, 1, 1]
2023-04-06 14:43:41,596 - INFO - 输入预测标签为：[0, 0, 1, 1, 0, 1, 1, 1, 1, 1, 1, 0]
2023-04-06 14:43:41,596 - INFO - 输入实际标签为：[0, 0, 1, 1, 0, 1, 1, 1, 1, 1, 1, 0]
2023-04-06 14:43:41,783 - INFO - 输入预测标签为：[0, 1, 1, 1, 1, 1, 1, 1, 0, 1, 0, 1]
2023-04-06 14:43:41,783 - INFO - 输入实际标签为：[0, 1, 1, 1, 1, 1, 1, 1, 0, 1, 0, 1]
2023-04-06 14:43:41,967 - INFO - 输入预测标签为：[1, 0, 0, 0, 1, 0, 1, 1, 1, 1, 0, 1]
2023-04-06 14:43:41,967 - INFO - 输入实际标签为：[1, 0, 0, 0, 1, 0, 1, 1, 1, 1, 0, 1]
2023-04-06 14:43:42,151 - INFO - 输入预测标签为：[0, 1, 1, 0, 1, 1, 1, 0, 1, 0, 1, 0]
2023-04-06 14:43:42,152 - INFO - 输入实际标签为：[0, 1, 1, 0, 1, 1, 1, 0, 1, 0, 1, 0]
2023-04-06 14:43:42,335 - INFO - 输入预测标签为：[1, 0, 1, 0, 1, 1, 1, 0, 0, 0, 0, 0]
2023-04-06 14:43:42,336 - INFO - 输入实际标签为：[1, 0, 1, 0, 1, 1, 1, 0, 0, 0, 0, 0]
2023-04-06 14:43:42,521 - INFO - 输入预测标签为：[1, 0, 0, 1, 0, 1, 0, 0, 1, 1, 0, 1]
2023-04-06 14:43:42,521 - INFO - 输入实际标签为：[1, 0, 0, 1, 0, 1, 0, 0, 1, 1, 0, 1]
2023-04-06 14:43:42,706 - INFO - 输入预测标签为：[1, 1, 1, 0, 1, 0, 0, 1, 0, 1, 0, 0]
2023-04-06 14:43:42,707 - INFO - 输入实际标签为：[1, 1, 1, 0, 1, 0, 0, 1, 0, 1, 0, 0]
2023-04-06 14:43:42,892 - INFO - 输入预测标签为：[0, 1, 0, 1, 1, 1, 1, 1, 0, 0, 1, 1]
2023-04-06 14:43:42,892 - INFO - 输入实际标签为：[0, 1, 0, 1, 1, 1, 1, 1, 0, 0, 1, 1]
2023-04-06 14:43:43,076 - INFO - 输入预测标签为：[0, 1, 0, 1, 0, 0, 1, 0, 1, 0, 1, 1]
2023-04-06 14:43:43,076 - INFO - 输入实际标签为：[0, 1, 0, 1, 0, 0, 1, 0, 1, 0, 1, 1]
2023-04-06 14:43:43,262 - INFO - 输入预测标签为：[0, 1, 1, 0, 1, 1, 0, 1, 1, 0, 0, 0]
2023-04-06 14:43:43,263 - INFO - 输入实际标签为：[0, 1, 1, 0, 1, 1, 0, 1, 1, 0, 0, 0]
2023-04-06 14:43:43,448 - INFO - 输入预测标签为：[1, 1, 1, 0, 1, 1, 1, 0, 1, 1, 0, 1]
2023-04-06 14:43:43,449 - INFO - 输入实际标签为：[1, 1, 1, 0, 1, 1, 1, 0, 1, 1, 0, 1]
2023-04-06 14:43:43,635 - INFO - 输入预测标签为：[1, 0, 1, 1, 1, 1, 1, 0, 0, 0, 1, 1]
2023-04-06 14:43:43,636 - INFO - 输入实际标签为：[1, 0, 1, 1, 1, 1, 1, 0, 0, 0, 1, 1]
2023-04-06 14:43:43,819 - INFO - 输入预测标签为：[1, 0, 1, 0, 0, 0, 1, 0, 1, 0, 1, 0]
2023-04-06 14:43:43,820 - INFO - 输入实际标签为：[1, 0, 1, 0, 0, 0, 1, 0, 1, 0, 1, 0]
2023-04-06 14:43:44,007 - INFO - 输入预测标签为：[1, 1, 0, 0, 0, 0, 1, 0, 1, 1, 0, 1]
2023-04-06 14:43:44,007 - INFO - 输入实际标签为：[1, 1, 0, 0, 0, 0, 1, 0, 1, 1, 0, 1]
2023-04-06 14:43:44,193 - INFO - 输入预测标签为：[1, 1, 1, 1, 0, 0, 1, 0, 1, 1, 1, 0]
2023-04-06 14:43:44,194 - INFO - 输入实际标签为：[1, 1, 1, 1, 0, 0, 1, 0, 1, 1, 1, 0]
2023-04-06 14:43:44,380 - INFO - 输入预测标签为：[0, 1, 1, 0, 0, 1, 0, 0, 0, 0, 1, 1]
2023-04-06 14:43:44,380 - INFO - 输入实际标签为：[0, 1, 1, 0, 0, 1, 0, 0, 0, 0, 1, 1]
2023-04-06 14:43:44,565 - INFO - 输入预测标签为：[0, 0, 0, 1, 1, 1, 1, 0, 1, 1, 1, 0]
2023-04-06 14:43:44,566 - INFO - 输入实际标签为：[0, 0, 0, 1, 1, 1, 1, 0, 1, 1, 1, 0]
2023-04-06 14:43:44,749 - INFO - 输入预测标签为：[1, 0, 1, 0, 0, 0, 1, 0, 1, 0, 0, 0]
2023-04-06 14:43:44,749 - INFO - 输入实际标签为：[1, 0, 1, 0, 0, 0, 1, 0, 1, 0, 0, 0]
2023-04-06 14:43:44,750 - INFO - ————————————————模型测试结束————————————————
2023-04-06 14:43:44,750 - INFO - 总测试样本: 1344个
2023-04-06 14:43:44,750 - INFO - 预测正确样本: 1344个
2023-04-06 14:43:44,750 - INFO - 测试准确度: 1.000000
2023-04-06 14:43:44,768 - INFO - -----------------------
2023-04-06 14:43:44,768 - INFO - Accuracy: 1.0
2023-04-06 14:43:44,768 - INFO - Precision: 1.0
2023-04-06 14:43:44,768 - INFO - Recall: 1.0
2023-04-06 14:43:44,768 - INFO - F1 Score: 1.0
2023-04-06 14:43:44,768 - INFO - AUC Score: 1.0
2023-04-06 14:43:44,768 - INFO - -----------------------
2023-04-06 14:43:44,774 - INFO -               precision    recall  f1-score   support

           0       1.00      1.00      1.00       611
           1       1.00      1.00      1.00       733

    accuracy                           1.00      1344
   macro avg       1.00      1.00      1.00      1344
weighted avg       1.00      1.00      1.00      1344

2023-04-06 14:43:44,774 - INFO - -----------------------
2023-04-06 14:43:44,774 - INFO - -----------混淆矩阵------------
2023-04-06 14:43:44,775 - INFO - [[611   0]
 [  0 733]]
2023-04-06 14:43:44,775 - INFO - -----------------------
2023-04-06 14:43:44,776 - INFO - ————————————————预测文本类别————————————————
2023-04-06 14:43:44,799 - INFO - 这条微博有99.99%的概率为非谣言，有0.01%的概率为谣言
2023-04-06 14:43:44,799 - INFO - ——————————————————————
2023-04-06 14:43:44,799 - INFO - ——————程序运行结束——————
