2023-04-06 20:41:44,678 - INFO - ——————程序运行开始——————
2023-04-06 20:41:44,679 - INFO - ——————————————————————
2023-04-06 20:41:44,679 - INFO - ——————输出训练参数——————
2023-04-06 20:41:44,679 - INFO - Batch_size：12
2023-04-06 20:41:44,680 - INFO - Epochs：1
2023-04-06 20:41:44,680 - INFO - Learning_rate：2e-05
2023-04-06 20:41:44,681 - INFO - max_seq_length：256
2023-04-06 20:41:44,681 - INFO - num_labels：2
2023-04-06 20:41:44,681 - INFO - ——————————————————————
2023-04-06 20:41:44,749 - INFO - GPU is available
2023-04-06 20:41:47,755 - INFO - 谣言数据总量为：1538
2023-04-06 20:41:47,755 - INFO - 非谣言数据总量为：1849
2023-04-06 20:41:47,779 - INFO - 数据文本生成成功！
2023-04-06 20:41:47,998 - INFO - 成功划分训练集和测试集！
2023-04-06 20:42:29,065 - INFO - ————————————————模型测试开始————————————————
2023-04-06 20:42:29,067 - INFO - 输入实际标签为：[1, 0, 1, 0, 1, 1, 1, 1, 1, 0, 1, 1]
2023-04-06 20:42:29,914 - INFO - 输入预测标签为：[1, 0, 1, 0, 1, 1, 1, 1, 1, 0, 1, 1]
2023-04-06 20:42:29,914 - INFO - 输入实际标签为：[1, 0, 0, 1, 0, 0, 0, 0, 0, 1, 0, 0]
2023-04-06 20:42:30,091 - INFO - 输入预测标签为：[1, 0, 0, 1, 0, 0, 0, 0, 0, 1, 0, 0]
2023-04-06 20:42:30,094 - INFO - 输入实际标签为：[0, 1, 1, 1, 1, 1, 0, 0, 0, 0, 0, 1]
2023-04-06 20:42:30,271 - INFO - 输入预测标签为：[0, 1, 1, 1, 1, 1, 0, 0, 0, 0, 0, 1]
2023-04-06 20:42:30,272 - INFO - 输入实际标签为：[1, 1, 0, 1, 1, 1, 0, 0, 0, 1, 0, 1]
2023-04-06 20:42:30,450 - INFO - 输入预测标签为：[1, 1, 0, 1, 1, 1, 0, 0, 0, 1, 0, 1]
2023-04-06 20:42:30,451 - INFO - 输入实际标签为：[0, 1, 0, 0, 1, 1, 0, 1, 0, 0, 1, 0]
2023-04-06 20:42:30,630 - INFO - 输入预测标签为：[0, 1, 0, 0, 1, 1, 0, 1, 0, 0, 1, 0]
2023-04-06 20:42:30,632 - INFO - 输入实际标签为：[0, 1, 1, 0, 0, 0, 1, 1, 1, 0, 1, 0]
2023-04-06 20:42:30,815 - INFO - 输入预测标签为：[0, 1, 1, 0, 0, 0, 1, 1, 1, 0, 1, 0]
2023-04-06 20:42:30,816 - INFO - 输入实际标签为：[1, 0, 1, 1, 0, 0, 0, 1, 0, 0, 1, 1]
2023-04-06 20:42:30,995 - INFO - 输入预测标签为：[1, 0, 1, 1, 0, 0, 0, 1, 0, 1, 1, 1]
2023-04-06 20:42:30,997 - INFO - 输入实际标签为：[0, 0, 1, 1, 1, 1, 0, 1, 1, 0, 0, 0]
2023-04-06 20:42:31,177 - INFO - 输入预测标签为：[0, 0, 1, 1, 1, 1, 0, 1, 1, 0, 0, 0]
2023-04-06 20:42:31,178 - INFO - 输入实际标签为：[0, 0, 0, 1, 1, 1, 0, 0, 0, 1, 1, 0]
2023-04-06 20:42:31,358 - INFO - 输入预测标签为：[0, 0, 0, 1, 1, 1, 0, 0, 0, 1, 1, 0]
2023-04-06 20:42:31,359 - INFO - 输入实际标签为：[0, 1, 0, 0, 1, 0, 0, 1, 0, 1, 0, 1]
2023-04-06 20:42:31,537 - INFO - 输入预测标签为：[0, 1, 0, 0, 1, 0, 0, 1, 0, 1, 0, 1]
2023-04-06 20:42:31,538 - INFO - 输入实际标签为：[0, 0, 1, 0, 0, 1, 1, 0, 1, 1, 1, 1]
2023-04-06 20:42:31,719 - INFO - 输入预测标签为：[0, 0, 1, 0, 0, 1, 1, 0, 1, 1, 1, 1]
2023-04-06 20:42:31,722 - INFO - 输入实际标签为：[0, 0, 0, 0, 1, 0, 1, 1, 1, 0, 0, 1]
2023-04-06 20:42:31,903 - INFO - 输入预测标签为：[0, 0, 0, 0, 1, 0, 1, 1, 1, 0, 0, 1]
2023-04-06 20:42:31,904 - INFO - 输入实际标签为：[1, 0, 0, 1, 0, 1, 1, 1, 1, 0, 0, 1]
2023-04-06 20:42:32,084 - INFO - 输入预测标签为：[1, 0, 0, 1, 0, 1, 1, 1, 1, 0, 0, 1]
2023-04-06 20:42:32,085 - INFO - 输入实际标签为：[0, 0, 0, 1, 1, 0, 1, 1, 1, 1, 1, 0]
2023-04-06 20:42:32,265 - INFO - 输入预测标签为：[0, 0, 0, 1, 1, 0, 1, 1, 1, 1, 1, 0]
2023-04-06 20:42:32,266 - INFO - 输入实际标签为：[1, 1, 1, 1, 1, 1, 1, 0, 1, 1, 1, 1]
2023-04-06 20:42:32,447 - INFO - 输入预测标签为：[1, 1, 1, 1, 1, 1, 1, 0, 1, 1, 1, 1]
2023-04-06 20:42:32,449 - INFO - 输入实际标签为：[1, 1, 0, 1, 0, 1, 1, 0, 1, 0, 1, 0]
2023-04-06 20:42:32,629 - INFO - 输入预测标签为：[1, 1, 0, 1, 0, 1, 1, 0, 1, 0, 1, 0]
2023-04-06 20:42:32,632 - INFO - 输入实际标签为：[1, 1, 0, 1, 0, 1, 1, 1, 1, 0, 1, 1]
2023-04-06 20:42:32,812 - INFO - 输入预测标签为：[1, 1, 0, 1, 0, 1, 1, 1, 1, 0, 1, 1]
2023-04-06 20:42:32,814 - INFO - 输入实际标签为：[1, 0, 1, 0, 1, 1, 0, 1, 1, 1, 1, 1]
2023-04-06 20:42:32,995 - INFO - 输入预测标签为：[1, 0, 1, 0, 1, 1, 0, 1, 1, 1, 1, 1]
2023-04-06 20:42:32,996 - INFO - 输入实际标签为：[0, 1, 1, 1, 1, 1, 1, 0, 1, 0, 1, 0]
2023-04-06 20:42:33,177 - INFO - 输入预测标签为：[0, 1, 1, 1, 1, 1, 1, 0, 1, 0, 1, 0]
2023-04-06 20:42:33,178 - INFO - 输入实际标签为：[1, 1, 1, 0, 1, 1, 0, 1, 1, 1, 0, 0]
2023-04-06 20:42:33,359 - INFO - 输入预测标签为：[1, 1, 1, 0, 1, 1, 0, 1, 1, 1, 0, 0]
2023-04-06 20:42:33,360 - INFO - 输入实际标签为：[0, 1, 1, 1, 1, 1, 1, 0, 0, 0, 1, 1]
2023-04-06 20:42:33,540 - INFO - 输入预测标签为：[0, 1, 1, 1, 1, 1, 1, 0, 0, 0, 1, 1]
2023-04-06 20:42:33,542 - INFO - 输入实际标签为：[1, 0, 0, 1, 1, 0, 1, 1, 0, 1, 0, 1]
2023-04-06 20:42:33,722 - INFO - 输入预测标签为：[1, 0, 0, 1, 1, 0, 1, 1, 0, 1, 0, 1]
2023-04-06 20:42:33,723 - INFO - 输入实际标签为：[1, 0, 1, 0, 0, 0, 1, 1, 0, 1, 0, 0]
2023-04-06 20:42:33,905 - INFO - 输入预测标签为：[1, 0, 1, 0, 0, 0, 1, 1, 0, 1, 0, 0]
2023-04-06 20:42:33,908 - INFO - 输入实际标签为：[1, 1, 1, 0, 0, 1, 1, 1, 0, 0, 1, 0]
2023-04-06 20:42:34,090 - INFO - 输入预测标签为：[1, 1, 1, 0, 0, 1, 1, 1, 0, 0, 1, 0]
2023-04-06 20:42:34,093 - INFO - 输入实际标签为：[1, 0, 1, 0, 1, 0, 0, 1, 0, 1, 1, 0]
2023-04-06 20:42:34,274 - INFO - 输入预测标签为：[1, 0, 1, 0, 1, 0, 0, 1, 0, 1, 1, 0]
2023-04-06 20:42:34,275 - INFO - 输入实际标签为：[1, 0, 1, 0, 0, 0, 1, 1, 0, 1, 1, 0]
2023-04-06 20:42:34,455 - INFO - 输入预测标签为：[1, 0, 1, 0, 0, 0, 1, 1, 0, 1, 1, 0]
2023-04-06 20:42:34,456 - INFO - 输入实际标签为：[0, 1, 1, 1, 1, 0, 1, 0, 1, 1, 1, 0]
2023-04-06 20:42:34,638 - INFO - 输入预测标签为：[0, 1, 1, 1, 1, 0, 1, 0, 1, 1, 1, 0]
2023-04-06 20:42:34,639 - INFO - 输入实际标签为：[0, 1, 0, 0, 1, 0, 1, 0, 0, 0, 1, 1]
2023-04-06 20:42:34,821 - INFO - 输入预测标签为：[0, 1, 0, 0, 1, 0, 1, 0, 0, 0, 1, 1]
2023-04-06 20:42:34,823 - INFO - 输入实际标签为：[1, 1, 1, 1, 1, 1, 0, 0, 1, 1, 1, 1]
2023-04-06 20:42:35,003 - INFO - 输入预测标签为：[1, 1, 1, 1, 1, 1, 0, 0, 1, 1, 1, 1]
2023-04-06 20:42:35,004 - INFO - 输入实际标签为：[0, 0, 1, 1, 1, 0, 0, 1, 0, 0, 1, 0]
2023-04-06 20:42:35,187 - INFO - 输入预测标签为：[0, 0, 1, 1, 1, 0, 0, 1, 0, 0, 1, 0]
2023-04-06 20:42:35,188 - INFO - 输入实际标签为：[1, 1, 1, 0, 0, 1, 1, 1, 0, 0, 0, 0]
2023-04-06 20:42:35,369 - INFO - 输入预测标签为：[1, 1, 1, 0, 0, 1, 1, 1, 0, 0, 0, 0]
2023-04-06 20:42:35,370 - INFO - 输入实际标签为：[1, 1, 0, 0, 1, 0, 0, 1, 0, 1, 1, 0]
2023-04-06 20:42:35,552 - INFO - 输入预测标签为：[1, 1, 0, 0, 1, 0, 0, 1, 0, 1, 1, 0]
2023-04-06 20:42:35,552 - INFO - 输入实际标签为：[0, 0, 1, 0, 0, 0, 1, 0, 0, 1, 0, 1]
2023-04-06 20:42:35,734 - INFO - 输入预测标签为：[0, 0, 1, 0, 0, 0, 1, 0, 0, 1, 0, 1]
2023-04-06 20:42:35,736 - INFO - 输入实际标签为：[1, 0, 1, 1, 0, 0, 1, 0, 0, 0, 1, 1]
2023-04-06 20:42:35,918 - INFO - 输入预测标签为：[1, 0, 1, 1, 0, 0, 1, 0, 0, 0, 1, 1]
2023-04-06 20:42:35,920 - INFO - 输入实际标签为：[1, 0, 1, 1, 0, 0, 1, 0, 1, 1, 1, 1]
2023-04-06 20:42:36,102 - INFO - 输入预测标签为：[1, 0, 1, 1, 0, 0, 1, 0, 1, 1, 1, 1]
2023-04-06 20:42:36,103 - INFO - 输入实际标签为：[1, 1, 1, 0, 0, 1, 0, 0, 1, 1, 1, 1]
2023-04-06 20:42:36,284 - INFO - 输入预测标签为：[1, 1, 1, 0, 0, 1, 0, 0, 1, 1, 1, 1]
2023-04-06 20:42:36,285 - INFO - 输入实际标签为：[1, 0, 1, 0, 0, 0, 0, 0, 0, 1, 0, 0]
2023-04-06 20:42:36,465 - INFO - 输入预测标签为：[1, 0, 1, 0, 0, 0, 0, 0, 0, 1, 0, 0]
2023-04-06 20:42:36,467 - INFO - 输入实际标签为：[1, 1, 1, 1, 0, 1, 1, 0, 0, 1, 0, 1]
2023-04-06 20:42:36,647 - INFO - 输入预测标签为：[1, 1, 1, 1, 0, 1, 1, 0, 0, 1, 0, 1]
2023-04-06 20:42:36,649 - INFO - 输入实际标签为：[1, 1, 1, 1, 0, 0, 0, 0, 1, 1, 1, 1]
2023-04-06 20:42:36,830 - INFO - 输入预测标签为：[1, 1, 1, 1, 0, 0, 0, 0, 1, 1, 1, 1]
2023-04-06 20:42:36,833 - INFO - 输入实际标签为：[0, 1, 0, 1, 0, 1, 0, 0, 1, 0, 1, 0]
2023-04-06 20:42:37,015 - INFO - 输入预测标签为：[0, 1, 0, 1, 0, 1, 0, 0, 1, 0, 1, 0]
2023-04-06 20:42:37,016 - INFO - 输入实际标签为：[1, 1, 0, 1, 0, 0, 0, 0, 0, 1, 1, 1]
2023-04-06 20:42:37,197 - INFO - 输入预测标签为：[1, 1, 0, 1, 0, 0, 0, 0, 0, 1, 1, 1]
2023-04-06 20:42:37,198 - INFO - 输入实际标签为：[1, 1, 0, 1, 0, 1, 1, 0, 0, 0, 1, 0]
2023-04-06 20:42:37,380 - INFO - 输入预测标签为：[1, 1, 0, 1, 0, 1, 1, 0, 0, 0, 1, 0]
2023-04-06 20:42:37,381 - INFO - 输入实际标签为：[1, 1, 1, 1, 1, 0, 1, 1, 0, 1, 1, 0]
2023-04-06 20:42:37,564 - INFO - 输入预测标签为：[1, 1, 1, 1, 1, 0, 1, 1, 0, 1, 1, 0]
2023-04-06 20:42:37,566 - INFO - 输入实际标签为：[1, 1, 0, 0, 1, 0, 1, 1, 0, 0, 0, 0]
2023-04-06 20:42:37,750 - INFO - 输入预测标签为：[1, 1, 0, 0, 1, 0, 1, 1, 0, 0, 0, 0]
2023-04-06 20:42:37,751 - INFO - 输入实际标签为：[0, 1, 1, 1, 1, 0, 0, 0, 0, 0, 0, 0]
2023-04-06 20:42:37,933 - INFO - 输入预测标签为：[0, 1, 1, 1, 1, 0, 0, 0, 0, 0, 0, 0]
2023-04-06 20:42:37,934 - INFO - 输入实际标签为：[1, 1, 1, 1, 0, 0, 0, 0, 0, 0, 1, 0]
2023-04-06 20:42:38,116 - INFO - 输入预测标签为：[1, 1, 1, 1, 0, 0, 0, 0, 0, 0, 1, 0]
2023-04-06 20:42:38,117 - INFO - 输入实际标签为：[1, 1, 1, 1, 1, 0, 1, 0, 0, 1, 1, 1]
2023-04-06 20:42:38,300 - INFO - 输入预测标签为：[1, 1, 1, 1, 1, 0, 1, 0, 0, 1, 1, 1]
2023-04-06 20:42:38,302 - INFO - 输入实际标签为：[1, 1, 1, 1, 0, 0, 0, 1, 0, 1, 1, 0]
2023-04-06 20:42:38,485 - INFO - 输入预测标签为：[1, 1, 1, 1, 0, 0, 0, 1, 0, 1, 1, 0]
2023-04-06 20:42:38,486 - INFO - 输入实际标签为：[0, 1, 0, 1, 1, 1, 1, 0, 1, 1, 0, 1]
2023-04-06 20:42:38,668 - INFO - 输入预测标签为：[0, 1, 0, 1, 1, 1, 1, 0, 1, 1, 0, 1]
2023-04-06 20:42:38,670 - INFO - 输入实际标签为：[0, 0, 1, 0, 1, 1, 1, 1, 1, 0, 0, 1]
2023-04-06 20:42:38,853 - INFO - 输入预测标签为：[0, 0, 1, 0, 1, 1, 1, 1, 1, 0, 0, 1]
2023-04-06 20:42:38,854 - INFO - 输入实际标签为：[0, 0, 1, 0, 0, 1, 1, 0, 0, 1, 1, 0]
2023-04-06 20:42:39,037 - INFO - 输入预测标签为：[0, 0, 1, 0, 0, 1, 1, 0, 0, 1, 1, 0]
2023-04-06 20:42:39,038 - INFO - 输入实际标签为：[1, 0, 1, 0, 1, 0, 0, 1, 1, 1, 0, 1]
2023-04-06 20:42:39,221 - INFO - 输入预测标签为：[1, 0, 1, 0, 1, 0, 0, 1, 1, 1, 0, 1]
2023-04-06 20:42:39,224 - INFO - 输入实际标签为：[1, 0, 1, 0, 1, 1, 0, 0, 1, 0, 1, 1]
2023-04-06 20:42:39,406 - INFO - 输入预测标签为：[1, 0, 1, 0, 1, 1, 0, 0, 1, 1, 1, 1]
2023-04-06 20:42:39,407 - INFO - 输入实际标签为：[1, 1, 0, 0, 0, 1, 1, 1, 1, 1, 1, 1]
2023-04-06 20:42:39,590 - INFO - 输入预测标签为：[1, 1, 0, 0, 0, 1, 1, 1, 1, 1, 1, 1]
2023-04-06 20:42:39,592 - INFO - 输入实际标签为：[1, 0, 1, 0, 1, 0, 1, 1, 0, 1, 1, 0]
2023-04-06 20:42:39,776 - INFO - 输入预测标签为：[1, 0, 1, 0, 1, 0, 1, 1, 0, 1, 1, 0]
2023-04-06 20:42:39,778 - INFO - 输入实际标签为：[0, 0, 0, 0, 1, 1, 1, 1, 1, 1, 1, 0]
2023-04-06 20:42:39,961 - INFO - 输入预测标签为：[0, 0, 0, 0, 1, 1, 1, 1, 1, 1, 1, 0]
2023-04-06 20:42:39,964 - INFO - 输入实际标签为：[1, 1, 0, 1, 0, 0, 0, 1, 1, 0, 1, 1]
2023-04-06 20:42:40,147 - INFO - 输入预测标签为：[1, 1, 0, 1, 0, 0, 0, 1, 1, 0, 1, 1]
2023-04-06 20:42:40,149 - INFO - 输入实际标签为：[1, 0, 1, 0, 0, 0, 0, 1, 1, 1, 0, 0]
2023-04-06 20:42:40,330 - INFO - 输入预测标签为：[1, 0, 1, 0, 0, 0, 0, 1, 1, 1, 0, 0]
2023-04-06 20:42:40,332 - INFO - 输入实际标签为：[1, 1, 1, 0, 1, 1, 0, 0, 1, 1, 1, 1]
2023-04-06 20:42:40,515 - INFO - 输入预测标签为：[1, 1, 1, 0, 1, 1, 0, 0, 1, 1, 1, 1]
2023-04-06 20:42:40,516 - INFO - 输入实际标签为：[0, 0, 1, 0, 0, 1, 0, 1, 0, 0, 1, 1]
2023-04-06 20:42:40,699 - INFO - 输入预测标签为：[0, 0, 1, 0, 0, 1, 0, 1, 0, 0, 1, 1]
2023-04-06 20:42:40,702 - INFO - 输入实际标签为：[0, 0, 0, 0, 1, 0, 0, 0, 0, 0, 0, 1]
2023-04-06 20:42:40,886 - INFO - 输入预测标签为：[0, 0, 0, 0, 1, 0, 0, 0, 0, 0, 0, 1]
2023-04-06 20:42:40,887 - INFO - 输入实际标签为：[0, 1, 1, 0, 1, 0, 0, 0, 0, 1, 0, 0]
2023-04-06 20:42:41,069 - INFO - 输入预测标签为：[0, 1, 1, 0, 1, 0, 0, 0, 0, 1, 0, 0]
2023-04-06 20:42:41,071 - INFO - 输入实际标签为：[0, 1, 0, 0, 1, 1, 1, 0, 0, 0, 1, 1]
2023-04-06 20:42:41,253 - INFO - 输入预测标签为：[0, 1, 0, 0, 1, 1, 1, 0, 0, 0, 1, 1]
2023-04-06 20:42:41,255 - INFO - 输入实际标签为：[1, 0, 1, 0, 0, 1, 1, 1, 0, 1, 1, 1]
2023-04-06 20:42:41,437 - INFO - 输入预测标签为：[1, 0, 1, 0, 0, 1, 1, 1, 0, 1, 1, 1]
2023-04-06 20:42:41,439 - INFO - 输入实际标签为：[1, 1, 1, 0, 1, 1, 1, 1, 1, 0, 0, 1]
2023-04-06 20:42:41,621 - INFO - 输入预测标签为：[1, 1, 1, 0, 1, 1, 1, 1, 1, 0, 0, 1]
2023-04-06 20:42:41,622 - INFO - 输入实际标签为：[0, 0, 0, 1, 0, 1, 1, 1, 1, 1, 1, 1]
2023-04-06 20:42:41,806 - INFO - 输入预测标签为：[0, 0, 0, 1, 0, 1, 1, 1, 1, 1, 1, 1]
2023-04-06 20:42:41,808 - INFO - 输入实际标签为：[1, 0, 1, 1, 1, 1, 0, 0, 1, 1, 0, 0]
2023-04-06 20:42:41,991 - INFO - 输入预测标签为：[1, 0, 1, 1, 1, 1, 0, 0, 1, 1, 0, 0]
2023-04-06 20:42:41,994 - INFO - 输入实际标签为：[1, 1, 1, 0, 0, 1, 0, 0, 0, 1, 0, 0]
2023-04-06 20:42:42,177 - INFO - 输入预测标签为：[1, 1, 1, 0, 0, 1, 0, 0, 0, 0, 0, 0]
2023-04-06 20:42:42,179 - INFO - 输入实际标签为：[0, 1, 1, 1, 0, 1, 0, 1, 1, 0, 1, 1]
2023-04-06 20:42:42,361 - INFO - 输入预测标签为：[0, 1, 1, 1, 0, 1, 0, 1, 1, 0, 1, 1]
2023-04-06 20:42:42,363 - INFO - 输入实际标签为：[1, 1, 1, 0, 1, 0, 0, 0, 1, 0, 1, 0]
2023-04-06 20:42:42,545 - INFO - 输入预测标签为：[1, 1, 1, 0, 1, 0, 0, 0, 1, 0, 1, 0]
2023-04-06 20:42:42,546 - INFO - 输入实际标签为：[0, 0, 0, 0, 1, 1, 1, 0, 1, 1, 1, 0]
2023-04-06 20:42:42,729 - INFO - 输入预测标签为：[0, 0, 0, 0, 1, 1, 1, 0, 1, 1, 1, 0]
2023-04-06 20:42:42,731 - INFO - 输入实际标签为：[1, 1, 0, 0, 0, 1, 1, 1, 0, 1, 1, 1]
2023-04-06 20:42:42,914 - INFO - 输入预测标签为：[1, 1, 0, 0, 0, 1, 1, 1, 0, 1, 1, 1]
2023-04-06 20:42:42,915 - INFO - 输入实际标签为：[1, 1, 0, 1, 0, 0, 0, 0, 1, 1, 1, 1]
2023-04-06 20:42:43,099 - INFO - 输入预测标签为：[1, 1, 0, 1, 0, 0, 0, 0, 1, 1, 1, 1]
2023-04-06 20:42:43,100 - INFO - 输入实际标签为：[1, 0, 0, 1, 1, 0, 0, 0, 0, 1, 0, 1]
2023-04-06 20:42:43,283 - INFO - 输入预测标签为：[1, 0, 0, 1, 1, 0, 0, 0, 0, 1, 0, 1]
2023-04-06 20:42:43,284 - INFO - 输入实际标签为：[1, 0, 1, 1, 1, 1, 1, 0, 1, 0, 0, 1]
2023-04-06 20:42:43,468 - INFO - 输入预测标签为：[1, 0, 1, 1, 1, 1, 1, 0, 1, 0, 0, 1]
2023-04-06 20:42:43,469 - INFO - 输入实际标签为：[1, 1, 0, 0, 1, 1, 1, 0, 1, 0, 0, 0]
2023-04-06 20:42:43,652 - INFO - 输入预测标签为：[1, 1, 0, 0, 1, 1, 1, 0, 1, 0, 0, 0]
2023-04-06 20:42:43,653 - INFO - 输入实际标签为：[0, 0, 1, 0, 1, 1, 0, 0, 0, 0, 0, 1]
2023-04-06 20:42:43,837 - INFO - 输入预测标签为：[0, 0, 1, 0, 1, 1, 0, 0, 0, 0, 0, 1]
2023-04-06 20:42:43,839 - INFO - 输入实际标签为：[0, 0, 1, 1, 1, 0, 1, 1, 1, 0, 1, 0]
2023-04-06 20:42:44,023 - INFO - 输入预测标签为：[0, 0, 1, 1, 1, 0, 1, 1, 1, 0, 1, 0]
2023-04-06 20:42:44,024 - INFO - 输入实际标签为：[0, 0, 1, 1, 0, 0, 1, 1, 1, 1, 0, 1]
2023-04-06 20:42:44,206 - INFO - 输入预测标签为：[0, 0, 1, 1, 0, 0, 1, 1, 1, 1, 0, 1]
2023-04-06 20:42:44,208 - INFO - 输入实际标签为：[1, 1, 1, 0, 0, 1, 0, 0, 1, 1, 0, 1]
2023-04-06 20:42:44,391 - INFO - 输入预测标签为：[1, 1, 1, 0, 0, 1, 0, 0, 1, 1, 0, 1]
2023-04-06 20:42:44,392 - INFO - 输入实际标签为：[0, 1, 1, 1, 0, 1, 1, 1, 1, 1, 0, 0]
2023-04-06 20:42:44,574 - INFO - 输入预测标签为：[0, 1, 1, 1, 0, 1, 1, 1, 1, 1, 0, 0]
2023-04-06 20:42:44,576 - INFO - 输入实际标签为：[1, 1, 0, 1, 1, 0, 0, 1, 1, 1, 1, 1]
2023-04-06 20:42:44,760 - INFO - 输入预测标签为：[1, 1, 0, 1, 1, 0, 0, 1, 1, 1, 1, 1]
2023-04-06 20:42:44,761 - INFO - 输入实际标签为：[0, 1, 0, 1, 0, 1, 1, 0, 0, 1, 0, 1]
2023-04-06 20:42:44,944 - INFO - 输入预测标签为：[0, 1, 0, 1, 0, 1, 1, 0, 0, 1, 0, 1]
2023-04-06 20:42:44,945 - INFO - 输入实际标签为：[1, 1, 1, 1, 1, 1, 1, 1, 0, 0, 0, 0]
2023-04-06 20:42:45,128 - INFO - 输入预测标签为：[1, 1, 1, 1, 1, 1, 1, 1, 0, 0, 0, 0]
2023-04-06 20:42:45,130 - INFO - 输入实际标签为：[1, 1, 1, 1, 0, 1, 0, 1, 0, 0, 1, 0]
2023-04-06 20:42:45,314 - INFO - 输入预测标签为：[1, 1, 1, 1, 0, 1, 0, 1, 0, 0, 1, 0]
2023-04-06 20:42:45,316 - INFO - 输入实际标签为：[0, 0, 0, 1, 0, 1, 0, 1, 1, 0, 1, 0]
2023-04-06 20:42:45,500 - INFO - 输入预测标签为：[0, 0, 0, 1, 0, 1, 0, 1, 1, 0, 1, 0]
2023-04-06 20:42:45,502 - INFO - 输入实际标签为：[1, 0, 0, 1, 0, 0, 1, 0, 0, 0, 1, 0]
2023-04-06 20:42:45,684 - INFO - 输入预测标签为：[1, 0, 0, 1, 0, 0, 1, 0, 0, 0, 1, 0]
2023-04-06 20:42:45,686 - INFO - 输入实际标签为：[0, 0, 0, 1, 0, 1, 0, 1, 1, 1, 0, 0]
2023-04-06 20:42:45,870 - INFO - 输入预测标签为：[0, 0, 0, 1, 0, 1, 0, 1, 1, 1, 0, 0]
2023-04-06 20:42:45,871 - INFO - 输入实际标签为：[0, 1, 1, 0, 0, 1, 0, 1, 1, 0, 0, 1]
2023-04-06 20:42:46,056 - INFO - 输入预测标签为：[0, 1, 1, 0, 0, 1, 0, 1, 1, 0, 0, 1]
2023-04-06 20:42:46,057 - INFO - 输入实际标签为：[0, 0, 1, 1, 1, 0, 0, 1, 0, 1, 1, 1]
2023-04-06 20:42:46,240 - INFO - 输入预测标签为：[0, 0, 1, 1, 1, 0, 0, 1, 0, 1, 1, 1]
2023-04-06 20:42:46,242 - INFO - 输入实际标签为：[0, 1, 0, 0, 0, 1, 0, 0, 1, 1, 1, 0]
2023-04-06 20:42:46,425 - INFO - 输入预测标签为：[0, 1, 0, 0, 0, 1, 0, 0, 1, 1, 1, 0]
2023-04-06 20:42:46,427 - INFO - 输入实际标签为：[1, 1, 0, 1, 0, 0, 0, 0, 1, 1, 0, 0]
2023-04-06 20:42:46,611 - INFO - 输入预测标签为：[1, 1, 0, 1, 0, 0, 0, 0, 1, 1, 0, 0]
2023-04-06 20:42:46,613 - INFO - 输入实际标签为：[1, 1, 0, 0, 1, 1, 1, 1, 0, 1, 0, 1]
2023-04-06 20:42:46,795 - INFO - 输入预测标签为：[1, 1, 0, 0, 1, 1, 1, 1, 0, 1, 0, 1]
2023-04-06 20:42:46,798 - INFO - 输入实际标签为：[1, 0, 1, 1, 0, 1, 1, 1, 1, 1, 1, 1]
2023-04-06 20:42:46,982 - INFO - 输入预测标签为：[1, 0, 1, 1, 0, 1, 1, 1, 1, 1, 1, 1]
2023-04-06 20:42:46,983 - INFO - 输入实际标签为：[0, 0, 0, 0, 1, 1, 0, 1, 1, 0, 1, 1]
2023-04-06 20:42:47,167 - INFO - 输入预测标签为：[0, 0, 0, 0, 1, 1, 0, 1, 1, 0, 1, 1]
2023-04-06 20:42:47,169 - INFO - 输入实际标签为：[1, 0, 1, 0, 1, 1, 1, 1, 0, 1, 0, 0]
2023-04-06 20:42:47,351 - INFO - 输入预测标签为：[1, 0, 1, 0, 1, 1, 1, 1, 0, 1, 0, 0]
2023-04-06 20:42:47,353 - INFO - 输入实际标签为：[0, 1, 0, 0, 1, 1, 1, 0, 0, 1, 1, 0]
2023-04-06 20:42:47,536 - INFO - 输入预测标签为：[0, 1, 0, 0, 1, 1, 1, 0, 0, 1, 1, 0]
2023-04-06 20:42:47,537 - INFO - 输入实际标签为：[0, 1, 0, 0, 1, 0, 0, 0, 1, 0, 0, 1]
2023-04-06 20:42:47,721 - INFO - 输入预测标签为：[0, 1, 0, 0, 1, 0, 0, 0, 1, 0, 0, 1]
2023-04-06 20:42:47,722 - INFO - 输入实际标签为：[1, 0, 0, 0, 1, 0, 0, 1, 1, 1, 1, 0]
2023-04-06 20:42:47,906 - INFO - 输入预测标签为：[1, 0, 0, 0, 1, 0, 0, 1, 1, 1, 1, 0]
2023-04-06 20:42:47,908 - INFO - 输入实际标签为：[0, 0, 1, 1, 1, 0, 0, 0, 1, 1, 1, 1]
2023-04-06 20:42:48,091 - INFO - 输入预测标签为：[0, 0, 1, 1, 1, 0, 0, 0, 1, 1, 1, 1]
2023-04-06 20:42:48,092 - INFO - 输入实际标签为：[1, 1, 1, 0, 1, 0, 0, 0, 0, 1, 1, 1]
2023-04-06 20:42:48,276 - INFO - 输入预测标签为：[1, 1, 1, 0, 1, 0, 0, 0, 0, 1, 1, 1]
2023-04-06 20:42:48,277 - INFO - 输入实际标签为：[0, 1, 0, 0, 1, 1, 0, 1, 0, 1, 0, 1]
2023-04-06 20:42:48,460 - INFO - 输入预测标签为：[0, 1, 0, 0, 1, 1, 0, 1, 0, 1, 0, 1]
2023-04-06 20:42:48,461 - INFO - 输入实际标签为：[1, 0, 0, 1, 0, 1, 0, 1, 0, 1, 0, 0]
2023-04-06 20:42:48,645 - INFO - 输入预测标签为：[1, 0, 0, 1, 0, 1, 0, 1, 0, 1, 0, 0]
2023-04-06 20:42:48,647 - INFO - 输入实际标签为：[0, 1, 1, 1, 1, 0, 1, 0, 0, 0, 0, 0]
2023-04-06 20:42:48,831 - INFO - 输入预测标签为：[0, 1, 1, 1, 1, 0, 1, 0, 0, 0, 0, 0]
2023-04-06 20:42:48,832 - INFO - 输入实际标签为：[0, 1, 1, 0, 0, 1, 0, 0, 1, 1, 0, 1]
2023-04-06 20:42:49,015 - INFO - 输入预测标签为：[0, 1, 1, 0, 0, 1, 0, 0, 1, 1, 0, 1]
2023-04-06 20:42:49,017 - INFO - 输入实际标签为：[1, 1, 0, 1, 1, 0, 1, 0, 1, 0, 1, 1]
2023-04-06 20:42:49,201 - INFO - 输入预测标签为：[1, 1, 0, 1, 1, 0, 1, 0, 1, 0, 1, 1]
2023-04-06 20:42:49,204 - INFO - 输入实际标签为：[0, 0, 1, 1, 1, 1, 0, 0, 0, 0, 1, 1]
2023-04-06 20:42:49,388 - INFO - 输入预测标签为：[0, 0, 1, 1, 1, 1, 0, 0, 0, 0, 1, 1]
2023-04-06 20:42:49,390 - INFO - 输入实际标签为：[0, 0, 1, 0, 0, 1, 1, 0, 1, 1, 0, 1]
2023-04-06 20:42:49,573 - INFO - 输入预测标签为：[0, 0, 1, 0, 0, 1, 1, 0, 1, 1, 0, 1]
2023-04-06 20:42:49,575 - INFO - 输入实际标签为：[1, 0, 0, 0, 1, 1, 1, 0, 0, 1, 1, 1]
2023-04-06 20:42:49,758 - INFO - 输入预测标签为：[1, 0, 0, 0, 1, 1, 1, 0, 0, 1, 1, 1]
2023-04-06 20:42:49,759 - INFO - 输入实际标签为：[1, 0, 1, 0, 1, 0, 1, 1, 1, 1, 0, 0]
2023-04-06 20:42:49,943 - INFO - 输入预测标签为：[1, 0, 1, 0, 1, 0, 1, 1, 1, 1, 0, 0]
2023-04-06 20:42:49,944 - INFO - 输入实际标签为：[1, 0, 1, 1, 1, 1, 1, 0, 0, 1, 1, 1]
2023-04-06 20:42:50,130 - INFO - 输入预测标签为：[1, 0, 1, 1, 1, 1, 1, 0, 0, 1, 1, 1]
2023-04-06 20:42:50,131 - INFO - 输入实际标签为：[1, 1, 1, 1, 1, 0, 1, 0, 0, 0, 0, 0]
2023-04-06 20:42:50,315 - INFO - 输入预测标签为：[1, 1, 1, 1, 1, 0, 1, 0, 0, 0, 0, 0]
2023-04-06 20:42:50,316 - INFO - ————————————————模型测试结束————————————————
2023-04-06 20:42:50,316 - INFO - 总测试样本: 1344个
2023-04-06 20:42:50,316 - INFO - 预测正确样本: 1341个
2023-04-06 20:42:50,316 - INFO - 测试准确度: 0.997768
2023-04-06 20:42:50,337 - INFO - -----------------------------
2023-04-06 20:42:50,338 - INFO - Accuracy: 0.9977678571428571
2023-04-06 20:42:50,338 - INFO - Precision: 0.9978184377199155
2023-04-06 20:42:50,338 - INFO - Recall: 0.9976794568276233
2023-04-06 20:42:50,338 - INFO - F1 Score: 0.9977483803919226
2023-04-06 20:42:50,338 - INFO - AUC Score: 0.9976794568276233
2023-04-06 20:42:50,338 - INFO - -----------------------------
2023-04-06 20:42:50,348 - INFO - 
              precision    recall  f1-score   support

           0       1.00      1.00      1.00       610
           1       1.00      1.00      1.00       734

    accuracy                           1.00      1344
   macro avg       1.00      1.00      1.00      1344
weighted avg       1.00      1.00      1.00      1344

2023-04-06 20:42:50,348 - INFO - -----------------------------
2023-04-06 20:42:50,348 - INFO - -----------混淆矩阵------------
2023-04-06 20:42:50,351 - INFO - 
[[608   2]
 [  1 733]]
2023-04-06 20:42:50,351 - INFO - -----------------------------
2023-04-06 20:42:50,720 - INFO - ————————————————预测文本类别————————————————
2023-04-06 20:42:50,743 - INFO - 这条微博有99.99%的概率为非谣言，有0.01%的概率为谣言
2023-04-06 20:42:50,743 - INFO - ——————————————————————
2023-04-06 20:42:50,743 - INFO - ——————程序运行结束——————
