2023-04-06 14:23:39,132 - INFO - ——————程序运行开始——————
2023-04-06 14:23:39,132 - INFO - ——————————————————————
2023-04-06 14:23:39,132 - INFO - ——————输出训练参数——————
2023-04-06 14:23:39,132 - INFO - Batch_size：12
2023-04-06 14:23:39,132 - INFO - Epochs：2
2023-04-06 14:23:39,132 - INFO - Learning_rate：2e-05
2023-04-06 14:23:39,132 - INFO - max_seq_length：256
2023-04-06 14:23:39,133 - INFO - num_labels：2
2023-04-06 14:23:39,133 - INFO - ——————————————————————
2023-04-06 14:23:39,321 - INFO - GPU is available
2023-04-06 14:23:41,560 - INFO - 谣言数据总量为：1538
2023-04-06 14:23:41,560 - INFO - 非谣言数据总量为：1849
2023-04-06 14:23:41,576 - INFO - 数据文本生成成功！
2023-04-06 14:23:41,590 - INFO - 成功划分训练集和测试集！
2023-04-06 14:23:51,427 - INFO - ————————————————模型训练开始————————————————
2023-04-06 14:23:52,862 - INFO - Epoch: 0, Batch: 0, Loss: 0.6911806464195251
2023-04-06 14:23:58,227 - INFO - Epoch: 0, Batch: 10, Loss: 0.6635733842849731
2023-04-06 14:24:03,606 - INFO - Epoch: 0, Batch: 20, Loss: 0.630808413028717
2023-04-06 14:24:08,996 - INFO - Epoch: 0, Batch: 30, Loss: 0.6089669466018677
2023-04-06 14:24:14,405 - INFO - Epoch: 0, Batch: 40, Loss: 0.4149494767189026
2023-04-06 14:24:19,845 - INFO - Epoch: 0, Batch: 50, Loss: 0.30687546730041504
2023-04-06 14:24:25,305 - INFO - Epoch: 0, Batch: 60, Loss: 0.2779715657234192
2023-04-06 14:24:30,779 - INFO - Epoch: 0, Batch: 70, Loss: 0.33396780490875244
2023-04-06 14:24:36,289 - INFO - Epoch: 0, Batch: 80, Loss: 0.6640381813049316
2023-04-06 14:24:41,793 - INFO - Epoch: 0, Batch: 90, Loss: 0.3431098461151123
2023-04-06 14:24:42,885 - INFO - Epoch [1/2], Average Loss: 0.5011
2023-04-06 14:24:43,439 - INFO - Epoch: 1, Batch: 0, Loss: 0.26966428756713867
2023-04-06 14:24:48,934 - INFO - Epoch: 1, Batch: 10, Loss: 0.2957698702812195
2023-04-06 14:24:54,419 - INFO - Epoch: 1, Batch: 20, Loss: 0.30302363634109497
2023-04-06 14:24:59,903 - INFO - Epoch: 1, Batch: 30, Loss: 0.3491811156272888
2023-04-06 14:25:05,434 - INFO - Epoch: 1, Batch: 40, Loss: 0.28002840280532837
2023-04-06 14:25:11,099 - INFO - Epoch: 1, Batch: 50, Loss: 0.2673949599266052
2023-04-06 14:25:16,604 - INFO - Epoch: 1, Batch: 60, Loss: 0.22888383269309998
2023-04-06 14:25:22,129 - INFO - Epoch: 1, Batch: 70, Loss: 0.13042929768562317
2023-04-06 14:25:27,725 - INFO - Epoch: 1, Batch: 80, Loss: 0.3741331100463867
2023-04-06 14:25:33,297 - INFO - Epoch: 1, Batch: 90, Loss: 0.1608545184135437
2023-04-06 14:25:34,415 - INFO - Epoch [2/2], Average Loss: 0.3223
2023-04-06 14:25:34,415 - INFO - ————————————————模型训练完成————————————————
2023-04-06 14:25:34,415 - INFO - 训练开始时间：2023-04-06 14:23:51
2023-04-06 14:25:34,415 - INFO - 训练结束时间：2023-04-06 14:25:34
2023-04-06 14:25:34,415 - INFO - 模型训练总时间为: 102.99 秒
2023-04-06 14:25:35,528 - INFO - ————————————————模型保存成功————————————————
2023-04-06 14:25:36,110 - INFO - ————————————————模型测试开始————————————————
2023-04-06 14:25:36,294 - INFO - 输入预测标签为：[0, 0, 1, 1, 1, 0, 1, 1, 1, 1, 1, 0]
2023-04-06 14:25:36,294 - INFO - 输入实际标签为：[0, 0, 1, 1, 1, 0, 1, 1, 1, 1, 0, 0]
2023-04-06 14:25:36,481 - INFO - 输入预测标签为：[1, 0, 1, 1, 0, 1, 1, 1, 0, 1, 0, 0]
2023-04-06 14:25:36,481 - INFO - 输入实际标签为：[1, 0, 1, 1, 0, 1, 1, 1, 0, 1, 0, 0]
2023-04-06 14:25:36,668 - INFO - 输入预测标签为：[1, 1, 0, 1, 1, 1, 0, 1, 1, 1, 0, 1]
2023-04-06 14:25:36,668 - INFO - 输入实际标签为：[1, 1, 1, 0, 1, 1, 0, 1, 1, 1, 0, 1]
2023-04-06 14:25:36,854 - INFO - 输入预测标签为：[1, 1, 1, 1, 1, 1, 1, 1, 1, 1, 0, 1]
2023-04-06 14:25:36,855 - INFO - 输入实际标签为：[1, 1, 1, 0, 1, 1, 1, 1, 1, 1, 0, 1]
2023-04-06 14:25:37,050 - INFO - 输入预测标签为：[1, 1, 0, 0, 0, 0, 1, 1, 0, 1, 1, 0]
2023-04-06 14:25:37,050 - INFO - 输入实际标签为：[0, 1, 0, 1, 0, 0, 1, 1, 0, 1, 1, 0]
2023-04-06 14:25:37,238 - INFO - 输入预测标签为：[1, 1, 1, 0, 1, 0, 0, 1, 0, 1, 1, 1]
2023-04-06 14:25:37,239 - INFO - 输入实际标签为：[1, 1, 1, 0, 1, 0, 0, 1, 0, 1, 1, 1]
2023-04-06 14:25:37,424 - INFO - 输入预测标签为：[1, 0, 1, 1, 1, 0, 1, 0, 0, 0, 1, 0]
2023-04-06 14:25:37,424 - INFO - 输入实际标签为：[1, 0, 1, 1, 1, 0, 1, 0, 1, 0, 1, 0]
2023-04-06 14:25:37,610 - INFO - 输入预测标签为：[1, 1, 0, 0, 1, 0, 0, 0, 1, 1, 1, 0]
2023-04-06 14:25:37,610 - INFO - 输入实际标签为：[1, 1, 0, 1, 1, 0, 0, 0, 0, 1, 1, 0]
2023-04-06 14:25:37,798 - INFO - 输入预测标签为：[1, 1, 1, 0, 1, 0, 0, 0, 1, 1, 1, 1]
2023-04-06 14:25:37,799 - INFO - 输入实际标签为：[0, 1, 1, 1, 1, 1, 0, 0, 1, 1, 1, 1]
2023-04-06 14:25:37,990 - INFO - 输入预测标签为：[0, 0, 1, 1, 0, 1, 1, 0, 1, 0, 1, 0]
2023-04-06 14:25:37,990 - INFO - 输入实际标签为：[0, 0, 1, 1, 0, 1, 1, 1, 1, 0, 0, 0]
2023-04-06 14:25:37,991 - INFO - ————————————————模型测试结束————————————————
2023-04-06 14:25:37,991 - INFO - 总测试样本: 120个
2023-04-06 14:25:37,991 - INFO - 预测正确样本: 106个
2023-04-06 14:25:37,991 - INFO - 测试准确度: 0.883333
2023-04-06 14:25:38,003 - INFO - -----------------------
2023-04-06 14:25:38,003 - INFO - Accuracy: 0.8833333333333333
2023-04-06 14:25:38,003 - INFO - Precision: 0.8755555555555555
2023-04-06 14:25:38,003 - INFO - Recall: 0.8755555555555555
2023-04-06 14:25:38,003 - INFO - F1 Score: 0.8755555555555555
2023-04-06 14:25:38,003 - INFO - AUC Score: 0.8755555555555556
2023-04-06 14:25:38,003 - INFO - -----------------------
2023-04-06 14:25:38,006 - INFO -               precision    recall  f1-score   support

           0       0.84      0.84      0.84        45
           1       0.91      0.91      0.91        75

    accuracy                           0.88       120
   macro avg       0.88      0.88      0.88       120
weighted avg       0.88      0.88      0.88       120

2023-04-06 14:25:38,006 - INFO - -----------------------
2023-04-06 14:25:38,007 - INFO - -----------混淆矩阵------------
2023-04-06 14:25:38,007 - INFO - [[38  7]
 [ 7 68]]
2023-04-06 14:25:38,007 - INFO - -----------------------
2023-04-06 14:25:38,007 - INFO - ————————————————预测文本类别————————————————
2023-04-06 14:25:38,040 - INFO - 这条微博有98.31%的概率为非谣言，有1.69%的概率为谣言
2023-04-06 14:25:38,041 - INFO - ——————————————————————
2023-04-06 14:25:38,041 - INFO - ——————程序运行结束——————
